2019-08-17 10:36:35,813 INFO [main] o.a.n.b.NotificationServiceManager Successfully loaded the following 0 services: []
2019-08-17 10:36:35,820 INFO [main] org.apache.nifi.bootstrap.RunNiFi Registered no Notification Services for Notification Type NIFI_STARTED
2019-08-17 10:36:35,821 INFO [main] org.apache.nifi.bootstrap.RunNiFi Registered no Notification Services for Notification Type NIFI_STOPPED
2019-08-17 10:36:35,821 INFO [main] org.apache.nifi.bootstrap.RunNiFi Registered no Notification Services for Notification Type NIFI_DIED
2019-08-17 10:36:35,833 INFO [main] org.apache.nifi.bootstrap.Command Starting Apache NiFi...
2019-08-17 10:36:35,834 INFO [main] org.apache.nifi.bootstrap.Command Working Directory: /home/alex/Documents/applications/nifi/nifi-1.9.2
2019-08-17 10:36:35,834 INFO [main] org.apache.nifi.bootstrap.Command Command: /usr/lib/java/jdk-8u211-linux-x64/jdk1.8.0_211/bin/java -classpath /home/alex/Documents/applications/nifi/nifi-1.9.2/./conf:/home/alex/Documents/applications/nifi/nifi-1.9.2/./lib/log4j-over-slf4j-1.7.25.jar:/home/alex/Documents/applications/nifi/nifi-1.9.2/./lib/jul-to-slf4j-1.7.25.jar:/home/alex/Documents/applications/nifi/nifi-1.9.2/./lib/logback-elasticsearch-appender.jar:/home/alex/Documents/applications/nifi/nifi-1.9.2/./lib/jetty-schemas-3.1.jar:/home/alex/Documents/applications/nifi/nifi-1.9.2/./lib/javax.servlet-api-3.1.0.jar:/home/alex/Documents/applications/nifi/nifi-1.9.2/./lib/nifi-nar-utils-1.9.2.jar:/home/alex/Documents/applications/nifi/nifi-1.9.2/./lib/nifi-api-1.9.2.jar:/home/alex/Documents/applications/nifi/nifi-1.9.2/./lib/logback-classic-1.2.3.jar:/home/alex/Documents/applications/nifi/nifi-1.9.2/./lib/nifi-framework-api-1.9.2.jar:/home/alex/Documents/applications/nifi/nifi-1.9.2/./lib/nifi-properties-1.9.2.jar:/home/alex/Documents/applications/nifi/nifi-1.9.2/./lib/logback-core-1.2.3.jar:/home/alex/Documents/applications/nifi/nifi-1.9.2/./lib/nifi-runtime-1.9.2.jar:/home/alex/Documents/applications/nifi/nifi-1.9.2/./lib/slf4j-api-1.7.25.jar:/home/alex/Documents/applications/nifi/nifi-1.9.2/./lib/jcl-over-slf4j-1.7.25.jar -Dorg.apache.jasper.compiler.disablejsr199=true -Xmx512m -Xms512m -Djavax.security.auth.useSubjectCredsOnly=true -Djava.security.egd=file:/dev/urandom -Dsun.net.http.allowRestrictedHeaders=true -Djava.net.preferIPv4Stack=true -Djava.awt.headless=true -XX:+UseG1GC -Djava.protocol.handler.pkgs=sun.net.www.protocol -Dnifi.properties.file.path=/home/alex/Documents/applications/nifi/nifi-1.9.2/./conf/nifi.properties -Dnifi.bootstrap.listen.port=42377 -Dapp=NiFi -Dorg.apache.nifi.bootstrap.config.log.dir=/home/alex/Documents/applications/nifi/nifi-1.9.2/logs org.apache.nifi.NiFi 
2019-08-17 10:36:35,864 INFO [main] org.apache.nifi.bootstrap.Command Launched Apache NiFi with Process ID 6697
2019-08-17 10:36:36,197 INFO [NiFi logging handler] org.apache.nifi.StdOut 10:36:35,978 |-INFO in ch.qos.logback.classic.LoggerContext[default] - Could NOT find resource [logback-test.xml]
2019-08-17 10:36:36,198 INFO [NiFi logging handler] org.apache.nifi.StdOut 10:36:35,978 |-INFO in ch.qos.logback.classic.LoggerContext[default] - Could NOT find resource [logback.groovy]
2019-08-17 10:36:36,198 INFO [NiFi logging handler] org.apache.nifi.StdOut 10:36:35,978 |-INFO in ch.qos.logback.classic.LoggerContext[default] - Found resource [logback.xml] at [file:/home/alex/Documents/applications/nifi/nifi-1.9.2/conf/logback.xml]
2019-08-17 10:36:36,198 INFO [NiFi logging handler] org.apache.nifi.StdOut 10:36:36,034 |-INFO in ch.qos.logback.classic.joran.action.ConfigurationAction - debug attribute not set
2019-08-17 10:36:36,198 INFO [NiFi logging handler] org.apache.nifi.StdOut 10:36:36,044 |-INFO in ch.qos.logback.classic.joran.action.ConfigurationAction - Will scan for changes in [file:/home/alex/Documents/applications/nifi/nifi-1.9.2/conf/logback.xml] 
2019-08-17 10:36:36,198 INFO [NiFi logging handler] org.apache.nifi.StdOut 10:36:36,044 |-INFO in ch.qos.logback.classic.joran.action.ConfigurationAction - Setting ReconfigureOnChangeTask scanning period to 30 seconds
2019-08-17 10:36:36,198 INFO [NiFi logging handler] org.apache.nifi.StdOut 10:36:36,046 |-INFO in ch.qos.logback.classic.joran.action.LoggerContextListenerAction - Adding LoggerContextListener of type [ch.qos.logback.classic.jul.LevelChangePropagator] to the object stack
2019-08-17 10:36:36,198 INFO [NiFi logging handler] org.apache.nifi.StdOut 10:36:36,057 |-INFO in ch.qos.logback.classic.jul.LevelChangePropagator@2ef9b8bc - Propagating DEBUG level on Logger[ROOT] onto the JUL framework
2019-08-17 10:36:36,198 INFO [NiFi logging handler] org.apache.nifi.StdOut 10:36:36,057 |-INFO in ch.qos.logback.classic.joran.action.LoggerContextListenerAction - Starting LoggerContextListener
2019-08-17 10:36:36,198 INFO [NiFi logging handler] org.apache.nifi.StdOut 10:36:36,057 |-INFO in ch.qos.logback.core.joran.action.AppenderAction - About to instantiate appender of type [ch.qos.logback.core.rolling.RollingFileAppender]
2019-08-17 10:36:36,198 INFO [NiFi logging handler] org.apache.nifi.StdOut 10:36:36,061 |-INFO in ch.qos.logback.core.joran.action.AppenderAction - Naming appender as [APP_FILE]
2019-08-17 10:36:36,198 INFO [NiFi logging handler] org.apache.nifi.StdOut 10:36:36,073 |-INFO in c.q.l.core.rolling.SizeAndTimeBasedRollingPolicy@1566723494 - Archive files will be limited to [100 MB] each.
2019-08-17 10:36:36,198 INFO [NiFi logging handler] org.apache.nifi.StdOut 10:36:36,099 |-INFO in c.q.l.core.rolling.SizeAndTimeBasedRollingPolicy@1566723494 - No compression will be used
2019-08-17 10:36:36,198 INFO [NiFi logging handler] org.apache.nifi.StdOut 10:36:36,100 |-INFO in c.q.l.core.rolling.SizeAndTimeBasedRollingPolicy@1566723494 - Will use the pattern /home/alex/Documents/applications/nifi/nifi-1.9.2/logs/nifi-app_%d{yyyy-MM-dd_HH}.%i.log for the active file
2019-08-17 10:36:36,198 INFO [NiFi logging handler] org.apache.nifi.StdOut 10:36:36,102 |-INFO in ch.qos.logback.core.rolling.SizeAndTimeBasedFNATP@1e67b872 - The date pattern is 'yyyy-MM-dd_HH' from file name pattern '/home/alex/Documents/applications/nifi/nifi-1.9.2/logs/nifi-app_%d{yyyy-MM-dd_HH}.%i.log'.
2019-08-17 10:36:36,198 INFO [NiFi logging handler] org.apache.nifi.StdOut 10:36:36,102 |-INFO in ch.qos.logback.core.rolling.SizeAndTimeBasedFNATP@1e67b872 - Roll-over at the top of every hour.
2019-08-17 10:36:36,198 INFO [NiFi logging handler] org.apache.nifi.StdOut 10:36:36,106 |-INFO in ch.qos.logback.core.rolling.SizeAndTimeBasedFNATP@1e67b872 - Setting initial period to Sat Aug 17 10:36:36 CEST 2019
2019-08-17 10:36:36,198 INFO [NiFi logging handler] org.apache.nifi.StdOut 10:36:36,125 |-INFO in ch.qos.logback.core.rolling.RollingFileAppender[APP_FILE] - Active log file name: /home/alex/Documents/applications/nifi/nifi-1.9.2/logs/nifi-app.log
2019-08-17 10:36:36,198 INFO [NiFi logging handler] org.apache.nifi.StdOut 10:36:36,125 |-INFO in ch.qos.logback.core.rolling.RollingFileAppender[APP_FILE] - File property is set to [/home/alex/Documents/applications/nifi/nifi-1.9.2/logs/nifi-app.log]
2019-08-17 10:36:36,198 INFO [NiFi logging handler] org.apache.nifi.StdOut 10:36:36,126 |-INFO in ch.qos.logback.core.joran.action.AppenderAction - About to instantiate appender of type [ch.qos.logback.core.rolling.RollingFileAppender]
2019-08-17 10:36:36,198 INFO [NiFi logging handler] org.apache.nifi.StdOut 10:36:36,126 |-INFO in ch.qos.logback.core.joran.action.AppenderAction - Naming appender as [USER_FILE]
2019-08-17 10:36:36,198 INFO [NiFi logging handler] org.apache.nifi.StdOut 10:36:36,128 |-INFO in c.q.l.core.rolling.TimeBasedRollingPolicy@1622006612 - No compression will be used
2019-08-17 10:36:36,198 INFO [NiFi logging handler] org.apache.nifi.StdOut 10:36:36,128 |-INFO in c.q.l.core.rolling.TimeBasedRollingPolicy@1622006612 - Will use the pattern /home/alex/Documents/applications/nifi/nifi-1.9.2/logs/nifi-user_%d.log for the active file
2019-08-17 10:36:36,198 INFO [NiFi logging handler] org.apache.nifi.StdOut 10:36:36,129 |-INFO in c.q.l.core.rolling.DefaultTimeBasedFileNamingAndTriggeringPolicy - The date pattern is 'yyyy-MM-dd' from file name pattern '/home/alex/Documents/applications/nifi/nifi-1.9.2/logs/nifi-user_%d.log'.
2019-08-17 10:36:36,199 INFO [NiFi logging handler] org.apache.nifi.StdOut 10:36:36,129 |-INFO in c.q.l.core.rolling.DefaultTimeBasedFileNamingAndTriggeringPolicy - Roll-over at midnight.
2019-08-17 10:36:36,199 INFO [NiFi logging handler] org.apache.nifi.StdOut 10:36:36,129 |-INFO in c.q.l.core.rolling.DefaultTimeBasedFileNamingAndTriggeringPolicy - Setting initial period to Fri Aug 16 20:10:28 CEST 2019
2019-08-17 10:36:36,199 INFO [NiFi logging handler] org.apache.nifi.StdOut 10:36:36,130 |-INFO in ch.qos.logback.core.rolling.RollingFileAppender[USER_FILE] - Active log file name: /home/alex/Documents/applications/nifi/nifi-1.9.2/logs/nifi-user.log
2019-08-17 10:36:36,199 INFO [NiFi logging handler] org.apache.nifi.StdOut 10:36:36,130 |-INFO in ch.qos.logback.core.rolling.RollingFileAppender[USER_FILE] - File property is set to [/home/alex/Documents/applications/nifi/nifi-1.9.2/logs/nifi-user.log]
2019-08-17 10:36:36,199 INFO [NiFi logging handler] org.apache.nifi.StdOut 10:36:36,130 |-INFO in ch.qos.logback.core.joran.action.AppenderAction - About to instantiate appender of type [com.internetitem.logback.elasticsearch.ElasticsearchAppender]
2019-08-17 10:36:36,199 INFO [NiFi logging handler] org.apache.nifi.StdOut 10:36:36,133 |-INFO in ch.qos.logback.core.joran.action.AppenderAction - Naming appender as [ELASTIC_USER]
2019-08-17 10:36:36,199 INFO [NiFi logging handler] org.apache.nifi.StdOut 10:36:36,137 |-INFO in ch.qos.logback.core.joran.action.NestedComplexPropertyIA - Assuming default type [com.internetitem.logback.elasticsearch.config.ElasticsearchProperties] for [properties] property
2019-08-17 10:36:36,199 INFO [NiFi logging handler] org.apache.nifi.StdOut 10:36:36,138 |-INFO in ch.qos.logback.core.joran.action.NestedComplexPropertyIA - Assuming default type [com.internetitem.logback.elasticsearch.config.Property] for [property] property
2019-08-17 10:36:36,199 INFO [NiFi logging handler] org.apache.nifi.StdOut 10:36:36,141 |-INFO in ch.qos.logback.core.joran.action.NestedComplexPropertyIA - Assuming default type [com.internetitem.logback.elasticsearch.config.Property] for [property] property
2019-08-17 10:36:36,199 INFO [NiFi logging handler] org.apache.nifi.StdOut 10:36:36,142 |-INFO in ch.qos.logback.core.joran.action.NestedComplexPropertyIA - Assuming default type [com.internetitem.logback.elasticsearch.config.Property] for [property] property
2019-08-17 10:36:36,199 INFO [NiFi logging handler] org.apache.nifi.StdOut 10:36:36,142 |-INFO in ch.qos.logback.core.joran.action.NestedComplexPropertyIA - Assuming default type [com.internetitem.logback.elasticsearch.config.Property] for [property] property
2019-08-17 10:36:36,199 INFO [NiFi logging handler] org.apache.nifi.StdOut 10:36:36,143 |-INFO in ch.qos.logback.core.joran.action.NestedComplexPropertyIA - Assuming default type [com.internetitem.logback.elasticsearch.config.Property] for [property] property
2019-08-17 10:36:36,199 INFO [NiFi logging handler] org.apache.nifi.StdOut 10:36:36,144 |-INFO in ch.qos.logback.core.joran.action.NestedComplexPropertyIA - Assuming default type [com.internetitem.logback.elasticsearch.config.HttpRequestHeaders] for [headers] property
2019-08-17 10:36:36,199 INFO [NiFi logging handler] org.apache.nifi.StdOut 10:36:36,144 |-INFO in ch.qos.logback.core.joran.action.NestedComplexPropertyIA - Assuming default type [com.internetitem.logback.elasticsearch.config.HttpRequestHeader] for [header] property
2019-08-17 10:36:36,199 INFO [NiFi logging handler] org.apache.nifi.StdOut 10:36:36,168 |-INFO in ch.qos.logback.core.joran.action.AppenderAction - About to instantiate appender of type [ch.qos.logback.core.rolling.RollingFileAppender]
2019-08-17 10:36:36,199 INFO [NiFi logging handler] org.apache.nifi.StdOut 10:36:36,168 |-INFO in ch.qos.logback.core.joran.action.AppenderAction - Naming appender as [BOOTSTRAP_FILE]
2019-08-17 10:36:36,199 INFO [NiFi logging handler] org.apache.nifi.StdOut 10:36:36,169 |-INFO in c.q.l.core.rolling.TimeBasedRollingPolicy@66233253 - No compression will be used
2019-08-17 10:36:36,199 INFO [NiFi logging handler] org.apache.nifi.StdOut 10:36:36,169 |-INFO in c.q.l.core.rolling.TimeBasedRollingPolicy@66233253 - Will use the pattern /home/alex/Documents/applications/nifi/nifi-1.9.2/logs/nifi-bootstrap_%d.log for the active file
2019-08-17 10:36:36,199 INFO [NiFi logging handler] org.apache.nifi.StdOut 10:36:36,170 |-INFO in c.q.l.core.rolling.DefaultTimeBasedFileNamingAndTriggeringPolicy - The date pattern is 'yyyy-MM-dd' from file name pattern '/home/alex/Documents/applications/nifi/nifi-1.9.2/logs/nifi-bootstrap_%d.log'.
2019-08-17 10:36:36,199 INFO [NiFi logging handler] org.apache.nifi.StdOut 10:36:36,170 |-INFO in c.q.l.core.rolling.DefaultTimeBasedFileNamingAndTriggeringPolicy - Roll-over at midnight.
2019-08-17 10:36:36,199 INFO [NiFi logging handler] org.apache.nifi.StdOut 10:36:36,170 |-INFO in c.q.l.core.rolling.DefaultTimeBasedFileNamingAndTriggeringPolicy - Setting initial period to Sat Aug 17 10:36:35 CEST 2019
2019-08-17 10:36:36,199 INFO [NiFi logging handler] org.apache.nifi.StdOut 10:36:36,171 |-INFO in ch.qos.logback.core.rolling.RollingFileAppender[BOOTSTRAP_FILE] - Active log file name: /home/alex/Documents/applications/nifi/nifi-1.9.2/logs/nifi-bootstrap.log
2019-08-17 10:36:36,199 INFO [NiFi logging handler] org.apache.nifi.StdOut 10:36:36,171 |-INFO in ch.qos.logback.core.rolling.RollingFileAppender[BOOTSTRAP_FILE] - File property is set to [/home/alex/Documents/applications/nifi/nifi-1.9.2/logs/nifi-bootstrap.log]
2019-08-17 10:36:36,199 INFO [NiFi logging handler] org.apache.nifi.StdOut 10:36:36,171 |-INFO in ch.qos.logback.core.joran.action.AppenderAction - About to instantiate appender of type [ch.qos.logback.core.ConsoleAppender]
2019-08-17 10:36:36,199 INFO [NiFi logging handler] org.apache.nifi.StdOut 10:36:36,172 |-INFO in ch.qos.logback.core.joran.action.AppenderAction - Naming appender as [CONSOLE]
2019-08-17 10:36:36,199 INFO [NiFi logging handler] org.apache.nifi.StdOut 10:36:36,173 |-INFO in ch.qos.logback.core.joran.action.AppenderAction - About to instantiate appender of type [com.internetitem.logback.elasticsearch.ElasticsearchAppender]
2019-08-17 10:36:36,199 INFO [NiFi logging handler] org.apache.nifi.StdOut 10:36:36,173 |-INFO in ch.qos.logback.core.joran.action.AppenderAction - Naming appender as [ELASTIC_BOOTSTRAP]
2019-08-17 10:36:36,200 INFO [NiFi logging handler] org.apache.nifi.StdOut 10:36:36,175 |-INFO in ch.qos.logback.core.joran.action.NestedComplexPropertyIA - Assuming default type [com.internetitem.logback.elasticsearch.config.ElasticsearchProperties] for [properties] property
2019-08-17 10:36:36,200 INFO [NiFi logging handler] org.apache.nifi.StdOut 10:36:36,175 |-INFO in ch.qos.logback.core.joran.action.NestedComplexPropertyIA - Assuming default type [com.internetitem.logback.elasticsearch.config.Property] for [property] property
2019-08-17 10:36:36,200 INFO [NiFi logging handler] org.apache.nifi.StdOut 10:36:36,176 |-INFO in ch.qos.logback.core.joran.action.NestedComplexPropertyIA - Assuming default type [com.internetitem.logback.elasticsearch.config.Property] for [property] property
2019-08-17 10:36:36,200 INFO [NiFi logging handler] org.apache.nifi.StdOut 10:36:36,176 |-INFO in ch.qos.logback.core.joran.action.NestedComplexPropertyIA - Assuming default type [com.internetitem.logback.elasticsearch.config.Property] for [property] property
2019-08-17 10:36:36,200 INFO [NiFi logging handler] org.apache.nifi.StdOut 10:36:36,179 |-INFO in ch.qos.logback.core.joran.action.NestedComplexPropertyIA - Assuming default type [com.internetitem.logback.elasticsearch.config.Property] for [property] property
2019-08-17 10:36:36,200 INFO [NiFi logging handler] org.apache.nifi.StdOut 10:36:36,179 |-INFO in ch.qos.logback.core.joran.action.NestedComplexPropertyIA - Assuming default type [com.internetitem.logback.elasticsearch.config.Property] for [property] property
2019-08-17 10:36:36,200 INFO [NiFi logging handler] org.apache.nifi.StdOut 10:36:36,180 |-INFO in ch.qos.logback.core.joran.action.NestedComplexPropertyIA - Assuming default type [com.internetitem.logback.elasticsearch.config.HttpRequestHeaders] for [headers] property
2019-08-17 10:36:36,200 INFO [NiFi logging handler] org.apache.nifi.StdOut 10:36:36,180 |-INFO in ch.qos.logback.core.joran.action.NestedComplexPropertyIA - Assuming default type [com.internetitem.logback.elasticsearch.config.HttpRequestHeader] for [header] property
2019-08-17 10:36:36,200 INFO [NiFi logging handler] org.apache.nifi.StdOut 10:36:36,181 |-INFO in ch.qos.logback.core.joran.action.AppenderAction - About to instantiate appender of type [com.internetitem.logback.elasticsearch.ElasticsearchAppender]
2019-08-17 10:36:36,200 INFO [NiFi logging handler] org.apache.nifi.StdOut 10:36:36,181 |-INFO in ch.qos.logback.core.joran.action.AppenderAction - Naming appender as [ELASTIC_APP]
2019-08-17 10:36:36,201 INFO [NiFi logging handler] org.apache.nifi.StdOut 10:36:36,182 |-INFO in ch.qos.logback.core.joran.action.NestedComplexPropertyIA - Assuming default type [com.internetitem.logback.elasticsearch.config.ElasticsearchProperties] for [properties] property
2019-08-17 10:36:36,201 INFO [NiFi logging handler] org.apache.nifi.StdOut 10:36:36,183 |-INFO in ch.qos.logback.core.joran.action.NestedComplexPropertyIA - Assuming default type [com.internetitem.logback.elasticsearch.config.Property] for [property] property
2019-08-17 10:36:36,201 INFO [NiFi logging handler] org.apache.nifi.StdOut 10:36:36,183 |-INFO in ch.qos.logback.core.joran.action.NestedComplexPropertyIA - Assuming default type [com.internetitem.logback.elasticsearch.config.Property] for [property] property
2019-08-17 10:36:36,201 INFO [NiFi logging handler] org.apache.nifi.StdOut 10:36:36,183 |-INFO in ch.qos.logback.core.joran.action.NestedComplexPropertyIA - Assuming default type [com.internetitem.logback.elasticsearch.config.Property] for [property] property
2019-08-17 10:36:36,201 INFO [NiFi logging handler] org.apache.nifi.StdOut 10:36:36,184 |-INFO in ch.qos.logback.core.joran.action.NestedComplexPropertyIA - Assuming default type [com.internetitem.logback.elasticsearch.config.Property] for [property] property
2019-08-17 10:36:36,201 INFO [NiFi logging handler] org.apache.nifi.StdOut 10:36:36,185 |-INFO in ch.qos.logback.core.joran.action.NestedComplexPropertyIA - Assuming default type [com.internetitem.logback.elasticsearch.config.Property] for [property] property
2019-08-17 10:36:36,201 INFO [NiFi logging handler] org.apache.nifi.StdOut 10:36:36,185 |-INFO in ch.qos.logback.core.joran.action.NestedComplexPropertyIA - Assuming default type [com.internetitem.logback.elasticsearch.config.HttpRequestHeaders] for [headers] property
2019-08-17 10:36:36,201 INFO [NiFi logging handler] org.apache.nifi.StdOut 10:36:36,185 |-INFO in ch.qos.logback.core.joran.action.NestedComplexPropertyIA - Assuming default type [com.internetitem.logback.elasticsearch.config.HttpRequestHeader] for [header] property
2019-08-17 10:36:36,201 INFO [NiFi logging handler] org.apache.nifi.StdOut 10:36:36,186 |-INFO in ch.qos.logback.classic.joran.action.LoggerAction - Setting level of logger [es-logger] to INFO
2019-08-17 10:36:36,201 INFO [NiFi logging handler] org.apache.nifi.StdOut 10:36:36,186 |-INFO in ch.qos.logback.classic.jul.LevelChangePropagator@2ef9b8bc - Propagating INFO level on Logger[es-logger] onto the JUL framework
2019-08-17 10:36:36,201 INFO [NiFi logging handler] org.apache.nifi.StdOut 10:36:36,186 |-INFO in ch.qos.logback.classic.joran.action.LoggerAction - Setting additivity of logger [es-logger] to false
2019-08-17 10:36:36,201 INFO [NiFi logging handler] org.apache.nifi.StdOut 10:36:36,188 |-INFO in ch.qos.logback.core.joran.action.NestedComplexPropertyIA - Assuming default type [ch.qos.logback.classic.encoder.PatternLayoutEncoder] for [encoder] property
2019-08-17 10:36:36,201 INFO [NiFi logging handler] org.apache.nifi.StdOut 10:36:36,188 |-WARN in ch.qos.logback.core.rolling.RollingFileAppender[null] - No TriggeringPolicy was set for the RollingFileAppender named null
2019-08-17 10:36:36,201 INFO [NiFi logging handler] org.apache.nifi.StdOut 10:36:36,188 |-WARN in ch.qos.logback.core.rolling.RollingFileAppender[null] - For more information, please visit http://logback.qos.ch/codes.html#rfa_no_tp
2019-08-17 10:36:36,201 INFO [NiFi logging handler] org.apache.nifi.StdOut 10:36:36,189 |-INFO in ch.qos.logback.classic.joran.action.LoggerAction - Setting level of logger [org.apache.nifi] to INFO
2019-08-17 10:36:36,201 INFO [NiFi logging handler] org.apache.nifi.StdOut 10:36:36,189 |-INFO in ch.qos.logback.classic.jul.LevelChangePropagator@2ef9b8bc - Propagating INFO level on Logger[org.apache.nifi] onto the JUL framework
2019-08-17 10:36:36,201 INFO [NiFi logging handler] org.apache.nifi.StdOut 10:36:36,189 |-INFO in ch.qos.logback.classic.joran.action.LoggerAction - Setting level of logger [org.apache.nifi.processors] to WARN
2019-08-17 10:36:36,201 INFO [NiFi logging handler] org.apache.nifi.StdOut 10:36:36,189 |-INFO in ch.qos.logback.classic.jul.LevelChangePropagator@2ef9b8bc - Propagating WARN level on Logger[org.apache.nifi.processors] onto the JUL framework
2019-08-17 10:36:36,201 INFO [NiFi logging handler] org.apache.nifi.StdOut 10:36:36,189 |-INFO in ch.qos.logback.classic.joran.action.LoggerAction - Setting level of logger [org.apache.nifi.processors.standard.LogAttribute] to INFO
2019-08-17 10:36:36,201 INFO [NiFi logging handler] org.apache.nifi.StdOut 10:36:36,189 |-INFO in ch.qos.logback.classic.jul.LevelChangePropagator@2ef9b8bc - Propagating INFO level on Logger[org.apache.nifi.processors.standard.LogAttribute] onto the JUL framework
2019-08-17 10:36:36,201 INFO [NiFi logging handler] org.apache.nifi.StdOut 10:36:36,189 |-INFO in ch.qos.logback.classic.joran.action.LoggerAction - Setting level of logger [org.apache.nifi.processors.standard.LogMessage] to INFO
2019-08-17 10:36:36,201 INFO [NiFi logging handler] org.apache.nifi.StdOut 10:36:36,189 |-INFO in ch.qos.logback.classic.jul.LevelChangePropagator@2ef9b8bc - Propagating INFO level on Logger[org.apache.nifi.processors.standard.LogMessage] onto the JUL framework
2019-08-17 10:36:36,201 INFO [NiFi logging handler] org.apache.nifi.StdOut 10:36:36,189 |-INFO in ch.qos.logback.classic.joran.action.LoggerAction - Setting level of logger [org.apache.nifi.controller.repository.StandardProcessSession] to WARN
2019-08-17 10:36:36,201 INFO [NiFi logging handler] org.apache.nifi.StdOut 10:36:36,189 |-INFO in ch.qos.logback.classic.jul.LevelChangePropagator@2ef9b8bc - Propagating WARN level on Logger[org.apache.nifi.controller.repository.StandardProcessSession] onto the JUL framework
2019-08-17 10:36:36,201 INFO [NiFi logging handler] org.apache.nifi.StdOut 10:36:36,189 |-INFO in ch.qos.logback.classic.joran.action.LoggerAction - Setting level of logger [org.apache.zookeeper.ClientCnxn] to ERROR
2019-08-17 10:36:36,201 INFO [NiFi logging handler] org.apache.nifi.StdOut 10:36:36,189 |-INFO in ch.qos.logback.classic.jul.LevelChangePropagator@2ef9b8bc - Propagating ERROR level on Logger[org.apache.zookeeper.ClientCnxn] onto the JUL framework
2019-08-17 10:36:36,201 INFO [NiFi logging handler] org.apache.nifi.StdOut 10:36:36,190 |-INFO in ch.qos.logback.classic.joran.action.LoggerAction - Setting level of logger [org.apache.zookeeper.server.NIOServerCnxn] to ERROR
2019-08-17 10:36:36,201 INFO [NiFi logging handler] org.apache.nifi.StdOut 10:36:36,190 |-INFO in ch.qos.logback.classic.jul.LevelChangePropagator@2ef9b8bc - Propagating ERROR level on Logger[org.apache.zookeeper.server.NIOServerCnxn] onto the JUL framework
2019-08-17 10:36:36,201 INFO [NiFi logging handler] org.apache.nifi.StdOut 10:36:36,190 |-INFO in ch.qos.logback.classic.joran.action.LoggerAction - Setting level of logger [org.apache.zookeeper.server.NIOServerCnxnFactory] to ERROR
2019-08-17 10:36:36,201 INFO [NiFi logging handler] org.apache.nifi.StdOut 10:36:36,190 |-INFO in ch.qos.logback.classic.jul.LevelChangePropagator@2ef9b8bc - Propagating ERROR level on Logger[org.apache.zookeeper.server.NIOServerCnxnFactory] onto the JUL framework
2019-08-17 10:36:36,201 INFO [NiFi logging handler] org.apache.nifi.StdOut 10:36:36,190 |-INFO in ch.qos.logback.classic.joran.action.LoggerAction - Setting level of logger [org.apache.zookeeper.server.quorum] to ERROR
2019-08-17 10:36:36,201 INFO [NiFi logging handler] org.apache.nifi.StdOut 10:36:36,190 |-INFO in ch.qos.logback.classic.jul.LevelChangePropagator@2ef9b8bc - Propagating ERROR level on Logger[org.apache.zookeeper.server.quorum] onto the JUL framework
2019-08-17 10:36:36,201 INFO [NiFi logging handler] org.apache.nifi.StdOut 10:36:36,190 |-INFO in ch.qos.logback.classic.joran.action.LoggerAction - Setting level of logger [org.apache.zookeeper.ZooKeeper] to ERROR
2019-08-17 10:36:36,202 INFO [NiFi logging handler] org.apache.nifi.StdOut 10:36:36,190 |-INFO in ch.qos.logback.classic.jul.LevelChangePropagator@2ef9b8bc - Propagating ERROR level on Logger[org.apache.zookeeper.ZooKeeper] onto the JUL framework
2019-08-17 10:36:36,202 INFO [NiFi logging handler] org.apache.nifi.StdOut 10:36:36,190 |-INFO in ch.qos.logback.classic.joran.action.LoggerAction - Setting level of logger [org.apache.zookeeper.server.PrepRequestProcessor] to ERROR
2019-08-17 10:36:36,202 INFO [NiFi logging handler] org.apache.nifi.StdOut 10:36:36,190 |-INFO in ch.qos.logback.classic.jul.LevelChangePropagator@2ef9b8bc - Propagating ERROR level on Logger[org.apache.zookeeper.server.PrepRequestProcessor] onto the JUL framework
2019-08-17 10:36:36,202 INFO [NiFi logging handler] org.apache.nifi.StdOut 10:36:36,190 |-INFO in ch.qos.logback.classic.joran.action.LoggerAction - Setting level of logger [org.apache.calcite.runtime.CalciteException] to OFF
2019-08-17 10:36:36,202 INFO [NiFi logging handler] org.apache.nifi.StdOut 10:36:36,190 |-INFO in ch.qos.logback.classic.jul.LevelChangePropagator@2ef9b8bc - Propagating OFF level on Logger[org.apache.calcite.runtime.CalciteException] onto the JUL framework
2019-08-17 10:36:36,202 INFO [NiFi logging handler] org.apache.nifi.StdOut 10:36:36,190 |-INFO in ch.qos.logback.classic.joran.action.LoggerAction - Setting level of logger [org.apache.curator.framework.recipes.leader.LeaderSelector] to OFF
2019-08-17 10:36:36,202 INFO [NiFi logging handler] org.apache.nifi.StdOut 10:36:36,190 |-INFO in ch.qos.logback.classic.jul.LevelChangePropagator@2ef9b8bc - Propagating OFF level on Logger[org.apache.curator.framework.recipes.leader.LeaderSelector] onto the JUL framework
2019-08-17 10:36:36,202 INFO [NiFi logging handler] org.apache.nifi.StdOut 10:36:36,190 |-INFO in ch.qos.logback.classic.joran.action.LoggerAction - Setting level of logger [org.apache.curator.ConnectionState] to OFF
2019-08-17 10:36:36,202 INFO [NiFi logging handler] org.apache.nifi.StdOut 10:36:36,190 |-INFO in ch.qos.logback.classic.jul.LevelChangePropagator@2ef9b8bc - Propagating OFF level on Logger[org.apache.curator.ConnectionState] onto the JUL framework
2019-08-17 10:36:36,202 INFO [NiFi logging handler] org.apache.nifi.StdOut 10:36:36,190 |-INFO in ch.qos.logback.classic.joran.action.LoggerAction - Setting level of logger [org.apache.nifi.cluster] to INFO
2019-08-17 10:36:36,202 INFO [NiFi logging handler] org.apache.nifi.StdOut 10:36:36,190 |-INFO in ch.qos.logback.classic.jul.LevelChangePropagator@2ef9b8bc - Propagating INFO level on Logger[org.apache.nifi.cluster] onto the JUL framework
2019-08-17 10:36:36,203 INFO [NiFi logging handler] org.apache.nifi.StdOut 10:36:36,190 |-INFO in ch.qos.logback.classic.joran.action.LoggerAction - Setting level of logger [org.apache.nifi.server.JettyServer] to INFO
2019-08-17 10:36:36,203 INFO [NiFi logging handler] org.apache.nifi.StdOut 10:36:36,190 |-INFO in ch.qos.logback.classic.jul.LevelChangePropagator@2ef9b8bc - Propagating INFO level on Logger[org.apache.nifi.server.JettyServer] onto the JUL framework
2019-08-17 10:36:36,203 INFO [NiFi logging handler] org.apache.nifi.StdOut 10:36:36,190 |-INFO in ch.qos.logback.classic.joran.action.LoggerAction - Setting level of logger [org.eclipse.jetty] to INFO
2019-08-17 10:36:36,203 INFO [NiFi logging handler] org.apache.nifi.StdOut 10:36:36,190 |-INFO in ch.qos.logback.classic.jul.LevelChangePropagator@2ef9b8bc - Propagating INFO level on Logger[org.eclipse.jetty] onto the JUL framework
2019-08-17 10:36:36,203 INFO [NiFi logging handler] org.apache.nifi.StdOut 10:36:36,190 |-INFO in ch.qos.logback.classic.joran.action.LoggerAction - Setting level of logger [org.springframework] to ERROR
2019-08-17 10:36:36,203 INFO [NiFi logging handler] org.apache.nifi.StdOut 10:36:36,190 |-INFO in ch.qos.logback.classic.jul.LevelChangePropagator@2ef9b8bc - Propagating ERROR level on Logger[org.springframework] onto the JUL framework
2019-08-17 10:36:36,203 INFO [NiFi logging handler] org.apache.nifi.StdOut 10:36:36,190 |-INFO in ch.qos.logback.classic.joran.action.LoggerAction - Setting level of logger [org.glassfish.jersey.internal.Errors] to ERROR
2019-08-17 10:36:36,203 INFO [NiFi logging handler] org.apache.nifi.StdOut 10:36:36,190 |-INFO in ch.qos.logback.classic.jul.LevelChangePropagator@2ef9b8bc - Propagating ERROR level on Logger[org.glassfish.jersey.internal.Errors] onto the JUL framework
2019-08-17 10:36:36,203 INFO [NiFi logging handler] org.apache.nifi.StdOut 10:36:36,191 |-INFO in ch.qos.logback.classic.joran.action.LoggerAction - Setting level of logger [org.eclipse.jetty.annotations.AnnotationParser] to ERROR
2019-08-17 10:36:36,203 INFO [NiFi logging handler] org.apache.nifi.StdOut 10:36:36,191 |-INFO in ch.qos.logback.classic.jul.LevelChangePropagator@2ef9b8bc - Propagating ERROR level on Logger[org.eclipse.jetty.annotations.AnnotationParser] onto the JUL framework
2019-08-17 10:36:36,203 INFO [NiFi logging handler] org.apache.nifi.StdOut 10:36:36,191 |-INFO in ch.qos.logback.classic.joran.action.LoggerAction - Setting level of logger [org.apache.nifi.web.security] to INFO
2019-08-17 10:36:36,203 INFO [NiFi logging handler] org.apache.nifi.StdOut 10:36:36,191 |-INFO in ch.qos.logback.classic.jul.LevelChangePropagator@2ef9b8bc - Propagating INFO level on Logger[org.apache.nifi.web.security] onto the JUL framework
2019-08-17 10:36:36,203 INFO [NiFi logging handler] org.apache.nifi.StdOut 10:36:36,191 |-INFO in ch.qos.logback.classic.joran.action.LoggerAction - Setting additivity of logger [org.apache.nifi.web.security] to false
2019-08-17 10:36:36,203 INFO [NiFi logging handler] org.apache.nifi.StdOut 10:36:36,191 |-INFO in ch.qos.logback.core.joran.action.AppenderRefAction - Attaching appender named [USER_FILE] to Logger[org.apache.nifi.web.security]
2019-08-17 10:36:36,203 INFO [NiFi logging handler] org.apache.nifi.StdOut 10:36:36,191 |-INFO in ch.qos.logback.core.joran.action.AppenderRefAction - Attaching appender named [ELASTIC_USER] to Logger[org.apache.nifi.web.security]
2019-08-17 10:36:36,204 INFO [NiFi logging handler] org.apache.nifi.StdOut 10:36:36,191 |-INFO in ch.qos.logback.classic.joran.action.LoggerAction - Setting level of logger [org.apache.nifi.web.api.config] to INFO
2019-08-17 10:36:36,204 INFO [NiFi logging handler] org.apache.nifi.StdOut 10:36:36,191 |-INFO in ch.qos.logback.classic.jul.LevelChangePropagator@2ef9b8bc - Propagating INFO level on Logger[org.apache.nifi.web.api.config] onto the JUL framework
2019-08-17 10:36:36,204 INFO [NiFi logging handler] org.apache.nifi.StdOut 10:36:36,191 |-INFO in ch.qos.logback.classic.joran.action.LoggerAction - Setting additivity of logger [org.apache.nifi.web.api.config] to false
2019-08-17 10:36:36,204 INFO [NiFi logging handler] org.apache.nifi.StdOut 10:36:36,191 |-INFO in ch.qos.logback.core.joran.action.AppenderRefAction - Attaching appender named [USER_FILE] to Logger[org.apache.nifi.web.api.config]
2019-08-17 10:36:36,204 INFO [NiFi logging handler] org.apache.nifi.StdOut 10:36:36,191 |-INFO in ch.qos.logback.core.joran.action.AppenderRefAction - Attaching appender named [ELASTIC_USER] to Logger[org.apache.nifi.web.api.config]
2019-08-17 10:36:36,204 INFO [NiFi logging handler] org.apache.nifi.StdOut 10:36:36,191 |-INFO in ch.qos.logback.classic.joran.action.LoggerAction - Setting level of logger [org.apache.nifi.authorization] to INFO
2019-08-17 10:36:36,204 INFO [NiFi logging handler] org.apache.nifi.StdOut 10:36:36,191 |-INFO in ch.qos.logback.classic.jul.LevelChangePropagator@2ef9b8bc - Propagating INFO level on Logger[org.apache.nifi.authorization] onto the JUL framework
2019-08-17 10:36:36,204 INFO [NiFi logging handler] org.apache.nifi.StdOut 10:36:36,191 |-INFO in ch.qos.logback.classic.joran.action.LoggerAction - Setting additivity of logger [org.apache.nifi.authorization] to false
2019-08-17 10:36:36,204 INFO [NiFi logging handler] org.apache.nifi.StdOut 10:36:36,191 |-INFO in ch.qos.logback.core.joran.action.AppenderRefAction - Attaching appender named [USER_FILE] to Logger[org.apache.nifi.authorization]
2019-08-17 10:36:36,204 INFO [NiFi logging handler] org.apache.nifi.StdOut 10:36:36,191 |-INFO in ch.qos.logback.core.joran.action.AppenderRefAction - Attaching appender named [ELASTIC_USER] to Logger[org.apache.nifi.authorization]
2019-08-17 10:36:36,204 INFO [NiFi logging handler] org.apache.nifi.StdOut 10:36:36,191 |-INFO in ch.qos.logback.classic.joran.action.LoggerAction - Setting level of logger [org.apache.nifi.cluster.authorization] to INFO
2019-08-17 10:36:36,204 INFO [NiFi logging handler] org.apache.nifi.StdOut 10:36:36,191 |-INFO in ch.qos.logback.classic.jul.LevelChangePropagator@2ef9b8bc - Propagating INFO level on Logger[org.apache.nifi.cluster.authorization] onto the JUL framework
2019-08-17 10:36:36,204 INFO [NiFi logging handler] org.apache.nifi.StdOut 10:36:36,191 |-INFO in ch.qos.logback.classic.joran.action.LoggerAction - Setting additivity of logger [org.apache.nifi.cluster.authorization] to false
2019-08-17 10:36:36,204 INFO [NiFi logging handler] org.apache.nifi.StdOut 10:36:36,191 |-INFO in ch.qos.logback.core.joran.action.AppenderRefAction - Attaching appender named [USER_FILE] to Logger[org.apache.nifi.cluster.authorization]
2019-08-17 10:36:36,204 INFO [NiFi logging handler] org.apache.nifi.StdOut 10:36:36,191 |-INFO in ch.qos.logback.core.joran.action.AppenderRefAction - Attaching appender named [ELASTIC_USER] to Logger[org.apache.nifi.cluster.authorization]
2019-08-17 10:36:36,204 INFO [NiFi logging handler] org.apache.nifi.StdOut 10:36:36,191 |-INFO in ch.qos.logback.classic.joran.action.LoggerAction - Setting level of logger [org.apache.nifi.web.filter.RequestLogger] to INFO
2019-08-17 10:36:36,204 INFO [NiFi logging handler] org.apache.nifi.StdOut 10:36:36,191 |-INFO in ch.qos.logback.classic.jul.LevelChangePropagator@2ef9b8bc - Propagating INFO level on Logger[org.apache.nifi.web.filter.RequestLogger] onto the JUL framework
2019-08-17 10:36:36,204 INFO [NiFi logging handler] org.apache.nifi.StdOut 10:36:36,191 |-INFO in ch.qos.logback.classic.joran.action.LoggerAction - Setting additivity of logger [org.apache.nifi.web.filter.RequestLogger] to false
2019-08-17 10:36:36,204 INFO [NiFi logging handler] org.apache.nifi.StdOut 10:36:36,191 |-INFO in ch.qos.logback.core.joran.action.AppenderRefAction - Attaching appender named [USER_FILE] to Logger[org.apache.nifi.web.filter.RequestLogger]
2019-08-17 10:36:36,204 INFO [NiFi logging handler] org.apache.nifi.StdOut 10:36:36,191 |-INFO in ch.qos.logback.core.joran.action.AppenderRefAction - Attaching appender named [ELASTIC_USER] to Logger[org.apache.nifi.web.filter.RequestLogger]
2019-08-17 10:36:36,204 INFO [NiFi logging handler] org.apache.nifi.StdOut 10:36:36,191 |-INFO in ch.qos.logback.classic.joran.action.LoggerAction - Setting level of logger [org.apache.nifi.bootstrap] to INFO
2019-08-17 10:36:36,204 INFO [NiFi logging handler] org.apache.nifi.StdOut 10:36:36,191 |-INFO in ch.qos.logback.classic.jul.LevelChangePropagator@2ef9b8bc - Propagating INFO level on Logger[org.apache.nifi.bootstrap] onto the JUL framework
2019-08-17 10:36:36,204 INFO [NiFi logging handler] org.apache.nifi.StdOut 10:36:36,191 |-INFO in ch.qos.logback.classic.joran.action.LoggerAction - Setting additivity of logger [org.apache.nifi.bootstrap] to false
2019-08-17 10:36:36,204 INFO [NiFi logging handler] org.apache.nifi.StdOut 10:36:36,191 |-INFO in ch.qos.logback.core.joran.action.AppenderRefAction - Attaching appender named [BOOTSTRAP_FILE] to Logger[org.apache.nifi.bootstrap]
2019-08-17 10:36:36,204 INFO [NiFi logging handler] org.apache.nifi.StdOut 10:36:36,191 |-INFO in ch.qos.logback.core.joran.action.AppenderRefAction - Attaching appender named [ELASTIC_BOOTSTRAP] to Logger[org.apache.nifi.bootstrap]
2019-08-17 10:36:36,204 INFO [NiFi logging handler] org.apache.nifi.StdOut 10:36:36,191 |-INFO in ch.qos.logback.classic.joran.action.LoggerAction - Setting level of logger [org.apache.nifi.bootstrap.Command] to INFO
2019-08-17 10:36:36,204 INFO [NiFi logging handler] org.apache.nifi.StdOut 10:36:36,191 |-INFO in ch.qos.logback.classic.jul.LevelChangePropagator@2ef9b8bc - Propagating INFO level on Logger[org.apache.nifi.bootstrap.Command] onto the JUL framework
2019-08-17 10:36:36,204 INFO [NiFi logging handler] org.apache.nifi.StdOut 10:36:36,192 |-INFO in ch.qos.logback.classic.joran.action.LoggerAction - Setting additivity of logger [org.apache.nifi.bootstrap.Command] to false
2019-08-17 10:36:36,204 INFO [NiFi logging handler] org.apache.nifi.StdOut 10:36:36,192 |-INFO in ch.qos.logback.core.joran.action.AppenderRefAction - Attaching appender named [CONSOLE] to Logger[org.apache.nifi.bootstrap.Command]
2019-08-17 10:36:36,204 INFO [NiFi logging handler] org.apache.nifi.StdOut 10:36:36,192 |-INFO in ch.qos.logback.core.joran.action.AppenderRefAction - Attaching appender named [BOOTSTRAP_FILE] to Logger[org.apache.nifi.bootstrap.Command]
2019-08-17 10:36:36,205 INFO [NiFi logging handler] org.apache.nifi.StdOut 10:36:36,192 |-INFO in ch.qos.logback.core.joran.action.AppenderRefAction - Attaching appender named [ELASTIC_BOOTSTRAP] to Logger[org.apache.nifi.bootstrap.Command]
2019-08-17 10:36:36,205 INFO [NiFi logging handler] org.apache.nifi.StdOut 10:36:36,192 |-INFO in ch.qos.logback.classic.joran.action.LoggerAction - Setting level of logger [org.apache.nifi.StdOut] to INFO
2019-08-17 10:36:36,205 INFO [NiFi logging handler] org.apache.nifi.StdOut 10:36:36,192 |-INFO in ch.qos.logback.classic.jul.LevelChangePropagator@2ef9b8bc - Propagating INFO level on Logger[org.apache.nifi.StdOut] onto the JUL framework
2019-08-17 10:36:36,205 INFO [NiFi logging handler] org.apache.nifi.StdOut 10:36:36,192 |-INFO in ch.qos.logback.classic.joran.action.LoggerAction - Setting additivity of logger [org.apache.nifi.StdOut] to false
2019-08-17 10:36:36,205 INFO [NiFi logging handler] org.apache.nifi.StdOut 10:36:36,192 |-INFO in ch.qos.logback.core.joran.action.AppenderRefAction - Attaching appender named [BOOTSTRAP_FILE] to Logger[org.apache.nifi.StdOut]
2019-08-17 10:36:36,205 INFO [NiFi logging handler] org.apache.nifi.StdOut 10:36:36,192 |-INFO in ch.qos.logback.core.joran.action.AppenderRefAction - Attaching appender named [ELASTIC_BOOTSTRAP] to Logger[org.apache.nifi.StdOut]
2019-08-17 10:36:36,205 INFO [NiFi logging handler] org.apache.nifi.StdOut 10:36:36,192 |-INFO in ch.qos.logback.classic.joran.action.LoggerAction - Setting level of logger [org.apache.nifi.StdErr] to ERROR
2019-08-17 10:36:36,205 INFO [NiFi logging handler] org.apache.nifi.StdOut 10:36:36,192 |-INFO in ch.qos.logback.classic.jul.LevelChangePropagator@2ef9b8bc - Propagating ERROR level on Logger[org.apache.nifi.StdErr] onto the JUL framework
2019-08-17 10:36:36,205 INFO [NiFi logging handler] org.apache.nifi.StdOut 10:36:36,192 |-INFO in ch.qos.logback.classic.joran.action.LoggerAction - Setting additivity of logger [org.apache.nifi.StdErr] to false
2019-08-17 10:36:36,205 INFO [NiFi logging handler] org.apache.nifi.StdOut 10:36:36,192 |-INFO in ch.qos.logback.core.joran.action.AppenderRefAction - Attaching appender named [BOOTSTRAP_FILE] to Logger[org.apache.nifi.StdErr]
2019-08-17 10:36:36,205 INFO [NiFi logging handler] org.apache.nifi.StdOut 10:36:36,192 |-INFO in ch.qos.logback.core.joran.action.AppenderRefAction - Attaching appender named [ELASTIC_BOOTSTRAP] to Logger[org.apache.nifi.StdErr]
2019-08-17 10:36:36,205 INFO [NiFi logging handler] org.apache.nifi.StdOut 10:36:36,192 |-INFO in ch.qos.logback.classic.joran.action.RootLoggerAction - Setting level of ROOT logger to INFO
2019-08-17 10:36:36,205 INFO [NiFi logging handler] org.apache.nifi.StdOut 10:36:36,192 |-INFO in ch.qos.logback.classic.jul.LevelChangePropagator@2ef9b8bc - Propagating INFO level on Logger[ROOT] onto the JUL framework
2019-08-17 10:36:36,205 INFO [NiFi logging handler] org.apache.nifi.StdOut 10:36:36,192 |-INFO in ch.qos.logback.core.joran.action.AppenderRefAction - Attaching appender named [ELASTIC_APP] to Logger[ROOT]
2019-08-17 10:36:36,205 INFO [NiFi logging handler] org.apache.nifi.StdOut 10:36:36,192 |-INFO in ch.qos.logback.core.joran.action.AppenderRefAction - Attaching appender named [APP_FILE] to Logger[ROOT]
2019-08-17 10:36:36,205 INFO [NiFi logging handler] org.apache.nifi.StdOut 10:36:36,192 |-INFO in ch.qos.logback.classic.joran.action.ConfigurationAction - End of configuration.
2019-08-17 10:36:36,205 INFO [NiFi logging handler] org.apache.nifi.StdOut 10:36:36,193 |-INFO in ch.qos.logback.classic.joran.JoranConfigurator@4cb2c100 - Registering current configuration as safe fallback point
2019-08-17 10:36:36,205 INFO [NiFi logging handler] org.apache.nifi.StdOut 
2019-08-17 10:36:36,619 INFO [NiFi Bootstrap Command Listener] org.apache.nifi.bootstrap.RunNiFi Apache NiFi now running and listening for Bootstrap requests on port 41071
