2019-08-16 19:00:40,022 WARN [Timer-Driven Process Thread-6] o.a.n.r.util.SiteToSiteRestApiClient Failed to get controller from http://localhost:8080/nifi-api due to java.net.UnknownHostException: else: Name or service not known
2019-08-16 19:00:40,023 WARN [Timer-Driven Process Thread-6] o.apache.nifi.controller.FlowController Unable to communicate with remote instance RemoteProcessGroup[http://localhost:8080/nifi] due to org.apache.nifi.controller.exception.CommunicationsException: org.apache.nifi.controller.exception.CommunicationsException: Unable to communicate with Remote NiFi at URI http://localhost:8080/nifi due to: else: Name or service not known
2019-08-16 19:01:06,576 INFO [pool-10-thread-1] o.a.n.c.r.WriteAheadFlowFileRepository Initiating checkpoint of FlowFile Repository
2019-08-16 19:01:06,577 INFO [pool-10-thread-1] o.a.n.c.r.WriteAheadFlowFileRepository Successfully checkpointed FlowFile Repository with 0 records in 0 milliseconds
2019-08-16 19:01:10,028 WARN [Timer-Driven Process Thread-9] o.a.n.r.util.SiteToSiteRestApiClient Failed to get controller from http://localhost:8080/nifi-api due to java.net.UnknownHostException: else: Name or service not known
2019-08-16 19:01:10,028 WARN [Timer-Driven Process Thread-9] o.apache.nifi.controller.FlowController Unable to communicate with remote instance RemoteProcessGroup[http://localhost:8080/nifi] due to org.apache.nifi.controller.exception.CommunicationsException: org.apache.nifi.controller.exception.CommunicationsException: Unable to communicate with Remote NiFi at URI http://localhost:8080/nifi due to: else: Name or service not known
2019-08-16 19:01:14,023 INFO [Write-Ahead Local State Provider Maintenance] org.wali.MinimalLockingWriteAheadLog org.wali.MinimalLockingWriteAheadLog@381ed137 checkpointed with 689 Records and 0 Swap Files in 10 milliseconds (Stop-the-world time = 2 milliseconds, Clear Edit Logs time = 1 millis), max Transaction ID 2066
2019-08-16 19:01:40,035 WARN [Timer-Driven Process Thread-2] o.a.n.r.util.SiteToSiteRestApiClient Failed to get controller from http://localhost:8080/nifi-api due to java.net.UnknownHostException: else: Name or service not known
2019-08-16 19:01:40,036 WARN [Timer-Driven Process Thread-2] o.apache.nifi.controller.FlowController Unable to communicate with remote instance RemoteProcessGroup[http://localhost:8080/nifi] due to org.apache.nifi.controller.exception.CommunicationsException: org.apache.nifi.controller.exception.CommunicationsException: Unable to communicate with Remote NiFi at URI http://localhost:8080/nifi due to: else: Name or service not known
2019-08-16 19:02:10,043 WARN [Timer-Driven Process Thread-10] o.a.n.r.util.SiteToSiteRestApiClient Failed to get controller from http://localhost:8080/nifi-api due to java.net.UnknownHostException: else: Name or service not known
2019-08-16 19:02:10,043 WARN [Timer-Driven Process Thread-10] o.apache.nifi.controller.FlowController Unable to communicate with remote instance RemoteProcessGroup[http://localhost:8080/nifi] due to org.apache.nifi.controller.exception.CommunicationsException: org.apache.nifi.controller.exception.CommunicationsException: Unable to communicate with Remote NiFi at URI http://localhost:8080/nifi due to: else: Name or service not known
2019-08-16 19:02:45,293 WARN [Remote Process Group 9a3648e0-016c-1000-17e7-230c5a5a0e3f Thread-1] o.a.n.r.util.SiteToSiteRestApiClient Failed to get controller from http://localhost:8080/nifi-api due to java.net.UnknownHostException: else: Name or service not known
2019-08-16 19:02:45,293 WARN [Remote Process Group 9a3648e0-016c-1000-17e7-230c5a5a0e3f Thread-1] o.a.n.remote.StandardRemoteProcessGroup Unable to connect to RemoteProcessGroup[http://localhost:8080/nifi] due to java.net.UnknownHostException: else: Name or service not known
2019-08-16 19:03:06,577 INFO [pool-10-thread-1] o.a.n.c.r.WriteAheadFlowFileRepository Initiating checkpoint of FlowFile Repository
2019-08-16 19:03:06,578 INFO [pool-10-thread-1] o.a.n.c.r.WriteAheadFlowFileRepository Successfully checkpointed FlowFile Repository with 0 records in 0 milliseconds
2019-08-16 19:03:14,035 INFO [Write-Ahead Local State Provider Maintenance] org.wali.MinimalLockingWriteAheadLog org.wali.MinimalLockingWriteAheadLog@381ed137 checkpointed with 689 Records and 0 Swap Files in 11 milliseconds (Stop-the-world time = 3 milliseconds, Clear Edit Logs time = 1 millis), max Transaction ID 2066
2019-08-16 19:03:40,051 WARN [Timer-Driven Process Thread-4] o.a.n.r.util.SiteToSiteRestApiClient Failed to get controller from http://localhost:8080/nifi-api due to java.net.UnknownHostException: else: Name or service not known
2019-08-16 19:03:40,051 WARN [Timer-Driven Process Thread-4] o.apache.nifi.controller.FlowController Unable to communicate with remote instance RemoteProcessGroup[http://localhost:8080/nifi] due to org.apache.nifi.controller.exception.CommunicationsException: org.apache.nifi.controller.exception.CommunicationsException: Unable to communicate with Remote NiFi at URI http://localhost:8080/nifi due to: else: Name or service not known
2019-08-16 19:04:10,059 WARN [Timer-Driven Process Thread-7] o.a.n.r.util.SiteToSiteRestApiClient Failed to get controller from http://localhost:8080/nifi-api due to java.net.UnknownHostException: else: Name or service not known
2019-08-16 19:04:10,059 WARN [Timer-Driven Process Thread-7] o.apache.nifi.controller.FlowController Unable to communicate with remote instance RemoteProcessGroup[http://localhost:8080/nifi] due to org.apache.nifi.controller.exception.CommunicationsException: org.apache.nifi.controller.exception.CommunicationsException: Unable to communicate with Remote NiFi at URI http://localhost:8080/nifi due to: else: Name or service not known
2019-08-16 19:04:40,066 WARN [Timer-Driven Process Thread-5] o.a.n.r.util.SiteToSiteRestApiClient Failed to get controller from http://localhost:8080/nifi-api due to java.net.UnknownHostException: else: Name or service not known
2019-08-16 19:04:40,066 WARN [Timer-Driven Process Thread-5] o.apache.nifi.controller.FlowController Unable to communicate with remote instance RemoteProcessGroup[http://localhost:8080/nifi] due to org.apache.nifi.controller.exception.CommunicationsException: org.apache.nifi.controller.exception.CommunicationsException: Unable to communicate with Remote NiFi at URI http://localhost:8080/nifi due to: else: Name or service not known
2019-08-16 19:05:06,578 INFO [pool-10-thread-1] o.a.n.c.r.WriteAheadFlowFileRepository Initiating checkpoint of FlowFile Repository
2019-08-16 19:05:06,578 INFO [pool-10-thread-1] o.a.n.c.r.WriteAheadFlowFileRepository Successfully checkpointed FlowFile Repository with 0 records in 0 milliseconds
2019-08-16 19:05:10,071 WARN [Timer-Driven Process Thread-10] o.a.n.r.util.SiteToSiteRestApiClient Failed to get controller from http://localhost:8080/nifi-api due to java.net.UnknownHostException: else: Name or service not known
2019-08-16 19:05:10,072 WARN [Timer-Driven Process Thread-10] o.apache.nifi.controller.FlowController Unable to communicate with remote instance RemoteProcessGroup[http://localhost:8080/nifi] due to org.apache.nifi.controller.exception.CommunicationsException: org.apache.nifi.controller.exception.CommunicationsException: Unable to communicate with Remote NiFi at URI http://localhost:8080/nifi due to: else: Name or service not known
2019-08-16 19:05:14,048 INFO [Write-Ahead Local State Provider Maintenance] org.wali.MinimalLockingWriteAheadLog org.wali.MinimalLockingWriteAheadLog@381ed137 checkpointed with 689 Records and 0 Swap Files in 13 milliseconds (Stop-the-world time = 3 milliseconds, Clear Edit Logs time = 3 millis), max Transaction ID 2066
2019-08-16 19:05:40,078 WARN [Timer-Driven Process Thread-3] o.a.n.r.util.SiteToSiteRestApiClient Failed to get controller from http://localhost:8080/nifi-api due to java.net.UnknownHostException: else: Name or service not known
2019-08-16 19:05:40,079 WARN [Timer-Driven Process Thread-3] o.apache.nifi.controller.FlowController Unable to communicate with remote instance RemoteProcessGroup[http://localhost:8080/nifi] due to org.apache.nifi.controller.exception.CommunicationsException: org.apache.nifi.controller.exception.CommunicationsException: Unable to communicate with Remote NiFi at URI http://localhost:8080/nifi due to: else: Name or service not known
2019-08-16 19:06:10,086 WARN [Timer-Driven Process Thread-8] o.a.n.r.util.SiteToSiteRestApiClient Failed to get controller from http://localhost:8080/nifi-api due to java.net.UnknownHostException: else: Name or service not known
2019-08-16 19:06:10,087 WARN [Timer-Driven Process Thread-8] o.apache.nifi.controller.FlowController Unable to communicate with remote instance RemoteProcessGroup[http://localhost:8080/nifi] due to org.apache.nifi.controller.exception.CommunicationsException: org.apache.nifi.controller.exception.CommunicationsException: Unable to communicate with Remote NiFi at URI http://localhost:8080/nifi due to: else: Name or service not known
2019-08-16 19:06:40,092 WARN [Timer-Driven Process Thread-9] o.a.n.r.util.SiteToSiteRestApiClient Failed to get controller from http://localhost:8080/nifi-api due to java.net.UnknownHostException: else: Name or service not known
2019-08-16 19:06:40,093 WARN [Timer-Driven Process Thread-9] o.apache.nifi.controller.FlowController Unable to communicate with remote instance RemoteProcessGroup[http://localhost:8080/nifi] due to org.apache.nifi.controller.exception.CommunicationsException: org.apache.nifi.controller.exception.CommunicationsException: Unable to communicate with Remote NiFi at URI http://localhost:8080/nifi due to: else: Name or service not known
2019-08-16 19:07:06,579 INFO [pool-10-thread-1] o.a.n.c.r.WriteAheadFlowFileRepository Initiating checkpoint of FlowFile Repository
2019-08-16 19:07:06,579 INFO [pool-10-thread-1] o.a.n.c.r.WriteAheadFlowFileRepository Successfully checkpointed FlowFile Repository with 0 records in 0 milliseconds
2019-08-16 19:07:10,099 WARN [Timer-Driven Process Thread-1] o.a.n.r.util.SiteToSiteRestApiClient Failed to get controller from http://localhost:8080/nifi-api due to java.net.UnknownHostException: else: Name or service not known
2019-08-16 19:07:10,099 WARN [Timer-Driven Process Thread-1] o.apache.nifi.controller.FlowController Unable to communicate with remote instance RemoteProcessGroup[http://localhost:8080/nifi] due to org.apache.nifi.controller.exception.CommunicationsException: org.apache.nifi.controller.exception.CommunicationsException: Unable to communicate with Remote NiFi at URI http://localhost:8080/nifi due to: else: Name or service not known
2019-08-16 19:07:14,061 INFO [Write-Ahead Local State Provider Maintenance] org.wali.MinimalLockingWriteAheadLog org.wali.MinimalLockingWriteAheadLog@381ed137 checkpointed with 689 Records and 0 Swap Files in 12 milliseconds (Stop-the-world time = 2 milliseconds, Clear Edit Logs time = 2 millis), max Transaction ID 2066
2019-08-16 19:07:40,106 WARN [Timer-Driven Process Thread-7] o.a.n.r.util.SiteToSiteRestApiClient Failed to get controller from http://localhost:8080/nifi-api due to java.net.UnknownHostException: else: Name or service not known
2019-08-16 19:07:40,106 WARN [Timer-Driven Process Thread-7] o.apache.nifi.controller.FlowController Unable to communicate with remote instance RemoteProcessGroup[http://localhost:8080/nifi] due to org.apache.nifi.controller.exception.CommunicationsException: org.apache.nifi.controller.exception.CommunicationsException: Unable to communicate with Remote NiFi at URI http://localhost:8080/nifi due to: else: Name or service not known
2019-08-16 19:08:40,110 WARN [Timer-Driven Process Thread-9] o.a.n.r.util.SiteToSiteRestApiClient Failed to get controller from http://localhost:8080/nifi-api due to java.net.UnknownHostException: else: Name or service not known
2019-08-16 19:08:40,110 WARN [Timer-Driven Process Thread-9] o.apache.nifi.controller.FlowController Unable to communicate with remote instance RemoteProcessGroup[http://localhost:8080/nifi] due to org.apache.nifi.controller.exception.CommunicationsException: org.apache.nifi.controller.exception.CommunicationsException: Unable to communicate with Remote NiFi at URI http://localhost:8080/nifi due to: else: Name or service not known
2019-08-16 19:09:06,579 INFO [pool-10-thread-1] o.a.n.c.r.WriteAheadFlowFileRepository Initiating checkpoint of FlowFile Repository
2019-08-16 19:09:06,580 INFO [pool-10-thread-1] o.a.n.c.r.WriteAheadFlowFileRepository Successfully checkpointed FlowFile Repository with 0 records in 0 milliseconds
2019-08-16 19:09:10,115 WARN [Timer-Driven Process Thread-6] o.a.n.r.util.SiteToSiteRestApiClient Failed to get controller from http://localhost:8080/nifi-api due to java.net.UnknownHostException: else: Name or service not known
2019-08-16 19:09:10,115 WARN [Timer-Driven Process Thread-6] o.apache.nifi.controller.FlowController Unable to communicate with remote instance RemoteProcessGroup[http://localhost:8080/nifi] due to org.apache.nifi.controller.exception.CommunicationsException: org.apache.nifi.controller.exception.CommunicationsException: Unable to communicate with Remote NiFi at URI http://localhost:8080/nifi due to: else: Name or service not known
2019-08-16 19:09:14,072 INFO [Write-Ahead Local State Provider Maintenance] org.wali.MinimalLockingWriteAheadLog org.wali.MinimalLockingWriteAheadLog@381ed137 checkpointed with 689 Records and 0 Swap Files in 10 milliseconds (Stop-the-world time = 3 milliseconds, Clear Edit Logs time = 1 millis), max Transaction ID 2066
2019-08-16 19:09:40,121 WARN [Timer-Driven Process Thread-7] o.a.n.r.util.SiteToSiteRestApiClient Failed to get controller from http://localhost:8080/nifi-api due to java.net.UnknownHostException: else: Name or service not known
2019-08-16 19:09:40,121 WARN [Timer-Driven Process Thread-7] o.apache.nifi.controller.FlowController Unable to communicate with remote instance RemoteProcessGroup[http://localhost:8080/nifi] due to org.apache.nifi.controller.exception.CommunicationsException: org.apache.nifi.controller.exception.CommunicationsException: Unable to communicate with Remote NiFi at URI http://localhost:8080/nifi due to: else: Name or service not known
2019-08-16 19:10:40,126 WARN [Timer-Driven Process Thread-10] o.a.n.r.util.SiteToSiteRestApiClient Failed to get controller from http://localhost:8080/nifi-api due to java.net.UnknownHostException: else: Name or service not known
2019-08-16 19:10:40,127 WARN [Timer-Driven Process Thread-10] o.apache.nifi.controller.FlowController Unable to communicate with remote instance RemoteProcessGroup[http://localhost:8080/nifi] due to org.apache.nifi.controller.exception.CommunicationsException: org.apache.nifi.controller.exception.CommunicationsException: Unable to communicate with Remote NiFi at URI http://localhost:8080/nifi due to: else: Name or service not known
2019-08-16 19:11:06,580 INFO [pool-10-thread-1] o.a.n.c.r.WriteAheadFlowFileRepository Initiating checkpoint of FlowFile Repository
2019-08-16 19:11:06,580 INFO [pool-10-thread-1] o.a.n.c.r.WriteAheadFlowFileRepository Successfully checkpointed FlowFile Repository with 0 records in 0 milliseconds
2019-08-16 19:11:10,132 WARN [Timer-Driven Process Thread-7] o.a.n.r.util.SiteToSiteRestApiClient Failed to get controller from http://localhost:8080/nifi-api due to java.net.UnknownHostException: else: Name or service not known
2019-08-16 19:11:10,132 WARN [Timer-Driven Process Thread-7] o.apache.nifi.controller.FlowController Unable to communicate with remote instance RemoteProcessGroup[http://localhost:8080/nifi] due to org.apache.nifi.controller.exception.CommunicationsException: org.apache.nifi.controller.exception.CommunicationsException: Unable to communicate with Remote NiFi at URI http://localhost:8080/nifi due to: else: Name or service not known
2019-08-16 19:11:14,083 INFO [Write-Ahead Local State Provider Maintenance] org.wali.MinimalLockingWriteAheadLog org.wali.MinimalLockingWriteAheadLog@381ed137 checkpointed with 689 Records and 0 Swap Files in 10 milliseconds (Stop-the-world time = 2 milliseconds, Clear Edit Logs time = 0 millis), max Transaction ID 2066
2019-08-16 19:11:45,305 WARN [Remote Process Group 9a3648e0-016c-1000-17e7-230c5a5a0e3f Thread-1] o.a.n.r.util.SiteToSiteRestApiClient Failed to get controller from http://localhost:8080/nifi-api due to java.net.UnknownHostException: else: Name or service not known
2019-08-16 19:11:45,306 WARN [Remote Process Group 9a3648e0-016c-1000-17e7-230c5a5a0e3f Thread-1] o.a.n.remote.StandardRemoteProcessGroup Unable to connect to RemoteProcessGroup[http://localhost:8080/nifi] due to java.net.UnknownHostException: else: Name or service not known
2019-08-16 19:12:40,138 WARN [Timer-Driven Process Thread-10] o.a.n.r.util.SiteToSiteRestApiClient Failed to get controller from http://localhost:8080/nifi-api due to java.net.UnknownHostException: else: Name or service not known
2019-08-16 19:12:40,138 WARN [Timer-Driven Process Thread-10] o.apache.nifi.controller.FlowController Unable to communicate with remote instance RemoteProcessGroup[http://localhost:8080/nifi] due to org.apache.nifi.controller.exception.CommunicationsException: org.apache.nifi.controller.exception.CommunicationsException: Unable to communicate with Remote NiFi at URI http://localhost:8080/nifi due to: else: Name or service not known
2019-08-16 19:13:06,580 INFO [pool-10-thread-1] o.a.n.c.r.WriteAheadFlowFileRepository Initiating checkpoint of FlowFile Repository
2019-08-16 19:13:06,581 INFO [pool-10-thread-1] o.a.n.c.r.WriteAheadFlowFileRepository Successfully checkpointed FlowFile Repository with 0 records in 0 milliseconds
2019-08-16 19:13:10,143 WARN [Timer-Driven Process Thread-10] o.a.n.r.util.SiteToSiteRestApiClient Failed to get controller from http://localhost:8080/nifi-api due to java.net.UnknownHostException: else: Name or service not known
2019-08-16 19:13:10,144 WARN [Timer-Driven Process Thread-10] o.apache.nifi.controller.FlowController Unable to communicate with remote instance RemoteProcessGroup[http://localhost:8080/nifi] due to org.apache.nifi.controller.exception.CommunicationsException: org.apache.nifi.controller.exception.CommunicationsException: Unable to communicate with Remote NiFi at URI http://localhost:8080/nifi due to: else: Name or service not known
2019-08-16 19:13:14,092 INFO [Write-Ahead Local State Provider Maintenance] org.wali.MinimalLockingWriteAheadLog org.wali.MinimalLockingWriteAheadLog@381ed137 checkpointed with 689 Records and 0 Swap Files in 8 milliseconds (Stop-the-world time = 1 milliseconds, Clear Edit Logs time = 1 millis), max Transaction ID 2066
2019-08-16 19:13:40,149 WARN [Timer-Driven Process Thread-1] o.a.n.r.util.SiteToSiteRestApiClient Failed to get controller from http://localhost:8080/nifi-api due to java.net.UnknownHostException: else: Name or service not known
2019-08-16 19:13:40,149 WARN [Timer-Driven Process Thread-1] o.apache.nifi.controller.FlowController Unable to communicate with remote instance RemoteProcessGroup[http://localhost:8080/nifi] due to org.apache.nifi.controller.exception.CommunicationsException: org.apache.nifi.controller.exception.CommunicationsException: Unable to communicate with Remote NiFi at URI http://localhost:8080/nifi due to: else: Name or service not known
2019-08-16 19:14:10,155 WARN [Timer-Driven Process Thread-5] o.a.n.r.util.SiteToSiteRestApiClient Failed to get controller from http://localhost:8080/nifi-api due to java.net.UnknownHostException: else: Name or service not known
2019-08-16 19:14:10,155 WARN [Timer-Driven Process Thread-5] o.apache.nifi.controller.FlowController Unable to communicate with remote instance RemoteProcessGroup[http://localhost:8080/nifi] due to org.apache.nifi.controller.exception.CommunicationsException: org.apache.nifi.controller.exception.CommunicationsException: Unable to communicate with Remote NiFi at URI http://localhost:8080/nifi due to: else: Name or service not known
2019-08-16 19:14:40,161 WARN [Timer-Driven Process Thread-8] o.a.n.r.util.SiteToSiteRestApiClient Failed to get controller from http://localhost:8080/nifi-api due to java.net.UnknownHostException: else: Name or service not known
2019-08-16 19:14:40,161 WARN [Timer-Driven Process Thread-8] o.apache.nifi.controller.FlowController Unable to communicate with remote instance RemoteProcessGroup[http://localhost:8080/nifi] due to org.apache.nifi.controller.exception.CommunicationsException: org.apache.nifi.controller.exception.CommunicationsException: Unable to communicate with Remote NiFi at URI http://localhost:8080/nifi due to: else: Name or service not known
2019-08-16 19:15:06,581 INFO [pool-10-thread-1] o.a.n.c.r.WriteAheadFlowFileRepository Initiating checkpoint of FlowFile Repository
2019-08-16 19:15:06,581 INFO [pool-10-thread-1] o.a.n.c.r.WriteAheadFlowFileRepository Successfully checkpointed FlowFile Repository with 0 records in 0 milliseconds
2019-08-16 19:15:14,103 INFO [Write-Ahead Local State Provider Maintenance] org.wali.MinimalLockingWriteAheadLog org.wali.MinimalLockingWriteAheadLog@381ed137 checkpointed with 689 Records and 0 Swap Files in 10 milliseconds (Stop-the-world time = 3 milliseconds, Clear Edit Logs time = 0 millis), max Transaction ID 2066
2019-08-16 19:15:40,166 WARN [Timer-Driven Process Thread-9] o.a.n.r.util.SiteToSiteRestApiClient Failed to get controller from http://localhost:8080/nifi-api due to java.net.UnknownHostException: else: Name or service not known
2019-08-16 19:15:40,167 WARN [Timer-Driven Process Thread-9] o.apache.nifi.controller.FlowController Unable to communicate with remote instance RemoteProcessGroup[http://localhost:8080/nifi] due to org.apache.nifi.controller.exception.CommunicationsException: org.apache.nifi.controller.exception.CommunicationsException: Unable to communicate with Remote NiFi at URI http://localhost:8080/nifi due to: else: Name or service not known
2019-08-16 19:16:10,173 WARN [Timer-Driven Process Thread-8] o.a.n.r.util.SiteToSiteRestApiClient Failed to get controller from http://localhost:8080/nifi-api due to java.net.UnknownHostException: else: Name or service not known
2019-08-16 19:16:10,173 WARN [Timer-Driven Process Thread-8] o.apache.nifi.controller.FlowController Unable to communicate with remote instance RemoteProcessGroup[http://localhost:8080/nifi] due to org.apache.nifi.controller.exception.CommunicationsException: org.apache.nifi.controller.exception.CommunicationsException: Unable to communicate with Remote NiFi at URI http://localhost:8080/nifi due to: else: Name or service not known
2019-08-16 19:16:45,314 WARN [Remote Process Group 9a3648e0-016c-1000-17e7-230c5a5a0e3f Thread-1] o.a.n.r.util.SiteToSiteRestApiClient Failed to get controller from http://localhost:8080/nifi-api due to java.net.UnknownHostException: else: Name or service not known
2019-08-16 19:16:45,314 WARN [Remote Process Group 9a3648e0-016c-1000-17e7-230c5a5a0e3f Thread-1] o.a.n.remote.StandardRemoteProcessGroup Unable to connect to RemoteProcessGroup[http://localhost:8080/nifi] due to java.net.UnknownHostException: else: Name or service not known
2019-08-16 19:17:06,582 INFO [pool-10-thread-1] o.a.n.c.r.WriteAheadFlowFileRepository Initiating checkpoint of FlowFile Repository
2019-08-16 19:17:06,582 INFO [pool-10-thread-1] o.a.n.c.r.WriteAheadFlowFileRepository Successfully checkpointed FlowFile Repository with 0 records in 0 milliseconds
2019-08-16 19:17:14,111 INFO [Write-Ahead Local State Provider Maintenance] org.wali.MinimalLockingWriteAheadLog org.wali.MinimalLockingWriteAheadLog@381ed137 checkpointed with 689 Records and 0 Swap Files in 7 milliseconds (Stop-the-world time = 1 milliseconds, Clear Edit Logs time = 0 millis), max Transaction ID 2066
2019-08-16 19:17:40,180 WARN [Timer-Driven Process Thread-5] o.a.n.r.util.SiteToSiteRestApiClient Failed to get controller from http://localhost:8080/nifi-api due to java.net.UnknownHostException: else: Name or service not known
2019-08-16 19:17:40,180 WARN [Timer-Driven Process Thread-5] o.apache.nifi.controller.FlowController Unable to communicate with remote instance RemoteProcessGroup[http://localhost:8080/nifi] due to org.apache.nifi.controller.exception.CommunicationsException: org.apache.nifi.controller.exception.CommunicationsException: Unable to communicate with Remote NiFi at URI http://localhost:8080/nifi due to: else: Name or service not known
2019-08-16 19:18:10,186 WARN [Timer-Driven Process Thread-2] o.a.n.r.util.SiteToSiteRestApiClient Failed to get controller from http://localhost:8080/nifi-api due to java.net.UnknownHostException: else: Name or service not known
2019-08-16 19:18:10,187 WARN [Timer-Driven Process Thread-2] o.apache.nifi.controller.FlowController Unable to communicate with remote instance RemoteProcessGroup[http://localhost:8080/nifi] due to org.apache.nifi.controller.exception.CommunicationsException: org.apache.nifi.controller.exception.CommunicationsException: Unable to communicate with Remote NiFi at URI http://localhost:8080/nifi due to: else: Name or service not known
2019-08-16 19:18:40,192 WARN [Timer-Driven Process Thread-6] o.a.n.r.util.SiteToSiteRestApiClient Failed to get controller from http://localhost:8080/nifi-api due to java.net.UnknownHostException: else: Name or service not known
2019-08-16 19:18:40,193 WARN [Timer-Driven Process Thread-6] o.apache.nifi.controller.FlowController Unable to communicate with remote instance RemoteProcessGroup[http://localhost:8080/nifi] due to org.apache.nifi.controller.exception.CommunicationsException: org.apache.nifi.controller.exception.CommunicationsException: Unable to communicate with Remote NiFi at URI http://localhost:8080/nifi due to: else: Name or service not known
2019-08-16 19:19:06,582 INFO [pool-10-thread-1] o.a.n.c.r.WriteAheadFlowFileRepository Initiating checkpoint of FlowFile Repository
2019-08-16 19:19:06,583 INFO [pool-10-thread-1] o.a.n.c.r.WriteAheadFlowFileRepository Successfully checkpointed FlowFile Repository with 0 records in 0 milliseconds
2019-08-16 19:19:10,199 WARN [Timer-Driven Process Thread-2] o.a.n.r.util.SiteToSiteRestApiClient Failed to get controller from http://localhost:8080/nifi-api due to java.net.UnknownHostException: else: Name or service not known
2019-08-16 19:19:10,200 WARN [Timer-Driven Process Thread-2] o.apache.nifi.controller.FlowController Unable to communicate with remote instance RemoteProcessGroup[http://localhost:8080/nifi] due to org.apache.nifi.controller.exception.CommunicationsException: org.apache.nifi.controller.exception.CommunicationsException: Unable to communicate with Remote NiFi at URI http://localhost:8080/nifi due to: else: Name or service not known
2019-08-16 19:19:14,118 INFO [Write-Ahead Local State Provider Maintenance] org.wali.MinimalLockingWriteAheadLog org.wali.MinimalLockingWriteAheadLog@381ed137 checkpointed with 689 Records and 0 Swap Files in 6 milliseconds (Stop-the-world time = 0 milliseconds, Clear Edit Logs time = 0 millis), max Transaction ID 2066
2019-08-16 19:19:40,206 WARN [Timer-Driven Process Thread-7] o.a.n.r.util.SiteToSiteRestApiClient Failed to get controller from http://localhost:8080/nifi-api due to java.net.UnknownHostException: else: Name or service not known
2019-08-16 19:19:40,206 WARN [Timer-Driven Process Thread-7] o.apache.nifi.controller.FlowController Unable to communicate with remote instance RemoteProcessGroup[http://localhost:8080/nifi] due to org.apache.nifi.controller.exception.CommunicationsException: org.apache.nifi.controller.exception.CommunicationsException: Unable to communicate with Remote NiFi at URI http://localhost:8080/nifi due to: else: Name or service not known
2019-08-16 19:20:10,212 WARN [Timer-Driven Process Thread-10] o.a.n.r.util.SiteToSiteRestApiClient Failed to get controller from http://localhost:8080/nifi-api due to java.net.UnknownHostException: else: Name or service not known
2019-08-16 19:20:10,213 WARN [Timer-Driven Process Thread-10] o.apache.nifi.controller.FlowController Unable to communicate with remote instance RemoteProcessGroup[http://localhost:8080/nifi] due to org.apache.nifi.controller.exception.CommunicationsException: org.apache.nifi.controller.exception.CommunicationsException: Unable to communicate with Remote NiFi at URI http://localhost:8080/nifi due to: else: Name or service not known
2019-08-16 19:20:40,219 WARN [Timer-Driven Process Thread-8] o.a.n.r.util.SiteToSiteRestApiClient Failed to get controller from http://localhost:8080/nifi-api due to java.net.UnknownHostException: else: Name or service not known
2019-08-16 19:20:40,220 WARN [Timer-Driven Process Thread-8] o.apache.nifi.controller.FlowController Unable to communicate with remote instance RemoteProcessGroup[http://localhost:8080/nifi] due to org.apache.nifi.controller.exception.CommunicationsException: org.apache.nifi.controller.exception.CommunicationsException: Unable to communicate with Remote NiFi at URI http://localhost:8080/nifi due to: else: Name or service not known
2019-08-16 19:21:06,583 INFO [pool-10-thread-1] o.a.n.c.r.WriteAheadFlowFileRepository Initiating checkpoint of FlowFile Repository
2019-08-16 19:21:06,583 INFO [pool-10-thread-1] o.a.n.c.r.WriteAheadFlowFileRepository Successfully checkpointed FlowFile Repository with 0 records in 0 milliseconds
2019-08-16 19:21:10,227 WARN [Timer-Driven Process Thread-9] o.a.n.r.util.SiteToSiteRestApiClient Failed to get controller from http://localhost:8080/nifi-api due to java.net.UnknownHostException: else: Name or service not known
2019-08-16 19:21:10,227 WARN [Timer-Driven Process Thread-9] o.apache.nifi.controller.FlowController Unable to communicate with remote instance RemoteProcessGroup[http://localhost:8080/nifi] due to org.apache.nifi.controller.exception.CommunicationsException: org.apache.nifi.controller.exception.CommunicationsException: Unable to communicate with Remote NiFi at URI http://localhost:8080/nifi due to: else: Name or service not known
2019-08-16 19:21:14,125 INFO [Write-Ahead Local State Provider Maintenance] org.wali.MinimalLockingWriteAheadLog org.wali.MinimalLockingWriteAheadLog@381ed137 checkpointed with 689 Records and 0 Swap Files in 7 milliseconds (Stop-the-world time = 0 milliseconds, Clear Edit Logs time = 0 millis), max Transaction ID 2066
2019-08-16 19:21:40,234 WARN [Timer-Driven Process Thread-7] o.a.n.r.util.SiteToSiteRestApiClient Failed to get controller from http://localhost:8080/nifi-api due to java.net.UnknownHostException: else: Name or service not known
2019-08-16 19:21:40,234 WARN [Timer-Driven Process Thread-7] o.apache.nifi.controller.FlowController Unable to communicate with remote instance RemoteProcessGroup[http://localhost:8080/nifi] due to org.apache.nifi.controller.exception.CommunicationsException: org.apache.nifi.controller.exception.CommunicationsException: Unable to communicate with Remote NiFi at URI http://localhost:8080/nifi due to: else: Name or service not known
2019-08-16 19:22:10,238 WARN [Timer-Driven Process Thread-9] o.a.n.r.util.SiteToSiteRestApiClient Failed to get controller from http://localhost:8080/nifi-api due to java.net.UnknownHostException: else: Name or service not known
2019-08-16 19:22:10,239 WARN [Timer-Driven Process Thread-9] o.apache.nifi.controller.FlowController Unable to communicate with remote instance RemoteProcessGroup[http://localhost:8080/nifi] due to org.apache.nifi.controller.exception.CommunicationsException: org.apache.nifi.controller.exception.CommunicationsException: Unable to communicate with Remote NiFi at URI http://localhost:8080/nifi due to: else: Name or service not known
2019-08-16 19:22:40,246 WARN [Timer-Driven Process Thread-10] o.a.n.r.util.SiteToSiteRestApiClient Failed to get controller from http://localhost:8080/nifi-api due to java.net.UnknownHostException: else: Name or service not known
2019-08-16 19:22:40,246 WARN [Timer-Driven Process Thread-10] o.apache.nifi.controller.FlowController Unable to communicate with remote instance RemoteProcessGroup[http://localhost:8080/nifi] due to org.apache.nifi.controller.exception.CommunicationsException: org.apache.nifi.controller.exception.CommunicationsException: Unable to communicate with Remote NiFi at URI http://localhost:8080/nifi due to: else: Name or service not known
2019-08-16 19:23:06,583 INFO [pool-10-thread-1] o.a.n.c.r.WriteAheadFlowFileRepository Initiating checkpoint of FlowFile Repository
2019-08-16 19:23:06,584 INFO [pool-10-thread-1] o.a.n.c.r.WriteAheadFlowFileRepository Successfully checkpointed FlowFile Repository with 0 records in 0 milliseconds
2019-08-16 19:23:14,135 INFO [Write-Ahead Local State Provider Maintenance] org.wali.MinimalLockingWriteAheadLog org.wali.MinimalLockingWriteAheadLog@381ed137 checkpointed with 689 Records and 0 Swap Files in 9 milliseconds (Stop-the-world time = 1 milliseconds, Clear Edit Logs time = 1 millis), max Transaction ID 2066
2019-08-16 19:23:40,254 WARN [Timer-Driven Process Thread-8] o.a.n.r.util.SiteToSiteRestApiClient Failed to get controller from http://localhost:8080/nifi-api due to java.net.UnknownHostException: else: Name or service not known
2019-08-16 19:23:40,254 WARN [Timer-Driven Process Thread-8] o.apache.nifi.controller.FlowController Unable to communicate with remote instance RemoteProcessGroup[http://localhost:8080/nifi] due to org.apache.nifi.controller.exception.CommunicationsException: org.apache.nifi.controller.exception.CommunicationsException: Unable to communicate with Remote NiFi at URI http://localhost:8080/nifi due to: else: Name or service not known
2019-08-16 19:24:10,261 WARN [Timer-Driven Process Thread-9] o.a.n.r.util.SiteToSiteRestApiClient Failed to get controller from http://localhost:8080/nifi-api due to java.net.UnknownHostException: else: Name or service not known
2019-08-16 19:24:10,261 WARN [Timer-Driven Process Thread-9] o.apache.nifi.controller.FlowController Unable to communicate with remote instance RemoteProcessGroup[http://localhost:8080/nifi] due to org.apache.nifi.controller.exception.CommunicationsException: org.apache.nifi.controller.exception.CommunicationsException: Unable to communicate with Remote NiFi at URI http://localhost:8080/nifi due to: else: Name or service not known
2019-08-16 19:24:40,268 WARN [Timer-Driven Process Thread-5] o.a.n.r.util.SiteToSiteRestApiClient Failed to get controller from http://localhost:8080/nifi-api due to java.net.UnknownHostException: else: Name or service not known
2019-08-16 19:24:40,269 WARN [Timer-Driven Process Thread-5] o.apache.nifi.controller.FlowController Unable to communicate with remote instance RemoteProcessGroup[http://localhost:8080/nifi] due to org.apache.nifi.controller.exception.CommunicationsException: org.apache.nifi.controller.exception.CommunicationsException: Unable to communicate with Remote NiFi at URI http://localhost:8080/nifi due to: else: Name or service not known
2019-08-16 19:25:06,584 INFO [pool-10-thread-1] o.a.n.c.r.WriteAheadFlowFileRepository Initiating checkpoint of FlowFile Repository
2019-08-16 19:25:06,585 INFO [pool-10-thread-1] o.a.n.c.r.WriteAheadFlowFileRepository Successfully checkpointed FlowFile Repository with 0 records in 0 milliseconds
2019-08-16 19:25:10,274 WARN [Timer-Driven Process Thread-1] o.a.n.r.util.SiteToSiteRestApiClient Failed to get controller from http://localhost:8080/nifi-api due to java.net.UnknownHostException: else: Name or service not known
2019-08-16 19:25:10,274 WARN [Timer-Driven Process Thread-1] o.apache.nifi.controller.FlowController Unable to communicate with remote instance RemoteProcessGroup[http://localhost:8080/nifi] due to org.apache.nifi.controller.exception.CommunicationsException: org.apache.nifi.controller.exception.CommunicationsException: Unable to communicate with Remote NiFi at URI http://localhost:8080/nifi due to: else: Name or service not known
2019-08-16 19:25:14,143 INFO [Write-Ahead Local State Provider Maintenance] org.wali.MinimalLockingWriteAheadLog org.wali.MinimalLockingWriteAheadLog@381ed137 checkpointed with 689 Records and 0 Swap Files in 7 milliseconds (Stop-the-world time = 1 milliseconds, Clear Edit Logs time = 0 millis), max Transaction ID 2066
2019-08-16 19:25:40,279 WARN [Timer-Driven Process Thread-5] o.a.n.r.util.SiteToSiteRestApiClient Failed to get controller from http://localhost:8080/nifi-api due to java.net.UnknownHostException: else: Name or service not known
2019-08-16 19:25:40,280 WARN [Timer-Driven Process Thread-5] o.apache.nifi.controller.FlowController Unable to communicate with remote instance RemoteProcessGroup[http://localhost:8080/nifi] due to org.apache.nifi.controller.exception.CommunicationsException: org.apache.nifi.controller.exception.CommunicationsException: Unable to communicate with Remote NiFi at URI http://localhost:8080/nifi due to: else: Name or service not known
2019-08-16 19:26:10,284 WARN [Timer-Driven Process Thread-3] o.a.n.r.util.SiteToSiteRestApiClient Failed to get controller from http://localhost:8080/nifi-api due to java.net.UnknownHostException: else: Name or service not known
2019-08-16 19:26:10,284 WARN [Timer-Driven Process Thread-3] o.apache.nifi.controller.FlowController Unable to communicate with remote instance RemoteProcessGroup[http://localhost:8080/nifi] due to org.apache.nifi.controller.exception.CommunicationsException: org.apache.nifi.controller.exception.CommunicationsException: Unable to communicate with Remote NiFi at URI http://localhost:8080/nifi due to: else: Name or service not known
2019-08-16 19:26:40,290 WARN [Timer-Driven Process Thread-1] o.a.n.r.util.SiteToSiteRestApiClient Failed to get controller from http://localhost:8080/nifi-api due to java.net.UnknownHostException: else: Name or service not known
2019-08-16 19:26:40,291 WARN [Timer-Driven Process Thread-1] o.apache.nifi.controller.FlowController Unable to communicate with remote instance RemoteProcessGroup[http://localhost:8080/nifi] due to org.apache.nifi.controller.exception.CommunicationsException: org.apache.nifi.controller.exception.CommunicationsException: Unable to communicate with Remote NiFi at URI http://localhost:8080/nifi due to: else: Name or service not known
2019-08-16 19:27:06,585 INFO [pool-10-thread-1] o.a.n.c.r.WriteAheadFlowFileRepository Initiating checkpoint of FlowFile Repository
2019-08-16 19:27:06,586 INFO [pool-10-thread-1] o.a.n.c.r.WriteAheadFlowFileRepository Successfully checkpointed FlowFile Repository with 0 records in 0 milliseconds
2019-08-16 19:27:10,295 WARN [Timer-Driven Process Thread-7] o.a.n.r.util.SiteToSiteRestApiClient Failed to get controller from http://localhost:8080/nifi-api due to java.net.UnknownHostException: else: Name or service not known
2019-08-16 19:27:10,296 WARN [Timer-Driven Process Thread-7] o.apache.nifi.controller.FlowController Unable to communicate with remote instance RemoteProcessGroup[http://localhost:8080/nifi] due to org.apache.nifi.controller.exception.CommunicationsException: org.apache.nifi.controller.exception.CommunicationsException: Unable to communicate with Remote NiFi at URI http://localhost:8080/nifi due to: else: Name or service not known
2019-08-16 19:27:14,152 INFO [Write-Ahead Local State Provider Maintenance] org.wali.MinimalLockingWriteAheadLog org.wali.MinimalLockingWriteAheadLog@381ed137 checkpointed with 689 Records and 0 Swap Files in 8 milliseconds (Stop-the-world time = 1 milliseconds, Clear Edit Logs time = 1 millis), max Transaction ID 2066
2019-08-16 19:27:40,301 WARN [Timer-Driven Process Thread-10] o.a.n.r.util.SiteToSiteRestApiClient Failed to get controller from http://localhost:8080/nifi-api due to java.net.UnknownHostException: else: Name or service not known
2019-08-16 19:27:40,301 WARN [Timer-Driven Process Thread-10] o.apache.nifi.controller.FlowController Unable to communicate with remote instance RemoteProcessGroup[http://localhost:8080/nifi] due to org.apache.nifi.controller.exception.CommunicationsException: org.apache.nifi.controller.exception.CommunicationsException: Unable to communicate with Remote NiFi at URI http://localhost:8080/nifi due to: else: Name or service not known
2019-08-16 19:28:10,306 WARN [Timer-Driven Process Thread-4] o.a.n.r.util.SiteToSiteRestApiClient Failed to get controller from http://localhost:8080/nifi-api due to java.net.UnknownHostException: else: Name or service not known
2019-08-16 19:28:10,306 WARN [Timer-Driven Process Thread-4] o.apache.nifi.controller.FlowController Unable to communicate with remote instance RemoteProcessGroup[http://localhost:8080/nifi] due to org.apache.nifi.controller.exception.CommunicationsException: org.apache.nifi.controller.exception.CommunicationsException: Unable to communicate with Remote NiFi at URI http://localhost:8080/nifi due to: else: Name or service not known
2019-08-16 19:28:45,325 WARN [Remote Process Group 9a3648e0-016c-1000-17e7-230c5a5a0e3f Thread-1] o.a.n.r.util.SiteToSiteRestApiClient Failed to get controller from http://localhost:8080/nifi-api due to java.net.UnknownHostException: else: Name or service not known
2019-08-16 19:28:45,325 WARN [Remote Process Group 9a3648e0-016c-1000-17e7-230c5a5a0e3f Thread-1] o.a.n.remote.StandardRemoteProcessGroup Unable to connect to RemoteProcessGroup[http://localhost:8080/nifi] due to java.net.UnknownHostException: else: Name or service not known
2019-08-16 19:29:06,586 INFO [pool-10-thread-1] o.a.n.c.r.WriteAheadFlowFileRepository Initiating checkpoint of FlowFile Repository
2019-08-16 19:29:06,586 INFO [pool-10-thread-1] o.a.n.c.r.WriteAheadFlowFileRepository Successfully checkpointed FlowFile Repository with 0 records in 0 milliseconds
2019-08-16 19:29:14,162 INFO [Write-Ahead Local State Provider Maintenance] org.wali.MinimalLockingWriteAheadLog org.wali.MinimalLockingWriteAheadLog@381ed137 checkpointed with 689 Records and 0 Swap Files in 9 milliseconds (Stop-the-world time = 1 milliseconds, Clear Edit Logs time = 1 millis), max Transaction ID 2066
2019-08-16 19:29:40,311 WARN [Timer-Driven Process Thread-4] o.a.n.r.util.SiteToSiteRestApiClient Failed to get controller from http://localhost:8080/nifi-api due to java.net.UnknownHostException: else: Name or service not known
2019-08-16 19:29:40,312 WARN [Timer-Driven Process Thread-4] o.apache.nifi.controller.FlowController Unable to communicate with remote instance RemoteProcessGroup[http://localhost:8080/nifi] due to org.apache.nifi.controller.exception.CommunicationsException: org.apache.nifi.controller.exception.CommunicationsException: Unable to communicate with Remote NiFi at URI http://localhost:8080/nifi due to: else: Name or service not known
2019-08-16 19:30:10,317 WARN [Timer-Driven Process Thread-5] o.a.n.r.util.SiteToSiteRestApiClient Failed to get controller from http://localhost:8080/nifi-api due to java.net.UnknownHostException: else: Name or service not known
2019-08-16 19:30:10,318 WARN [Timer-Driven Process Thread-5] o.apache.nifi.controller.FlowController Unable to communicate with remote instance RemoteProcessGroup[http://localhost:8080/nifi] due to org.apache.nifi.controller.exception.CommunicationsException: org.apache.nifi.controller.exception.CommunicationsException: Unable to communicate with Remote NiFi at URI http://localhost:8080/nifi due to: else: Name or service not known
2019-08-16 19:30:40,325 WARN [Timer-Driven Process Thread-7] o.a.n.r.util.SiteToSiteRestApiClient Failed to get controller from http://localhost:8080/nifi-api due to java.net.UnknownHostException: else: Name or service not known
2019-08-16 19:30:40,325 WARN [Timer-Driven Process Thread-7] o.apache.nifi.controller.FlowController Unable to communicate with remote instance RemoteProcessGroup[http://localhost:8080/nifi] due to org.apache.nifi.controller.exception.CommunicationsException: org.apache.nifi.controller.exception.CommunicationsException: Unable to communicate with Remote NiFi at URI http://localhost:8080/nifi due to: else: Name or service not known
2019-08-16 19:31:06,587 INFO [pool-10-thread-1] o.a.n.c.r.WriteAheadFlowFileRepository Initiating checkpoint of FlowFile Repository
2019-08-16 19:31:06,587 INFO [pool-10-thread-1] o.a.n.c.r.WriteAheadFlowFileRepository Successfully checkpointed FlowFile Repository with 0 records in 0 milliseconds
2019-08-16 19:31:10,331 WARN [Timer-Driven Process Thread-6] o.a.n.r.util.SiteToSiteRestApiClient Failed to get controller from http://localhost:8080/nifi-api due to java.net.UnknownHostException: else: Name or service not known
2019-08-16 19:31:10,331 WARN [Timer-Driven Process Thread-6] o.apache.nifi.controller.FlowController Unable to communicate with remote instance RemoteProcessGroup[http://localhost:8080/nifi] due to org.apache.nifi.controller.exception.CommunicationsException: org.apache.nifi.controller.exception.CommunicationsException: Unable to communicate with Remote NiFi at URI http://localhost:8080/nifi due to: else: Name or service not known
2019-08-16 19:31:14,171 INFO [Write-Ahead Local State Provider Maintenance] org.wali.MinimalLockingWriteAheadLog org.wali.MinimalLockingWriteAheadLog@381ed137 checkpointed with 689 Records and 0 Swap Files in 7 milliseconds (Stop-the-world time = 1 milliseconds, Clear Edit Logs time = 1 millis), max Transaction ID 2066
2019-08-16 19:31:45,333 WARN [Remote Process Group 9a3648e0-016c-1000-17e7-230c5a5a0e3f Thread-1] o.a.n.r.util.SiteToSiteRestApiClient Failed to get controller from http://localhost:8080/nifi-api due to java.net.UnknownHostException: else: Name or service not known
2019-08-16 19:31:45,334 WARN [Remote Process Group 9a3648e0-016c-1000-17e7-230c5a5a0e3f Thread-1] o.a.n.remote.StandardRemoteProcessGroup Unable to connect to RemoteProcessGroup[http://localhost:8080/nifi] due to java.net.UnknownHostException: else: Name or service not known
2019-08-16 19:32:40,338 WARN [Timer-Driven Process Thread-1] o.a.n.r.util.SiteToSiteRestApiClient Failed to get controller from http://localhost:8080/nifi-api due to java.net.UnknownHostException: else: Name or service not known
2019-08-16 19:32:40,339 WARN [Timer-Driven Process Thread-1] o.apache.nifi.controller.FlowController Unable to communicate with remote instance RemoteProcessGroup[http://localhost:8080/nifi] due to org.apache.nifi.controller.exception.CommunicationsException: org.apache.nifi.controller.exception.CommunicationsException: Unable to communicate with Remote NiFi at URI http://localhost:8080/nifi due to: else: Name or service not known
2019-08-16 19:33:06,587 INFO [pool-10-thread-1] o.a.n.c.r.WriteAheadFlowFileRepository Initiating checkpoint of FlowFile Repository
2019-08-16 19:33:06,588 INFO [pool-10-thread-1] o.a.n.c.r.WriteAheadFlowFileRepository Successfully checkpointed FlowFile Repository with 0 records in 0 milliseconds
2019-08-16 19:33:10,344 WARN [Timer-Driven Process Thread-5] o.a.n.r.util.SiteToSiteRestApiClient Failed to get controller from http://localhost:8080/nifi-api due to java.net.UnknownHostException: else: Name or service not known
2019-08-16 19:33:10,344 WARN [Timer-Driven Process Thread-5] o.apache.nifi.controller.FlowController Unable to communicate with remote instance RemoteProcessGroup[http://localhost:8080/nifi] due to org.apache.nifi.controller.exception.CommunicationsException: org.apache.nifi.controller.exception.CommunicationsException: Unable to communicate with Remote NiFi at URI http://localhost:8080/nifi due to: else: Name or service not known
2019-08-16 19:33:14,182 INFO [Write-Ahead Local State Provider Maintenance] org.wali.MinimalLockingWriteAheadLog org.wali.MinimalLockingWriteAheadLog@381ed137 checkpointed with 689 Records and 0 Swap Files in 10 milliseconds (Stop-the-world time = 1 milliseconds, Clear Edit Logs time = 2 millis), max Transaction ID 2066
2019-08-16 19:33:40,350 WARN [Timer-Driven Process Thread-3] o.a.n.r.util.SiteToSiteRestApiClient Failed to get controller from http://localhost:8080/nifi-api due to java.net.UnknownHostException: else: Name or service not known
2019-08-16 19:33:40,350 WARN [Timer-Driven Process Thread-3] o.apache.nifi.controller.FlowController Unable to communicate with remote instance RemoteProcessGroup[http://localhost:8080/nifi] due to org.apache.nifi.controller.exception.CommunicationsException: org.apache.nifi.controller.exception.CommunicationsException: Unable to communicate with Remote NiFi at URI http://localhost:8080/nifi due to: else: Name or service not known
2019-08-16 19:34:40,354 WARN [Timer-Driven Process Thread-4] o.a.n.r.util.SiteToSiteRestApiClient Failed to get controller from http://localhost:8080/nifi-api due to java.net.UnknownHostException: else: Name or service not known
2019-08-16 19:34:40,355 WARN [Timer-Driven Process Thread-4] o.apache.nifi.controller.FlowController Unable to communicate with remote instance RemoteProcessGroup[http://localhost:8080/nifi] due to org.apache.nifi.controller.exception.CommunicationsException: org.apache.nifi.controller.exception.CommunicationsException: Unable to communicate with Remote NiFi at URI http://localhost:8080/nifi due to: else: Name or service not known
2019-08-16 19:35:06,588 INFO [pool-10-thread-1] o.a.n.c.r.WriteAheadFlowFileRepository Initiating checkpoint of FlowFile Repository
2019-08-16 19:35:06,588 INFO [pool-10-thread-1] o.a.n.c.r.WriteAheadFlowFileRepository Successfully checkpointed FlowFile Repository with 0 records in 0 milliseconds
2019-08-16 19:35:10,359 WARN [Timer-Driven Process Thread-4] o.a.n.r.util.SiteToSiteRestApiClient Failed to get controller from http://localhost:8080/nifi-api due to java.net.UnknownHostException: else: Name or service not known
2019-08-16 19:35:10,360 WARN [Timer-Driven Process Thread-4] o.apache.nifi.controller.FlowController Unable to communicate with remote instance RemoteProcessGroup[http://localhost:8080/nifi] due to org.apache.nifi.controller.exception.CommunicationsException: org.apache.nifi.controller.exception.CommunicationsException: Unable to communicate with Remote NiFi at URI http://localhost:8080/nifi due to: else: Name or service not known
2019-08-16 19:35:14,192 INFO [Write-Ahead Local State Provider Maintenance] org.wali.MinimalLockingWriteAheadLog org.wali.MinimalLockingWriteAheadLog@381ed137 checkpointed with 689 Records and 0 Swap Files in 9 milliseconds (Stop-the-world time = 1 milliseconds, Clear Edit Logs time = 1 millis), max Transaction ID 2066
2019-08-16 19:35:40,367 WARN [Timer-Driven Process Thread-10] o.a.n.r.util.SiteToSiteRestApiClient Failed to get controller from http://localhost:8080/nifi-api due to java.net.UnknownHostException: else: Name or service not known
2019-08-16 19:35:40,367 WARN [Timer-Driven Process Thread-10] o.apache.nifi.controller.FlowController Unable to communicate with remote instance RemoteProcessGroup[http://localhost:8080/nifi] due to org.apache.nifi.controller.exception.CommunicationsException: org.apache.nifi.controller.exception.CommunicationsException: Unable to communicate with Remote NiFi at URI http://localhost:8080/nifi due to: else: Name or service not known
2019-08-16 19:36:10,374 WARN [Timer-Driven Process Thread-6] o.a.n.r.util.SiteToSiteRestApiClient Failed to get controller from http://localhost:8080/nifi-api due to java.net.UnknownHostException: else: Name or service not known
2019-08-16 19:36:10,374 WARN [Timer-Driven Process Thread-6] o.apache.nifi.controller.FlowController Unable to communicate with remote instance RemoteProcessGroup[http://localhost:8080/nifi] due to org.apache.nifi.controller.exception.CommunicationsException: org.apache.nifi.controller.exception.CommunicationsException: Unable to communicate with Remote NiFi at URI http://localhost:8080/nifi due to: else: Name or service not known
2019-08-16 19:36:40,381 WARN [Timer-Driven Process Thread-9] o.a.n.r.util.SiteToSiteRestApiClient Failed to get controller from http://localhost:8080/nifi-api due to java.net.UnknownHostException: else: Name or service not known
2019-08-16 19:36:40,381 WARN [Timer-Driven Process Thread-9] o.apache.nifi.controller.FlowController Unable to communicate with remote instance RemoteProcessGroup[http://localhost:8080/nifi] due to org.apache.nifi.controller.exception.CommunicationsException: org.apache.nifi.controller.exception.CommunicationsException: Unable to communicate with Remote NiFi at URI http://localhost:8080/nifi due to: else: Name or service not known
2019-08-16 19:37:06,589 INFO [pool-10-thread-1] o.a.n.c.r.WriteAheadFlowFileRepository Initiating checkpoint of FlowFile Repository
2019-08-16 19:37:06,589 INFO [pool-10-thread-1] o.a.n.c.r.WriteAheadFlowFileRepository Successfully checkpointed FlowFile Repository with 0 records in 0 milliseconds
2019-08-16 19:37:10,387 WARN [Timer-Driven Process Thread-6] o.a.n.r.util.SiteToSiteRestApiClient Failed to get controller from http://localhost:8080/nifi-api due to java.net.UnknownHostException: else: Name or service not known
2019-08-16 19:37:10,388 WARN [Timer-Driven Process Thread-6] o.apache.nifi.controller.FlowController Unable to communicate with remote instance RemoteProcessGroup[http://localhost:8080/nifi] due to org.apache.nifi.controller.exception.CommunicationsException: org.apache.nifi.controller.exception.CommunicationsException: Unable to communicate with Remote NiFi at URI http://localhost:8080/nifi due to: else: Name or service not known
2019-08-16 19:37:14,199 INFO [Write-Ahead Local State Provider Maintenance] org.wali.MinimalLockingWriteAheadLog org.wali.MinimalLockingWriteAheadLog@381ed137 checkpointed with 689 Records and 0 Swap Files in 7 milliseconds (Stop-the-world time = 2 milliseconds, Clear Edit Logs time = 0 millis), max Transaction ID 2066
2019-08-16 19:37:40,395 WARN [Timer-Driven Process Thread-7] o.a.n.r.util.SiteToSiteRestApiClient Failed to get controller from http://localhost:8080/nifi-api due to java.net.UnknownHostException: else: Name or service not known
2019-08-16 19:37:40,395 WARN [Timer-Driven Process Thread-7] o.apache.nifi.controller.FlowController Unable to communicate with remote instance RemoteProcessGroup[http://localhost:8080/nifi] due to org.apache.nifi.controller.exception.CommunicationsException: org.apache.nifi.controller.exception.CommunicationsException: Unable to communicate with Remote NiFi at URI http://localhost:8080/nifi due to: else: Name or service not known
2019-08-16 19:38:40,401 WARN [Timer-Driven Process Thread-2] o.a.n.r.util.SiteToSiteRestApiClient Failed to get controller from http://localhost:8080/nifi-api due to java.net.UnknownHostException: else: Name or service not known
2019-08-16 19:38:40,401 WARN [Timer-Driven Process Thread-2] o.apache.nifi.controller.FlowController Unable to communicate with remote instance RemoteProcessGroup[http://localhost:8080/nifi] due to org.apache.nifi.controller.exception.CommunicationsException: org.apache.nifi.controller.exception.CommunicationsException: Unable to communicate with Remote NiFi at URI http://localhost:8080/nifi due to: else: Name or service not known
2019-08-16 19:39:06,589 INFO [pool-10-thread-1] o.a.n.c.r.WriteAheadFlowFileRepository Initiating checkpoint of FlowFile Repository
2019-08-16 19:39:06,590 INFO [pool-10-thread-1] o.a.n.c.r.WriteAheadFlowFileRepository Successfully checkpointed FlowFile Repository with 0 records in 0 milliseconds
2019-08-16 19:39:10,406 WARN [Timer-Driven Process Thread-7] o.a.n.r.util.SiteToSiteRestApiClient Failed to get controller from http://localhost:8080/nifi-api due to java.net.UnknownHostException: else: Name or service not known
2019-08-16 19:39:10,406 WARN [Timer-Driven Process Thread-7] o.apache.nifi.controller.FlowController Unable to communicate with remote instance RemoteProcessGroup[http://localhost:8080/nifi] due to org.apache.nifi.controller.exception.CommunicationsException: org.apache.nifi.controller.exception.CommunicationsException: Unable to communicate with Remote NiFi at URI http://localhost:8080/nifi due to: else: Name or service not known
2019-08-16 19:39:14,211 INFO [Write-Ahead Local State Provider Maintenance] org.wali.MinimalLockingWriteAheadLog org.wali.MinimalLockingWriteAheadLog@381ed137 checkpointed with 689 Records and 0 Swap Files in 10 milliseconds (Stop-the-world time = 2 milliseconds, Clear Edit Logs time = 2 millis), max Transaction ID 2066
2019-08-16 19:39:40,413 WARN [Timer-Driven Process Thread-7] o.a.n.r.util.SiteToSiteRestApiClient Failed to get controller from http://localhost:8080/nifi-api due to java.net.UnknownHostException: else: Name or service not known
2019-08-16 19:39:40,414 WARN [Timer-Driven Process Thread-7] o.apache.nifi.controller.FlowController Unable to communicate with remote instance RemoteProcessGroup[http://localhost:8080/nifi] due to org.apache.nifi.controller.exception.CommunicationsException: org.apache.nifi.controller.exception.CommunicationsException: Unable to communicate with Remote NiFi at URI http://localhost:8080/nifi due to: else: Name or service not known
2019-08-16 19:40:10,421 WARN [Timer-Driven Process Thread-2] o.a.n.r.util.SiteToSiteRestApiClient Failed to get controller from http://localhost:8080/nifi-api due to java.net.UnknownHostException: else: Name or service not known
2019-08-16 19:40:10,421 WARN [Timer-Driven Process Thread-2] o.apache.nifi.controller.FlowController Unable to communicate with remote instance RemoteProcessGroup[http://localhost:8080/nifi] due to org.apache.nifi.controller.exception.CommunicationsException: org.apache.nifi.controller.exception.CommunicationsException: Unable to communicate with Remote NiFi at URI http://localhost:8080/nifi due to: else: Name or service not known
2019-08-16 19:40:40,428 WARN [Timer-Driven Process Thread-6] o.a.n.r.util.SiteToSiteRestApiClient Failed to get controller from http://localhost:8080/nifi-api due to java.net.UnknownHostException: else: Name or service not known
2019-08-16 19:40:40,428 WARN [Timer-Driven Process Thread-6] o.apache.nifi.controller.FlowController Unable to communicate with remote instance RemoteProcessGroup[http://localhost:8080/nifi] due to org.apache.nifi.controller.exception.CommunicationsException: org.apache.nifi.controller.exception.CommunicationsException: Unable to communicate with Remote NiFi at URI http://localhost:8080/nifi due to: else: Name or service not known
2019-08-16 19:41:06,590 INFO [pool-10-thread-1] o.a.n.c.r.WriteAheadFlowFileRepository Initiating checkpoint of FlowFile Repository
2019-08-16 19:41:06,590 INFO [pool-10-thread-1] o.a.n.c.r.WriteAheadFlowFileRepository Successfully checkpointed FlowFile Repository with 0 records in 0 milliseconds
2019-08-16 19:41:10,435 WARN [Timer-Driven Process Thread-6] o.a.n.r.util.SiteToSiteRestApiClient Failed to get controller from http://localhost:8080/nifi-api due to java.net.UnknownHostException: else: Name or service not known
2019-08-16 19:41:10,435 WARN [Timer-Driven Process Thread-6] o.apache.nifi.controller.FlowController Unable to communicate with remote instance RemoteProcessGroup[http://localhost:8080/nifi] due to org.apache.nifi.controller.exception.CommunicationsException: org.apache.nifi.controller.exception.CommunicationsException: Unable to communicate with Remote NiFi at URI http://localhost:8080/nifi due to: else: Name or service not known
2019-08-16 19:41:14,223 INFO [Write-Ahead Local State Provider Maintenance] org.wali.MinimalLockingWriteAheadLog org.wali.MinimalLockingWriteAheadLog@381ed137 checkpointed with 689 Records and 0 Swap Files in 11 milliseconds (Stop-the-world time = 2 milliseconds, Clear Edit Logs time = 2 millis), max Transaction ID 2066
2019-08-16 19:41:40,442 WARN [Timer-Driven Process Thread-5] o.a.n.r.util.SiteToSiteRestApiClient Failed to get controller from http://localhost:8080/nifi-api due to java.net.UnknownHostException: else: Name or service not known
2019-08-16 19:41:40,443 WARN [Timer-Driven Process Thread-5] o.apache.nifi.controller.FlowController Unable to communicate with remote instance RemoteProcessGroup[http://localhost:8080/nifi] due to org.apache.nifi.controller.exception.CommunicationsException: org.apache.nifi.controller.exception.CommunicationsException: Unable to communicate with Remote NiFi at URI http://localhost:8080/nifi due to: else: Name or service not known
2019-08-16 19:42:10,448 WARN [Timer-Driven Process Thread-3] o.a.n.r.util.SiteToSiteRestApiClient Failed to get controller from http://localhost:8080/nifi-api due to java.net.UnknownHostException: else: Name or service not known
2019-08-16 19:42:10,448 WARN [Timer-Driven Process Thread-3] o.apache.nifi.controller.FlowController Unable to communicate with remote instance RemoteProcessGroup[http://localhost:8080/nifi] due to org.apache.nifi.controller.exception.CommunicationsException: org.apache.nifi.controller.exception.CommunicationsException: Unable to communicate with Remote NiFi at URI http://localhost:8080/nifi due to: else: Name or service not known
2019-08-16 19:42:40,455 WARN [Timer-Driven Process Thread-1] o.a.n.r.util.SiteToSiteRestApiClient Failed to get controller from http://localhost:8080/nifi-api due to java.net.UnknownHostException: else: Name or service not known
2019-08-16 19:42:40,456 WARN [Timer-Driven Process Thread-1] o.apache.nifi.controller.FlowController Unable to communicate with remote instance RemoteProcessGroup[http://localhost:8080/nifi] due to org.apache.nifi.controller.exception.CommunicationsException: org.apache.nifi.controller.exception.CommunicationsException: Unable to communicate with Remote NiFi at URI http://localhost:8080/nifi due to: else: Name or service not known
2019-08-16 19:43:06,591 INFO [pool-10-thread-1] o.a.n.c.r.WriteAheadFlowFileRepository Initiating checkpoint of FlowFile Repository
2019-08-16 19:43:06,591 INFO [pool-10-thread-1] o.a.n.c.r.WriteAheadFlowFileRepository Successfully checkpointed FlowFile Repository with 0 records in 0 milliseconds
2019-08-16 19:43:10,461 WARN [Timer-Driven Process Thread-5] o.a.n.r.util.SiteToSiteRestApiClient Failed to get controller from http://localhost:8080/nifi-api due to java.net.UnknownHostException: else: Name or service not known
2019-08-16 19:43:10,462 WARN [Timer-Driven Process Thread-5] o.apache.nifi.controller.FlowController Unable to communicate with remote instance RemoteProcessGroup[http://localhost:8080/nifi] due to org.apache.nifi.controller.exception.CommunicationsException: org.apache.nifi.controller.exception.CommunicationsException: Unable to communicate with Remote NiFi at URI http://localhost:8080/nifi due to: else: Name or service not known
2019-08-16 19:43:14,235 INFO [Write-Ahead Local State Provider Maintenance] org.wali.MinimalLockingWriteAheadLog org.wali.MinimalLockingWriteAheadLog@381ed137 checkpointed with 689 Records and 0 Swap Files in 11 milliseconds (Stop-the-world time = 2 milliseconds, Clear Edit Logs time = 1 millis), max Transaction ID 2066
2019-08-16 19:43:40,469 WARN [Timer-Driven Process Thread-4] o.a.n.r.util.SiteToSiteRestApiClient Failed to get controller from http://localhost:8080/nifi-api due to java.net.UnknownHostException: else: Name or service not known
2019-08-16 19:43:40,469 WARN [Timer-Driven Process Thread-4] o.apache.nifi.controller.FlowController Unable to communicate with remote instance RemoteProcessGroup[http://localhost:8080/nifi] due to org.apache.nifi.controller.exception.CommunicationsException: org.apache.nifi.controller.exception.CommunicationsException: Unable to communicate with Remote NiFi at URI http://localhost:8080/nifi due to: else: Name or service not known
2019-08-16 19:44:40,476 WARN [Timer-Driven Process Thread-1] o.a.n.r.util.SiteToSiteRestApiClient Failed to get controller from http://localhost:8080/nifi-api due to java.net.UnknownHostException: else: Name or service not known
2019-08-16 19:44:40,476 WARN [Timer-Driven Process Thread-1] o.apache.nifi.controller.FlowController Unable to communicate with remote instance RemoteProcessGroup[http://localhost:8080/nifi] due to org.apache.nifi.controller.exception.CommunicationsException: org.apache.nifi.controller.exception.CommunicationsException: Unable to communicate with Remote NiFi at URI http://localhost:8080/nifi due to: else: Name or service not known
2019-08-16 19:45:06,591 INFO [pool-10-thread-1] o.a.n.c.r.WriteAheadFlowFileRepository Initiating checkpoint of FlowFile Repository
2019-08-16 19:45:06,592 INFO [pool-10-thread-1] o.a.n.c.r.WriteAheadFlowFileRepository Successfully checkpointed FlowFile Repository with 0 records in 0 milliseconds
2019-08-16 19:45:10,483 WARN [Timer-Driven Process Thread-3] o.a.n.r.util.SiteToSiteRestApiClient Failed to get controller from http://localhost:8080/nifi-api due to java.net.UnknownHostException: else: Name or service not known
2019-08-16 19:45:10,483 WARN [Timer-Driven Process Thread-3] o.apache.nifi.controller.FlowController Unable to communicate with remote instance RemoteProcessGroup[http://localhost:8080/nifi] due to org.apache.nifi.controller.exception.CommunicationsException: org.apache.nifi.controller.exception.CommunicationsException: Unable to communicate with Remote NiFi at URI http://localhost:8080/nifi due to: else: Name or service not known
2019-08-16 19:45:14,245 INFO [Write-Ahead Local State Provider Maintenance] org.wali.MinimalLockingWriteAheadLog org.wali.MinimalLockingWriteAheadLog@381ed137 checkpointed with 689 Records and 0 Swap Files in 9 milliseconds (Stop-the-world time = 2 milliseconds, Clear Edit Logs time = 0 millis), max Transaction ID 2066
2019-08-16 19:45:40,488 WARN [Timer-Driven Process Thread-9] o.a.n.r.util.SiteToSiteRestApiClient Failed to get controller from http://localhost:8080/nifi-api due to java.net.UnknownHostException: else: Name or service not known
2019-08-16 19:45:40,488 WARN [Timer-Driven Process Thread-9] o.apache.nifi.controller.FlowController Unable to communicate with remote instance RemoteProcessGroup[http://localhost:8080/nifi] due to org.apache.nifi.controller.exception.CommunicationsException: org.apache.nifi.controller.exception.CommunicationsException: Unable to communicate with Remote NiFi at URI http://localhost:8080/nifi due to: else: Name or service not known
2019-08-16 19:46:10,493 WARN [Timer-Driven Process Thread-2] o.a.n.r.util.SiteToSiteRestApiClient Failed to get controller from http://localhost:8080/nifi-api due to java.net.UnknownHostException: else: Name or service not known
2019-08-16 19:46:10,493 WARN [Timer-Driven Process Thread-2] o.apache.nifi.controller.FlowController Unable to communicate with remote instance RemoteProcessGroup[http://localhost:8080/nifi] due to org.apache.nifi.controller.exception.CommunicationsException: org.apache.nifi.controller.exception.CommunicationsException: Unable to communicate with Remote NiFi at URI http://localhost:8080/nifi due to: else: Name or service not known
2019-08-16 19:46:40,498 WARN [Timer-Driven Process Thread-7] o.a.n.r.util.SiteToSiteRestApiClient Failed to get controller from http://localhost:8080/nifi-api due to java.net.UnknownHostException: else: Name or service not known
2019-08-16 19:46:40,498 WARN [Timer-Driven Process Thread-7] o.apache.nifi.controller.FlowController Unable to communicate with remote instance RemoteProcessGroup[http://localhost:8080/nifi] due to org.apache.nifi.controller.exception.CommunicationsException: org.apache.nifi.controller.exception.CommunicationsException: Unable to communicate with Remote NiFi at URI http://localhost:8080/nifi due to: else: Name or service not known
2019-08-16 19:47:06,592 INFO [pool-10-thread-1] o.a.n.c.r.WriteAheadFlowFileRepository Initiating checkpoint of FlowFile Repository
2019-08-16 19:47:06,592 INFO [pool-10-thread-1] o.a.n.c.r.WriteAheadFlowFileRepository Successfully checkpointed FlowFile Repository with 0 records in 0 milliseconds
2019-08-16 19:47:10,505 WARN [Timer-Driven Process Thread-1] o.a.n.r.util.SiteToSiteRestApiClient Failed to get controller from http://localhost:8080/nifi-api due to java.net.UnknownHostException: else: Name or service not known
2019-08-16 19:47:10,506 WARN [Timer-Driven Process Thread-1] o.apache.nifi.controller.FlowController Unable to communicate with remote instance RemoteProcessGroup[http://localhost:8080/nifi] due to org.apache.nifi.controller.exception.CommunicationsException: org.apache.nifi.controller.exception.CommunicationsException: Unable to communicate with Remote NiFi at URI http://localhost:8080/nifi due to: else: Name or service not known
2019-08-16 19:47:14,257 INFO [Write-Ahead Local State Provider Maintenance] org.wali.MinimalLockingWriteAheadLog org.wali.MinimalLockingWriteAheadLog@381ed137 checkpointed with 689 Records and 0 Swap Files in 11 milliseconds (Stop-the-world time = 2 milliseconds, Clear Edit Logs time = 2 millis), max Transaction ID 2066
2019-08-16 19:47:40,510 WARN [Timer-Driven Process Thread-6] o.a.n.r.util.SiteToSiteRestApiClient Failed to get controller from http://localhost:8080/nifi-api due to java.net.UnknownHostException: else: Name or service not known
2019-08-16 19:47:40,510 WARN [Timer-Driven Process Thread-6] o.apache.nifi.controller.FlowController Unable to communicate with remote instance RemoteProcessGroup[http://localhost:8080/nifi] due to org.apache.nifi.controller.exception.CommunicationsException: org.apache.nifi.controller.exception.CommunicationsException: Unable to communicate with Remote NiFi at URI http://localhost:8080/nifi due to: else: Name or service not known
2019-08-16 19:48:10,517 WARN [Timer-Driven Process Thread-5] o.a.n.r.util.SiteToSiteRestApiClient Failed to get controller from http://localhost:8080/nifi-api due to java.net.UnknownHostException: else: Name or service not known
2019-08-16 19:48:10,517 WARN [Timer-Driven Process Thread-5] o.apache.nifi.controller.FlowController Unable to communicate with remote instance RemoteProcessGroup[http://localhost:8080/nifi] due to org.apache.nifi.controller.exception.CommunicationsException: org.apache.nifi.controller.exception.CommunicationsException: Unable to communicate with Remote NiFi at URI http://localhost:8080/nifi due to: else: Name or service not known
2019-08-16 19:48:45,347 WARN [Remote Process Group 9a3648e0-016c-1000-17e7-230c5a5a0e3f Thread-1] o.a.n.r.util.SiteToSiteRestApiClient Failed to get controller from http://localhost:8080/nifi-api due to java.net.UnknownHostException: else: Name or service not known
2019-08-16 19:48:45,348 WARN [Remote Process Group 9a3648e0-016c-1000-17e7-230c5a5a0e3f Thread-1] o.a.n.remote.StandardRemoteProcessGroup Unable to connect to RemoteProcessGroup[http://localhost:8080/nifi] due to java.net.UnknownHostException: else: Name or service not known
2019-08-16 19:49:06,593 INFO [pool-10-thread-1] o.a.n.c.r.WriteAheadFlowFileRepository Initiating checkpoint of FlowFile Repository
2019-08-16 19:49:06,593 INFO [pool-10-thread-1] o.a.n.c.r.WriteAheadFlowFileRepository Successfully checkpointed FlowFile Repository with 0 records in 0 milliseconds
2019-08-16 19:49:14,267 INFO [Write-Ahead Local State Provider Maintenance] org.wali.MinimalLockingWriteAheadLog org.wali.MinimalLockingWriteAheadLog@381ed137 checkpointed with 689 Records and 0 Swap Files in 10 milliseconds (Stop-the-world time = 2 milliseconds, Clear Edit Logs time = 0 millis), max Transaction ID 2066
2019-08-16 19:49:40,522 WARN [Timer-Driven Process Thread-8] o.a.n.r.util.SiteToSiteRestApiClient Failed to get controller from http://localhost:8080/nifi-api due to java.net.UnknownHostException: else: Name or service not known
2019-08-16 19:49:40,523 WARN [Timer-Driven Process Thread-8] o.apache.nifi.controller.FlowController Unable to communicate with remote instance RemoteProcessGroup[http://localhost:8080/nifi] due to org.apache.nifi.controller.exception.CommunicationsException: org.apache.nifi.controller.exception.CommunicationsException: Unable to communicate with Remote NiFi at URI http://localhost:8080/nifi due to: else: Name or service not known
2019-08-16 19:50:10,529 WARN [Timer-Driven Process Thread-3] o.a.n.r.util.SiteToSiteRestApiClient Failed to get controller from http://localhost:8080/nifi-api due to java.net.UnknownHostException: else: Name or service not known
2019-08-16 19:50:10,530 WARN [Timer-Driven Process Thread-3] o.apache.nifi.controller.FlowController Unable to communicate with remote instance RemoteProcessGroup[http://localhost:8080/nifi] due to org.apache.nifi.controller.exception.CommunicationsException: org.apache.nifi.controller.exception.CommunicationsException: Unable to communicate with Remote NiFi at URI http://localhost:8080/nifi due to: else: Name or service not known
2019-08-16 19:50:40,537 WARN [Timer-Driven Process Thread-1] o.a.n.r.util.SiteToSiteRestApiClient Failed to get controller from http://localhost:8080/nifi-api due to java.net.UnknownHostException: else: Name or service not known
2019-08-16 19:50:40,537 WARN [Timer-Driven Process Thread-1] o.apache.nifi.controller.FlowController Unable to communicate with remote instance RemoteProcessGroup[http://localhost:8080/nifi] due to org.apache.nifi.controller.exception.CommunicationsException: org.apache.nifi.controller.exception.CommunicationsException: Unable to communicate with Remote NiFi at URI http://localhost:8080/nifi due to: else: Name or service not known
2019-08-16 19:51:06,593 INFO [pool-10-thread-1] o.a.n.c.r.WriteAheadFlowFileRepository Initiating checkpoint of FlowFile Repository
2019-08-16 19:51:06,594 INFO [pool-10-thread-1] o.a.n.c.r.WriteAheadFlowFileRepository Successfully checkpointed FlowFile Repository with 0 records in 0 milliseconds
2019-08-16 19:51:10,544 WARN [Timer-Driven Process Thread-9] o.a.n.r.util.SiteToSiteRestApiClient Failed to get controller from http://localhost:8080/nifi-api due to java.net.UnknownHostException: else: Name or service not known
2019-08-16 19:51:10,544 WARN [Timer-Driven Process Thread-9] o.apache.nifi.controller.FlowController Unable to communicate with remote instance RemoteProcessGroup[http://localhost:8080/nifi] due to org.apache.nifi.controller.exception.CommunicationsException: org.apache.nifi.controller.exception.CommunicationsException: Unable to communicate with Remote NiFi at URI http://localhost:8080/nifi due to: else: Name or service not known
2019-08-16 19:51:14,281 INFO [Write-Ahead Local State Provider Maintenance] org.wali.MinimalLockingWriteAheadLog org.wali.MinimalLockingWriteAheadLog@381ed137 checkpointed with 689 Records and 0 Swap Files in 12 milliseconds (Stop-the-world time = 2 milliseconds, Clear Edit Logs time = 2 millis), max Transaction ID 2066
2019-08-16 19:51:40,552 WARN [Timer-Driven Process Thread-8] o.a.n.r.util.SiteToSiteRestApiClient Failed to get controller from http://localhost:8080/nifi-api due to java.net.UnknownHostException: else: Name or service not known
2019-08-16 19:51:40,552 WARN [Timer-Driven Process Thread-8] o.apache.nifi.controller.FlowController Unable to communicate with remote instance RemoteProcessGroup[http://localhost:8080/nifi] due to org.apache.nifi.controller.exception.CommunicationsException: org.apache.nifi.controller.exception.CommunicationsException: Unable to communicate with Remote NiFi at URI http://localhost:8080/nifi due to: else: Name or service not known
2019-08-16 19:52:10,559 WARN [Timer-Driven Process Thread-2] o.a.n.r.util.SiteToSiteRestApiClient Failed to get controller from http://localhost:8080/nifi-api due to java.net.UnknownHostException: else: Name or service not known
2019-08-16 19:52:10,559 WARN [Timer-Driven Process Thread-2] o.apache.nifi.controller.FlowController Unable to communicate with remote instance RemoteProcessGroup[http://localhost:8080/nifi] due to org.apache.nifi.controller.exception.CommunicationsException: org.apache.nifi.controller.exception.CommunicationsException: Unable to communicate with Remote NiFi at URI http://localhost:8080/nifi due to: else: Name or service not known
2019-08-16 19:52:45,356 WARN [Remote Process Group 9a3648e0-016c-1000-17e7-230c5a5a0e3f Thread-1] o.a.n.r.util.SiteToSiteRestApiClient Failed to get controller from http://localhost:8080/nifi-api due to java.net.UnknownHostException: else: Name or service not known
2019-08-16 19:52:45,356 WARN [Remote Process Group 9a3648e0-016c-1000-17e7-230c5a5a0e3f Thread-1] o.a.n.remote.StandardRemoteProcessGroup Unable to connect to RemoteProcessGroup[http://localhost:8080/nifi] due to java.net.UnknownHostException: else: Name or service not known
2019-08-16 19:53:06,594 INFO [pool-10-thread-1] o.a.n.c.r.WriteAheadFlowFileRepository Initiating checkpoint of FlowFile Repository
2019-08-16 19:53:06,595 INFO [pool-10-thread-1] o.a.n.c.r.WriteAheadFlowFileRepository Successfully checkpointed FlowFile Repository with 0 records in 0 milliseconds
2019-08-16 19:53:14,288 INFO [Write-Ahead Local State Provider Maintenance] org.wali.MinimalLockingWriteAheadLog org.wali.MinimalLockingWriteAheadLog@381ed137 checkpointed with 689 Records and 0 Swap Files in 6 milliseconds (Stop-the-world time = 0 milliseconds, Clear Edit Logs time = 0 millis), max Transaction ID 2066
2019-08-16 19:53:40,565 WARN [Timer-Driven Process Thread-6] o.a.n.r.util.SiteToSiteRestApiClient Failed to get controller from http://localhost:8080/nifi-api due to java.net.UnknownHostException: else: Name or service not known
2019-08-16 19:53:40,565 WARN [Timer-Driven Process Thread-6] o.apache.nifi.controller.FlowController Unable to communicate with remote instance RemoteProcessGroup[http://localhost:8080/nifi] due to org.apache.nifi.controller.exception.CommunicationsException: org.apache.nifi.controller.exception.CommunicationsException: Unable to communicate with Remote NiFi at URI http://localhost:8080/nifi due to: else: Name or service not known
2019-08-16 19:54:40,573 WARN [Timer-Driven Process Thread-3] o.a.n.r.util.SiteToSiteRestApiClient Failed to get controller from http://localhost:8080/nifi-api due to java.net.UnknownHostException: else: Name or service not known
2019-08-16 19:54:40,573 WARN [Timer-Driven Process Thread-3] o.apache.nifi.controller.FlowController Unable to communicate with remote instance RemoteProcessGroup[http://localhost:8080/nifi] due to org.apache.nifi.controller.exception.CommunicationsException: org.apache.nifi.controller.exception.CommunicationsException: Unable to communicate with Remote NiFi at URI http://localhost:8080/nifi due to: else: Name or service not known
2019-08-16 19:55:06,595 INFO [pool-10-thread-1] o.a.n.c.r.WriteAheadFlowFileRepository Initiating checkpoint of FlowFile Repository
2019-08-16 19:55:06,595 INFO [pool-10-thread-1] o.a.n.c.r.WriteAheadFlowFileRepository Successfully checkpointed FlowFile Repository with 0 records in 0 milliseconds
2019-08-16 19:55:14,296 INFO [Write-Ahead Local State Provider Maintenance] org.wali.MinimalLockingWriteAheadLog org.wali.MinimalLockingWriteAheadLog@381ed137 checkpointed with 689 Records and 0 Swap Files in 7 milliseconds (Stop-the-world time = 1 milliseconds, Clear Edit Logs time = 1 millis), max Transaction ID 2066
2019-08-16 19:55:40,580 WARN [Timer-Driven Process Thread-5] o.a.n.r.util.SiteToSiteRestApiClient Failed to get controller from http://localhost:8080/nifi-api due to java.net.UnknownHostException: else: Name or service not known
2019-08-16 19:55:40,581 WARN [Timer-Driven Process Thread-5] o.apache.nifi.controller.FlowController Unable to communicate with remote instance RemoteProcessGroup[http://localhost:8080/nifi] due to org.apache.nifi.controller.exception.CommunicationsException: org.apache.nifi.controller.exception.CommunicationsException: Unable to communicate with Remote NiFi at URI http://localhost:8080/nifi due to: else: Name or service not known
2019-08-16 19:56:10,585 WARN [Timer-Driven Process Thread-7] o.a.n.r.util.SiteToSiteRestApiClient Failed to get controller from http://localhost:8080/nifi-api due to java.net.UnknownHostException: else: Name or service not known
2019-08-16 19:56:10,590 WARN [Timer-Driven Process Thread-7] o.apache.nifi.controller.FlowController Unable to communicate with remote instance RemoteProcessGroup[http://localhost:8080/nifi] due to org.apache.nifi.controller.exception.CommunicationsException: org.apache.nifi.controller.exception.CommunicationsException: Unable to communicate with Remote NiFi at URI http://localhost:8080/nifi due to: else: Name or service not known
2019-08-16 19:56:40,594 WARN [Timer-Driven Process Thread-8] o.a.n.r.util.SiteToSiteRestApiClient Failed to get controller from http://localhost:8080/nifi-api due to java.net.UnknownHostException: else: Name or service not known
2019-08-16 19:56:40,594 WARN [Timer-Driven Process Thread-8] o.apache.nifi.controller.FlowController Unable to communicate with remote instance RemoteProcessGroup[http://localhost:8080/nifi] due to org.apache.nifi.controller.exception.CommunicationsException: org.apache.nifi.controller.exception.CommunicationsException: Unable to communicate with Remote NiFi at URI http://localhost:8080/nifi due to: else: Name or service not known
2019-08-16 19:57:06,595 INFO [pool-10-thread-1] o.a.n.c.r.WriteAheadFlowFileRepository Initiating checkpoint of FlowFile Repository
2019-08-16 19:57:06,596 INFO [pool-10-thread-1] o.a.n.c.r.WriteAheadFlowFileRepository Successfully checkpointed FlowFile Repository with 0 records in 0 milliseconds
2019-08-16 19:57:10,602 WARN [Timer-Driven Process Thread-3] o.a.n.r.util.SiteToSiteRestApiClient Failed to get controller from http://localhost:8080/nifi-api due to java.net.UnknownHostException: else: Name or service not known
2019-08-16 19:57:10,602 WARN [Timer-Driven Process Thread-3] o.apache.nifi.controller.FlowController Unable to communicate with remote instance RemoteProcessGroup[http://localhost:8080/nifi] due to org.apache.nifi.controller.exception.CommunicationsException: org.apache.nifi.controller.exception.CommunicationsException: Unable to communicate with Remote NiFi at URI http://localhost:8080/nifi due to: else: Name or service not known
2019-08-16 19:57:14,307 INFO [Write-Ahead Local State Provider Maintenance] org.wali.MinimalLockingWriteAheadLog org.wali.MinimalLockingWriteAheadLog@381ed137 checkpointed with 689 Records and 0 Swap Files in 11 milliseconds (Stop-the-world time = 2 milliseconds, Clear Edit Logs time = 1 millis), max Transaction ID 2066
2019-08-16 19:57:40,610 WARN [Timer-Driven Process Thread-1] o.a.n.r.util.SiteToSiteRestApiClient Failed to get controller from http://localhost:8080/nifi-api due to java.net.UnknownHostException: else: Name or service not known
2019-08-16 19:57:40,610 WARN [Timer-Driven Process Thread-1] o.apache.nifi.controller.FlowController Unable to communicate with remote instance RemoteProcessGroup[http://localhost:8080/nifi] due to org.apache.nifi.controller.exception.CommunicationsException: org.apache.nifi.controller.exception.CommunicationsException: Unable to communicate with Remote NiFi at URI http://localhost:8080/nifi due to: else: Name or service not known
2019-08-16 19:58:40,623 WARN [Timer-Driven Process Thread-6] o.a.n.r.util.SiteToSiteRestApiClient Failed to get controller from http://localhost:8080/nifi-api due to java.net.UnknownHostException: else: Name or service not known
2019-08-16 19:58:40,624 WARN [Timer-Driven Process Thread-6] o.apache.nifi.controller.FlowController Unable to communicate with remote instance RemoteProcessGroup[http://localhost:8080/nifi] due to org.apache.nifi.controller.exception.CommunicationsException: org.apache.nifi.controller.exception.CommunicationsException: Unable to communicate with Remote NiFi at URI http://localhost:8080/nifi due to: else: Name or service not known
2019-08-16 19:59:06,596 INFO [pool-10-thread-1] o.a.n.c.r.WriteAheadFlowFileRepository Initiating checkpoint of FlowFile Repository
2019-08-16 19:59:06,596 INFO [pool-10-thread-1] o.a.n.c.r.WriteAheadFlowFileRepository Successfully checkpointed FlowFile Repository with 0 records in 0 milliseconds
2019-08-16 19:59:10,630 WARN [Timer-Driven Process Thread-2] o.a.n.r.util.SiteToSiteRestApiClient Failed to get controller from http://localhost:8080/nifi-api due to java.net.UnknownHostException: else: Name or service not known
2019-08-16 19:59:10,631 WARN [Timer-Driven Process Thread-2] o.apache.nifi.controller.FlowController Unable to communicate with remote instance RemoteProcessGroup[http://localhost:8080/nifi] due to org.apache.nifi.controller.exception.CommunicationsException: org.apache.nifi.controller.exception.CommunicationsException: Unable to communicate with Remote NiFi at URI http://localhost:8080/nifi due to: else: Name or service not known
2019-08-16 19:59:14,318 INFO [Write-Ahead Local State Provider Maintenance] org.wali.MinimalLockingWriteAheadLog org.wali.MinimalLockingWriteAheadLog@381ed137 checkpointed with 689 Records and 0 Swap Files in 10 milliseconds (Stop-the-world time = 2 milliseconds, Clear Edit Logs time = 1 millis), max Transaction ID 2066
2019-08-16 19:59:40,635 WARN [Timer-Driven Process Thread-9] o.a.n.r.util.SiteToSiteRestApiClient Failed to get controller from http://localhost:8080/nifi-api due to java.net.UnknownHostException: else: Name or service not known
2019-08-16 19:59:40,635 WARN [Timer-Driven Process Thread-9] o.apache.nifi.controller.FlowController Unable to communicate with remote instance RemoteProcessGroup[http://localhost:8080/nifi] due to org.apache.nifi.controller.exception.CommunicationsException: org.apache.nifi.controller.exception.CommunicationsException: Unable to communicate with Remote NiFi at URI http://localhost:8080/nifi due to: else: Name or service not known
