2019-08-16 15:00:37,436 WARN [Timer-Driven Process Thread-10] o.a.n.r.util.SiteToSiteRestApiClient Failed to get controller from http://localhost:8080/nifi-api due to java.net.UnknownHostException: else: Name or service not known
2019-08-16 15:00:37,438 WARN [Timer-Driven Process Thread-10] o.apache.nifi.controller.FlowController Unable to communicate with remote instance RemoteProcessGroup[http://localhost:8080/nifi] due to org.apache.nifi.controller.exception.CommunicationsException: org.apache.nifi.controller.exception.CommunicationsException: Unable to communicate with Remote NiFi at URI http://localhost:8080/nifi due to: else: Name or service not known
2019-08-16 15:01:06,502 INFO [pool-10-thread-1] o.a.n.c.r.WriteAheadFlowFileRepository Initiating checkpoint of FlowFile Repository
2019-08-16 15:01:06,503 INFO [pool-10-thread-1] o.a.n.c.r.WriteAheadFlowFileRepository Successfully checkpointed FlowFile Repository with 0 records in 0 milliseconds
2019-08-16 15:01:07,443 WARN [Timer-Driven Process Thread-1] o.a.n.r.util.SiteToSiteRestApiClient Failed to get controller from http://localhost:8080/nifi-api due to java.net.UnknownHostException: else: Name or service not known
2019-08-16 15:01:07,443 WARN [Timer-Driven Process Thread-1] o.apache.nifi.controller.FlowController Unable to communicate with remote instance RemoteProcessGroup[http://localhost:8080/nifi] due to org.apache.nifi.controller.exception.CommunicationsException: org.apache.nifi.controller.exception.CommunicationsException: Unable to communicate with Remote NiFi at URI http://localhost:8080/nifi due to: else: Name or service not known
2019-08-16 15:01:12,817 INFO [Write-Ahead Local State Provider Maintenance] org.wali.MinimalLockingWriteAheadLog org.wali.MinimalLockingWriteAheadLog@381ed137 checkpointed with 689 Records and 0 Swap Files in 8 milliseconds (Stop-the-world time = 3 milliseconds, Clear Edit Logs time = 0 millis), max Transaction ID 2066
2019-08-16 15:01:37,450 WARN [Timer-Driven Process Thread-8] o.a.n.r.util.SiteToSiteRestApiClient Failed to get controller from http://localhost:8080/nifi-api due to java.net.UnknownHostException: else: Name or service not known
2019-08-16 15:01:37,451 WARN [Timer-Driven Process Thread-8] o.apache.nifi.controller.FlowController Unable to communicate with remote instance RemoteProcessGroup[http://localhost:8080/nifi] due to org.apache.nifi.controller.exception.CommunicationsException: org.apache.nifi.controller.exception.CommunicationsException: Unable to communicate with Remote NiFi at URI http://localhost:8080/nifi due to: else: Name or service not known
2019-08-16 15:02:07,456 WARN [Timer-Driven Process Thread-8] o.a.n.r.util.SiteToSiteRestApiClient Failed to get controller from http://localhost:8080/nifi-api due to java.net.UnknownHostException: else: Name or service not known
2019-08-16 15:02:07,457 WARN [Timer-Driven Process Thread-8] o.apache.nifi.controller.FlowController Unable to communicate with remote instance RemoteProcessGroup[http://localhost:8080/nifi] due to org.apache.nifi.controller.exception.CommunicationsException: org.apache.nifi.controller.exception.CommunicationsException: Unable to communicate with Remote NiFi at URI http://localhost:8080/nifi due to: else: Name or service not known
2019-08-16 15:02:37,463 WARN [Timer-Driven Process Thread-8] o.a.n.r.util.SiteToSiteRestApiClient Failed to get controller from http://localhost:8080/nifi-api due to java.net.UnknownHostException: else: Name or service not known
2019-08-16 15:02:37,464 WARN [Timer-Driven Process Thread-8] o.apache.nifi.controller.FlowController Unable to communicate with remote instance RemoteProcessGroup[http://localhost:8080/nifi] due to org.apache.nifi.controller.exception.CommunicationsException: org.apache.nifi.controller.exception.CommunicationsException: Unable to communicate with Remote NiFi at URI http://localhost:8080/nifi due to: else: Name or service not known
2019-08-16 15:03:06,503 INFO [pool-10-thread-1] o.a.n.c.r.WriteAheadFlowFileRepository Initiating checkpoint of FlowFile Repository
2019-08-16 15:03:06,504 INFO [pool-10-thread-1] o.a.n.c.r.WriteAheadFlowFileRepository Successfully checkpointed FlowFile Repository with 0 records in 0 milliseconds
2019-08-16 15:03:07,471 WARN [Timer-Driven Process Thread-2] o.a.n.r.util.SiteToSiteRestApiClient Failed to get controller from http://localhost:8080/nifi-api due to java.net.UnknownHostException: else: Name or service not known
2019-08-16 15:03:07,472 WARN [Timer-Driven Process Thread-2] o.apache.nifi.controller.FlowController Unable to communicate with remote instance RemoteProcessGroup[http://localhost:8080/nifi] due to org.apache.nifi.controller.exception.CommunicationsException: org.apache.nifi.controller.exception.CommunicationsException: Unable to communicate with Remote NiFi at URI http://localhost:8080/nifi due to: else: Name or service not known
2019-08-16 15:03:12,827 INFO [Write-Ahead Local State Provider Maintenance] org.wali.MinimalLockingWriteAheadLog org.wali.MinimalLockingWriteAheadLog@381ed137 checkpointed with 689 Records and 0 Swap Files in 9 milliseconds (Stop-the-world time = 3 milliseconds, Clear Edit Logs time = 0 millis), max Transaction ID 2066
2019-08-16 15:03:37,479 WARN [Timer-Driven Process Thread-3] o.a.n.r.util.SiteToSiteRestApiClient Failed to get controller from http://localhost:8080/nifi-api due to java.net.UnknownHostException: else: Name or service not known
2019-08-16 15:03:37,480 WARN [Timer-Driven Process Thread-3] o.apache.nifi.controller.FlowController Unable to communicate with remote instance RemoteProcessGroup[http://localhost:8080/nifi] due to org.apache.nifi.controller.exception.CommunicationsException: org.apache.nifi.controller.exception.CommunicationsException: Unable to communicate with Remote NiFi at URI http://localhost:8080/nifi due to: else: Name or service not known
2019-08-16 15:04:07,487 WARN [Timer-Driven Process Thread-4] o.a.n.r.util.SiteToSiteRestApiClient Failed to get controller from http://localhost:8080/nifi-api due to java.net.UnknownHostException: else: Name or service not known
2019-08-16 15:04:07,487 WARN [Timer-Driven Process Thread-4] o.apache.nifi.controller.FlowController Unable to communicate with remote instance RemoteProcessGroup[http://localhost:8080/nifi] due to org.apache.nifi.controller.exception.CommunicationsException: org.apache.nifi.controller.exception.CommunicationsException: Unable to communicate with Remote NiFi at URI http://localhost:8080/nifi due to: else: Name or service not known
2019-08-16 15:04:37,495 WARN [Timer-Driven Process Thread-8] o.a.n.r.util.SiteToSiteRestApiClient Failed to get controller from http://localhost:8080/nifi-api due to java.net.UnknownHostException: else: Name or service not known
2019-08-16 15:04:37,496 WARN [Timer-Driven Process Thread-8] o.apache.nifi.controller.FlowController Unable to communicate with remote instance RemoteProcessGroup[http://localhost:8080/nifi] due to org.apache.nifi.controller.exception.CommunicationsException: org.apache.nifi.controller.exception.CommunicationsException: Unable to communicate with Remote NiFi at URI http://localhost:8080/nifi due to: else: Name or service not known
2019-08-16 15:05:06,504 INFO [pool-10-thread-1] o.a.n.c.r.WriteAheadFlowFileRepository Initiating checkpoint of FlowFile Repository
2019-08-16 15:05:06,504 INFO [pool-10-thread-1] o.a.n.c.r.WriteAheadFlowFileRepository Successfully checkpointed FlowFile Repository with 0 records in 0 milliseconds
2019-08-16 15:05:07,501 WARN [Timer-Driven Process Thread-7] o.a.n.r.util.SiteToSiteRestApiClient Failed to get controller from http://localhost:8080/nifi-api due to java.net.UnknownHostException: else: Name or service not known
2019-08-16 15:05:07,501 WARN [Timer-Driven Process Thread-7] o.apache.nifi.controller.FlowController Unable to communicate with remote instance RemoteProcessGroup[http://localhost:8080/nifi] due to org.apache.nifi.controller.exception.CommunicationsException: org.apache.nifi.controller.exception.CommunicationsException: Unable to communicate with Remote NiFi at URI http://localhost:8080/nifi due to: else: Name or service not known
2019-08-16 15:05:12,837 INFO [Write-Ahead Local State Provider Maintenance] org.wali.MinimalLockingWriteAheadLog org.wali.MinimalLockingWriteAheadLog@381ed137 checkpointed with 689 Records and 0 Swap Files in 9 milliseconds (Stop-the-world time = 2 milliseconds, Clear Edit Logs time = 0 millis), max Transaction ID 2066
2019-08-16 15:05:37,508 WARN [Timer-Driven Process Thread-2] o.a.n.r.util.SiteToSiteRestApiClient Failed to get controller from http://localhost:8080/nifi-api due to java.net.UnknownHostException: else: Name or service not known
2019-08-16 15:05:37,508 WARN [Timer-Driven Process Thread-2] o.apache.nifi.controller.FlowController Unable to communicate with remote instance RemoteProcessGroup[http://localhost:8080/nifi] due to org.apache.nifi.controller.exception.CommunicationsException: org.apache.nifi.controller.exception.CommunicationsException: Unable to communicate with Remote NiFi at URI http://localhost:8080/nifi due to: else: Name or service not known
2019-08-16 15:06:07,516 WARN [Timer-Driven Process Thread-10] o.a.n.r.util.SiteToSiteRestApiClient Failed to get controller from http://localhost:8080/nifi-api due to java.net.UnknownHostException: else: Name or service not known
2019-08-16 15:06:07,516 WARN [Timer-Driven Process Thread-10] o.apache.nifi.controller.FlowController Unable to communicate with remote instance RemoteProcessGroup[http://localhost:8080/nifi] due to org.apache.nifi.controller.exception.CommunicationsException: org.apache.nifi.controller.exception.CommunicationsException: Unable to communicate with Remote NiFi at URI http://localhost:8080/nifi due to: else: Name or service not known
2019-08-16 15:06:37,523 WARN [Timer-Driven Process Thread-4] o.a.n.r.util.SiteToSiteRestApiClient Failed to get controller from http://localhost:8080/nifi-api due to java.net.UnknownHostException: else: Name or service not known
2019-08-16 15:06:37,523 WARN [Timer-Driven Process Thread-4] o.apache.nifi.controller.FlowController Unable to communicate with remote instance RemoteProcessGroup[http://localhost:8080/nifi] due to org.apache.nifi.controller.exception.CommunicationsException: org.apache.nifi.controller.exception.CommunicationsException: Unable to communicate with Remote NiFi at URI http://localhost:8080/nifi due to: else: Name or service not known
2019-08-16 15:07:06,504 INFO [pool-10-thread-1] o.a.n.c.r.WriteAheadFlowFileRepository Initiating checkpoint of FlowFile Repository
2019-08-16 15:07:06,505 INFO [pool-10-thread-1] o.a.n.c.r.WriteAheadFlowFileRepository Successfully checkpointed FlowFile Repository with 0 records in 0 milliseconds
2019-08-16 15:07:07,530 WARN [Timer-Driven Process Thread-2] o.a.n.r.util.SiteToSiteRestApiClient Failed to get controller from http://localhost:8080/nifi-api due to java.net.UnknownHostException: else: Name or service not known
2019-08-16 15:07:07,531 WARN [Timer-Driven Process Thread-2] o.apache.nifi.controller.FlowController Unable to communicate with remote instance RemoteProcessGroup[http://localhost:8080/nifi] due to org.apache.nifi.controller.exception.CommunicationsException: org.apache.nifi.controller.exception.CommunicationsException: Unable to communicate with Remote NiFi at URI http://localhost:8080/nifi due to: else: Name or service not known
2019-08-16 15:07:12,848 INFO [Write-Ahead Local State Provider Maintenance] org.wali.MinimalLockingWriteAheadLog org.wali.MinimalLockingWriteAheadLog@381ed137 checkpointed with 689 Records and 0 Swap Files in 10 milliseconds (Stop-the-world time = 4 milliseconds, Clear Edit Logs time = 1 millis), max Transaction ID 2066
2019-08-16 15:07:37,537 WARN [Timer-Driven Process Thread-2] o.a.n.r.util.SiteToSiteRestApiClient Failed to get controller from http://localhost:8080/nifi-api due to java.net.UnknownHostException: else: Name or service not known
2019-08-16 15:07:37,538 WARN [Timer-Driven Process Thread-2] o.apache.nifi.controller.FlowController Unable to communicate with remote instance RemoteProcessGroup[http://localhost:8080/nifi] due to org.apache.nifi.controller.exception.CommunicationsException: org.apache.nifi.controller.exception.CommunicationsException: Unable to communicate with Remote NiFi at URI http://localhost:8080/nifi due to: else: Name or service not known
2019-08-16 15:08:07,543 WARN [Timer-Driven Process Thread-5] o.a.n.r.util.SiteToSiteRestApiClient Failed to get controller from http://localhost:8080/nifi-api due to java.net.UnknownHostException: else: Name or service not known
2019-08-16 15:08:07,543 WARN [Timer-Driven Process Thread-5] o.apache.nifi.controller.FlowController Unable to communicate with remote instance RemoteProcessGroup[http://localhost:8080/nifi] due to org.apache.nifi.controller.exception.CommunicationsException: org.apache.nifi.controller.exception.CommunicationsException: Unable to communicate with Remote NiFi at URI http://localhost:8080/nifi due to: else: Name or service not known
2019-08-16 15:08:44,984 WARN [Remote Process Group 9a3648e0-016c-1000-17e7-230c5a5a0e3f Thread-1] o.a.n.r.util.SiteToSiteRestApiClient Failed to get controller from http://localhost:8080/nifi-api due to java.net.UnknownHostException: else: Name or service not known
2019-08-16 15:08:44,985 WARN [Remote Process Group 9a3648e0-016c-1000-17e7-230c5a5a0e3f Thread-1] o.a.n.remote.StandardRemoteProcessGroup Unable to connect to RemoteProcessGroup[http://localhost:8080/nifi] due to java.net.UnknownHostException: else: Name or service not known
2019-08-16 15:09:06,505 INFO [pool-10-thread-1] o.a.n.c.r.WriteAheadFlowFileRepository Initiating checkpoint of FlowFile Repository
2019-08-16 15:09:06,505 INFO [pool-10-thread-1] o.a.n.c.r.WriteAheadFlowFileRepository Successfully checkpointed FlowFile Repository with 0 records in 0 milliseconds
2019-08-16 15:09:12,859 INFO [Write-Ahead Local State Provider Maintenance] org.wali.MinimalLockingWriteAheadLog org.wali.MinimalLockingWriteAheadLog@381ed137 checkpointed with 689 Records and 0 Swap Files in 10 milliseconds (Stop-the-world time = 2 milliseconds, Clear Edit Logs time = 1 millis), max Transaction ID 2066
2019-08-16 15:09:37,550 WARN [Timer-Driven Process Thread-10] o.a.n.r.util.SiteToSiteRestApiClient Failed to get controller from http://localhost:8080/nifi-api due to java.net.UnknownHostException: else: Name or service not known
2019-08-16 15:09:37,551 WARN [Timer-Driven Process Thread-10] o.apache.nifi.controller.FlowController Unable to communicate with remote instance RemoteProcessGroup[http://localhost:8080/nifi] due to org.apache.nifi.controller.exception.CommunicationsException: org.apache.nifi.controller.exception.CommunicationsException: Unable to communicate with Remote NiFi at URI http://localhost:8080/nifi due to: else: Name or service not known
2019-08-16 15:10:07,556 WARN [Timer-Driven Process Thread-2] o.a.n.r.util.SiteToSiteRestApiClient Failed to get controller from http://localhost:8080/nifi-api due to java.net.UnknownHostException: else: Name or service not known
2019-08-16 15:10:07,556 WARN [Timer-Driven Process Thread-2] o.apache.nifi.controller.FlowController Unable to communicate with remote instance RemoteProcessGroup[http://localhost:8080/nifi] due to org.apache.nifi.controller.exception.CommunicationsException: org.apache.nifi.controller.exception.CommunicationsException: Unable to communicate with Remote NiFi at URI http://localhost:8080/nifi due to: else: Name or service not known
2019-08-16 15:10:37,561 WARN [Timer-Driven Process Thread-3] o.a.n.r.util.SiteToSiteRestApiClient Failed to get controller from http://localhost:8080/nifi-api due to java.net.UnknownHostException: else: Name or service not known
2019-08-16 15:10:37,562 WARN [Timer-Driven Process Thread-3] o.apache.nifi.controller.FlowController Unable to communicate with remote instance RemoteProcessGroup[http://localhost:8080/nifi] due to org.apache.nifi.controller.exception.CommunicationsException: org.apache.nifi.controller.exception.CommunicationsException: Unable to communicate with Remote NiFi at URI http://localhost:8080/nifi due to: else: Name or service not known
2019-08-16 15:11:06,505 INFO [pool-10-thread-1] o.a.n.c.r.WriteAheadFlowFileRepository Initiating checkpoint of FlowFile Repository
2019-08-16 15:11:06,506 INFO [pool-10-thread-1] o.a.n.c.r.WriteAheadFlowFileRepository Successfully checkpointed FlowFile Repository with 0 records in 0 milliseconds
2019-08-16 15:11:07,567 WARN [Timer-Driven Process Thread-4] o.a.n.r.util.SiteToSiteRestApiClient Failed to get controller from http://localhost:8080/nifi-api due to java.net.UnknownHostException: else: Name or service not known
2019-08-16 15:11:07,567 WARN [Timer-Driven Process Thread-4] o.apache.nifi.controller.FlowController Unable to communicate with remote instance RemoteProcessGroup[http://localhost:8080/nifi] due to org.apache.nifi.controller.exception.CommunicationsException: org.apache.nifi.controller.exception.CommunicationsException: Unable to communicate with Remote NiFi at URI http://localhost:8080/nifi due to: else: Name or service not known
2019-08-16 15:11:12,867 INFO [Write-Ahead Local State Provider Maintenance] org.wali.MinimalLockingWriteAheadLog org.wali.MinimalLockingWriteAheadLog@381ed137 checkpointed with 689 Records and 0 Swap Files in 8 milliseconds (Stop-the-world time = 3 milliseconds, Clear Edit Logs time = 0 millis), max Transaction ID 2066
2019-08-16 15:11:37,573 WARN [Timer-Driven Process Thread-10] o.a.n.r.util.SiteToSiteRestApiClient Failed to get controller from http://localhost:8080/nifi-api due to java.net.UnknownHostException: else: Name or service not known
2019-08-16 15:11:37,573 WARN [Timer-Driven Process Thread-10] o.apache.nifi.controller.FlowController Unable to communicate with remote instance RemoteProcessGroup[http://localhost:8080/nifi] due to org.apache.nifi.controller.exception.CommunicationsException: org.apache.nifi.controller.exception.CommunicationsException: Unable to communicate with Remote NiFi at URI http://localhost:8080/nifi due to: else: Name or service not known
2019-08-16 15:12:07,578 WARN [Timer-Driven Process Thread-9] o.a.n.r.util.SiteToSiteRestApiClient Failed to get controller from http://localhost:8080/nifi-api due to java.net.UnknownHostException: else: Name or service not known
2019-08-16 15:12:07,578 WARN [Timer-Driven Process Thread-9] o.apache.nifi.controller.FlowController Unable to communicate with remote instance RemoteProcessGroup[http://localhost:8080/nifi] due to org.apache.nifi.controller.exception.CommunicationsException: org.apache.nifi.controller.exception.CommunicationsException: Unable to communicate with Remote NiFi at URI http://localhost:8080/nifi due to: else: Name or service not known
2019-08-16 15:12:37,584 WARN [Timer-Driven Process Thread-4] o.a.n.r.util.SiteToSiteRestApiClient Failed to get controller from http://localhost:8080/nifi-api due to java.net.UnknownHostException: else: Name or service not known
2019-08-16 15:12:37,584 WARN [Timer-Driven Process Thread-4] o.apache.nifi.controller.FlowController Unable to communicate with remote instance RemoteProcessGroup[http://localhost:8080/nifi] due to org.apache.nifi.controller.exception.CommunicationsException: org.apache.nifi.controller.exception.CommunicationsException: Unable to communicate with Remote NiFi at URI http://localhost:8080/nifi due to: else: Name or service not known
2019-08-16 15:13:06,506 INFO [pool-10-thread-1] o.a.n.c.r.WriteAheadFlowFileRepository Initiating checkpoint of FlowFile Repository
2019-08-16 15:13:06,506 INFO [pool-10-thread-1] o.a.n.c.r.WriteAheadFlowFileRepository Successfully checkpointed FlowFile Repository with 0 records in 0 milliseconds
2019-08-16 15:13:12,879 INFO [Write-Ahead Local State Provider Maintenance] org.wali.MinimalLockingWriteAheadLog org.wali.MinimalLockingWriteAheadLog@381ed137 checkpointed with 689 Records and 0 Swap Files in 11 milliseconds (Stop-the-world time = 2 milliseconds, Clear Edit Logs time = 1 millis), max Transaction ID 2066
2019-08-16 15:13:37,590 WARN [Timer-Driven Process Thread-6] o.a.n.r.util.SiteToSiteRestApiClient Failed to get controller from http://localhost:8080/nifi-api due to java.net.UnknownHostException: else: Name or service not known
2019-08-16 15:13:37,590 WARN [Timer-Driven Process Thread-6] o.apache.nifi.controller.FlowController Unable to communicate with remote instance RemoteProcessGroup[http://localhost:8080/nifi] due to org.apache.nifi.controller.exception.CommunicationsException: org.apache.nifi.controller.exception.CommunicationsException: Unable to communicate with Remote NiFi at URI http://localhost:8080/nifi due to: else: Name or service not known
2019-08-16 15:14:07,596 WARN [Timer-Driven Process Thread-9] o.a.n.r.util.SiteToSiteRestApiClient Failed to get controller from http://localhost:8080/nifi-api due to java.net.UnknownHostException: else: Name or service not known
2019-08-16 15:14:07,596 WARN [Timer-Driven Process Thread-9] o.apache.nifi.controller.FlowController Unable to communicate with remote instance RemoteProcessGroup[http://localhost:8080/nifi] due to org.apache.nifi.controller.exception.CommunicationsException: org.apache.nifi.controller.exception.CommunicationsException: Unable to communicate with Remote NiFi at URI http://localhost:8080/nifi due to: else: Name or service not known
2019-08-16 15:14:37,602 WARN [Timer-Driven Process Thread-5] o.a.n.r.util.SiteToSiteRestApiClient Failed to get controller from http://localhost:8080/nifi-api due to java.net.UnknownHostException: else: Name or service not known
2019-08-16 15:14:37,603 WARN [Timer-Driven Process Thread-5] o.apache.nifi.controller.FlowController Unable to communicate with remote instance RemoteProcessGroup[http://localhost:8080/nifi] due to org.apache.nifi.controller.exception.CommunicationsException: org.apache.nifi.controller.exception.CommunicationsException: Unable to communicate with Remote NiFi at URI http://localhost:8080/nifi due to: else: Name or service not known
2019-08-16 15:15:06,507 INFO [pool-10-thread-1] o.a.n.c.r.WriteAheadFlowFileRepository Initiating checkpoint of FlowFile Repository
2019-08-16 15:15:06,507 INFO [pool-10-thread-1] o.a.n.c.r.WriteAheadFlowFileRepository Successfully checkpointed FlowFile Repository with 0 records in 0 milliseconds
2019-08-16 15:15:07,608 WARN [Timer-Driven Process Thread-6] o.a.n.r.util.SiteToSiteRestApiClient Failed to get controller from http://localhost:8080/nifi-api due to java.net.UnknownHostException: else: Name or service not known
2019-08-16 15:15:07,609 WARN [Timer-Driven Process Thread-6] o.apache.nifi.controller.FlowController Unable to communicate with remote instance RemoteProcessGroup[http://localhost:8080/nifi] due to org.apache.nifi.controller.exception.CommunicationsException: org.apache.nifi.controller.exception.CommunicationsException: Unable to communicate with Remote NiFi at URI http://localhost:8080/nifi due to: else: Name or service not known
2019-08-16 15:15:12,888 INFO [Write-Ahead Local State Provider Maintenance] org.wali.MinimalLockingWriteAheadLog org.wali.MinimalLockingWriteAheadLog@381ed137 checkpointed with 689 Records and 0 Swap Files in 8 milliseconds (Stop-the-world time = 3 milliseconds, Clear Edit Logs time = 0 millis), max Transaction ID 2066
2019-08-16 15:15:37,615 WARN [Timer-Driven Process Thread-1] o.a.n.r.util.SiteToSiteRestApiClient Failed to get controller from http://localhost:8080/nifi-api due to java.net.UnknownHostException: else: Name or service not known
2019-08-16 15:15:37,615 WARN [Timer-Driven Process Thread-1] o.apache.nifi.controller.FlowController Unable to communicate with remote instance RemoteProcessGroup[http://localhost:8080/nifi] due to org.apache.nifi.controller.exception.CommunicationsException: org.apache.nifi.controller.exception.CommunicationsException: Unable to communicate with Remote NiFi at URI http://localhost:8080/nifi due to: else: Name or service not known
2019-08-16 15:16:07,620 WARN [Timer-Driven Process Thread-8] o.a.n.r.util.SiteToSiteRestApiClient Failed to get controller from http://localhost:8080/nifi-api due to java.net.UnknownHostException: else: Name or service not known
2019-08-16 15:16:07,620 WARN [Timer-Driven Process Thread-8] o.apache.nifi.controller.FlowController Unable to communicate with remote instance RemoteProcessGroup[http://localhost:8080/nifi] due to org.apache.nifi.controller.exception.CommunicationsException: org.apache.nifi.controller.exception.CommunicationsException: Unable to communicate with Remote NiFi at URI http://localhost:8080/nifi due to: else: Name or service not known
2019-08-16 15:16:37,627 WARN [Timer-Driven Process Thread-2] o.a.n.r.util.SiteToSiteRestApiClient Failed to get controller from http://localhost:8080/nifi-api due to java.net.UnknownHostException: else: Name or service not known
2019-08-16 15:16:37,627 WARN [Timer-Driven Process Thread-2] o.apache.nifi.controller.FlowController Unable to communicate with remote instance RemoteProcessGroup[http://localhost:8080/nifi] due to org.apache.nifi.controller.exception.CommunicationsException: org.apache.nifi.controller.exception.CommunicationsException: Unable to communicate with Remote NiFi at URI http://localhost:8080/nifi due to: else: Name or service not known
2019-08-16 15:17:06,507 INFO [pool-10-thread-1] o.a.n.c.r.WriteAheadFlowFileRepository Initiating checkpoint of FlowFile Repository
2019-08-16 15:17:06,507 INFO [pool-10-thread-1] o.a.n.c.r.WriteAheadFlowFileRepository Successfully checkpointed FlowFile Repository with 0 records in 0 milliseconds
2019-08-16 15:17:12,897 INFO [Write-Ahead Local State Provider Maintenance] org.wali.MinimalLockingWriteAheadLog org.wali.MinimalLockingWriteAheadLog@381ed137 checkpointed with 689 Records and 0 Swap Files in 9 milliseconds (Stop-the-world time = 1 milliseconds, Clear Edit Logs time = 1 millis), max Transaction ID 2066
2019-08-16 15:17:37,634 WARN [Timer-Driven Process Thread-9] o.a.n.r.util.SiteToSiteRestApiClient Failed to get controller from http://localhost:8080/nifi-api due to java.net.UnknownHostException: else: Name or service not known
2019-08-16 15:17:37,635 WARN [Timer-Driven Process Thread-9] o.apache.nifi.controller.FlowController Unable to communicate with remote instance RemoteProcessGroup[http://localhost:8080/nifi] due to org.apache.nifi.controller.exception.CommunicationsException: org.apache.nifi.controller.exception.CommunicationsException: Unable to communicate with Remote NiFi at URI http://localhost:8080/nifi due to: else: Name or service not known
2019-08-16 15:18:07,639 WARN [Timer-Driven Process Thread-3] o.a.n.r.util.SiteToSiteRestApiClient Failed to get controller from http://localhost:8080/nifi-api due to java.net.UnknownHostException: else: Name or service not known
2019-08-16 15:18:07,639 WARN [Timer-Driven Process Thread-3] o.apache.nifi.controller.FlowController Unable to communicate with remote instance RemoteProcessGroup[http://localhost:8080/nifi] due to org.apache.nifi.controller.exception.CommunicationsException: org.apache.nifi.controller.exception.CommunicationsException: Unable to communicate with Remote NiFi at URI http://localhost:8080/nifi due to: else: Name or service not known
2019-08-16 15:18:44,994 WARN [Remote Process Group 9a3648e0-016c-1000-17e7-230c5a5a0e3f Thread-1] o.a.n.r.util.SiteToSiteRestApiClient Failed to get controller from http://localhost:8080/nifi-api due to java.net.UnknownHostException: else: Name or service not known
2019-08-16 15:18:44,995 WARN [Remote Process Group 9a3648e0-016c-1000-17e7-230c5a5a0e3f Thread-1] o.a.n.remote.StandardRemoteProcessGroup Unable to connect to RemoteProcessGroup[http://localhost:8080/nifi] due to java.net.UnknownHostException: else: Name or service not known
2019-08-16 15:19:06,507 INFO [pool-10-thread-1] o.a.n.c.r.WriteAheadFlowFileRepository Initiating checkpoint of FlowFile Repository
2019-08-16 15:19:06,508 INFO [pool-10-thread-1] o.a.n.c.r.WriteAheadFlowFileRepository Successfully checkpointed FlowFile Repository with 0 records in 0 milliseconds
2019-08-16 15:19:12,912 INFO [Write-Ahead Local State Provider Maintenance] org.wali.MinimalLockingWriteAheadLog org.wali.MinimalLockingWriteAheadLog@381ed137 checkpointed with 689 Records and 0 Swap Files in 14 milliseconds (Stop-the-world time = 2 milliseconds, Clear Edit Logs time = 1 millis), max Transaction ID 2066
2019-08-16 15:19:37,648 WARN [Timer-Driven Process Thread-6] o.a.n.r.util.SiteToSiteRestApiClient Failed to get controller from http://localhost:8080/nifi-api due to java.net.UnknownHostException: else: Name or service not known
2019-08-16 15:19:37,648 WARN [Timer-Driven Process Thread-6] o.apache.nifi.controller.FlowController Unable to communicate with remote instance RemoteProcessGroup[http://localhost:8080/nifi] due to org.apache.nifi.controller.exception.CommunicationsException: org.apache.nifi.controller.exception.CommunicationsException: Unable to communicate with Remote NiFi at URI http://localhost:8080/nifi due to: else: Name or service not known
2019-08-16 15:20:07,653 WARN [Timer-Driven Process Thread-8] o.a.n.r.util.SiteToSiteRestApiClient Failed to get controller from http://localhost:8080/nifi-api due to java.net.UnknownHostException: else: Name or service not known
2019-08-16 15:20:07,653 WARN [Timer-Driven Process Thread-8] o.apache.nifi.controller.FlowController Unable to communicate with remote instance RemoteProcessGroup[http://localhost:8080/nifi] due to org.apache.nifi.controller.exception.CommunicationsException: org.apache.nifi.controller.exception.CommunicationsException: Unable to communicate with Remote NiFi at URI http://localhost:8080/nifi due to: else: Name or service not known
2019-08-16 15:20:45,003 WARN [Remote Process Group 9a3648e0-016c-1000-17e7-230c5a5a0e3f Thread-1] o.a.n.r.util.SiteToSiteRestApiClient Failed to get controller from http://localhost:8080/nifi-api due to java.net.UnknownHostException: else: Name or service not known
2019-08-16 15:20:45,003 WARN [Remote Process Group 9a3648e0-016c-1000-17e7-230c5a5a0e3f Thread-1] o.a.n.remote.StandardRemoteProcessGroup Unable to connect to RemoteProcessGroup[http://localhost:8080/nifi] due to java.net.UnknownHostException: else: Name or service not known
2019-08-16 15:21:06,508 INFO [pool-10-thread-1] o.a.n.c.r.WriteAheadFlowFileRepository Initiating checkpoint of FlowFile Repository
2019-08-16 15:21:06,508 INFO [pool-10-thread-1] o.a.n.c.r.WriteAheadFlowFileRepository Successfully checkpointed FlowFile Repository with 0 records in 0 milliseconds
2019-08-16 15:21:12,924 INFO [Write-Ahead Local State Provider Maintenance] org.wali.MinimalLockingWriteAheadLog org.wali.MinimalLockingWriteAheadLog@381ed137 checkpointed with 689 Records and 0 Swap Files in 10 milliseconds (Stop-the-world time = 2 milliseconds, Clear Edit Logs time = 1 millis), max Transaction ID 2066
2019-08-16 15:21:37,658 WARN [Timer-Driven Process Thread-8] o.a.n.r.util.SiteToSiteRestApiClient Failed to get controller from http://localhost:8080/nifi-api due to java.net.UnknownHostException: else: Name or service not known
2019-08-16 15:21:37,658 WARN [Timer-Driven Process Thread-8] o.apache.nifi.controller.FlowController Unable to communicate with remote instance RemoteProcessGroup[http://localhost:8080/nifi] due to org.apache.nifi.controller.exception.CommunicationsException: org.apache.nifi.controller.exception.CommunicationsException: Unable to communicate with Remote NiFi at URI http://localhost:8080/nifi due to: else: Name or service not known
2019-08-16 15:22:07,666 WARN [Timer-Driven Process Thread-5] o.a.n.r.util.SiteToSiteRestApiClient Failed to get controller from http://localhost:8080/nifi-api due to java.net.UnknownHostException: else: Name or service not known
2019-08-16 15:22:07,666 WARN [Timer-Driven Process Thread-5] o.apache.nifi.controller.FlowController Unable to communicate with remote instance RemoteProcessGroup[http://localhost:8080/nifi] due to org.apache.nifi.controller.exception.CommunicationsException: org.apache.nifi.controller.exception.CommunicationsException: Unable to communicate with Remote NiFi at URI http://localhost:8080/nifi due to: else: Name or service not known
2019-08-16 15:22:37,683 WARN [Timer-Driven Process Thread-9] o.a.n.r.util.SiteToSiteRestApiClient Failed to get controller from http://localhost:8080/nifi-api due to java.net.UnknownHostException: else: Name or service not known
2019-08-16 15:22:37,683 WARN [Timer-Driven Process Thread-9] o.apache.nifi.controller.FlowController Unable to communicate with remote instance RemoteProcessGroup[http://localhost:8080/nifi] due to org.apache.nifi.controller.exception.CommunicationsException: org.apache.nifi.controller.exception.CommunicationsException: Unable to communicate with Remote NiFi at URI http://localhost:8080/nifi due to: else: Name or service not known
2019-08-16 15:23:06,508 INFO [pool-10-thread-1] o.a.n.c.r.WriteAheadFlowFileRepository Initiating checkpoint of FlowFile Repository
2019-08-16 15:23:06,509 INFO [pool-10-thread-1] o.a.n.c.r.WriteAheadFlowFileRepository Successfully checkpointed FlowFile Repository with 0 records in 0 milliseconds
2019-08-16 15:23:07,690 WARN [Timer-Driven Process Thread-4] o.a.n.r.util.SiteToSiteRestApiClient Failed to get controller from http://localhost:8080/nifi-api due to java.net.UnknownHostException: else: Name or service not known
2019-08-16 15:23:07,690 WARN [Timer-Driven Process Thread-4] o.apache.nifi.controller.FlowController Unable to communicate with remote instance RemoteProcessGroup[http://localhost:8080/nifi] due to org.apache.nifi.controller.exception.CommunicationsException: org.apache.nifi.controller.exception.CommunicationsException: Unable to communicate with Remote NiFi at URI http://localhost:8080/nifi due to: else: Name or service not known
2019-08-16 15:23:12,933 INFO [Write-Ahead Local State Provider Maintenance] org.wali.MinimalLockingWriteAheadLog org.wali.MinimalLockingWriteAheadLog@381ed137 checkpointed with 689 Records and 0 Swap Files in 8 milliseconds (Stop-the-world time = 1 milliseconds, Clear Edit Logs time = 0 millis), max Transaction ID 2066
2019-08-16 15:23:37,695 WARN [Timer-Driven Process Thread-7] o.a.n.r.util.SiteToSiteRestApiClient Failed to get controller from http://localhost:8080/nifi-api due to java.net.UnknownHostException: else: Name or service not known
2019-08-16 15:23:37,696 WARN [Timer-Driven Process Thread-7] o.apache.nifi.controller.FlowController Unable to communicate with remote instance RemoteProcessGroup[http://localhost:8080/nifi] due to org.apache.nifi.controller.exception.CommunicationsException: org.apache.nifi.controller.exception.CommunicationsException: Unable to communicate with Remote NiFi at URI http://localhost:8080/nifi due to: else: Name or service not known
2019-08-16 15:24:07,702 WARN [Timer-Driven Process Thread-8] o.a.n.r.util.SiteToSiteRestApiClient Failed to get controller from http://localhost:8080/nifi-api due to java.net.UnknownHostException: else: Name or service not known
2019-08-16 15:24:07,702 WARN [Timer-Driven Process Thread-8] o.apache.nifi.controller.FlowController Unable to communicate with remote instance RemoteProcessGroup[http://localhost:8080/nifi] due to org.apache.nifi.controller.exception.CommunicationsException: org.apache.nifi.controller.exception.CommunicationsException: Unable to communicate with Remote NiFi at URI http://localhost:8080/nifi due to: else: Name or service not known
2019-08-16 15:24:37,726 WARN [Timer-Driven Process Thread-3] o.a.n.r.util.SiteToSiteRestApiClient Failed to get controller from http://localhost:8080/nifi-api due to java.net.UnknownHostException: else: Name or service not known
2019-08-16 15:24:37,727 WARN [Timer-Driven Process Thread-3] o.apache.nifi.controller.FlowController Unable to communicate with remote instance RemoteProcessGroup[http://localhost:8080/nifi] due to org.apache.nifi.controller.exception.CommunicationsException: org.apache.nifi.controller.exception.CommunicationsException: Unable to communicate with Remote NiFi at URI http://localhost:8080/nifi due to: else: Name or service not known
2019-08-16 15:25:06,509 INFO [pool-10-thread-1] o.a.n.c.r.WriteAheadFlowFileRepository Initiating checkpoint of FlowFile Repository
2019-08-16 15:25:06,509 INFO [pool-10-thread-1] o.a.n.c.r.WriteAheadFlowFileRepository Successfully checkpointed FlowFile Repository with 0 records in 0 milliseconds
2019-08-16 15:25:07,731 WARN [Timer-Driven Process Thread-7] o.a.n.r.util.SiteToSiteRestApiClient Failed to get controller from http://localhost:8080/nifi-api due to java.net.UnknownHostException: else: Name or service not known
2019-08-16 15:25:07,731 WARN [Timer-Driven Process Thread-7] o.apache.nifi.controller.FlowController Unable to communicate with remote instance RemoteProcessGroup[http://localhost:8080/nifi] due to org.apache.nifi.controller.exception.CommunicationsException: org.apache.nifi.controller.exception.CommunicationsException: Unable to communicate with Remote NiFi at URI http://localhost:8080/nifi due to: else: Name or service not known
2019-08-16 15:25:12,938 INFO [Write-Ahead Local State Provider Maintenance] org.wali.MinimalLockingWriteAheadLog org.wali.MinimalLockingWriteAheadLog@381ed137 checkpointed with 689 Records and 0 Swap Files in 5 milliseconds (Stop-the-world time = 0 milliseconds, Clear Edit Logs time = 0 millis), max Transaction ID 2066
2019-08-16 15:25:45,009 WARN [Remote Process Group 9a3648e0-016c-1000-17e7-230c5a5a0e3f Thread-1] o.a.n.r.util.SiteToSiteRestApiClient Failed to get controller from http://localhost:8080/nifi-api due to java.net.UnknownHostException: else: Name or service not known
2019-08-16 15:25:45,009 WARN [Remote Process Group 9a3648e0-016c-1000-17e7-230c5a5a0e3f Thread-1] o.a.n.remote.StandardRemoteProcessGroup Unable to connect to RemoteProcessGroup[http://localhost:8080/nifi] due to java.net.UnknownHostException: else: Name or service not known
2019-08-16 15:26:37,742 WARN [Timer-Driven Process Thread-1] o.a.n.r.util.SiteToSiteRestApiClient Failed to get controller from http://localhost:8080/nifi-api due to java.net.UnknownHostException: else: Name or service not known
2019-08-16 15:26:37,743 WARN [Timer-Driven Process Thread-1] o.apache.nifi.controller.FlowController Unable to communicate with remote instance RemoteProcessGroup[http://localhost:8080/nifi] due to org.apache.nifi.controller.exception.CommunicationsException: org.apache.nifi.controller.exception.CommunicationsException: Unable to communicate with Remote NiFi at URI http://localhost:8080/nifi due to: else: Name or service not known
2019-08-16 15:27:06,509 INFO [pool-10-thread-1] o.a.n.c.r.WriteAheadFlowFileRepository Initiating checkpoint of FlowFile Repository
2019-08-16 15:27:06,510 INFO [pool-10-thread-1] o.a.n.c.r.WriteAheadFlowFileRepository Successfully checkpointed FlowFile Repository with 0 records in 0 milliseconds
2019-08-16 15:27:07,749 WARN [Timer-Driven Process Thread-4] o.a.n.r.util.SiteToSiteRestApiClient Failed to get controller from http://localhost:8080/nifi-api due to java.net.UnknownHostException: else: Name or service not known
2019-08-16 15:27:07,749 WARN [Timer-Driven Process Thread-4] o.apache.nifi.controller.FlowController Unable to communicate with remote instance RemoteProcessGroup[http://localhost:8080/nifi] due to org.apache.nifi.controller.exception.CommunicationsException: org.apache.nifi.controller.exception.CommunicationsException: Unable to communicate with Remote NiFi at URI http://localhost:8080/nifi due to: else: Name or service not known
2019-08-16 15:27:12,950 INFO [Write-Ahead Local State Provider Maintenance] org.wali.MinimalLockingWriteAheadLog org.wali.MinimalLockingWriteAheadLog@381ed137 checkpointed with 689 Records and 0 Swap Files in 11 milliseconds (Stop-the-world time = 2 milliseconds, Clear Edit Logs time = 2 millis), max Transaction ID 2066
2019-08-16 15:27:45,015 WARN [Remote Process Group 9a3648e0-016c-1000-17e7-230c5a5a0e3f Thread-1] o.a.n.r.util.SiteToSiteRestApiClient Failed to get controller from http://localhost:8080/nifi-api due to java.net.UnknownHostException: else: Name or service not known
2019-08-16 15:27:45,016 WARN [Remote Process Group 9a3648e0-016c-1000-17e7-230c5a5a0e3f Thread-1] o.a.n.remote.StandardRemoteProcessGroup Unable to connect to RemoteProcessGroup[http://localhost:8080/nifi] due to java.net.UnknownHostException: else: Name or service not known
2019-08-16 15:28:37,767 WARN [Timer-Driven Process Thread-1] o.a.n.r.util.SiteToSiteRestApiClient Failed to get controller from http://localhost:8080/nifi-api due to java.net.UnknownHostException: else: Name or service not known
2019-08-16 15:28:37,767 WARN [Timer-Driven Process Thread-1] o.apache.nifi.controller.FlowController Unable to communicate with remote instance RemoteProcessGroup[http://localhost:8080/nifi] due to org.apache.nifi.controller.exception.CommunicationsException: org.apache.nifi.controller.exception.CommunicationsException: Unable to communicate with Remote NiFi at URI http://localhost:8080/nifi due to: else: Name or service not known
2019-08-16 15:29:06,510 INFO [pool-10-thread-1] o.a.n.c.r.WriteAheadFlowFileRepository Initiating checkpoint of FlowFile Repository
2019-08-16 15:29:06,511 INFO [pool-10-thread-1] o.a.n.c.r.WriteAheadFlowFileRepository Successfully checkpointed FlowFile Repository with 0 records in 0 milliseconds
2019-08-16 15:29:07,775 WARN [Timer-Driven Process Thread-10] o.a.n.r.util.SiteToSiteRestApiClient Failed to get controller from http://localhost:8080/nifi-api due to java.net.UnknownHostException: else: Name or service not known
2019-08-16 15:29:07,775 WARN [Timer-Driven Process Thread-10] o.apache.nifi.controller.FlowController Unable to communicate with remote instance RemoteProcessGroup[http://localhost:8080/nifi] due to org.apache.nifi.controller.exception.CommunicationsException: org.apache.nifi.controller.exception.CommunicationsException: Unable to communicate with Remote NiFi at URI http://localhost:8080/nifi due to: else: Name or service not known
2019-08-16 15:29:12,959 INFO [Write-Ahead Local State Provider Maintenance] org.wali.MinimalLockingWriteAheadLog org.wali.MinimalLockingWriteAheadLog@381ed137 checkpointed with 689 Records and 0 Swap Files in 9 milliseconds (Stop-the-world time = 2 milliseconds, Clear Edit Logs time = 0 millis), max Transaction ID 2066
2019-08-16 15:29:37,782 WARN [Timer-Driven Process Thread-3] o.a.n.r.util.SiteToSiteRestApiClient Failed to get controller from http://localhost:8080/nifi-api due to java.net.UnknownHostException: else: Name or service not known
2019-08-16 15:29:37,783 WARN [Timer-Driven Process Thread-3] o.apache.nifi.controller.FlowController Unable to communicate with remote instance RemoteProcessGroup[http://localhost:8080/nifi] due to org.apache.nifi.controller.exception.CommunicationsException: org.apache.nifi.controller.exception.CommunicationsException: Unable to communicate with Remote NiFi at URI http://localhost:8080/nifi due to: else: Name or service not known
2019-08-16 15:30:07,787 WARN [Timer-Driven Process Thread-5] o.a.n.r.util.SiteToSiteRestApiClient Failed to get controller from http://localhost:8080/nifi-api due to java.net.UnknownHostException: else: Name or service not known
2019-08-16 15:30:07,787 WARN [Timer-Driven Process Thread-5] o.apache.nifi.controller.FlowController Unable to communicate with remote instance RemoteProcessGroup[http://localhost:8080/nifi] due to org.apache.nifi.controller.exception.CommunicationsException: org.apache.nifi.controller.exception.CommunicationsException: Unable to communicate with Remote NiFi at URI http://localhost:8080/nifi due to: else: Name or service not known
2019-08-16 15:30:37,800 WARN [Timer-Driven Process Thread-2] o.a.n.r.util.SiteToSiteRestApiClient Failed to get controller from http://localhost:8080/nifi-api due to java.net.UnknownHostException: else: Name or service not known
2019-08-16 15:30:37,800 WARN [Timer-Driven Process Thread-2] o.apache.nifi.controller.FlowController Unable to communicate with remote instance RemoteProcessGroup[http://localhost:8080/nifi] due to org.apache.nifi.controller.exception.CommunicationsException: org.apache.nifi.controller.exception.CommunicationsException: Unable to communicate with Remote NiFi at URI http://localhost:8080/nifi due to: else: Name or service not known
2019-08-16 15:31:06,511 INFO [pool-10-thread-1] o.a.n.c.r.WriteAheadFlowFileRepository Initiating checkpoint of FlowFile Repository
2019-08-16 15:31:06,511 INFO [pool-10-thread-1] o.a.n.c.r.WriteAheadFlowFileRepository Successfully checkpointed FlowFile Repository with 0 records in 0 milliseconds
2019-08-16 15:31:12,970 INFO [Write-Ahead Local State Provider Maintenance] org.wali.MinimalLockingWriteAheadLog org.wali.MinimalLockingWriteAheadLog@381ed137 checkpointed with 689 Records and 0 Swap Files in 10 milliseconds (Stop-the-world time = 2 milliseconds, Clear Edit Logs time = 0 millis), max Transaction ID 2066
2019-08-16 15:31:37,808 WARN [Timer-Driven Process Thread-8] o.a.n.r.util.SiteToSiteRestApiClient Failed to get controller from http://localhost:8080/nifi-api due to java.net.UnknownHostException: else: Name or service not known
2019-08-16 15:31:37,808 WARN [Timer-Driven Process Thread-8] o.apache.nifi.controller.FlowController Unable to communicate with remote instance RemoteProcessGroup[http://localhost:8080/nifi] due to org.apache.nifi.controller.exception.CommunicationsException: org.apache.nifi.controller.exception.CommunicationsException: Unable to communicate with Remote NiFi at URI http://localhost:8080/nifi due to: else: Name or service not known
2019-08-16 15:32:07,815 WARN [Timer-Driven Process Thread-4] o.a.n.r.util.SiteToSiteRestApiClient Failed to get controller from http://localhost:8080/nifi-api due to java.net.UnknownHostException: else: Name or service not known
2019-08-16 15:32:07,816 WARN [Timer-Driven Process Thread-4] o.apache.nifi.controller.FlowController Unable to communicate with remote instance RemoteProcessGroup[http://localhost:8080/nifi] due to org.apache.nifi.controller.exception.CommunicationsException: org.apache.nifi.controller.exception.CommunicationsException: Unable to communicate with Remote NiFi at URI http://localhost:8080/nifi due to: else: Name or service not known
2019-08-16 15:32:37,829 WARN [Timer-Driven Process Thread-10] o.a.n.r.util.SiteToSiteRestApiClient Failed to get controller from http://localhost:8080/nifi-api due to java.net.UnknownHostException: else: Name or service not known
2019-08-16 15:32:37,830 WARN [Timer-Driven Process Thread-10] o.apache.nifi.controller.FlowController Unable to communicate with remote instance RemoteProcessGroup[http://localhost:8080/nifi] due to org.apache.nifi.controller.exception.CommunicationsException: org.apache.nifi.controller.exception.CommunicationsException: Unable to communicate with Remote NiFi at URI http://localhost:8080/nifi due to: else: Name or service not known
2019-08-16 15:33:06,511 INFO [pool-10-thread-1] o.a.n.c.r.WriteAheadFlowFileRepository Initiating checkpoint of FlowFile Repository
2019-08-16 15:33:06,511 INFO [pool-10-thread-1] o.a.n.c.r.WriteAheadFlowFileRepository Successfully checkpointed FlowFile Repository with 0 records in 0 milliseconds
2019-08-16 15:33:07,834 WARN [Timer-Driven Process Thread-1] o.a.n.r.util.SiteToSiteRestApiClient Failed to get controller from http://localhost:8080/nifi-api due to java.net.UnknownHostException: else: Name or service not known
2019-08-16 15:33:07,834 WARN [Timer-Driven Process Thread-1] o.apache.nifi.controller.FlowController Unable to communicate with remote instance RemoteProcessGroup[http://localhost:8080/nifi] due to org.apache.nifi.controller.exception.CommunicationsException: org.apache.nifi.controller.exception.CommunicationsException: Unable to communicate with Remote NiFi at URI http://localhost:8080/nifi due to: else: Name or service not known
2019-08-16 15:33:12,978 INFO [Write-Ahead Local State Provider Maintenance] org.wali.MinimalLockingWriteAheadLog org.wali.MinimalLockingWriteAheadLog@381ed137 checkpointed with 689 Records and 0 Swap Files in 7 milliseconds (Stop-the-world time = 0 milliseconds, Clear Edit Logs time = 0 millis), max Transaction ID 2066
2019-08-16 15:33:37,841 WARN [Timer-Driven Process Thread-2] o.a.n.r.util.SiteToSiteRestApiClient Failed to get controller from http://localhost:8080/nifi-api due to java.net.UnknownHostException: else: Name or service not known
2019-08-16 15:33:37,841 WARN [Timer-Driven Process Thread-2] o.apache.nifi.controller.FlowController Unable to communicate with remote instance RemoteProcessGroup[http://localhost:8080/nifi] due to org.apache.nifi.controller.exception.CommunicationsException: org.apache.nifi.controller.exception.CommunicationsException: Unable to communicate with Remote NiFi at URI http://localhost:8080/nifi due to: else: Name or service not known
2019-08-16 15:34:07,847 WARN [Timer-Driven Process Thread-1] o.a.n.r.util.SiteToSiteRestApiClient Failed to get controller from http://localhost:8080/nifi-api due to java.net.UnknownHostException: else: Name or service not known
2019-08-16 15:34:07,848 WARN [Timer-Driven Process Thread-1] o.apache.nifi.controller.FlowController Unable to communicate with remote instance RemoteProcessGroup[http://localhost:8080/nifi] due to org.apache.nifi.controller.exception.CommunicationsException: org.apache.nifi.controller.exception.CommunicationsException: Unable to communicate with Remote NiFi at URI http://localhost:8080/nifi due to: else: Name or service not known
2019-08-16 15:34:37,859 WARN [Timer-Driven Process Thread-4] o.a.n.r.util.SiteToSiteRestApiClient Failed to get controller from http://localhost:8080/nifi-api due to java.net.UnknownHostException: else: Name or service not known
2019-08-16 15:34:37,859 WARN [Timer-Driven Process Thread-4] o.apache.nifi.controller.FlowController Unable to communicate with remote instance RemoteProcessGroup[http://localhost:8080/nifi] due to org.apache.nifi.controller.exception.CommunicationsException: org.apache.nifi.controller.exception.CommunicationsException: Unable to communicate with Remote NiFi at URI http://localhost:8080/nifi due to: else: Name or service not known
2019-08-16 15:35:06,511 INFO [pool-10-thread-1] o.a.n.c.r.WriteAheadFlowFileRepository Initiating checkpoint of FlowFile Repository
2019-08-16 15:35:06,512 INFO [pool-10-thread-1] o.a.n.c.r.WriteAheadFlowFileRepository Successfully checkpointed FlowFile Repository with 0 records in 0 milliseconds
2019-08-16 15:35:12,986 INFO [Write-Ahead Local State Provider Maintenance] org.wali.MinimalLockingWriteAheadLog org.wali.MinimalLockingWriteAheadLog@381ed137 checkpointed with 689 Records and 0 Swap Files in 8 milliseconds (Stop-the-world time = 1 milliseconds, Clear Edit Logs time = 0 millis), max Transaction ID 2066
2019-08-16 15:35:37,867 WARN [Timer-Driven Process Thread-6] o.a.n.r.util.SiteToSiteRestApiClient Failed to get controller from http://localhost:8080/nifi-api due to java.net.UnknownHostException: else: Name or service not known
2019-08-16 15:35:37,867 WARN [Timer-Driven Process Thread-6] o.apache.nifi.controller.FlowController Unable to communicate with remote instance RemoteProcessGroup[http://localhost:8080/nifi] due to org.apache.nifi.controller.exception.CommunicationsException: org.apache.nifi.controller.exception.CommunicationsException: Unable to communicate with Remote NiFi at URI http://localhost:8080/nifi due to: else: Name or service not known
2019-08-16 15:36:07,872 WARN [Timer-Driven Process Thread-7] o.a.n.r.util.SiteToSiteRestApiClient Failed to get controller from http://localhost:8080/nifi-api due to java.net.UnknownHostException: else: Name or service not known
2019-08-16 15:36:07,872 WARN [Timer-Driven Process Thread-7] o.apache.nifi.controller.FlowController Unable to communicate with remote instance RemoteProcessGroup[http://localhost:8080/nifi] due to org.apache.nifi.controller.exception.CommunicationsException: org.apache.nifi.controller.exception.CommunicationsException: Unable to communicate with Remote NiFi at URI http://localhost:8080/nifi due to: else: Name or service not known
2019-08-16 15:36:37,887 WARN [Timer-Driven Process Thread-6] o.a.n.r.util.SiteToSiteRestApiClient Failed to get controller from http://localhost:8080/nifi-api due to java.net.UnknownHostException: else: Name or service not known
2019-08-16 15:36:37,887 WARN [Timer-Driven Process Thread-6] o.apache.nifi.controller.FlowController Unable to communicate with remote instance RemoteProcessGroup[http://localhost:8080/nifi] due to org.apache.nifi.controller.exception.CommunicationsException: org.apache.nifi.controller.exception.CommunicationsException: Unable to communicate with Remote NiFi at URI http://localhost:8080/nifi due to: else: Name or service not known
2019-08-16 15:37:06,512 INFO [pool-10-thread-1] o.a.n.c.r.WriteAheadFlowFileRepository Initiating checkpoint of FlowFile Repository
2019-08-16 15:37:06,512 INFO [pool-10-thread-1] o.a.n.c.r.WriteAheadFlowFileRepository Successfully checkpointed FlowFile Repository with 0 records in 0 milliseconds
2019-08-16 15:37:12,998 INFO [Write-Ahead Local State Provider Maintenance] org.wali.MinimalLockingWriteAheadLog org.wali.MinimalLockingWriteAheadLog@381ed137 checkpointed with 689 Records and 0 Swap Files in 11 milliseconds (Stop-the-world time = 3 milliseconds, Clear Edit Logs time = 1 millis), max Transaction ID 2066
2019-08-16 15:37:37,892 WARN [Timer-Driven Process Thread-9] o.a.n.r.util.SiteToSiteRestApiClient Failed to get controller from http://localhost:8080/nifi-api due to java.net.UnknownHostException: else: Name or service not known
2019-08-16 15:37:37,893 WARN [Timer-Driven Process Thread-9] o.apache.nifi.controller.FlowController Unable to communicate with remote instance RemoteProcessGroup[http://localhost:8080/nifi] due to org.apache.nifi.controller.exception.CommunicationsException: org.apache.nifi.controller.exception.CommunicationsException: Unable to communicate with Remote NiFi at URI http://localhost:8080/nifi due to: else: Name or service not known
2019-08-16 15:38:07,899 WARN [Timer-Driven Process Thread-4] o.a.n.r.util.SiteToSiteRestApiClient Failed to get controller from http://localhost:8080/nifi-api due to java.net.UnknownHostException: else: Name or service not known
2019-08-16 15:38:07,899 WARN [Timer-Driven Process Thread-4] o.apache.nifi.controller.FlowController Unable to communicate with remote instance RemoteProcessGroup[http://localhost:8080/nifi] due to org.apache.nifi.controller.exception.CommunicationsException: org.apache.nifi.controller.exception.CommunicationsException: Unable to communicate with Remote NiFi at URI http://localhost:8080/nifi due to: else: Name or service not known
2019-08-16 15:38:37,910 WARN [Timer-Driven Process Thread-4] o.a.n.r.util.SiteToSiteRestApiClient Failed to get controller from http://localhost:8080/nifi-api due to java.net.UnknownHostException: else: Name or service not known
2019-08-16 15:38:37,911 WARN [Timer-Driven Process Thread-4] o.apache.nifi.controller.FlowController Unable to communicate with remote instance RemoteProcessGroup[http://localhost:8080/nifi] due to org.apache.nifi.controller.exception.CommunicationsException: org.apache.nifi.controller.exception.CommunicationsException: Unable to communicate with Remote NiFi at URI http://localhost:8080/nifi due to: else: Name or service not known
2019-08-16 15:39:06,512 INFO [pool-10-thread-1] o.a.n.c.r.WriteAheadFlowFileRepository Initiating checkpoint of FlowFile Repository
2019-08-16 15:39:06,513 INFO [pool-10-thread-1] o.a.n.c.r.WriteAheadFlowFileRepository Successfully checkpointed FlowFile Repository with 0 records in 0 milliseconds
2019-08-16 15:39:07,917 WARN [Timer-Driven Process Thread-10] o.a.n.r.util.SiteToSiteRestApiClient Failed to get controller from http://localhost:8080/nifi-api due to java.net.UnknownHostException: else: Name or service not known
2019-08-16 15:39:07,917 WARN [Timer-Driven Process Thread-10] o.apache.nifi.controller.FlowController Unable to communicate with remote instance RemoteProcessGroup[http://localhost:8080/nifi] due to org.apache.nifi.controller.exception.CommunicationsException: org.apache.nifi.controller.exception.CommunicationsException: Unable to communicate with Remote NiFi at URI http://localhost:8080/nifi due to: else: Name or service not known
2019-08-16 15:39:13,007 INFO [Write-Ahead Local State Provider Maintenance] org.wali.MinimalLockingWriteAheadLog org.wali.MinimalLockingWriteAheadLog@381ed137 checkpointed with 689 Records and 0 Swap Files in 8 milliseconds (Stop-the-world time = 1 milliseconds, Clear Edit Logs time = 1 millis), max Transaction ID 2066
2019-08-16 15:39:37,923 WARN [Timer-Driven Process Thread-5] o.a.n.r.util.SiteToSiteRestApiClient Failed to get controller from http://localhost:8080/nifi-api due to java.net.UnknownHostException: else: Name or service not known
2019-08-16 15:39:37,924 WARN [Timer-Driven Process Thread-5] o.apache.nifi.controller.FlowController Unable to communicate with remote instance RemoteProcessGroup[http://localhost:8080/nifi] due to org.apache.nifi.controller.exception.CommunicationsException: org.apache.nifi.controller.exception.CommunicationsException: Unable to communicate with Remote NiFi at URI http://localhost:8080/nifi due to: else: Name or service not known
2019-08-16 15:40:07,931 WARN [Timer-Driven Process Thread-5] o.a.n.r.util.SiteToSiteRestApiClient Failed to get controller from http://localhost:8080/nifi-api due to java.net.UnknownHostException: else: Name or service not known
2019-08-16 15:40:07,931 WARN [Timer-Driven Process Thread-5] o.apache.nifi.controller.FlowController Unable to communicate with remote instance RemoteProcessGroup[http://localhost:8080/nifi] due to org.apache.nifi.controller.exception.CommunicationsException: org.apache.nifi.controller.exception.CommunicationsException: Unable to communicate with Remote NiFi at URI http://localhost:8080/nifi due to: else: Name or service not known
2019-08-16 15:40:45,033 WARN [Remote Process Group 9a3648e0-016c-1000-17e7-230c5a5a0e3f Thread-1] o.a.n.r.util.SiteToSiteRestApiClient Failed to get controller from http://localhost:8080/nifi-api due to java.net.UnknownHostException: else: Name or service not known
2019-08-16 15:40:45,034 WARN [Remote Process Group 9a3648e0-016c-1000-17e7-230c5a5a0e3f Thread-1] o.a.n.remote.StandardRemoteProcessGroup Unable to connect to RemoteProcessGroup[http://localhost:8080/nifi] due to java.net.UnknownHostException: else: Name or service not known
2019-08-16 15:41:06,513 INFO [pool-10-thread-1] o.a.n.c.r.WriteAheadFlowFileRepository Initiating checkpoint of FlowFile Repository
2019-08-16 15:41:06,514 INFO [pool-10-thread-1] o.a.n.c.r.WriteAheadFlowFileRepository Successfully checkpointed FlowFile Repository with 0 records in 0 milliseconds
2019-08-16 15:41:13,018 INFO [Write-Ahead Local State Provider Maintenance] org.wali.MinimalLockingWriteAheadLog org.wali.MinimalLockingWriteAheadLog@381ed137 checkpointed with 689 Records and 0 Swap Files in 9 milliseconds (Stop-the-world time = 3 milliseconds, Clear Edit Logs time = 0 millis), max Transaction ID 2066
2019-08-16 15:41:37,939 WARN [Timer-Driven Process Thread-3] o.a.n.r.util.SiteToSiteRestApiClient Failed to get controller from http://localhost:8080/nifi-api due to java.net.UnknownHostException: else: Name or service not known
2019-08-16 15:41:37,940 WARN [Timer-Driven Process Thread-3] o.apache.nifi.controller.FlowController Unable to communicate with remote instance RemoteProcessGroup[http://localhost:8080/nifi] due to org.apache.nifi.controller.exception.CommunicationsException: org.apache.nifi.controller.exception.CommunicationsException: Unable to communicate with Remote NiFi at URI http://localhost:8080/nifi due to: else: Name or service not known
2019-08-16 15:42:07,945 WARN [Timer-Driven Process Thread-7] o.a.n.r.util.SiteToSiteRestApiClient Failed to get controller from http://localhost:8080/nifi-api due to java.net.UnknownHostException: else: Name or service not known
2019-08-16 15:42:07,946 WARN [Timer-Driven Process Thread-7] o.apache.nifi.controller.FlowController Unable to communicate with remote instance RemoteProcessGroup[http://localhost:8080/nifi] due to org.apache.nifi.controller.exception.CommunicationsException: org.apache.nifi.controller.exception.CommunicationsException: Unable to communicate with Remote NiFi at URI http://localhost:8080/nifi due to: else: Name or service not known
2019-08-16 15:42:37,952 WARN [Timer-Driven Process Thread-9] o.a.n.r.util.SiteToSiteRestApiClient Failed to get controller from http://localhost:8080/nifi-api due to java.net.UnknownHostException: else: Name or service not known
2019-08-16 15:42:37,952 WARN [Timer-Driven Process Thread-9] o.apache.nifi.controller.FlowController Unable to communicate with remote instance RemoteProcessGroup[http://localhost:8080/nifi] due to org.apache.nifi.controller.exception.CommunicationsException: org.apache.nifi.controller.exception.CommunicationsException: Unable to communicate with Remote NiFi at URI http://localhost:8080/nifi due to: else: Name or service not known
2019-08-16 15:43:06,516 INFO [pool-10-thread-1] o.a.n.c.r.WriteAheadFlowFileRepository Initiating checkpoint of FlowFile Repository
2019-08-16 15:43:06,517 INFO [pool-10-thread-1] o.a.n.c.r.WriteAheadFlowFileRepository Successfully checkpointed FlowFile Repository with 0 records in 0 milliseconds
2019-08-16 15:43:07,960 WARN [Timer-Driven Process Thread-10] o.a.n.r.util.SiteToSiteRestApiClient Failed to get controller from http://localhost:8080/nifi-api due to java.net.UnknownHostException: else: Name or service not known
2019-08-16 15:43:07,960 WARN [Timer-Driven Process Thread-10] o.apache.nifi.controller.FlowController Unable to communicate with remote instance RemoteProcessGroup[http://localhost:8080/nifi] due to org.apache.nifi.controller.exception.CommunicationsException: org.apache.nifi.controller.exception.CommunicationsException: Unable to communicate with Remote NiFi at URI http://localhost:8080/nifi due to: else: Name or service not known
2019-08-16 15:43:13,025 INFO [Write-Ahead Local State Provider Maintenance] org.wali.MinimalLockingWriteAheadLog org.wali.MinimalLockingWriteAheadLog@381ed137 checkpointed with 689 Records and 0 Swap Files in 7 milliseconds (Stop-the-world time = 0 milliseconds, Clear Edit Logs time = 0 millis), max Transaction ID 2066
2019-08-16 15:43:37,965 WARN [Timer-Driven Process Thread-1] o.a.n.r.util.SiteToSiteRestApiClient Failed to get controller from http://localhost:8080/nifi-api due to java.net.UnknownHostException: else: Name or service not known
2019-08-16 15:43:37,965 WARN [Timer-Driven Process Thread-1] o.apache.nifi.controller.FlowController Unable to communicate with remote instance RemoteProcessGroup[http://localhost:8080/nifi] due to org.apache.nifi.controller.exception.CommunicationsException: org.apache.nifi.controller.exception.CommunicationsException: Unable to communicate with Remote NiFi at URI http://localhost:8080/nifi due to: else: Name or service not known
2019-08-16 15:44:37,971 WARN [Timer-Driven Process Thread-1] o.a.n.r.util.SiteToSiteRestApiClient Failed to get controller from http://localhost:8080/nifi-api due to java.net.UnknownHostException: else: Name or service not known
2019-08-16 15:44:37,971 WARN [Timer-Driven Process Thread-1] o.apache.nifi.controller.FlowController Unable to communicate with remote instance RemoteProcessGroup[http://localhost:8080/nifi] due to org.apache.nifi.controller.exception.CommunicationsException: org.apache.nifi.controller.exception.CommunicationsException: Unable to communicate with Remote NiFi at URI http://localhost:8080/nifi due to: else: Name or service not known
2019-08-16 15:45:06,517 INFO [pool-10-thread-1] o.a.n.c.r.WriteAheadFlowFileRepository Initiating checkpoint of FlowFile Repository
2019-08-16 15:45:06,518 INFO [pool-10-thread-1] o.a.n.c.r.WriteAheadFlowFileRepository Successfully checkpointed FlowFile Repository with 0 records in 0 milliseconds
2019-08-16 15:45:13,031 INFO [Write-Ahead Local State Provider Maintenance] org.wali.MinimalLockingWriteAheadLog org.wali.MinimalLockingWriteAheadLog@381ed137 checkpointed with 689 Records and 0 Swap Files in 5 milliseconds (Stop-the-world time = 0 milliseconds, Clear Edit Logs time = 0 millis), max Transaction ID 2066
2019-08-16 15:45:37,978 WARN [Timer-Driven Process Thread-9] o.a.n.r.util.SiteToSiteRestApiClient Failed to get controller from http://localhost:8080/nifi-api due to java.net.UnknownHostException: else: Name or service not known
2019-08-16 15:45:37,979 WARN [Timer-Driven Process Thread-9] o.apache.nifi.controller.FlowController Unable to communicate with remote instance RemoteProcessGroup[http://localhost:8080/nifi] due to org.apache.nifi.controller.exception.CommunicationsException: org.apache.nifi.controller.exception.CommunicationsException: Unable to communicate with Remote NiFi at URI http://localhost:8080/nifi due to: else: Name or service not known
2019-08-16 15:46:07,986 WARN [Timer-Driven Process Thread-8] o.a.n.r.util.SiteToSiteRestApiClient Failed to get controller from http://localhost:8080/nifi-api due to java.net.UnknownHostException: else: Name or service not known
2019-08-16 15:46:07,986 WARN [Timer-Driven Process Thread-8] o.apache.nifi.controller.FlowController Unable to communicate with remote instance RemoteProcessGroup[http://localhost:8080/nifi] due to org.apache.nifi.controller.exception.CommunicationsException: org.apache.nifi.controller.exception.CommunicationsException: Unable to communicate with Remote NiFi at URI http://localhost:8080/nifi due to: else: Name or service not known
2019-08-16 15:46:45,041 WARN [Remote Process Group 9a3648e0-016c-1000-17e7-230c5a5a0e3f Thread-1] o.a.n.r.util.SiteToSiteRestApiClient Failed to get controller from http://localhost:8080/nifi-api due to java.net.UnknownHostException: else: Name or service not known
2019-08-16 15:46:45,042 WARN [Remote Process Group 9a3648e0-016c-1000-17e7-230c5a5a0e3f Thread-1] o.a.n.remote.StandardRemoteProcessGroup Unable to connect to RemoteProcessGroup[http://localhost:8080/nifi] due to java.net.UnknownHostException: else: Name or service not known
2019-08-16 15:47:06,518 INFO [pool-10-thread-1] o.a.n.c.r.WriteAheadFlowFileRepository Initiating checkpoint of FlowFile Repository
2019-08-16 15:47:06,518 INFO [pool-10-thread-1] o.a.n.c.r.WriteAheadFlowFileRepository Successfully checkpointed FlowFile Repository with 0 records in 0 milliseconds
2019-08-16 15:47:13,038 INFO [Write-Ahead Local State Provider Maintenance] org.wali.MinimalLockingWriteAheadLog org.wali.MinimalLockingWriteAheadLog@381ed137 checkpointed with 689 Records and 0 Swap Files in 7 milliseconds (Stop-the-world time = 0 milliseconds, Clear Edit Logs time = 0 millis), max Transaction ID 2066
2019-08-16 15:47:37,993 WARN [Timer-Driven Process Thread-10] o.a.n.r.util.SiteToSiteRestApiClient Failed to get controller from http://localhost:8080/nifi-api due to java.net.UnknownHostException: else: Name or service not known
2019-08-16 15:47:37,993 WARN [Timer-Driven Process Thread-10] o.apache.nifi.controller.FlowController Unable to communicate with remote instance RemoteProcessGroup[http://localhost:8080/nifi] due to org.apache.nifi.controller.exception.CommunicationsException: org.apache.nifi.controller.exception.CommunicationsException: Unable to communicate with Remote NiFi at URI http://localhost:8080/nifi due to: else: Name or service not known
2019-08-16 15:48:37,998 WARN [Timer-Driven Process Thread-10] o.a.n.r.util.SiteToSiteRestApiClient Failed to get controller from http://localhost:8080/nifi-api due to java.net.UnknownHostException: else: Name or service not known
2019-08-16 15:48:37,999 WARN [Timer-Driven Process Thread-10] o.apache.nifi.controller.FlowController Unable to communicate with remote instance RemoteProcessGroup[http://localhost:8080/nifi] due to org.apache.nifi.controller.exception.CommunicationsException: org.apache.nifi.controller.exception.CommunicationsException: Unable to communicate with Remote NiFi at URI http://localhost:8080/nifi due to: else: Name or service not known
2019-08-16 15:49:06,518 INFO [pool-10-thread-1] o.a.n.c.r.WriteAheadFlowFileRepository Initiating checkpoint of FlowFile Repository
2019-08-16 15:49:06,519 INFO [pool-10-thread-1] o.a.n.c.r.WriteAheadFlowFileRepository Successfully checkpointed FlowFile Repository with 0 records in 0 milliseconds
2019-08-16 15:49:08,005 WARN [Timer-Driven Process Thread-1] o.a.n.r.util.SiteToSiteRestApiClient Failed to get controller from http://localhost:8080/nifi-api due to java.net.UnknownHostException: else: Name or service not known
2019-08-16 15:49:08,005 WARN [Timer-Driven Process Thread-1] o.apache.nifi.controller.FlowController Unable to communicate with remote instance RemoteProcessGroup[http://localhost:8080/nifi] due to org.apache.nifi.controller.exception.CommunicationsException: org.apache.nifi.controller.exception.CommunicationsException: Unable to communicate with Remote NiFi at URI http://localhost:8080/nifi due to: else: Name or service not known
2019-08-16 15:49:13,050 INFO [Write-Ahead Local State Provider Maintenance] org.wali.MinimalLockingWriteAheadLog org.wali.MinimalLockingWriteAheadLog@381ed137 checkpointed with 689 Records and 0 Swap Files in 11 milliseconds (Stop-the-world time = 3 milliseconds, Clear Edit Logs time = 3 millis), max Transaction ID 2066
2019-08-16 15:49:38,010 WARN [Timer-Driven Process Thread-1] o.a.n.r.util.SiteToSiteRestApiClient Failed to get controller from http://localhost:8080/nifi-api due to java.net.UnknownHostException: else: Name or service not known
2019-08-16 15:49:38,011 WARN [Timer-Driven Process Thread-1] o.apache.nifi.controller.FlowController Unable to communicate with remote instance RemoteProcessGroup[http://localhost:8080/nifi] due to org.apache.nifi.controller.exception.CommunicationsException: org.apache.nifi.controller.exception.CommunicationsException: Unable to communicate with Remote NiFi at URI http://localhost:8080/nifi due to: else: Name or service not known
2019-08-16 15:50:08,018 WARN [Timer-Driven Process Thread-9] o.a.n.r.util.SiteToSiteRestApiClient Failed to get controller from http://localhost:8080/nifi-api due to java.net.UnknownHostException: else: Name or service not known
2019-08-16 15:50:08,019 WARN [Timer-Driven Process Thread-9] o.apache.nifi.controller.FlowController Unable to communicate with remote instance RemoteProcessGroup[http://localhost:8080/nifi] due to org.apache.nifi.controller.exception.CommunicationsException: org.apache.nifi.controller.exception.CommunicationsException: Unable to communicate with Remote NiFi at URI http://localhost:8080/nifi due to: else: Name or service not known
2019-08-16 15:50:38,026 WARN [Timer-Driven Process Thread-5] o.a.n.r.util.SiteToSiteRestApiClient Failed to get controller from http://localhost:8080/nifi-api due to java.net.UnknownHostException: else: Name or service not known
2019-08-16 15:50:38,026 WARN [Timer-Driven Process Thread-5] o.apache.nifi.controller.FlowController Unable to communicate with remote instance RemoteProcessGroup[http://localhost:8080/nifi] due to org.apache.nifi.controller.exception.CommunicationsException: org.apache.nifi.controller.exception.CommunicationsException: Unable to communicate with Remote NiFi at URI http://localhost:8080/nifi due to: else: Name or service not known
2019-08-16 15:51:06,519 INFO [pool-10-thread-1] o.a.n.c.r.WriteAheadFlowFileRepository Initiating checkpoint of FlowFile Repository
2019-08-16 15:51:06,519 INFO [pool-10-thread-1] o.a.n.c.r.WriteAheadFlowFileRepository Successfully checkpointed FlowFile Repository with 0 records in 0 milliseconds
2019-08-16 15:51:13,059 INFO [Write-Ahead Local State Provider Maintenance] org.wali.MinimalLockingWriteAheadLog org.wali.MinimalLockingWriteAheadLog@381ed137 checkpointed with 689 Records and 0 Swap Files in 8 milliseconds (Stop-the-world time = 1 milliseconds, Clear Edit Logs time = 1 millis), max Transaction ID 2066
2019-08-16 15:51:38,031 WARN [Timer-Driven Process Thread-3] o.a.n.r.util.SiteToSiteRestApiClient Failed to get controller from http://localhost:8080/nifi-api due to java.net.UnknownHostException: else: Name or service not known
2019-08-16 15:51:38,032 WARN [Timer-Driven Process Thread-3] o.apache.nifi.controller.FlowController Unable to communicate with remote instance RemoteProcessGroup[http://localhost:8080/nifi] due to org.apache.nifi.controller.exception.CommunicationsException: org.apache.nifi.controller.exception.CommunicationsException: Unable to communicate with Remote NiFi at URI http://localhost:8080/nifi due to: else: Name or service not known
2019-08-16 15:52:08,039 WARN [Timer-Driven Process Thread-2] o.a.n.r.util.SiteToSiteRestApiClient Failed to get controller from http://localhost:8080/nifi-api due to java.net.UnknownHostException: else: Name or service not known
2019-08-16 15:52:08,039 WARN [Timer-Driven Process Thread-2] o.apache.nifi.controller.FlowController Unable to communicate with remote instance RemoteProcessGroup[http://localhost:8080/nifi] due to org.apache.nifi.controller.exception.CommunicationsException: org.apache.nifi.controller.exception.CommunicationsException: Unable to communicate with Remote NiFi at URI http://localhost:8080/nifi due to: else: Name or service not known
2019-08-16 15:52:38,044 WARN [Timer-Driven Process Thread-10] o.a.n.r.util.SiteToSiteRestApiClient Failed to get controller from http://localhost:8080/nifi-api due to java.net.UnknownHostException: else: Name or service not known
2019-08-16 15:52:38,044 WARN [Timer-Driven Process Thread-10] o.apache.nifi.controller.FlowController Unable to communicate with remote instance RemoteProcessGroup[http://localhost:8080/nifi] due to org.apache.nifi.controller.exception.CommunicationsException: org.apache.nifi.controller.exception.CommunicationsException: Unable to communicate with Remote NiFi at URI http://localhost:8080/nifi due to: else: Name or service not known
2019-08-16 15:53:06,519 INFO [pool-10-thread-1] o.a.n.c.r.WriteAheadFlowFileRepository Initiating checkpoint of FlowFile Repository
2019-08-16 15:53:06,520 INFO [pool-10-thread-1] o.a.n.c.r.WriteAheadFlowFileRepository Successfully checkpointed FlowFile Repository with 0 records in 0 milliseconds
2019-08-16 15:53:13,066 INFO [Write-Ahead Local State Provider Maintenance] org.wali.MinimalLockingWriteAheadLog org.wali.MinimalLockingWriteAheadLog@381ed137 checkpointed with 689 Records and 0 Swap Files in 6 milliseconds (Stop-the-world time = 1 milliseconds, Clear Edit Logs time = 1 millis), max Transaction ID 2066
2019-08-16 15:53:38,050 WARN [Timer-Driven Process Thread-6] o.a.n.r.util.SiteToSiteRestApiClient Failed to get controller from http://localhost:8080/nifi-api due to java.net.UnknownHostException: else: Name or service not known
2019-08-16 15:53:38,051 WARN [Timer-Driven Process Thread-6] o.apache.nifi.controller.FlowController Unable to communicate with remote instance RemoteProcessGroup[http://localhost:8080/nifi] due to org.apache.nifi.controller.exception.CommunicationsException: org.apache.nifi.controller.exception.CommunicationsException: Unable to communicate with Remote NiFi at URI http://localhost:8080/nifi due to: else: Name or service not known
2019-08-16 15:54:08,056 WARN [Timer-Driven Process Thread-10] o.a.n.r.util.SiteToSiteRestApiClient Failed to get controller from http://localhost:8080/nifi-api due to java.net.UnknownHostException: else: Name or service not known
2019-08-16 15:54:08,056 WARN [Timer-Driven Process Thread-10] o.apache.nifi.controller.FlowController Unable to communicate with remote instance RemoteProcessGroup[http://localhost:8080/nifi] due to org.apache.nifi.controller.exception.CommunicationsException: org.apache.nifi.controller.exception.CommunicationsException: Unable to communicate with Remote NiFi at URI http://localhost:8080/nifi due to: else: Name or service not known
2019-08-16 15:54:45,050 WARN [Remote Process Group 9a3648e0-016c-1000-17e7-230c5a5a0e3f Thread-1] o.a.n.r.util.SiteToSiteRestApiClient Failed to get controller from http://localhost:8080/nifi-api due to java.net.UnknownHostException: else: Name or service not known
2019-08-16 15:54:45,050 WARN [Remote Process Group 9a3648e0-016c-1000-17e7-230c5a5a0e3f Thread-1] o.a.n.remote.StandardRemoteProcessGroup Unable to connect to RemoteProcessGroup[http://localhost:8080/nifi] due to java.net.UnknownHostException: else: Name or service not known
2019-08-16 15:55:06,520 INFO [pool-10-thread-1] o.a.n.c.r.WriteAheadFlowFileRepository Initiating checkpoint of FlowFile Repository
2019-08-16 15:55:06,520 INFO [pool-10-thread-1] o.a.n.c.r.WriteAheadFlowFileRepository Successfully checkpointed FlowFile Repository with 0 records in 0 milliseconds
2019-08-16 15:55:13,075 INFO [Write-Ahead Local State Provider Maintenance] org.wali.MinimalLockingWriteAheadLog org.wali.MinimalLockingWriteAheadLog@381ed137 checkpointed with 689 Records and 0 Swap Files in 9 milliseconds (Stop-the-world time = 1 milliseconds, Clear Edit Logs time = 1 millis), max Transaction ID 2066
2019-08-16 15:55:38,061 WARN [Timer-Driven Process Thread-4] o.a.n.r.util.SiteToSiteRestApiClient Failed to get controller from http://localhost:8080/nifi-api due to java.net.UnknownHostException: else: Name or service not known
2019-08-16 15:55:38,061 WARN [Timer-Driven Process Thread-4] o.apache.nifi.controller.FlowController Unable to communicate with remote instance RemoteProcessGroup[http://localhost:8080/nifi] due to org.apache.nifi.controller.exception.CommunicationsException: org.apache.nifi.controller.exception.CommunicationsException: Unable to communicate with Remote NiFi at URI http://localhost:8080/nifi due to: else: Name or service not known
2019-08-16 15:56:38,066 WARN [Timer-Driven Process Thread-9] o.a.n.r.util.SiteToSiteRestApiClient Failed to get controller from http://localhost:8080/nifi-api due to java.net.UnknownHostException: else: Name or service not known
2019-08-16 15:56:38,066 WARN [Timer-Driven Process Thread-9] o.apache.nifi.controller.FlowController Unable to communicate with remote instance RemoteProcessGroup[http://localhost:8080/nifi] due to org.apache.nifi.controller.exception.CommunicationsException: org.apache.nifi.controller.exception.CommunicationsException: Unable to communicate with Remote NiFi at URI http://localhost:8080/nifi due to: else: Name or service not known
2019-08-16 15:57:06,520 INFO [pool-10-thread-1] o.a.n.c.r.WriteAheadFlowFileRepository Initiating checkpoint of FlowFile Repository
2019-08-16 15:57:06,521 INFO [pool-10-thread-1] o.a.n.c.r.WriteAheadFlowFileRepository Successfully checkpointed FlowFile Repository with 0 records in 0 milliseconds
2019-08-16 15:57:08,072 WARN [Timer-Driven Process Thread-4] o.a.n.r.util.SiteToSiteRestApiClient Failed to get controller from http://localhost:8080/nifi-api due to java.net.UnknownHostException: else: Name or service not known
2019-08-16 15:57:08,072 WARN [Timer-Driven Process Thread-4] o.apache.nifi.controller.FlowController Unable to communicate with remote instance RemoteProcessGroup[http://localhost:8080/nifi] due to org.apache.nifi.controller.exception.CommunicationsException: org.apache.nifi.controller.exception.CommunicationsException: Unable to communicate with Remote NiFi at URI http://localhost:8080/nifi due to: else: Name or service not known
2019-08-16 15:57:13,084 INFO [Write-Ahead Local State Provider Maintenance] org.wali.MinimalLockingWriteAheadLog org.wali.MinimalLockingWriteAheadLog@381ed137 checkpointed with 689 Records and 0 Swap Files in 8 milliseconds (Stop-the-world time = 1 milliseconds, Clear Edit Logs time = 1 millis), max Transaction ID 2066
2019-08-16 15:57:45,057 WARN [Remote Process Group 9a3648e0-016c-1000-17e7-230c5a5a0e3f Thread-1] o.a.n.r.util.SiteToSiteRestApiClient Failed to get controller from http://localhost:8080/nifi-api due to java.net.UnknownHostException: else: Name or service not known
2019-08-16 15:57:45,058 WARN [Remote Process Group 9a3648e0-016c-1000-17e7-230c5a5a0e3f Thread-1] o.a.n.remote.StandardRemoteProcessGroup Unable to connect to RemoteProcessGroup[http://localhost:8080/nifi] due to java.net.UnknownHostException: else: Name or service not known
2019-08-16 15:58:38,078 WARN [Timer-Driven Process Thread-9] o.a.n.r.util.SiteToSiteRestApiClient Failed to get controller from http://localhost:8080/nifi-api due to java.net.UnknownHostException: else: Name or service not known
2019-08-16 15:58:38,078 WARN [Timer-Driven Process Thread-9] o.apache.nifi.controller.FlowController Unable to communicate with remote instance RemoteProcessGroup[http://localhost:8080/nifi] due to org.apache.nifi.controller.exception.CommunicationsException: org.apache.nifi.controller.exception.CommunicationsException: Unable to communicate with Remote NiFi at URI http://localhost:8080/nifi due to: else: Name or service not known
2019-08-16 15:59:06,521 INFO [pool-10-thread-1] o.a.n.c.r.WriteAheadFlowFileRepository Initiating checkpoint of FlowFile Repository
2019-08-16 15:59:06,521 INFO [pool-10-thread-1] o.a.n.c.r.WriteAheadFlowFileRepository Successfully checkpointed FlowFile Repository with 0 records in 0 milliseconds
2019-08-16 15:59:13,091 INFO [Write-Ahead Local State Provider Maintenance] org.wali.MinimalLockingWriteAheadLog org.wali.MinimalLockingWriteAheadLog@381ed137 checkpointed with 689 Records and 0 Swap Files in 6 milliseconds (Stop-the-world time = 1 milliseconds, Clear Edit Logs time = 1 millis), max Transaction ID 2066
2019-08-16 15:59:38,083 WARN [Timer-Driven Process Thread-1] o.a.n.r.util.SiteToSiteRestApiClient Failed to get controller from http://localhost:8080/nifi-api due to java.net.UnknownHostException: else: Name or service not known
2019-08-16 15:59:38,083 WARN [Timer-Driven Process Thread-1] o.apache.nifi.controller.FlowController Unable to communicate with remote instance RemoteProcessGroup[http://localhost:8080/nifi] due to org.apache.nifi.controller.exception.CommunicationsException: org.apache.nifi.controller.exception.CommunicationsException: Unable to communicate with Remote NiFi at URI http://localhost:8080/nifi due to: else: Name or service not known
