2019-08-16 17:00:08,721 WARN [Timer-Driven Process Thread-6] o.a.n.r.util.SiteToSiteRestApiClient Failed to get controller from http://localhost:8080/nifi-api due to java.net.UnknownHostException: else: Name or service not known
2019-08-16 17:00:08,723 WARN [Timer-Driven Process Thread-6] o.apache.nifi.controller.FlowController Unable to communicate with remote instance RemoteProcessGroup[http://localhost:8080/nifi] due to org.apache.nifi.controller.exception.CommunicationsException: org.apache.nifi.controller.exception.CommunicationsException: Unable to communicate with Remote NiFi at URI http://localhost:8080/nifi due to: else: Name or service not known
2019-08-16 17:00:38,727 WARN [Timer-Driven Process Thread-1] o.a.n.r.util.SiteToSiteRestApiClient Failed to get controller from http://localhost:8080/nifi-api due to java.net.UnknownHostException: else: Name or service not known
2019-08-16 17:00:38,728 WARN [Timer-Driven Process Thread-1] o.apache.nifi.controller.FlowController Unable to communicate with remote instance RemoteProcessGroup[http://localhost:8080/nifi] due to org.apache.nifi.controller.exception.CommunicationsException: org.apache.nifi.controller.exception.CommunicationsException: Unable to communicate with Remote NiFi at URI http://localhost:8080/nifi due to: else: Name or service not known
2019-08-16 17:01:06,538 INFO [pool-10-thread-1] o.a.n.c.r.WriteAheadFlowFileRepository Initiating checkpoint of FlowFile Repository
2019-08-16 17:01:06,539 INFO [pool-10-thread-1] o.a.n.c.r.WriteAheadFlowFileRepository Successfully checkpointed FlowFile Repository with 0 records in 0 milliseconds
2019-08-16 17:01:08,735 WARN [Timer-Driven Process Thread-9] o.a.n.r.util.SiteToSiteRestApiClient Failed to get controller from http://localhost:8080/nifi-api due to java.net.UnknownHostException: else: Name or service not known
2019-08-16 17:01:08,735 WARN [Timer-Driven Process Thread-9] o.apache.nifi.controller.FlowController Unable to communicate with remote instance RemoteProcessGroup[http://localhost:8080/nifi] due to org.apache.nifi.controller.exception.CommunicationsException: org.apache.nifi.controller.exception.CommunicationsException: Unable to communicate with Remote NiFi at URI http://localhost:8080/nifi due to: else: Name or service not known
2019-08-16 17:01:13,396 INFO [Write-Ahead Local State Provider Maintenance] org.wali.MinimalLockingWriteAheadLog org.wali.MinimalLockingWriteAheadLog@381ed137 checkpointed with 689 Records and 0 Swap Files in 7 milliseconds (Stop-the-world time = 0 milliseconds, Clear Edit Logs time = 0 millis), max Transaction ID 2066
2019-08-16 17:01:38,742 WARN [Timer-Driven Process Thread-3] o.a.n.r.util.SiteToSiteRestApiClient Failed to get controller from http://localhost:8080/nifi-api due to java.net.UnknownHostException: else: Name or service not known
2019-08-16 17:01:38,743 WARN [Timer-Driven Process Thread-3] o.apache.nifi.controller.FlowController Unable to communicate with remote instance RemoteProcessGroup[http://localhost:8080/nifi] due to org.apache.nifi.controller.exception.CommunicationsException: org.apache.nifi.controller.exception.CommunicationsException: Unable to communicate with Remote NiFi at URI http://localhost:8080/nifi due to: else: Name or service not known
2019-08-16 17:02:08,750 WARN [Timer-Driven Process Thread-9] o.a.n.r.util.SiteToSiteRestApiClient Failed to get controller from http://localhost:8080/nifi-api due to java.net.UnknownHostException: else: Name or service not known
2019-08-16 17:02:08,751 WARN [Timer-Driven Process Thread-9] o.apache.nifi.controller.FlowController Unable to communicate with remote instance RemoteProcessGroup[http://localhost:8080/nifi] due to org.apache.nifi.controller.exception.CommunicationsException: org.apache.nifi.controller.exception.CommunicationsException: Unable to communicate with Remote NiFi at URI http://localhost:8080/nifi due to: else: Name or service not known
2019-08-16 17:02:38,759 WARN [Timer-Driven Process Thread-4] o.a.n.r.util.SiteToSiteRestApiClient Failed to get controller from http://localhost:8080/nifi-api due to java.net.UnknownHostException: else: Name or service not known
2019-08-16 17:02:38,759 WARN [Timer-Driven Process Thread-4] o.apache.nifi.controller.FlowController Unable to communicate with remote instance RemoteProcessGroup[http://localhost:8080/nifi] due to org.apache.nifi.controller.exception.CommunicationsException: org.apache.nifi.controller.exception.CommunicationsException: Unable to communicate with Remote NiFi at URI http://localhost:8080/nifi due to: else: Name or service not known
2019-08-16 17:03:06,539 INFO [pool-10-thread-1] o.a.n.c.r.WriteAheadFlowFileRepository Initiating checkpoint of FlowFile Repository
2019-08-16 17:03:06,539 INFO [pool-10-thread-1] o.a.n.c.r.WriteAheadFlowFileRepository Successfully checkpointed FlowFile Repository with 0 records in 0 milliseconds
2019-08-16 17:03:08,766 WARN [Timer-Driven Process Thread-6] o.a.n.r.util.SiteToSiteRestApiClient Failed to get controller from http://localhost:8080/nifi-api due to java.net.UnknownHostException: else: Name or service not known
2019-08-16 17:03:08,767 WARN [Timer-Driven Process Thread-6] o.apache.nifi.controller.FlowController Unable to communicate with remote instance RemoteProcessGroup[http://localhost:8080/nifi] due to org.apache.nifi.controller.exception.CommunicationsException: org.apache.nifi.controller.exception.CommunicationsException: Unable to communicate with Remote NiFi at URI http://localhost:8080/nifi due to: else: Name or service not known
2019-08-16 17:03:13,404 INFO [Write-Ahead Local State Provider Maintenance] org.wali.MinimalLockingWriteAheadLog org.wali.MinimalLockingWriteAheadLog@381ed137 checkpointed with 689 Records and 0 Swap Files in 7 milliseconds (Stop-the-world time = 0 milliseconds, Clear Edit Logs time = 0 millis), max Transaction ID 2066
2019-08-16 17:03:38,775 WARN [Timer-Driven Process Thread-5] o.a.n.r.util.SiteToSiteRestApiClient Failed to get controller from http://localhost:8080/nifi-api due to java.net.UnknownHostException: else: Name or service not known
2019-08-16 17:03:38,775 WARN [Timer-Driven Process Thread-5] o.apache.nifi.controller.FlowController Unable to communicate with remote instance RemoteProcessGroup[http://localhost:8080/nifi] due to org.apache.nifi.controller.exception.CommunicationsException: org.apache.nifi.controller.exception.CommunicationsException: Unable to communicate with Remote NiFi at URI http://localhost:8080/nifi due to: else: Name or service not known
2019-08-16 17:04:38,781 WARN [Timer-Driven Process Thread-2] o.a.n.r.util.SiteToSiteRestApiClient Failed to get controller from http://localhost:8080/nifi-api due to java.net.UnknownHostException: else: Name or service not known
2019-08-16 17:04:38,781 WARN [Timer-Driven Process Thread-2] o.apache.nifi.controller.FlowController Unable to communicate with remote instance RemoteProcessGroup[http://localhost:8080/nifi] due to org.apache.nifi.controller.exception.CommunicationsException: org.apache.nifi.controller.exception.CommunicationsException: Unable to communicate with Remote NiFi at URI http://localhost:8080/nifi due to: else: Name or service not known
2019-08-16 17:05:06,539 INFO [pool-10-thread-1] o.a.n.c.r.WriteAheadFlowFileRepository Initiating checkpoint of FlowFile Repository
2019-08-16 17:05:06,540 INFO [pool-10-thread-1] o.a.n.c.r.WriteAheadFlowFileRepository Successfully checkpointed FlowFile Repository with 0 records in 0 milliseconds
2019-08-16 17:05:08,787 WARN [Timer-Driven Process Thread-1] o.a.n.r.util.SiteToSiteRestApiClient Failed to get controller from http://localhost:8080/nifi-api due to java.net.UnknownHostException: else: Name or service not known
2019-08-16 17:05:08,787 WARN [Timer-Driven Process Thread-1] o.apache.nifi.controller.FlowController Unable to communicate with remote instance RemoteProcessGroup[http://localhost:8080/nifi] due to org.apache.nifi.controller.exception.CommunicationsException: org.apache.nifi.controller.exception.CommunicationsException: Unable to communicate with Remote NiFi at URI http://localhost:8080/nifi due to: else: Name or service not known
2019-08-16 17:05:13,410 INFO [Write-Ahead Local State Provider Maintenance] org.wali.MinimalLockingWriteAheadLog org.wali.MinimalLockingWriteAheadLog@381ed137 checkpointed with 689 Records and 0 Swap Files in 6 milliseconds (Stop-the-world time = 1 milliseconds, Clear Edit Logs time = 1 millis), max Transaction ID 2066
2019-08-16 17:05:45,150 WARN [Remote Process Group 9a3648e0-016c-1000-17e7-230c5a5a0e3f Thread-1] o.a.n.r.util.SiteToSiteRestApiClient Failed to get controller from http://localhost:8080/nifi-api due to java.net.UnknownHostException: else: Name or service not known
2019-08-16 17:05:45,150 WARN [Remote Process Group 9a3648e0-016c-1000-17e7-230c5a5a0e3f Thread-1] o.a.n.remote.StandardRemoteProcessGroup Unable to connect to RemoteProcessGroup[http://localhost:8080/nifi] due to java.net.UnknownHostException: else: Name or service not known
2019-08-16 17:06:38,795 WARN [Timer-Driven Process Thread-10] o.a.n.r.util.SiteToSiteRestApiClient Failed to get controller from http://localhost:8080/nifi-api due to java.net.UnknownHostException: else: Name or service not known
2019-08-16 17:06:38,795 WARN [Timer-Driven Process Thread-10] o.apache.nifi.controller.FlowController Unable to communicate with remote instance RemoteProcessGroup[http://localhost:8080/nifi] due to org.apache.nifi.controller.exception.CommunicationsException: org.apache.nifi.controller.exception.CommunicationsException: Unable to communicate with Remote NiFi at URI http://localhost:8080/nifi due to: else: Name or service not known
2019-08-16 17:07:06,540 INFO [pool-10-thread-1] o.a.n.c.r.WriteAheadFlowFileRepository Initiating checkpoint of FlowFile Repository
2019-08-16 17:07:06,540 INFO [pool-10-thread-1] o.a.n.c.r.WriteAheadFlowFileRepository Successfully checkpointed FlowFile Repository with 0 records in 0 milliseconds
2019-08-16 17:07:13,418 INFO [Write-Ahead Local State Provider Maintenance] org.wali.MinimalLockingWriteAheadLog org.wali.MinimalLockingWriteAheadLog@381ed137 checkpointed with 689 Records and 0 Swap Files in 7 milliseconds (Stop-the-world time = 1 milliseconds, Clear Edit Logs time = 0 millis), max Transaction ID 2066
2019-08-16 17:07:38,800 WARN [Timer-Driven Process Thread-4] o.a.n.r.util.SiteToSiteRestApiClient Failed to get controller from http://localhost:8080/nifi-api due to java.net.UnknownHostException: else: Name or service not known
2019-08-16 17:07:38,800 WARN [Timer-Driven Process Thread-4] o.apache.nifi.controller.FlowController Unable to communicate with remote instance RemoteProcessGroup[http://localhost:8080/nifi] due to org.apache.nifi.controller.exception.CommunicationsException: org.apache.nifi.controller.exception.CommunicationsException: Unable to communicate with Remote NiFi at URI http://localhost:8080/nifi due to: else: Name or service not known
2019-08-16 17:08:08,807 WARN [Timer-Driven Process Thread-8] o.a.n.r.util.SiteToSiteRestApiClient Failed to get controller from http://localhost:8080/nifi-api due to java.net.UnknownHostException: else: Name or service not known
2019-08-16 17:08:08,807 WARN [Timer-Driven Process Thread-8] o.apache.nifi.controller.FlowController Unable to communicate with remote instance RemoteProcessGroup[http://localhost:8080/nifi] due to org.apache.nifi.controller.exception.CommunicationsException: org.apache.nifi.controller.exception.CommunicationsException: Unable to communicate with Remote NiFi at URI http://localhost:8080/nifi due to: else: Name or service not known
2019-08-16 17:08:38,814 WARN [Timer-Driven Process Thread-2] o.a.n.r.util.SiteToSiteRestApiClient Failed to get controller from http://localhost:8080/nifi-api due to java.net.UnknownHostException: else: Name or service not known
2019-08-16 17:08:38,814 WARN [Timer-Driven Process Thread-2] o.apache.nifi.controller.FlowController Unable to communicate with remote instance RemoteProcessGroup[http://localhost:8080/nifi] due to org.apache.nifi.controller.exception.CommunicationsException: org.apache.nifi.controller.exception.CommunicationsException: Unable to communicate with Remote NiFi at URI http://localhost:8080/nifi due to: else: Name or service not known
2019-08-16 17:09:06,541 INFO [pool-10-thread-1] o.a.n.c.r.WriteAheadFlowFileRepository Initiating checkpoint of FlowFile Repository
2019-08-16 17:09:06,541 INFO [pool-10-thread-1] o.a.n.c.r.WriteAheadFlowFileRepository Successfully checkpointed FlowFile Repository with 0 records in 0 milliseconds
2019-08-16 17:09:08,822 WARN [Timer-Driven Process Thread-10] o.a.n.r.util.SiteToSiteRestApiClient Failed to get controller from http://localhost:8080/nifi-api due to java.net.UnknownHostException: else: Name or service not known
2019-08-16 17:09:08,822 WARN [Timer-Driven Process Thread-10] o.apache.nifi.controller.FlowController Unable to communicate with remote instance RemoteProcessGroup[http://localhost:8080/nifi] due to org.apache.nifi.controller.exception.CommunicationsException: org.apache.nifi.controller.exception.CommunicationsException: Unable to communicate with Remote NiFi at URI http://localhost:8080/nifi due to: else: Name or service not known
2019-08-16 17:09:13,425 INFO [Write-Ahead Local State Provider Maintenance] org.wali.MinimalLockingWriteAheadLog org.wali.MinimalLockingWriteAheadLog@381ed137 checkpointed with 689 Records and 0 Swap Files in 7 milliseconds (Stop-the-world time = 0 milliseconds, Clear Edit Logs time = 0 millis), max Transaction ID 2066
2019-08-16 17:09:38,830 WARN [Timer-Driven Process Thread-4] o.a.n.r.util.SiteToSiteRestApiClient Failed to get controller from http://localhost:8080/nifi-api due to java.net.UnknownHostException: else: Name or service not known
2019-08-16 17:09:38,830 WARN [Timer-Driven Process Thread-4] o.apache.nifi.controller.FlowController Unable to communicate with remote instance RemoteProcessGroup[http://localhost:8080/nifi] due to org.apache.nifi.controller.exception.CommunicationsException: org.apache.nifi.controller.exception.CommunicationsException: Unable to communicate with Remote NiFi at URI http://localhost:8080/nifi due to: else: Name or service not known
2019-08-16 17:10:08,838 WARN [Timer-Driven Process Thread-1] o.a.n.r.util.SiteToSiteRestApiClient Failed to get controller from http://localhost:8080/nifi-api due to java.net.UnknownHostException: else: Name or service not known
2019-08-16 17:10:08,838 WARN [Timer-Driven Process Thread-1] o.apache.nifi.controller.FlowController Unable to communicate with remote instance RemoteProcessGroup[http://localhost:8080/nifi] due to org.apache.nifi.controller.exception.CommunicationsException: org.apache.nifi.controller.exception.CommunicationsException: Unable to communicate with Remote NiFi at URI http://localhost:8080/nifi due to: else: Name or service not known
2019-08-16 17:10:38,846 WARN [Timer-Driven Process Thread-6] o.a.n.r.util.SiteToSiteRestApiClient Failed to get controller from http://localhost:8080/nifi-api due to java.net.UnknownHostException: else: Name or service not known
2019-08-16 17:10:38,847 WARN [Timer-Driven Process Thread-6] o.apache.nifi.controller.FlowController Unable to communicate with remote instance RemoteProcessGroup[http://localhost:8080/nifi] due to org.apache.nifi.controller.exception.CommunicationsException: org.apache.nifi.controller.exception.CommunicationsException: Unable to communicate with Remote NiFi at URI http://localhost:8080/nifi due to: else: Name or service not known
2019-08-16 17:11:06,541 INFO [pool-10-thread-1] o.a.n.c.r.WriteAheadFlowFileRepository Initiating checkpoint of FlowFile Repository
2019-08-16 17:11:06,542 INFO [pool-10-thread-1] o.a.n.c.r.WriteAheadFlowFileRepository Successfully checkpointed FlowFile Repository with 0 records in 0 milliseconds
2019-08-16 17:11:08,854 WARN [Timer-Driven Process Thread-10] o.a.n.r.util.SiteToSiteRestApiClient Failed to get controller from http://localhost:8080/nifi-api due to java.net.UnknownHostException: else: Name or service not known
2019-08-16 17:11:08,854 WARN [Timer-Driven Process Thread-10] o.apache.nifi.controller.FlowController Unable to communicate with remote instance RemoteProcessGroup[http://localhost:8080/nifi] due to org.apache.nifi.controller.exception.CommunicationsException: org.apache.nifi.controller.exception.CommunicationsException: Unable to communicate with Remote NiFi at URI http://localhost:8080/nifi due to: else: Name or service not known
2019-08-16 17:11:13,435 INFO [Write-Ahead Local State Provider Maintenance] org.wali.MinimalLockingWriteAheadLog org.wali.MinimalLockingWriteAheadLog@381ed137 checkpointed with 689 Records and 0 Swap Files in 9 milliseconds (Stop-the-world time = 1 milliseconds, Clear Edit Logs time = 2 millis), max Transaction ID 2066
2019-08-16 17:11:45,157 WARN [Remote Process Group 9a3648e0-016c-1000-17e7-230c5a5a0e3f Thread-1] o.a.n.r.util.SiteToSiteRestApiClient Failed to get controller from http://localhost:8080/nifi-api due to java.net.UnknownHostException: else: Name or service not known
2019-08-16 17:11:45,157 WARN [Remote Process Group 9a3648e0-016c-1000-17e7-230c5a5a0e3f Thread-1] o.a.n.remote.StandardRemoteProcessGroup Unable to connect to RemoteProcessGroup[http://localhost:8080/nifi] due to java.net.UnknownHostException: else: Name or service not known
2019-08-16 17:12:38,862 WARN [Timer-Driven Process Thread-3] o.a.n.r.util.SiteToSiteRestApiClient Failed to get controller from http://localhost:8080/nifi-api due to java.net.UnknownHostException: else: Name or service not known
2019-08-16 17:12:38,862 WARN [Timer-Driven Process Thread-3] o.apache.nifi.controller.FlowController Unable to communicate with remote instance RemoteProcessGroup[http://localhost:8080/nifi] due to org.apache.nifi.controller.exception.CommunicationsException: org.apache.nifi.controller.exception.CommunicationsException: Unable to communicate with Remote NiFi at URI http://localhost:8080/nifi due to: else: Name or service not known
2019-08-16 17:13:06,542 INFO [pool-10-thread-1] o.a.n.c.r.WriteAheadFlowFileRepository Initiating checkpoint of FlowFile Repository
2019-08-16 17:13:06,543 INFO [pool-10-thread-1] o.a.n.c.r.WriteAheadFlowFileRepository Successfully checkpointed FlowFile Repository with 0 records in 0 milliseconds
2019-08-16 17:13:13,446 INFO [Write-Ahead Local State Provider Maintenance] org.wali.MinimalLockingWriteAheadLog org.wali.MinimalLockingWriteAheadLog@381ed137 checkpointed with 689 Records and 0 Swap Files in 10 milliseconds (Stop-the-world time = 1 milliseconds, Clear Edit Logs time = 1 millis), max Transaction ID 2066
2019-08-16 17:13:38,868 WARN [Timer-Driven Process Thread-10] o.a.n.r.util.SiteToSiteRestApiClient Failed to get controller from http://localhost:8080/nifi-api due to java.net.UnknownHostException: else: Name or service not known
2019-08-16 17:13:38,869 WARN [Timer-Driven Process Thread-10] o.apache.nifi.controller.FlowController Unable to communicate with remote instance RemoteProcessGroup[http://localhost:8080/nifi] due to org.apache.nifi.controller.exception.CommunicationsException: org.apache.nifi.controller.exception.CommunicationsException: Unable to communicate with Remote NiFi at URI http://localhost:8080/nifi due to: else: Name or service not known
2019-08-16 17:14:08,875 WARN [Timer-Driven Process Thread-8] o.a.n.r.util.SiteToSiteRestApiClient Failed to get controller from http://localhost:8080/nifi-api due to java.net.UnknownHostException: else: Name or service not known
2019-08-16 17:14:08,875 WARN [Timer-Driven Process Thread-8] o.apache.nifi.controller.FlowController Unable to communicate with remote instance RemoteProcessGroup[http://localhost:8080/nifi] due to org.apache.nifi.controller.exception.CommunicationsException: org.apache.nifi.controller.exception.CommunicationsException: Unable to communicate with Remote NiFi at URI http://localhost:8080/nifi due to: else: Name or service not known
2019-08-16 17:14:45,165 WARN [Remote Process Group 9a3648e0-016c-1000-17e7-230c5a5a0e3f Thread-1] o.a.n.r.util.SiteToSiteRestApiClient Failed to get controller from http://localhost:8080/nifi-api due to java.net.UnknownHostException: else: Name or service not known
2019-08-16 17:14:45,165 WARN [Remote Process Group 9a3648e0-016c-1000-17e7-230c5a5a0e3f Thread-1] o.a.n.remote.StandardRemoteProcessGroup Unable to connect to RemoteProcessGroup[http://localhost:8080/nifi] due to java.net.UnknownHostException: else: Name or service not known
2019-08-16 17:15:06,543 INFO [pool-10-thread-1] o.a.n.c.r.WriteAheadFlowFileRepository Initiating checkpoint of FlowFile Repository
2019-08-16 17:15:06,543 INFO [pool-10-thread-1] o.a.n.c.r.WriteAheadFlowFileRepository Successfully checkpointed FlowFile Repository with 0 records in 0 milliseconds
2019-08-16 17:15:13,454 INFO [Write-Ahead Local State Provider Maintenance] org.wali.MinimalLockingWriteAheadLog org.wali.MinimalLockingWriteAheadLog@381ed137 checkpointed with 689 Records and 0 Swap Files in 7 milliseconds (Stop-the-world time = 0 milliseconds, Clear Edit Logs time = 0 millis), max Transaction ID 2066
2019-08-16 17:15:38,883 WARN [Timer-Driven Process Thread-8] o.a.n.r.util.SiteToSiteRestApiClient Failed to get controller from http://localhost:8080/nifi-api due to java.net.UnknownHostException: else: Name or service not known
2019-08-16 17:15:38,883 WARN [Timer-Driven Process Thread-8] o.apache.nifi.controller.FlowController Unable to communicate with remote instance RemoteProcessGroup[http://localhost:8080/nifi] due to org.apache.nifi.controller.exception.CommunicationsException: org.apache.nifi.controller.exception.CommunicationsException: Unable to communicate with Remote NiFi at URI http://localhost:8080/nifi due to: else: Name or service not known
2019-08-16 17:16:08,890 WARN [Timer-Driven Process Thread-7] o.a.n.r.util.SiteToSiteRestApiClient Failed to get controller from http://localhost:8080/nifi-api due to java.net.UnknownHostException: else: Name or service not known
2019-08-16 17:16:08,891 WARN [Timer-Driven Process Thread-7] o.apache.nifi.controller.FlowController Unable to communicate with remote instance RemoteProcessGroup[http://localhost:8080/nifi] due to org.apache.nifi.controller.exception.CommunicationsException: org.apache.nifi.controller.exception.CommunicationsException: Unable to communicate with Remote NiFi at URI http://localhost:8080/nifi due to: else: Name or service not known
2019-08-16 17:16:38,897 WARN [Timer-Driven Process Thread-6] o.a.n.r.util.SiteToSiteRestApiClient Failed to get controller from http://localhost:8080/nifi-api due to java.net.UnknownHostException: else: Name or service not known
2019-08-16 17:16:38,898 WARN [Timer-Driven Process Thread-6] o.apache.nifi.controller.FlowController Unable to communicate with remote instance RemoteProcessGroup[http://localhost:8080/nifi] due to org.apache.nifi.controller.exception.CommunicationsException: org.apache.nifi.controller.exception.CommunicationsException: Unable to communicate with Remote NiFi at URI http://localhost:8080/nifi due to: else: Name or service not known
2019-08-16 17:17:06,543 INFO [pool-10-thread-1] o.a.n.c.r.WriteAheadFlowFileRepository Initiating checkpoint of FlowFile Repository
2019-08-16 17:17:06,544 INFO [pool-10-thread-1] o.a.n.c.r.WriteAheadFlowFileRepository Successfully checkpointed FlowFile Repository with 0 records in 0 milliseconds
2019-08-16 17:17:08,904 WARN [Timer-Driven Process Thread-4] o.a.n.r.util.SiteToSiteRestApiClient Failed to get controller from http://localhost:8080/nifi-api due to java.net.UnknownHostException: else: Name or service not known
2019-08-16 17:17:08,905 WARN [Timer-Driven Process Thread-4] o.apache.nifi.controller.FlowController Unable to communicate with remote instance RemoteProcessGroup[http://localhost:8080/nifi] due to org.apache.nifi.controller.exception.CommunicationsException: org.apache.nifi.controller.exception.CommunicationsException: Unable to communicate with Remote NiFi at URI http://localhost:8080/nifi due to: else: Name or service not known
2019-08-16 17:17:13,465 INFO [Write-Ahead Local State Provider Maintenance] org.wali.MinimalLockingWriteAheadLog org.wali.MinimalLockingWriteAheadLog@381ed137 checkpointed with 689 Records and 0 Swap Files in 11 milliseconds (Stop-the-world time = 1 milliseconds, Clear Edit Logs time = 2 millis), max Transaction ID 2066
2019-08-16 17:17:38,911 WARN [Timer-Driven Process Thread-2] o.a.n.r.util.SiteToSiteRestApiClient Failed to get controller from http://localhost:8080/nifi-api due to java.net.UnknownHostException: else: Name or service not known
2019-08-16 17:17:38,911 WARN [Timer-Driven Process Thread-2] o.apache.nifi.controller.FlowController Unable to communicate with remote instance RemoteProcessGroup[http://localhost:8080/nifi] due to org.apache.nifi.controller.exception.CommunicationsException: org.apache.nifi.controller.exception.CommunicationsException: Unable to communicate with Remote NiFi at URI http://localhost:8080/nifi due to: else: Name or service not known
2019-08-16 17:18:08,918 WARN [Timer-Driven Process Thread-7] o.a.n.r.util.SiteToSiteRestApiClient Failed to get controller from http://localhost:8080/nifi-api due to java.net.UnknownHostException: else: Name or service not known
2019-08-16 17:18:08,918 WARN [Timer-Driven Process Thread-7] o.apache.nifi.controller.FlowController Unable to communicate with remote instance RemoteProcessGroup[http://localhost:8080/nifi] due to org.apache.nifi.controller.exception.CommunicationsException: org.apache.nifi.controller.exception.CommunicationsException: Unable to communicate with Remote NiFi at URI http://localhost:8080/nifi due to: else: Name or service not known
2019-08-16 17:18:38,924 WARN [Timer-Driven Process Thread-6] o.a.n.r.util.SiteToSiteRestApiClient Failed to get controller from http://localhost:8080/nifi-api due to java.net.UnknownHostException: else: Name or service not known
2019-08-16 17:18:38,924 WARN [Timer-Driven Process Thread-6] o.apache.nifi.controller.FlowController Unable to communicate with remote instance RemoteProcessGroup[http://localhost:8080/nifi] due to org.apache.nifi.controller.exception.CommunicationsException: org.apache.nifi.controller.exception.CommunicationsException: Unable to communicate with Remote NiFi at URI http://localhost:8080/nifi due to: else: Name or service not known
2019-08-16 17:19:06,544 INFO [pool-10-thread-1] o.a.n.c.r.WriteAheadFlowFileRepository Initiating checkpoint of FlowFile Repository
2019-08-16 17:19:06,544 INFO [pool-10-thread-1] o.a.n.c.r.WriteAheadFlowFileRepository Successfully checkpointed FlowFile Repository with 0 records in 0 milliseconds
2019-08-16 17:19:08,930 WARN [Timer-Driven Process Thread-4] o.a.n.r.util.SiteToSiteRestApiClient Failed to get controller from http://localhost:8080/nifi-api due to java.net.UnknownHostException: else: Name or service not known
2019-08-16 17:19:08,931 WARN [Timer-Driven Process Thread-4] o.apache.nifi.controller.FlowController Unable to communicate with remote instance RemoteProcessGroup[http://localhost:8080/nifi] due to org.apache.nifi.controller.exception.CommunicationsException: org.apache.nifi.controller.exception.CommunicationsException: Unable to communicate with Remote NiFi at URI http://localhost:8080/nifi due to: else: Name or service not known
2019-08-16 17:19:13,476 INFO [Write-Ahead Local State Provider Maintenance] org.wali.MinimalLockingWriteAheadLog org.wali.MinimalLockingWriteAheadLog@381ed137 checkpointed with 689 Records and 0 Swap Files in 9 milliseconds (Stop-the-world time = 2 milliseconds, Clear Edit Logs time = 0 millis), max Transaction ID 2066
2019-08-16 17:19:38,939 WARN [Timer-Driven Process Thread-10] o.a.n.r.util.SiteToSiteRestApiClient Failed to get controller from http://localhost:8080/nifi-api due to java.net.UnknownHostException: else: Name or service not known
2019-08-16 17:19:38,939 WARN [Timer-Driven Process Thread-10] o.apache.nifi.controller.FlowController Unable to communicate with remote instance RemoteProcessGroup[http://localhost:8080/nifi] due to org.apache.nifi.controller.exception.CommunicationsException: org.apache.nifi.controller.exception.CommunicationsException: Unable to communicate with Remote NiFi at URI http://localhost:8080/nifi due to: else: Name or service not known
2019-08-16 17:20:38,945 WARN [Timer-Driven Process Thread-6] o.a.n.r.util.SiteToSiteRestApiClient Failed to get controller from http://localhost:8080/nifi-api due to java.net.UnknownHostException: else: Name or service not known
2019-08-16 17:20:38,945 WARN [Timer-Driven Process Thread-6] o.apache.nifi.controller.FlowController Unable to communicate with remote instance RemoteProcessGroup[http://localhost:8080/nifi] due to org.apache.nifi.controller.exception.CommunicationsException: org.apache.nifi.controller.exception.CommunicationsException: Unable to communicate with Remote NiFi at URI http://localhost:8080/nifi due to: else: Name or service not known
2019-08-16 17:21:06,545 INFO [pool-10-thread-1] o.a.n.c.r.WriteAheadFlowFileRepository Initiating checkpoint of FlowFile Repository
2019-08-16 17:21:06,545 INFO [pool-10-thread-1] o.a.n.c.r.WriteAheadFlowFileRepository Successfully checkpointed FlowFile Repository with 0 records in 0 milliseconds
2019-08-16 17:21:08,952 WARN [Timer-Driven Process Thread-3] o.a.n.r.util.SiteToSiteRestApiClient Failed to get controller from http://localhost:8080/nifi-api due to java.net.UnknownHostException: else: Name or service not known
2019-08-16 17:21:08,952 WARN [Timer-Driven Process Thread-3] o.apache.nifi.controller.FlowController Unable to communicate with remote instance RemoteProcessGroup[http://localhost:8080/nifi] due to org.apache.nifi.controller.exception.CommunicationsException: org.apache.nifi.controller.exception.CommunicationsException: Unable to communicate with Remote NiFi at URI http://localhost:8080/nifi due to: else: Name or service not known
2019-08-16 17:21:13,487 INFO [Write-Ahead Local State Provider Maintenance] org.wali.MinimalLockingWriteAheadLog org.wali.MinimalLockingWriteAheadLog@381ed137 checkpointed with 689 Records and 0 Swap Files in 10 milliseconds (Stop-the-world time = 2 milliseconds, Clear Edit Logs time = 1 millis), max Transaction ID 2066
2019-08-16 17:21:38,960 WARN [Timer-Driven Process Thread-2] o.a.n.r.util.SiteToSiteRestApiClient Failed to get controller from http://localhost:8080/nifi-api due to java.net.UnknownHostException: else: Name or service not known
2019-08-16 17:21:38,961 WARN [Timer-Driven Process Thread-2] o.apache.nifi.controller.FlowController Unable to communicate with remote instance RemoteProcessGroup[http://localhost:8080/nifi] due to org.apache.nifi.controller.exception.CommunicationsException: org.apache.nifi.controller.exception.CommunicationsException: Unable to communicate with Remote NiFi at URI http://localhost:8080/nifi due to: else: Name or service not known
2019-08-16 17:22:08,966 WARN [Timer-Driven Process Thread-4] o.a.n.r.util.SiteToSiteRestApiClient Failed to get controller from http://localhost:8080/nifi-api due to java.net.UnknownHostException: else: Name or service not known
2019-08-16 17:22:08,966 WARN [Timer-Driven Process Thread-4] o.apache.nifi.controller.FlowController Unable to communicate with remote instance RemoteProcessGroup[http://localhost:8080/nifi] due to org.apache.nifi.controller.exception.CommunicationsException: org.apache.nifi.controller.exception.CommunicationsException: Unable to communicate with Remote NiFi at URI http://localhost:8080/nifi due to: else: Name or service not known
2019-08-16 17:22:45,172 WARN [Remote Process Group 9a3648e0-016c-1000-17e7-230c5a5a0e3f Thread-1] o.a.n.r.util.SiteToSiteRestApiClient Failed to get controller from http://localhost:8080/nifi-api due to java.net.UnknownHostException: else: Name or service not known
2019-08-16 17:22:45,172 WARN [Remote Process Group 9a3648e0-016c-1000-17e7-230c5a5a0e3f Thread-1] o.a.n.remote.StandardRemoteProcessGroup Unable to connect to RemoteProcessGroup[http://localhost:8080/nifi] due to java.net.UnknownHostException: else: Name or service not known
2019-08-16 17:23:06,545 INFO [pool-10-thread-1] o.a.n.c.r.WriteAheadFlowFileRepository Initiating checkpoint of FlowFile Repository
2019-08-16 17:23:06,546 INFO [pool-10-thread-1] o.a.n.c.r.WriteAheadFlowFileRepository Successfully checkpointed FlowFile Repository with 0 records in 0 milliseconds
2019-08-16 17:23:13,500 INFO [Write-Ahead Local State Provider Maintenance] org.wali.MinimalLockingWriteAheadLog org.wali.MinimalLockingWriteAheadLog@381ed137 checkpointed with 689 Records and 0 Swap Files in 12 milliseconds (Stop-the-world time = 2 milliseconds, Clear Edit Logs time = 3 millis), max Transaction ID 2066
2019-08-16 17:23:38,973 WARN [Timer-Driven Process Thread-3] o.a.n.r.util.SiteToSiteRestApiClient Failed to get controller from http://localhost:8080/nifi-api due to java.net.UnknownHostException: else: Name or service not known
2019-08-16 17:23:38,973 WARN [Timer-Driven Process Thread-3] o.apache.nifi.controller.FlowController Unable to communicate with remote instance RemoteProcessGroup[http://localhost:8080/nifi] due to org.apache.nifi.controller.exception.CommunicationsException: org.apache.nifi.controller.exception.CommunicationsException: Unable to communicate with Remote NiFi at URI http://localhost:8080/nifi due to: else: Name or service not known
2019-08-16 17:24:08,977 WARN [Timer-Driven Process Thread-3] o.a.n.r.util.SiteToSiteRestApiClient Failed to get controller from http://localhost:8080/nifi-api due to java.net.UnknownHostException: else: Name or service not known
2019-08-16 17:24:08,978 WARN [Timer-Driven Process Thread-3] o.apache.nifi.controller.FlowController Unable to communicate with remote instance RemoteProcessGroup[http://localhost:8080/nifi] due to org.apache.nifi.controller.exception.CommunicationsException: org.apache.nifi.controller.exception.CommunicationsException: Unable to communicate with Remote NiFi at URI http://localhost:8080/nifi due to: else: Name or service not known
2019-08-16 17:24:38,984 WARN [Timer-Driven Process Thread-4] o.a.n.r.util.SiteToSiteRestApiClient Failed to get controller from http://localhost:8080/nifi-api due to java.net.UnknownHostException: else: Name or service not known
2019-08-16 17:24:38,985 WARN [Timer-Driven Process Thread-4] o.apache.nifi.controller.FlowController Unable to communicate with remote instance RemoteProcessGroup[http://localhost:8080/nifi] due to org.apache.nifi.controller.exception.CommunicationsException: org.apache.nifi.controller.exception.CommunicationsException: Unable to communicate with Remote NiFi at URI http://localhost:8080/nifi due to: else: Name or service not known
2019-08-16 17:25:06,546 INFO [pool-10-thread-1] o.a.n.c.r.WriteAheadFlowFileRepository Initiating checkpoint of FlowFile Repository
2019-08-16 17:25:06,546 INFO [pool-10-thread-1] o.a.n.c.r.WriteAheadFlowFileRepository Successfully checkpointed FlowFile Repository with 0 records in 0 milliseconds
2019-08-16 17:25:08,990 WARN [Timer-Driven Process Thread-4] o.a.n.r.util.SiteToSiteRestApiClient Failed to get controller from http://localhost:8080/nifi-api due to java.net.UnknownHostException: else: Name or service not known
2019-08-16 17:25:08,991 WARN [Timer-Driven Process Thread-4] o.apache.nifi.controller.FlowController Unable to communicate with remote instance RemoteProcessGroup[http://localhost:8080/nifi] due to org.apache.nifi.controller.exception.CommunicationsException: org.apache.nifi.controller.exception.CommunicationsException: Unable to communicate with Remote NiFi at URI http://localhost:8080/nifi due to: else: Name or service not known
2019-08-16 17:25:13,510 INFO [Write-Ahead Local State Provider Maintenance] org.wali.MinimalLockingWriteAheadLog org.wali.MinimalLockingWriteAheadLog@381ed137 checkpointed with 689 Records and 0 Swap Files in 9 milliseconds (Stop-the-world time = 1 milliseconds, Clear Edit Logs time = 1 millis), max Transaction ID 2066
2019-08-16 17:25:38,997 WARN [Timer-Driven Process Thread-7] o.a.n.r.util.SiteToSiteRestApiClient Failed to get controller from http://localhost:8080/nifi-api due to java.net.UnknownHostException: else: Name or service not known
2019-08-16 17:25:38,997 WARN [Timer-Driven Process Thread-7] o.apache.nifi.controller.FlowController Unable to communicate with remote instance RemoteProcessGroup[http://localhost:8080/nifi] due to org.apache.nifi.controller.exception.CommunicationsException: org.apache.nifi.controller.exception.CommunicationsException: Unable to communicate with Remote NiFi at URI http://localhost:8080/nifi due to: else: Name or service not known
2019-08-16 17:26:09,003 WARN [Timer-Driven Process Thread-9] o.a.n.r.util.SiteToSiteRestApiClient Failed to get controller from http://localhost:8080/nifi-api due to java.net.UnknownHostException: else: Name or service not known
2019-08-16 17:26:09,003 WARN [Timer-Driven Process Thread-9] o.apache.nifi.controller.FlowController Unable to communicate with remote instance RemoteProcessGroup[http://localhost:8080/nifi] due to org.apache.nifi.controller.exception.CommunicationsException: org.apache.nifi.controller.exception.CommunicationsException: Unable to communicate with Remote NiFi at URI http://localhost:8080/nifi due to: else: Name or service not known
2019-08-16 17:26:39,008 WARN [Timer-Driven Process Thread-5] o.a.n.r.util.SiteToSiteRestApiClient Failed to get controller from http://localhost:8080/nifi-api due to java.net.UnknownHostException: else: Name or service not known
2019-08-16 17:26:39,009 WARN [Timer-Driven Process Thread-5] o.apache.nifi.controller.FlowController Unable to communicate with remote instance RemoteProcessGroup[http://localhost:8080/nifi] due to org.apache.nifi.controller.exception.CommunicationsException: org.apache.nifi.controller.exception.CommunicationsException: Unable to communicate with Remote NiFi at URI http://localhost:8080/nifi due to: else: Name or service not known
2019-08-16 17:27:06,547 INFO [pool-10-thread-1] o.a.n.c.r.WriteAheadFlowFileRepository Initiating checkpoint of FlowFile Repository
2019-08-16 17:27:06,547 INFO [pool-10-thread-1] o.a.n.c.r.WriteAheadFlowFileRepository Successfully checkpointed FlowFile Repository with 0 records in 0 milliseconds
2019-08-16 17:27:09,013 WARN [Timer-Driven Process Thread-10] o.a.n.r.util.SiteToSiteRestApiClient Failed to get controller from http://localhost:8080/nifi-api due to java.net.UnknownHostException: else: Name or service not known
2019-08-16 17:27:09,013 WARN [Timer-Driven Process Thread-10] o.apache.nifi.controller.FlowController Unable to communicate with remote instance RemoteProcessGroup[http://localhost:8080/nifi] due to org.apache.nifi.controller.exception.CommunicationsException: org.apache.nifi.controller.exception.CommunicationsException: Unable to communicate with Remote NiFi at URI http://localhost:8080/nifi due to: else: Name or service not known
2019-08-16 17:27:13,520 INFO [Write-Ahead Local State Provider Maintenance] org.wali.MinimalLockingWriteAheadLog org.wali.MinimalLockingWriteAheadLog@381ed137 checkpointed with 689 Records and 0 Swap Files in 9 milliseconds (Stop-the-world time = 2 milliseconds, Clear Edit Logs time = 0 millis), max Transaction ID 2066
2019-08-16 17:27:45,178 WARN [Remote Process Group 9a3648e0-016c-1000-17e7-230c5a5a0e3f Thread-1] o.a.n.r.util.SiteToSiteRestApiClient Failed to get controller from http://localhost:8080/nifi-api due to java.net.UnknownHostException: else: Name or service not known
2019-08-16 17:27:45,178 WARN [Remote Process Group 9a3648e0-016c-1000-17e7-230c5a5a0e3f Thread-1] o.a.n.remote.StandardRemoteProcessGroup Unable to connect to RemoteProcessGroup[http://localhost:8080/nifi] due to java.net.UnknownHostException: else: Name or service not known
2019-08-16 17:28:39,019 WARN [Timer-Driven Process Thread-1] o.a.n.r.util.SiteToSiteRestApiClient Failed to get controller from http://localhost:8080/nifi-api due to java.net.UnknownHostException: else: Name or service not known
2019-08-16 17:28:39,020 WARN [Timer-Driven Process Thread-1] o.apache.nifi.controller.FlowController Unable to communicate with remote instance RemoteProcessGroup[http://localhost:8080/nifi] due to org.apache.nifi.controller.exception.CommunicationsException: org.apache.nifi.controller.exception.CommunicationsException: Unable to communicate with Remote NiFi at URI http://localhost:8080/nifi due to: else: Name or service not known
2019-08-16 17:29:06,547 INFO [pool-10-thread-1] o.a.n.c.r.WriteAheadFlowFileRepository Initiating checkpoint of FlowFile Repository
2019-08-16 17:29:06,547 INFO [pool-10-thread-1] o.a.n.c.r.WriteAheadFlowFileRepository Successfully checkpointed FlowFile Repository with 0 records in 0 milliseconds
2019-08-16 17:29:09,024 WARN [Timer-Driven Process Thread-8] o.a.n.r.util.SiteToSiteRestApiClient Failed to get controller from http://localhost:8080/nifi-api due to java.net.UnknownHostException: else: Name or service not known
2019-08-16 17:29:09,025 WARN [Timer-Driven Process Thread-8] o.apache.nifi.controller.FlowController Unable to communicate with remote instance RemoteProcessGroup[http://localhost:8080/nifi] due to org.apache.nifi.controller.exception.CommunicationsException: org.apache.nifi.controller.exception.CommunicationsException: Unable to communicate with Remote NiFi at URI http://localhost:8080/nifi due to: else: Name or service not known
2019-08-16 17:29:13,528 INFO [Write-Ahead Local State Provider Maintenance] org.wali.MinimalLockingWriteAheadLog org.wali.MinimalLockingWriteAheadLog@381ed137 checkpointed with 689 Records and 0 Swap Files in 7 milliseconds (Stop-the-world time = 0 milliseconds, Clear Edit Logs time = 0 millis), max Transaction ID 2066
2019-08-16 17:29:39,030 WARN [Timer-Driven Process Thread-10] o.a.n.r.util.SiteToSiteRestApiClient Failed to get controller from http://localhost:8080/nifi-api due to java.net.UnknownHostException: else: Name or service not known
2019-08-16 17:29:39,030 WARN [Timer-Driven Process Thread-10] o.apache.nifi.controller.FlowController Unable to communicate with remote instance RemoteProcessGroup[http://localhost:8080/nifi] due to org.apache.nifi.controller.exception.CommunicationsException: org.apache.nifi.controller.exception.CommunicationsException: Unable to communicate with Remote NiFi at URI http://localhost:8080/nifi due to: else: Name or service not known
2019-08-16 17:30:39,035 WARN [Timer-Driven Process Thread-3] o.a.n.r.util.SiteToSiteRestApiClient Failed to get controller from http://localhost:8080/nifi-api due to java.net.UnknownHostException: else: Name or service not known
2019-08-16 17:30:39,035 WARN [Timer-Driven Process Thread-3] o.apache.nifi.controller.FlowController Unable to communicate with remote instance RemoteProcessGroup[http://localhost:8080/nifi] due to org.apache.nifi.controller.exception.CommunicationsException: org.apache.nifi.controller.exception.CommunicationsException: Unable to communicate with Remote NiFi at URI http://localhost:8080/nifi due to: else: Name or service not known
2019-08-16 17:31:06,548 INFO [pool-10-thread-1] o.a.n.c.r.WriteAheadFlowFileRepository Initiating checkpoint of FlowFile Repository
2019-08-16 17:31:06,548 INFO [pool-10-thread-1] o.a.n.c.r.WriteAheadFlowFileRepository Successfully checkpointed FlowFile Repository with 0 records in 0 milliseconds
2019-08-16 17:31:13,538 INFO [Write-Ahead Local State Provider Maintenance] org.wali.MinimalLockingWriteAheadLog org.wali.MinimalLockingWriteAheadLog@381ed137 checkpointed with 689 Records and 0 Swap Files in 9 milliseconds (Stop-the-world time = 2 milliseconds, Clear Edit Logs time = 0 millis), max Transaction ID 2066
2019-08-16 17:31:39,041 WARN [Timer-Driven Process Thread-7] o.a.n.r.util.SiteToSiteRestApiClient Failed to get controller from http://localhost:8080/nifi-api due to java.net.UnknownHostException: else: Name or service not known
2019-08-16 17:31:39,041 WARN [Timer-Driven Process Thread-7] o.apache.nifi.controller.FlowController Unable to communicate with remote instance RemoteProcessGroup[http://localhost:8080/nifi] due to org.apache.nifi.controller.exception.CommunicationsException: org.apache.nifi.controller.exception.CommunicationsException: Unable to communicate with Remote NiFi at URI http://localhost:8080/nifi due to: else: Name or service not known
2019-08-16 17:32:39,048 WARN [Timer-Driven Process Thread-7] o.a.n.r.util.SiteToSiteRestApiClient Failed to get controller from http://localhost:8080/nifi-api due to java.net.UnknownHostException: else: Name or service not known
2019-08-16 17:32:39,049 WARN [Timer-Driven Process Thread-7] o.apache.nifi.controller.FlowController Unable to communicate with remote instance RemoteProcessGroup[http://localhost:8080/nifi] due to org.apache.nifi.controller.exception.CommunicationsException: org.apache.nifi.controller.exception.CommunicationsException: Unable to communicate with Remote NiFi at URI http://localhost:8080/nifi due to: else: Name or service not known
2019-08-16 17:33:06,548 INFO [pool-10-thread-1] o.a.n.c.r.WriteAheadFlowFileRepository Initiating checkpoint of FlowFile Repository
2019-08-16 17:33:06,549 INFO [pool-10-thread-1] o.a.n.c.r.WriteAheadFlowFileRepository Successfully checkpointed FlowFile Repository with 0 records in 0 milliseconds
2019-08-16 17:33:09,054 WARN [Timer-Driven Process Thread-7] o.a.n.r.util.SiteToSiteRestApiClient Failed to get controller from http://localhost:8080/nifi-api due to java.net.UnknownHostException: else: Name or service not known
2019-08-16 17:33:09,054 WARN [Timer-Driven Process Thread-7] o.apache.nifi.controller.FlowController Unable to communicate with remote instance RemoteProcessGroup[http://localhost:8080/nifi] due to org.apache.nifi.controller.exception.CommunicationsException: org.apache.nifi.controller.exception.CommunicationsException: Unable to communicate with Remote NiFi at URI http://localhost:8080/nifi due to: else: Name or service not known
2019-08-16 17:33:13,550 INFO [Write-Ahead Local State Provider Maintenance] org.wali.MinimalLockingWriteAheadLog org.wali.MinimalLockingWriteAheadLog@381ed137 checkpointed with 689 Records and 0 Swap Files in 11 milliseconds (Stop-the-world time = 3 milliseconds, Clear Edit Logs time = 1 millis), max Transaction ID 2066
2019-08-16 17:33:45,186 WARN [Remote Process Group 9a3648e0-016c-1000-17e7-230c5a5a0e3f Thread-1] o.a.n.r.util.SiteToSiteRestApiClient Failed to get controller from http://localhost:8080/nifi-api due to java.net.UnknownHostException: else: Name or service not known
2019-08-16 17:33:45,186 WARN [Remote Process Group 9a3648e0-016c-1000-17e7-230c5a5a0e3f Thread-1] o.a.n.remote.StandardRemoteProcessGroup Unable to connect to RemoteProcessGroup[http://localhost:8080/nifi] due to java.net.UnknownHostException: else: Name or service not known
2019-08-16 17:34:39,059 WARN [Timer-Driven Process Thread-9] o.a.n.r.util.SiteToSiteRestApiClient Failed to get controller from http://localhost:8080/nifi-api due to java.net.UnknownHostException: else: Name or service not known
2019-08-16 17:34:39,060 WARN [Timer-Driven Process Thread-9] o.apache.nifi.controller.FlowController Unable to communicate with remote instance RemoteProcessGroup[http://localhost:8080/nifi] due to org.apache.nifi.controller.exception.CommunicationsException: org.apache.nifi.controller.exception.CommunicationsException: Unable to communicate with Remote NiFi at URI http://localhost:8080/nifi due to: else: Name or service not known
2019-08-16 17:35:06,549 INFO [pool-10-thread-1] o.a.n.c.r.WriteAheadFlowFileRepository Initiating checkpoint of FlowFile Repository
2019-08-16 17:35:06,549 INFO [pool-10-thread-1] o.a.n.c.r.WriteAheadFlowFileRepository Successfully checkpointed FlowFile Repository with 0 records in 0 milliseconds
2019-08-16 17:35:09,065 WARN [Timer-Driven Process Thread-2] o.a.n.r.util.SiteToSiteRestApiClient Failed to get controller from http://localhost:8080/nifi-api due to java.net.UnknownHostException: else: Name or service not known
2019-08-16 17:35:09,066 WARN [Timer-Driven Process Thread-2] o.apache.nifi.controller.FlowController Unable to communicate with remote instance RemoteProcessGroup[http://localhost:8080/nifi] due to org.apache.nifi.controller.exception.CommunicationsException: org.apache.nifi.controller.exception.CommunicationsException: Unable to communicate with Remote NiFi at URI http://localhost:8080/nifi due to: else: Name or service not known
2019-08-16 17:35:13,561 INFO [Write-Ahead Local State Provider Maintenance] org.wali.MinimalLockingWriteAheadLog org.wali.MinimalLockingWriteAheadLog@381ed137 checkpointed with 689 Records and 0 Swap Files in 10 milliseconds (Stop-the-world time = 2 milliseconds, Clear Edit Logs time = 1 millis), max Transaction ID 2066
2019-08-16 17:35:39,073 WARN [Timer-Driven Process Thread-9] o.a.n.r.util.SiteToSiteRestApiClient Failed to get controller from http://localhost:8080/nifi-api due to java.net.UnknownHostException: else: Name or service not known
2019-08-16 17:35:39,073 WARN [Timer-Driven Process Thread-9] o.apache.nifi.controller.FlowController Unable to communicate with remote instance RemoteProcessGroup[http://localhost:8080/nifi] due to org.apache.nifi.controller.exception.CommunicationsException: org.apache.nifi.controller.exception.CommunicationsException: Unable to communicate with Remote NiFi at URI http://localhost:8080/nifi due to: else: Name or service not known
2019-08-16 17:36:39,080 WARN [Timer-Driven Process Thread-3] o.a.n.r.util.SiteToSiteRestApiClient Failed to get controller from http://localhost:8080/nifi-api due to java.net.UnknownHostException: else: Name or service not known
2019-08-16 17:36:39,080 WARN [Timer-Driven Process Thread-3] o.apache.nifi.controller.FlowController Unable to communicate with remote instance RemoteProcessGroup[http://localhost:8080/nifi] due to org.apache.nifi.controller.exception.CommunicationsException: org.apache.nifi.controller.exception.CommunicationsException: Unable to communicate with Remote NiFi at URI http://localhost:8080/nifi due to: else: Name or service not known
2019-08-16 17:37:06,549 INFO [pool-10-thread-1] o.a.n.c.r.WriteAheadFlowFileRepository Initiating checkpoint of FlowFile Repository
2019-08-16 17:37:06,550 INFO [pool-10-thread-1] o.a.n.c.r.WriteAheadFlowFileRepository Successfully checkpointed FlowFile Repository with 0 records in 0 milliseconds
2019-08-16 17:37:09,087 WARN [Timer-Driven Process Thread-9] o.a.n.r.util.SiteToSiteRestApiClient Failed to get controller from http://localhost:8080/nifi-api due to java.net.UnknownHostException: else: Name or service not known
2019-08-16 17:37:09,087 WARN [Timer-Driven Process Thread-9] o.apache.nifi.controller.FlowController Unable to communicate with remote instance RemoteProcessGroup[http://localhost:8080/nifi] due to org.apache.nifi.controller.exception.CommunicationsException: org.apache.nifi.controller.exception.CommunicationsException: Unable to communicate with Remote NiFi at URI http://localhost:8080/nifi due to: else: Name or service not known
2019-08-16 17:37:13,572 INFO [Write-Ahead Local State Provider Maintenance] org.wali.MinimalLockingWriteAheadLog org.wali.MinimalLockingWriteAheadLog@381ed137 checkpointed with 689 Records and 0 Swap Files in 10 milliseconds (Stop-the-world time = 1 milliseconds, Clear Edit Logs time = 1 millis), max Transaction ID 2066
2019-08-16 17:37:39,094 WARN [Timer-Driven Process Thread-10] o.a.n.r.util.SiteToSiteRestApiClient Failed to get controller from http://localhost:8080/nifi-api due to java.net.UnknownHostException: else: Name or service not known
2019-08-16 17:37:39,095 WARN [Timer-Driven Process Thread-10] o.apache.nifi.controller.FlowController Unable to communicate with remote instance RemoteProcessGroup[http://localhost:8080/nifi] due to org.apache.nifi.controller.exception.CommunicationsException: org.apache.nifi.controller.exception.CommunicationsException: Unable to communicate with Remote NiFi at URI http://localhost:8080/nifi due to: else: Name or service not known
2019-08-16 17:38:09,101 WARN [Timer-Driven Process Thread-1] o.a.n.r.util.SiteToSiteRestApiClient Failed to get controller from http://localhost:8080/nifi-api due to java.net.UnknownHostException: else: Name or service not known
2019-08-16 17:38:09,101 WARN [Timer-Driven Process Thread-1] o.apache.nifi.controller.FlowController Unable to communicate with remote instance RemoteProcessGroup[http://localhost:8080/nifi] due to org.apache.nifi.controller.exception.CommunicationsException: org.apache.nifi.controller.exception.CommunicationsException: Unable to communicate with Remote NiFi at URI http://localhost:8080/nifi due to: else: Name or service not known
2019-08-16 17:38:45,194 WARN [Remote Process Group 9a3648e0-016c-1000-17e7-230c5a5a0e3f Thread-1] o.a.n.r.util.SiteToSiteRestApiClient Failed to get controller from http://localhost:8080/nifi-api due to java.net.UnknownHostException: else: Name or service not known
2019-08-16 17:38:45,194 WARN [Remote Process Group 9a3648e0-016c-1000-17e7-230c5a5a0e3f Thread-1] o.a.n.remote.StandardRemoteProcessGroup Unable to connect to RemoteProcessGroup[http://localhost:8080/nifi] due to java.net.UnknownHostException: else: Name or service not known
2019-08-16 17:39:06,550 INFO [pool-10-thread-1] o.a.n.c.r.WriteAheadFlowFileRepository Initiating checkpoint of FlowFile Repository
2019-08-16 17:39:06,551 INFO [pool-10-thread-1] o.a.n.c.r.WriteAheadFlowFileRepository Successfully checkpointed FlowFile Repository with 0 records in 0 milliseconds
2019-08-16 17:39:13,583 INFO [Write-Ahead Local State Provider Maintenance] org.wali.MinimalLockingWriteAheadLog org.wali.MinimalLockingWriteAheadLog@381ed137 checkpointed with 689 Records and 0 Swap Files in 10 milliseconds (Stop-the-world time = 2 milliseconds, Clear Edit Logs time = 0 millis), max Transaction ID 2066
2019-08-16 17:39:39,107 WARN [Timer-Driven Process Thread-9] o.a.n.r.util.SiteToSiteRestApiClient Failed to get controller from http://localhost:8080/nifi-api due to java.net.UnknownHostException: else: Name or service not known
2019-08-16 17:39:39,108 WARN [Timer-Driven Process Thread-9] o.apache.nifi.controller.FlowController Unable to communicate with remote instance RemoteProcessGroup[http://localhost:8080/nifi] due to org.apache.nifi.controller.exception.CommunicationsException: org.apache.nifi.controller.exception.CommunicationsException: Unable to communicate with Remote NiFi at URI http://localhost:8080/nifi due to: else: Name or service not known
2019-08-16 17:40:09,114 WARN [Timer-Driven Process Thread-1] o.a.n.r.util.SiteToSiteRestApiClient Failed to get controller from http://localhost:8080/nifi-api due to java.net.UnknownHostException: else: Name or service not known
2019-08-16 17:40:09,114 WARN [Timer-Driven Process Thread-1] o.apache.nifi.controller.FlowController Unable to communicate with remote instance RemoteProcessGroup[http://localhost:8080/nifi] due to org.apache.nifi.controller.exception.CommunicationsException: org.apache.nifi.controller.exception.CommunicationsException: Unable to communicate with Remote NiFi at URI http://localhost:8080/nifi due to: else: Name or service not known
2019-08-16 17:40:39,120 WARN [Timer-Driven Process Thread-1] o.a.n.r.util.SiteToSiteRestApiClient Failed to get controller from http://localhost:8080/nifi-api due to java.net.UnknownHostException: else: Name or service not known
2019-08-16 17:40:39,120 WARN [Timer-Driven Process Thread-1] o.apache.nifi.controller.FlowController Unable to communicate with remote instance RemoteProcessGroup[http://localhost:8080/nifi] due to org.apache.nifi.controller.exception.CommunicationsException: org.apache.nifi.controller.exception.CommunicationsException: Unable to communicate with Remote NiFi at URI http://localhost:8080/nifi due to: else: Name or service not known
2019-08-16 17:41:06,551 INFO [pool-10-thread-1] o.a.n.c.r.WriteAheadFlowFileRepository Initiating checkpoint of FlowFile Repository
2019-08-16 17:41:06,551 INFO [pool-10-thread-1] o.a.n.c.r.WriteAheadFlowFileRepository Successfully checkpointed FlowFile Repository with 0 records in 0 milliseconds
2019-08-16 17:41:13,591 INFO [Write-Ahead Local State Provider Maintenance] org.wali.MinimalLockingWriteAheadLog org.wali.MinimalLockingWriteAheadLog@381ed137 checkpointed with 689 Records and 0 Swap Files in 8 milliseconds (Stop-the-world time = 3 milliseconds, Clear Edit Logs time = 0 millis), max Transaction ID 2066
2019-08-16 17:41:39,125 WARN [Timer-Driven Process Thread-9] o.a.n.r.util.SiteToSiteRestApiClient Failed to get controller from http://localhost:8080/nifi-api due to java.net.UnknownHostException: else: Name or service not known
2019-08-16 17:41:39,125 WARN [Timer-Driven Process Thread-9] o.apache.nifi.controller.FlowController Unable to communicate with remote instance RemoteProcessGroup[http://localhost:8080/nifi] due to org.apache.nifi.controller.exception.CommunicationsException: org.apache.nifi.controller.exception.CommunicationsException: Unable to communicate with Remote NiFi at URI http://localhost:8080/nifi due to: else: Name or service not known
2019-08-16 17:42:39,130 WARN [Timer-Driven Process Thread-9] o.a.n.r.util.SiteToSiteRestApiClient Failed to get controller from http://localhost:8080/nifi-api due to java.net.UnknownHostException: else: Name or service not known
2019-08-16 17:42:39,130 WARN [Timer-Driven Process Thread-9] o.apache.nifi.controller.FlowController Unable to communicate with remote instance RemoteProcessGroup[http://localhost:8080/nifi] due to org.apache.nifi.controller.exception.CommunicationsException: org.apache.nifi.controller.exception.CommunicationsException: Unable to communicate with Remote NiFi at URI http://localhost:8080/nifi due to: else: Name or service not known
2019-08-16 17:43:06,551 INFO [pool-10-thread-1] o.a.n.c.r.WriteAheadFlowFileRepository Initiating checkpoint of FlowFile Repository
2019-08-16 17:43:06,552 INFO [pool-10-thread-1] o.a.n.c.r.WriteAheadFlowFileRepository Successfully checkpointed FlowFile Repository with 0 records in 0 milliseconds
2019-08-16 17:43:13,603 INFO [Write-Ahead Local State Provider Maintenance] org.wali.MinimalLockingWriteAheadLog org.wali.MinimalLockingWriteAheadLog@381ed137 checkpointed with 689 Records and 0 Swap Files in 11 milliseconds (Stop-the-world time = 3 milliseconds, Clear Edit Logs time = 1 millis), max Transaction ID 2066
2019-08-16 17:43:39,135 WARN [Timer-Driven Process Thread-4] o.a.n.r.util.SiteToSiteRestApiClient Failed to get controller from http://localhost:8080/nifi-api due to java.net.UnknownHostException: else: Name or service not known
2019-08-16 17:43:39,135 WARN [Timer-Driven Process Thread-4] o.apache.nifi.controller.FlowController Unable to communicate with remote instance RemoteProcessGroup[http://localhost:8080/nifi] due to org.apache.nifi.controller.exception.CommunicationsException: org.apache.nifi.controller.exception.CommunicationsException: Unable to communicate with Remote NiFi at URI http://localhost:8080/nifi due to: else: Name or service not known
2019-08-16 17:44:39,140 WARN [Timer-Driven Process Thread-10] o.a.n.r.util.SiteToSiteRestApiClient Failed to get controller from http://localhost:8080/nifi-api due to java.net.UnknownHostException: else: Name or service not known
2019-08-16 17:44:39,140 WARN [Timer-Driven Process Thread-10] o.apache.nifi.controller.FlowController Unable to communicate with remote instance RemoteProcessGroup[http://localhost:8080/nifi] due to org.apache.nifi.controller.exception.CommunicationsException: org.apache.nifi.controller.exception.CommunicationsException: Unable to communicate with Remote NiFi at URI http://localhost:8080/nifi due to: else: Name or service not known
2019-08-16 17:45:06,552 INFO [pool-10-thread-1] o.a.n.c.r.WriteAheadFlowFileRepository Initiating checkpoint of FlowFile Repository
2019-08-16 17:45:06,553 INFO [pool-10-thread-1] o.a.n.c.r.WriteAheadFlowFileRepository Successfully checkpointed FlowFile Repository with 0 records in 0 milliseconds
2019-08-16 17:45:09,146 WARN [Timer-Driven Process Thread-7] o.a.n.r.util.SiteToSiteRestApiClient Failed to get controller from http://localhost:8080/nifi-api due to java.net.UnknownHostException: else: Name or service not known
2019-08-16 17:45:09,146 WARN [Timer-Driven Process Thread-7] o.apache.nifi.controller.FlowController Unable to communicate with remote instance RemoteProcessGroup[http://localhost:8080/nifi] due to org.apache.nifi.controller.exception.CommunicationsException: org.apache.nifi.controller.exception.CommunicationsException: Unable to communicate with Remote NiFi at URI http://localhost:8080/nifi due to: else: Name or service not known
2019-08-16 17:45:13,615 INFO [Write-Ahead Local State Provider Maintenance] org.wali.MinimalLockingWriteAheadLog org.wali.MinimalLockingWriteAheadLog@381ed137 checkpointed with 689 Records and 0 Swap Files in 11 milliseconds (Stop-the-world time = 2 milliseconds, Clear Edit Logs time = 2 millis), max Transaction ID 2066
2019-08-16 17:45:39,152 WARN [Timer-Driven Process Thread-10] o.a.n.r.util.SiteToSiteRestApiClient Failed to get controller from http://localhost:8080/nifi-api due to java.net.UnknownHostException: else: Name or service not known
2019-08-16 17:45:39,152 WARN [Timer-Driven Process Thread-10] o.apache.nifi.controller.FlowController Unable to communicate with remote instance RemoteProcessGroup[http://localhost:8080/nifi] due to org.apache.nifi.controller.exception.CommunicationsException: org.apache.nifi.controller.exception.CommunicationsException: Unable to communicate with Remote NiFi at URI http://localhost:8080/nifi due to: else: Name or service not known
2019-08-16 17:46:39,158 WARN [Timer-Driven Process Thread-8] o.a.n.r.util.SiteToSiteRestApiClient Failed to get controller from http://localhost:8080/nifi-api due to java.net.UnknownHostException: else: Name or service not known
2019-08-16 17:46:39,158 WARN [Timer-Driven Process Thread-8] o.apache.nifi.controller.FlowController Unable to communicate with remote instance RemoteProcessGroup[http://localhost:8080/nifi] due to org.apache.nifi.controller.exception.CommunicationsException: org.apache.nifi.controller.exception.CommunicationsException: Unable to communicate with Remote NiFi at URI http://localhost:8080/nifi due to: else: Name or service not known
2019-08-16 17:47:06,553 INFO [pool-10-thread-1] o.a.n.c.r.WriteAheadFlowFileRepository Initiating checkpoint of FlowFile Repository
2019-08-16 17:47:06,553 INFO [pool-10-thread-1] o.a.n.c.r.WriteAheadFlowFileRepository Successfully checkpointed FlowFile Repository with 0 records in 0 milliseconds
2019-08-16 17:47:09,164 WARN [Timer-Driven Process Thread-10] o.a.n.r.util.SiteToSiteRestApiClient Failed to get controller from http://localhost:8080/nifi-api due to java.net.UnknownHostException: else: Name or service not known
2019-08-16 17:47:09,164 WARN [Timer-Driven Process Thread-10] o.apache.nifi.controller.FlowController Unable to communicate with remote instance RemoteProcessGroup[http://localhost:8080/nifi] due to org.apache.nifi.controller.exception.CommunicationsException: org.apache.nifi.controller.exception.CommunicationsException: Unable to communicate with Remote NiFi at URI http://localhost:8080/nifi due to: else: Name or service not known
2019-08-16 17:47:13,627 INFO [Write-Ahead Local State Provider Maintenance] org.wali.MinimalLockingWriteAheadLog org.wali.MinimalLockingWriteAheadLog@381ed137 checkpointed with 689 Records and 0 Swap Files in 11 milliseconds (Stop-the-world time = 3 milliseconds, Clear Edit Logs time = 1 millis), max Transaction ID 2066
2019-08-16 17:47:39,170 WARN [Timer-Driven Process Thread-8] o.a.n.r.util.SiteToSiteRestApiClient Failed to get controller from http://localhost:8080/nifi-api due to java.net.UnknownHostException: else: Name or service not known
2019-08-16 17:47:39,170 WARN [Timer-Driven Process Thread-8] o.apache.nifi.controller.FlowController Unable to communicate with remote instance RemoteProcessGroup[http://localhost:8080/nifi] due to org.apache.nifi.controller.exception.CommunicationsException: org.apache.nifi.controller.exception.CommunicationsException: Unable to communicate with Remote NiFi at URI http://localhost:8080/nifi due to: else: Name or service not known
2019-08-16 17:48:09,176 WARN [Timer-Driven Process Thread-3] o.a.n.r.util.SiteToSiteRestApiClient Failed to get controller from http://localhost:8080/nifi-api due to java.net.UnknownHostException: else: Name or service not known
2019-08-16 17:48:09,176 WARN [Timer-Driven Process Thread-3] o.apache.nifi.controller.FlowController Unable to communicate with remote instance RemoteProcessGroup[http://localhost:8080/nifi] due to org.apache.nifi.controller.exception.CommunicationsException: org.apache.nifi.controller.exception.CommunicationsException: Unable to communicate with Remote NiFi at URI http://localhost:8080/nifi due to: else: Name or service not known
2019-08-16 17:48:45,203 WARN [Remote Process Group 9a3648e0-016c-1000-17e7-230c5a5a0e3f Thread-1] o.a.n.r.util.SiteToSiteRestApiClient Failed to get controller from http://localhost:8080/nifi-api due to java.net.UnknownHostException: else: Name or service not known
2019-08-16 17:48:45,203 WARN [Remote Process Group 9a3648e0-016c-1000-17e7-230c5a5a0e3f Thread-1] o.a.n.remote.StandardRemoteProcessGroup Unable to connect to RemoteProcessGroup[http://localhost:8080/nifi] due to java.net.UnknownHostException: else: Name or service not known
2019-08-16 17:49:06,553 INFO [pool-10-thread-1] o.a.n.c.r.WriteAheadFlowFileRepository Initiating checkpoint of FlowFile Repository
2019-08-16 17:49:06,554 INFO [pool-10-thread-1] o.a.n.c.r.WriteAheadFlowFileRepository Successfully checkpointed FlowFile Repository with 0 records in 0 milliseconds
2019-08-16 17:49:13,639 INFO [Write-Ahead Local State Provider Maintenance] org.wali.MinimalLockingWriteAheadLog org.wali.MinimalLockingWriteAheadLog@381ed137 checkpointed with 689 Records and 0 Swap Files in 10 milliseconds (Stop-the-world time = 3 milliseconds, Clear Edit Logs time = 1 millis), max Transaction ID 2066
2019-08-16 17:49:39,182 WARN [Timer-Driven Process Thread-5] o.a.n.r.util.SiteToSiteRestApiClient Failed to get controller from http://localhost:8080/nifi-api due to java.net.UnknownHostException: else: Name or service not known
2019-08-16 17:49:39,183 WARN [Timer-Driven Process Thread-5] o.apache.nifi.controller.FlowController Unable to communicate with remote instance RemoteProcessGroup[http://localhost:8080/nifi] due to org.apache.nifi.controller.exception.CommunicationsException: org.apache.nifi.controller.exception.CommunicationsException: Unable to communicate with Remote NiFi at URI http://localhost:8080/nifi due to: else: Name or service not known
2019-08-16 17:50:09,188 WARN [Timer-Driven Process Thread-1] o.a.n.r.util.SiteToSiteRestApiClient Failed to get controller from http://localhost:8080/nifi-api due to java.net.UnknownHostException: else: Name or service not known
2019-08-16 17:50:09,188 WARN [Timer-Driven Process Thread-1] o.apache.nifi.controller.FlowController Unable to communicate with remote instance RemoteProcessGroup[http://localhost:8080/nifi] due to org.apache.nifi.controller.exception.CommunicationsException: org.apache.nifi.controller.exception.CommunicationsException: Unable to communicate with Remote NiFi at URI http://localhost:8080/nifi due to: else: Name or service not known
2019-08-16 17:50:39,194 WARN [Timer-Driven Process Thread-3] o.a.n.r.util.SiteToSiteRestApiClient Failed to get controller from http://localhost:8080/nifi-api due to java.net.UnknownHostException: else: Name or service not known
2019-08-16 17:50:39,195 WARN [Timer-Driven Process Thread-3] o.apache.nifi.controller.FlowController Unable to communicate with remote instance RemoteProcessGroup[http://localhost:8080/nifi] due to org.apache.nifi.controller.exception.CommunicationsException: org.apache.nifi.controller.exception.CommunicationsException: Unable to communicate with Remote NiFi at URI http://localhost:8080/nifi due to: else: Name or service not known
2019-08-16 17:51:06,554 INFO [pool-10-thread-1] o.a.n.c.r.WriteAheadFlowFileRepository Initiating checkpoint of FlowFile Repository
2019-08-16 17:51:06,554 INFO [pool-10-thread-1] o.a.n.c.r.WriteAheadFlowFileRepository Successfully checkpointed FlowFile Repository with 0 records in 0 milliseconds
2019-08-16 17:51:09,201 WARN [Timer-Driven Process Thread-6] o.a.n.r.util.SiteToSiteRestApiClient Failed to get controller from http://localhost:8080/nifi-api due to java.net.UnknownHostException: else: Name or service not known
2019-08-16 17:51:09,201 WARN [Timer-Driven Process Thread-6] o.apache.nifi.controller.FlowController Unable to communicate with remote instance RemoteProcessGroup[http://localhost:8080/nifi] due to org.apache.nifi.controller.exception.CommunicationsException: org.apache.nifi.controller.exception.CommunicationsException: Unable to communicate with Remote NiFi at URI http://localhost:8080/nifi due to: else: Name or service not known
2019-08-16 17:51:13,650 INFO [Write-Ahead Local State Provider Maintenance] org.wali.MinimalLockingWriteAheadLog org.wali.MinimalLockingWriteAheadLog@381ed137 checkpointed with 689 Records and 0 Swap Files in 11 milliseconds (Stop-the-world time = 2 milliseconds, Clear Edit Logs time = 1 millis), max Transaction ID 2066
2019-08-16 17:51:45,211 WARN [Remote Process Group 9a3648e0-016c-1000-17e7-230c5a5a0e3f Thread-1] o.a.n.r.util.SiteToSiteRestApiClient Failed to get controller from http://localhost:8080/nifi-api due to java.net.UnknownHostException: else: Name or service not known
2019-08-16 17:51:45,212 WARN [Remote Process Group 9a3648e0-016c-1000-17e7-230c5a5a0e3f Thread-1] o.a.n.remote.StandardRemoteProcessGroup Unable to connect to RemoteProcessGroup[http://localhost:8080/nifi] due to java.net.UnknownHostException: else: Name or service not known
2019-08-16 17:52:39,208 WARN [Timer-Driven Process Thread-7] o.a.n.r.util.SiteToSiteRestApiClient Failed to get controller from http://localhost:8080/nifi-api due to java.net.UnknownHostException: else: Name or service not known
2019-08-16 17:52:39,208 WARN [Timer-Driven Process Thread-7] o.apache.nifi.controller.FlowController Unable to communicate with remote instance RemoteProcessGroup[http://localhost:8080/nifi] due to org.apache.nifi.controller.exception.CommunicationsException: org.apache.nifi.controller.exception.CommunicationsException: Unable to communicate with Remote NiFi at URI http://localhost:8080/nifi due to: else: Name or service not known
2019-08-16 17:53:06,554 INFO [pool-10-thread-1] o.a.n.c.r.WriteAheadFlowFileRepository Initiating checkpoint of FlowFile Repository
2019-08-16 17:53:06,555 INFO [pool-10-thread-1] o.a.n.c.r.WriteAheadFlowFileRepository Successfully checkpointed FlowFile Repository with 0 records in 0 milliseconds
2019-08-16 17:53:09,214 WARN [Timer-Driven Process Thread-9] o.a.n.r.util.SiteToSiteRestApiClient Failed to get controller from http://localhost:8080/nifi-api due to java.net.UnknownHostException: else: Name or service not known
2019-08-16 17:53:09,215 WARN [Timer-Driven Process Thread-9] o.apache.nifi.controller.FlowController Unable to communicate with remote instance RemoteProcessGroup[http://localhost:8080/nifi] due to org.apache.nifi.controller.exception.CommunicationsException: org.apache.nifi.controller.exception.CommunicationsException: Unable to communicate with Remote NiFi at URI http://localhost:8080/nifi due to: else: Name or service not known
2019-08-16 17:53:13,661 INFO [Write-Ahead Local State Provider Maintenance] org.wali.MinimalLockingWriteAheadLog org.wali.MinimalLockingWriteAheadLog@381ed137 checkpointed with 689 Records and 0 Swap Files in 10 milliseconds (Stop-the-world time = 3 milliseconds, Clear Edit Logs time = 1 millis), max Transaction ID 2066
2019-08-16 17:53:39,221 WARN [Timer-Driven Process Thread-10] o.a.n.r.util.SiteToSiteRestApiClient Failed to get controller from http://localhost:8080/nifi-api due to java.net.UnknownHostException: else: Name or service not known
2019-08-16 17:53:39,221 WARN [Timer-Driven Process Thread-10] o.apache.nifi.controller.FlowController Unable to communicate with remote instance RemoteProcessGroup[http://localhost:8080/nifi] due to org.apache.nifi.controller.exception.CommunicationsException: org.apache.nifi.controller.exception.CommunicationsException: Unable to communicate with Remote NiFi at URI http://localhost:8080/nifi due to: else: Name or service not known
2019-08-16 17:54:09,227 WARN [Timer-Driven Process Thread-9] o.a.n.r.util.SiteToSiteRestApiClient Failed to get controller from http://localhost:8080/nifi-api due to java.net.UnknownHostException: else: Name or service not known
2019-08-16 17:54:09,227 WARN [Timer-Driven Process Thread-9] o.apache.nifi.controller.FlowController Unable to communicate with remote instance RemoteProcessGroup[http://localhost:8080/nifi] due to org.apache.nifi.controller.exception.CommunicationsException: org.apache.nifi.controller.exception.CommunicationsException: Unable to communicate with Remote NiFi at URI http://localhost:8080/nifi due to: else: Name or service not known
2019-08-16 17:54:45,219 WARN [Remote Process Group 9a3648e0-016c-1000-17e7-230c5a5a0e3f Thread-1] o.a.n.r.util.SiteToSiteRestApiClient Failed to get controller from http://localhost:8080/nifi-api due to java.net.UnknownHostException: else: Name or service not known
2019-08-16 17:54:45,219 WARN [Remote Process Group 9a3648e0-016c-1000-17e7-230c5a5a0e3f Thread-1] o.a.n.remote.StandardRemoteProcessGroup Unable to connect to RemoteProcessGroup[http://localhost:8080/nifi] due to java.net.UnknownHostException: else: Name or service not known
2019-08-16 17:55:06,555 INFO [pool-10-thread-1] o.a.n.c.r.WriteAheadFlowFileRepository Initiating checkpoint of FlowFile Repository
2019-08-16 17:55:06,556 INFO [pool-10-thread-1] o.a.n.c.r.WriteAheadFlowFileRepository Successfully checkpointed FlowFile Repository with 0 records in 0 milliseconds
2019-08-16 17:55:13,673 INFO [Write-Ahead Local State Provider Maintenance] org.wali.MinimalLockingWriteAheadLog org.wali.MinimalLockingWriteAheadLog@381ed137 checkpointed with 689 Records and 0 Swap Files in 11 milliseconds (Stop-the-world time = 3 milliseconds, Clear Edit Logs time = 1 millis), max Transaction ID 2066
2019-08-16 17:55:39,235 WARN [Timer-Driven Process Thread-6] o.a.n.r.util.SiteToSiteRestApiClient Failed to get controller from http://localhost:8080/nifi-api due to java.net.UnknownHostException: else: Name or service not known
2019-08-16 17:55:39,236 WARN [Timer-Driven Process Thread-6] o.apache.nifi.controller.FlowController Unable to communicate with remote instance RemoteProcessGroup[http://localhost:8080/nifi] due to org.apache.nifi.controller.exception.CommunicationsException: org.apache.nifi.controller.exception.CommunicationsException: Unable to communicate with Remote NiFi at URI http://localhost:8080/nifi due to: else: Name or service not known
2019-08-16 17:56:09,242 WARN [Timer-Driven Process Thread-2] o.a.n.r.util.SiteToSiteRestApiClient Failed to get controller from http://localhost:8080/nifi-api due to java.net.UnknownHostException: else: Name or service not known
2019-08-16 17:56:09,243 WARN [Timer-Driven Process Thread-2] o.apache.nifi.controller.FlowController Unable to communicate with remote instance RemoteProcessGroup[http://localhost:8080/nifi] due to org.apache.nifi.controller.exception.CommunicationsException: org.apache.nifi.controller.exception.CommunicationsException: Unable to communicate with Remote NiFi at URI http://localhost:8080/nifi due to: else: Name or service not known
2019-08-16 17:56:39,249 WARN [Timer-Driven Process Thread-7] o.a.n.r.util.SiteToSiteRestApiClient Failed to get controller from http://localhost:8080/nifi-api due to java.net.UnknownHostException: else: Name or service not known
2019-08-16 17:56:39,249 WARN [Timer-Driven Process Thread-7] o.apache.nifi.controller.FlowController Unable to communicate with remote instance RemoteProcessGroup[http://localhost:8080/nifi] due to org.apache.nifi.controller.exception.CommunicationsException: org.apache.nifi.controller.exception.CommunicationsException: Unable to communicate with Remote NiFi at URI http://localhost:8080/nifi due to: else: Name or service not known
2019-08-16 17:57:06,556 INFO [pool-10-thread-1] o.a.n.c.r.WriteAheadFlowFileRepository Initiating checkpoint of FlowFile Repository
2019-08-16 17:57:06,557 INFO [pool-10-thread-1] o.a.n.c.r.WriteAheadFlowFileRepository Successfully checkpointed FlowFile Repository with 0 records in 0 milliseconds
2019-08-16 17:57:09,256 WARN [Timer-Driven Process Thread-5] o.a.n.r.util.SiteToSiteRestApiClient Failed to get controller from http://localhost:8080/nifi-api due to java.net.UnknownHostException: else: Name or service not known
2019-08-16 17:57:09,256 WARN [Timer-Driven Process Thread-5] o.apache.nifi.controller.FlowController Unable to communicate with remote instance RemoteProcessGroup[http://localhost:8080/nifi] due to org.apache.nifi.controller.exception.CommunicationsException: org.apache.nifi.controller.exception.CommunicationsException: Unable to communicate with Remote NiFi at URI http://localhost:8080/nifi due to: else: Name or service not known
2019-08-16 17:57:13,685 INFO [Write-Ahead Local State Provider Maintenance] org.wali.MinimalLockingWriteAheadLog org.wali.MinimalLockingWriteAheadLog@381ed137 checkpointed with 689 Records and 0 Swap Files in 11 milliseconds (Stop-the-world time = 3 milliseconds, Clear Edit Logs time = 2 millis), max Transaction ID 2066
2019-08-16 17:57:39,260 WARN [Timer-Driven Process Thread-9] o.a.n.r.util.SiteToSiteRestApiClient Failed to get controller from http://localhost:8080/nifi-api due to java.net.UnknownHostException: else: Name or service not known
2019-08-16 17:57:39,260 WARN [Timer-Driven Process Thread-9] o.apache.nifi.controller.FlowController Unable to communicate with remote instance RemoteProcessGroup[http://localhost:8080/nifi] due to org.apache.nifi.controller.exception.CommunicationsException: org.apache.nifi.controller.exception.CommunicationsException: Unable to communicate with Remote NiFi at URI http://localhost:8080/nifi due to: else: Name or service not known
2019-08-16 17:58:09,265 WARN [Timer-Driven Process Thread-4] o.a.n.r.util.SiteToSiteRestApiClient Failed to get controller from http://localhost:8080/nifi-api due to java.net.UnknownHostException: else: Name or service not known
2019-08-16 17:58:09,265 WARN [Timer-Driven Process Thread-4] o.apache.nifi.controller.FlowController Unable to communicate with remote instance RemoteProcessGroup[http://localhost:8080/nifi] due to org.apache.nifi.controller.exception.CommunicationsException: org.apache.nifi.controller.exception.CommunicationsException: Unable to communicate with Remote NiFi at URI http://localhost:8080/nifi due to: else: Name or service not known
2019-08-16 17:58:45,226 WARN [Remote Process Group 9a3648e0-016c-1000-17e7-230c5a5a0e3f Thread-1] o.a.n.r.util.SiteToSiteRestApiClient Failed to get controller from http://localhost:8080/nifi-api due to java.net.UnknownHostException: else: Name or service not known
2019-08-16 17:58:45,226 WARN [Remote Process Group 9a3648e0-016c-1000-17e7-230c5a5a0e3f Thread-1] o.a.n.remote.StandardRemoteProcessGroup Unable to connect to RemoteProcessGroup[http://localhost:8080/nifi] due to java.net.UnknownHostException: else: Name or service not known
2019-08-16 17:59:06,557 INFO [pool-10-thread-1] o.a.n.c.r.WriteAheadFlowFileRepository Initiating checkpoint of FlowFile Repository
2019-08-16 17:59:06,557 INFO [pool-10-thread-1] o.a.n.c.r.WriteAheadFlowFileRepository Successfully checkpointed FlowFile Repository with 0 records in 0 milliseconds
2019-08-16 17:59:13,696 INFO [Write-Ahead Local State Provider Maintenance] org.wali.MinimalLockingWriteAheadLog org.wali.MinimalLockingWriteAheadLog@381ed137 checkpointed with 689 Records and 0 Swap Files in 11 milliseconds (Stop-the-world time = 4 milliseconds, Clear Edit Logs time = 2 millis), max Transaction ID 2066
2019-08-16 17:59:39,273 WARN [Timer-Driven Process Thread-1] o.a.n.r.util.SiteToSiteRestApiClient Failed to get controller from http://localhost:8080/nifi-api due to java.net.UnknownHostException: else: Name or service not known
2019-08-16 17:59:39,274 WARN [Timer-Driven Process Thread-1] o.apache.nifi.controller.FlowController Unable to communicate with remote instance RemoteProcessGroup[http://localhost:8080/nifi] due to org.apache.nifi.controller.exception.CommunicationsException: org.apache.nifi.controller.exception.CommunicationsException: Unable to communicate with Remote NiFi at URI http://localhost:8080/nifi due to: else: Name or service not known
