2019-08-12 09:21:26,190 INFO [main] o.a.n.b.NotificationServiceManager Successfully loaded the following 0 services: []
2019-08-12 09:21:26,192 INFO [main] org.apache.nifi.bootstrap.RunNiFi Registered no Notification Services for Notification Type NIFI_STARTED
2019-08-12 09:21:26,192 INFO [main] org.apache.nifi.bootstrap.RunNiFi Registered no Notification Services for Notification Type NIFI_STOPPED
2019-08-12 09:21:26,192 INFO [main] org.apache.nifi.bootstrap.RunNiFi Registered no Notification Services for Notification Type NIFI_DIED
2019-08-12 09:21:26,871 INFO [main] org.apache.nifi.bootstrap.Command Apache NiFi has accepted the Shutdown Command and is shutting down now
2019-08-12 09:21:26,888 INFO [main] org.apache.nifi.bootstrap.Command Waiting for Apache NiFi to finish shutting down...
2019-08-12 09:21:28,897 INFO [main] org.apache.nifi.bootstrap.Command NiFi has finished shutting down.
2019-08-12 09:22:49,271 INFO [main] o.a.n.b.NotificationServiceManager Successfully loaded the following 0 services: []
2019-08-12 09:22:49,274 INFO [main] org.apache.nifi.bootstrap.RunNiFi Registered no Notification Services for Notification Type NIFI_STARTED
2019-08-12 09:22:49,274 INFO [main] org.apache.nifi.bootstrap.RunNiFi Registered no Notification Services for Notification Type NIFI_STOPPED
2019-08-12 09:22:49,274 INFO [main] org.apache.nifi.bootstrap.RunNiFi Registered no Notification Services for Notification Type NIFI_DIED
2019-08-12 09:22:49,286 INFO [main] org.apache.nifi.bootstrap.Command Starting Apache NiFi...
2019-08-12 09:22:49,286 INFO [main] org.apache.nifi.bootstrap.Command Working Directory: /home/alex/Documents/applications/nifi/nifi-1.9.2
2019-08-12 09:22:49,286 INFO [main] org.apache.nifi.bootstrap.Command Command: /usr/lib/java/jdk-8u211-linux-x64/jdk1.8.0_211/bin/java -classpath /home/alex/Documents/applications/nifi/nifi-1.9.2/./conf:/home/alex/Documents/applications/nifi/nifi-1.9.2/./lib/log4j-over-slf4j-1.7.25.jar:/home/alex/Documents/applications/nifi/nifi-1.9.2/./lib/jul-to-slf4j-1.7.25.jar:/home/alex/Documents/applications/nifi/nifi-1.9.2/./lib/logback-elasticsearch-appender.jar:/home/alex/Documents/applications/nifi/nifi-1.9.2/./lib/jetty-schemas-3.1.jar:/home/alex/Documents/applications/nifi/nifi-1.9.2/./lib/javax.servlet-api-3.1.0.jar:/home/alex/Documents/applications/nifi/nifi-1.9.2/./lib/nifi-nar-utils-1.9.2.jar:/home/alex/Documents/applications/nifi/nifi-1.9.2/./lib/nifi-api-1.9.2.jar:/home/alex/Documents/applications/nifi/nifi-1.9.2/./lib/logback-classic-1.2.3.jar:/home/alex/Documents/applications/nifi/nifi-1.9.2/./lib/nifi-framework-api-1.9.2.jar:/home/alex/Documents/applications/nifi/nifi-1.9.2/./lib/nifi-properties-1.9.2.jar:/home/alex/Documents/applications/nifi/nifi-1.9.2/./lib/logback-core-1.2.3.jar:/home/alex/Documents/applications/nifi/nifi-1.9.2/./lib/nifi-runtime-1.9.2.jar:/home/alex/Documents/applications/nifi/nifi-1.9.2/./lib/slf4j-api-1.7.25.jar:/home/alex/Documents/applications/nifi/nifi-1.9.2/./lib/jcl-over-slf4j-1.7.25.jar -Dorg.apache.jasper.compiler.disablejsr199=true -Xmx512m -Xms512m -Djavax.security.auth.useSubjectCredsOnly=true -Djava.security.egd=file:/dev/urandom -Dsun.net.http.allowRestrictedHeaders=true -Djava.net.preferIPv4Stack=true -Djava.awt.headless=true -XX:+UseG1GC -Djava.protocol.handler.pkgs=sun.net.www.protocol -Dnifi.properties.file.path=/home/alex/Documents/applications/nifi/nifi-1.9.2/./conf/nifi.properties -Dnifi.bootstrap.listen.port=46809 -Dapp=NiFi -Dorg.apache.nifi.bootstrap.config.log.dir=/home/alex/Documents/applications/nifi/nifi-1.9.2/logs org.apache.nifi.NiFi 
2019-08-12 09:22:49,307 INFO [main] org.apache.nifi.bootstrap.Command Launched Apache NiFi with Process ID 7893
2019-08-12 09:22:49,571 INFO [NiFi logging handler] org.apache.nifi.StdOut 09:22:49,382 |-INFO in ch.qos.logback.classic.LoggerContext[default] - Could NOT find resource [logback-test.xml]
2019-08-12 09:22:49,571 INFO [NiFi logging handler] org.apache.nifi.StdOut 09:22:49,383 |-INFO in ch.qos.logback.classic.LoggerContext[default] - Could NOT find resource [logback.groovy]
2019-08-12 09:22:49,571 INFO [NiFi logging handler] org.apache.nifi.StdOut 09:22:49,383 |-INFO in ch.qos.logback.classic.LoggerContext[default] - Found resource [logback.xml] at [file:/home/alex/Documents/applications/nifi/nifi-1.9.2/conf/logback.xml]
2019-08-12 09:22:49,571 INFO [NiFi logging handler] org.apache.nifi.StdOut 09:22:49,432 |-INFO in ch.qos.logback.classic.joran.action.ConfigurationAction - debug attribute not set
2019-08-12 09:22:49,571 INFO [NiFi logging handler] org.apache.nifi.StdOut 09:22:49,439 |-INFO in ch.qos.logback.classic.joran.action.ConfigurationAction - Will scan for changes in [file:/home/alex/Documents/applications/nifi/nifi-1.9.2/conf/logback.xml] 
2019-08-12 09:22:49,571 INFO [NiFi logging handler] org.apache.nifi.StdOut 09:22:49,439 |-INFO in ch.qos.logback.classic.joran.action.ConfigurationAction - Setting ReconfigureOnChangeTask scanning period to 30 seconds
2019-08-12 09:22:49,571 INFO [NiFi logging handler] org.apache.nifi.StdOut 09:22:49,440 |-INFO in ch.qos.logback.classic.joran.action.LoggerContextListenerAction - Adding LoggerContextListener of type [ch.qos.logback.classic.jul.LevelChangePropagator] to the object stack
2019-08-12 09:22:49,571 INFO [NiFi logging handler] org.apache.nifi.StdOut 09:22:49,448 |-INFO in ch.qos.logback.classic.jul.LevelChangePropagator@2ef9b8bc - Propagating DEBUG level on Logger[ROOT] onto the JUL framework
2019-08-12 09:22:49,571 INFO [NiFi logging handler] org.apache.nifi.StdOut 09:22:49,448 |-INFO in ch.qos.logback.classic.joran.action.LoggerContextListenerAction - Starting LoggerContextListener
2019-08-12 09:22:49,571 INFO [NiFi logging handler] org.apache.nifi.StdOut 09:22:49,448 |-INFO in ch.qos.logback.core.joran.action.AppenderAction - About to instantiate appender of type [ch.qos.logback.core.rolling.RollingFileAppender]
2019-08-12 09:22:49,571 INFO [NiFi logging handler] org.apache.nifi.StdOut 09:22:49,451 |-INFO in ch.qos.logback.core.joran.action.AppenderAction - Naming appender as [APP_FILE]
2019-08-12 09:22:49,571 INFO [NiFi logging handler] org.apache.nifi.StdOut 09:22:49,461 |-INFO in c.q.l.core.rolling.SizeAndTimeBasedRollingPolicy@1566723494 - Archive files will be limited to [100 MB] each.
2019-08-12 09:22:49,572 INFO [NiFi logging handler] org.apache.nifi.StdOut 09:22:49,485 |-INFO in c.q.l.core.rolling.SizeAndTimeBasedRollingPolicy@1566723494 - No compression will be used
2019-08-12 09:22:49,572 INFO [NiFi logging handler] org.apache.nifi.StdOut 09:22:49,486 |-INFO in c.q.l.core.rolling.SizeAndTimeBasedRollingPolicy@1566723494 - Will use the pattern /home/alex/Documents/applications/nifi/nifi-1.9.2/logs/nifi-app_%d{yyyy-MM-dd_HH}.%i.log for the active file
2019-08-12 09:22:49,572 INFO [NiFi logging handler] org.apache.nifi.StdOut 09:22:49,489 |-INFO in ch.qos.logback.core.rolling.SizeAndTimeBasedFNATP@1e67b872 - The date pattern is 'yyyy-MM-dd_HH' from file name pattern '/home/alex/Documents/applications/nifi/nifi-1.9.2/logs/nifi-app_%d{yyyy-MM-dd_HH}.%i.log'.
2019-08-12 09:22:49,572 INFO [NiFi logging handler] org.apache.nifi.StdOut 09:22:49,489 |-INFO in ch.qos.logback.core.rolling.SizeAndTimeBasedFNATP@1e67b872 - Roll-over at the top of every hour.
2019-08-12 09:22:49,572 INFO [NiFi logging handler] org.apache.nifi.StdOut 09:22:49,491 |-INFO in ch.qos.logback.core.rolling.SizeAndTimeBasedFNATP@1e67b872 - Setting initial period to Mon Aug 12 09:21:26 CEST 2019
2019-08-12 09:22:49,572 INFO [NiFi logging handler] org.apache.nifi.StdOut 09:22:49,507 |-INFO in ch.qos.logback.core.rolling.RollingFileAppender[APP_FILE] - Active log file name: /home/alex/Documents/applications/nifi/nifi-1.9.2/logs/nifi-app.log
2019-08-12 09:22:49,572 INFO [NiFi logging handler] org.apache.nifi.StdOut 09:22:49,507 |-INFO in ch.qos.logback.core.rolling.RollingFileAppender[APP_FILE] - File property is set to [/home/alex/Documents/applications/nifi/nifi-1.9.2/logs/nifi-app.log]
2019-08-12 09:22:49,572 INFO [NiFi logging handler] org.apache.nifi.StdOut 09:22:49,508 |-INFO in ch.qos.logback.core.joran.action.AppenderAction - About to instantiate appender of type [ch.qos.logback.core.rolling.RollingFileAppender]
2019-08-12 09:22:49,572 INFO [NiFi logging handler] org.apache.nifi.StdOut 09:22:49,508 |-INFO in ch.qos.logback.core.joran.action.AppenderAction - Naming appender as [USER_FILE]
2019-08-12 09:22:49,572 INFO [NiFi logging handler] org.apache.nifi.StdOut 09:22:49,509 |-INFO in c.q.l.core.rolling.TimeBasedRollingPolicy@1622006612 - No compression will be used
2019-08-12 09:22:49,572 INFO [NiFi logging handler] org.apache.nifi.StdOut 09:22:49,509 |-INFO in c.q.l.core.rolling.TimeBasedRollingPolicy@1622006612 - Will use the pattern /home/alex/Documents/applications/nifi/nifi-1.9.2/logs/nifi-user_%d.log for the active file
2019-08-12 09:22:49,572 INFO [NiFi logging handler] org.apache.nifi.StdOut 09:22:49,510 |-INFO in c.q.l.core.rolling.DefaultTimeBasedFileNamingAndTriggeringPolicy - The date pattern is 'yyyy-MM-dd' from file name pattern '/home/alex/Documents/applications/nifi/nifi-1.9.2/logs/nifi-user_%d.log'.
2019-08-12 09:22:49,572 INFO [NiFi logging handler] org.apache.nifi.StdOut 09:22:49,510 |-INFO in c.q.l.core.rolling.DefaultTimeBasedFileNamingAndTriggeringPolicy - Roll-over at midnight.
2019-08-12 09:22:49,572 INFO [NiFi logging handler] org.apache.nifi.StdOut 09:22:49,511 |-INFO in c.q.l.core.rolling.DefaultTimeBasedFileNamingAndTriggeringPolicy - Setting initial period to Mon Aug 12 09:21:26 CEST 2019
2019-08-12 09:22:49,572 INFO [NiFi logging handler] org.apache.nifi.StdOut 09:22:49,512 |-INFO in ch.qos.logback.core.rolling.RollingFileAppender[USER_FILE] - Active log file name: /home/alex/Documents/applications/nifi/nifi-1.9.2/logs/nifi-user.log
2019-08-12 09:22:49,572 INFO [NiFi logging handler] org.apache.nifi.StdOut 09:22:49,512 |-INFO in ch.qos.logback.core.rolling.RollingFileAppender[USER_FILE] - File property is set to [/home/alex/Documents/applications/nifi/nifi-1.9.2/logs/nifi-user.log]
2019-08-12 09:22:49,572 INFO [NiFi logging handler] org.apache.nifi.StdOut 09:22:49,512 |-INFO in ch.qos.logback.core.joran.action.AppenderAction - About to instantiate appender of type [com.internetitem.logback.elasticsearch.ElasticsearchAppender]
2019-08-12 09:22:49,572 INFO [NiFi logging handler] org.apache.nifi.StdOut 09:22:49,513 |-INFO in ch.qos.logback.core.joran.action.AppenderAction - Naming appender as [ELASTIC_USER]
2019-08-12 09:22:49,572 INFO [NiFi logging handler] org.apache.nifi.StdOut 09:22:49,516 |-INFO in ch.qos.logback.core.joran.action.NestedComplexPropertyIA - Assuming default type [com.internetitem.logback.elasticsearch.config.ElasticsearchProperties] for [properties] property
2019-08-12 09:22:49,572 INFO [NiFi logging handler] org.apache.nifi.StdOut 09:22:49,517 |-INFO in ch.qos.logback.core.joran.action.NestedComplexPropertyIA - Assuming default type [com.internetitem.logback.elasticsearch.config.Property] for [property] property
2019-08-12 09:22:49,572 INFO [NiFi logging handler] org.apache.nifi.StdOut 09:22:49,519 |-INFO in ch.qos.logback.core.joran.action.NestedComplexPropertyIA - Assuming default type [com.internetitem.logback.elasticsearch.config.Property] for [property] property
2019-08-12 09:22:49,572 INFO [NiFi logging handler] org.apache.nifi.StdOut 09:22:49,520 |-INFO in ch.qos.logback.core.joran.action.NestedComplexPropertyIA - Assuming default type [com.internetitem.logback.elasticsearch.config.Property] for [property] property
2019-08-12 09:22:49,572 INFO [NiFi logging handler] org.apache.nifi.StdOut 09:22:49,520 |-INFO in ch.qos.logback.core.joran.action.NestedComplexPropertyIA - Assuming default type [com.internetitem.logback.elasticsearch.config.Property] for [property] property
2019-08-12 09:22:49,573 INFO [NiFi logging handler] org.apache.nifi.StdOut 09:22:49,521 |-INFO in ch.qos.logback.core.joran.action.NestedComplexPropertyIA - Assuming default type [com.internetitem.logback.elasticsearch.config.Property] for [property] property
2019-08-12 09:22:49,573 INFO [NiFi logging handler] org.apache.nifi.StdOut 09:22:49,522 |-INFO in ch.qos.logback.core.joran.action.NestedComplexPropertyIA - Assuming default type [com.internetitem.logback.elasticsearch.config.HttpRequestHeaders] for [headers] property
2019-08-12 09:22:49,573 INFO [NiFi logging handler] org.apache.nifi.StdOut 09:22:49,522 |-INFO in ch.qos.logback.core.joran.action.NestedComplexPropertyIA - Assuming default type [com.internetitem.logback.elasticsearch.config.HttpRequestHeader] for [header] property
2019-08-12 09:22:49,573 INFO [NiFi logging handler] org.apache.nifi.StdOut 09:22:49,539 |-INFO in ch.qos.logback.core.joran.action.AppenderAction - About to instantiate appender of type [ch.qos.logback.core.rolling.RollingFileAppender]
2019-08-12 09:22:49,573 INFO [NiFi logging handler] org.apache.nifi.StdOut 09:22:49,539 |-INFO in ch.qos.logback.core.joran.action.AppenderAction - Naming appender as [BOOTSTRAP_FILE]
2019-08-12 09:22:49,573 INFO [NiFi logging handler] org.apache.nifi.StdOut 09:22:49,541 |-INFO in c.q.l.core.rolling.TimeBasedRollingPolicy@66233253 - No compression will be used
2019-08-12 09:22:49,573 INFO [NiFi logging handler] org.apache.nifi.StdOut 09:22:49,541 |-INFO in c.q.l.core.rolling.TimeBasedRollingPolicy@66233253 - Will use the pattern /home/alex/Documents/applications/nifi/nifi-1.9.2/logs/nifi-bootstrap_%d.log for the active file
2019-08-12 09:22:49,573 INFO [NiFi logging handler] org.apache.nifi.StdOut 09:22:49,542 |-INFO in c.q.l.core.rolling.DefaultTimeBasedFileNamingAndTriggeringPolicy - The date pattern is 'yyyy-MM-dd' from file name pattern '/home/alex/Documents/applications/nifi/nifi-1.9.2/logs/nifi-bootstrap_%d.log'.
2019-08-12 09:22:49,573 INFO [NiFi logging handler] org.apache.nifi.StdOut 09:22:49,542 |-INFO in c.q.l.core.rolling.DefaultTimeBasedFileNamingAndTriggeringPolicy - Roll-over at midnight.
2019-08-12 09:22:49,573 INFO [NiFi logging handler] org.apache.nifi.StdOut 09:22:49,542 |-INFO in c.q.l.core.rolling.DefaultTimeBasedFileNamingAndTriggeringPolicy - Setting initial period to Mon Aug 12 09:22:49 CEST 2019
2019-08-12 09:22:49,573 INFO [NiFi logging handler] org.apache.nifi.StdOut 09:22:49,543 |-INFO in ch.qos.logback.core.rolling.RollingFileAppender[BOOTSTRAP_FILE] - Active log file name: /home/alex/Documents/applications/nifi/nifi-1.9.2/logs/nifi-bootstrap.log
2019-08-12 09:22:49,573 INFO [NiFi logging handler] org.apache.nifi.StdOut 09:22:49,543 |-INFO in ch.qos.logback.core.rolling.RollingFileAppender[BOOTSTRAP_FILE] - File property is set to [/home/alex/Documents/applications/nifi/nifi-1.9.2/logs/nifi-bootstrap.log]
2019-08-12 09:22:49,573 INFO [NiFi logging handler] org.apache.nifi.StdOut 09:22:49,544 |-INFO in ch.qos.logback.core.joran.action.AppenderAction - About to instantiate appender of type [ch.qos.logback.core.ConsoleAppender]
2019-08-12 09:22:49,573 INFO [NiFi logging handler] org.apache.nifi.StdOut 09:22:49,545 |-INFO in ch.qos.logback.core.joran.action.AppenderAction - Naming appender as [CONSOLE]
2019-08-12 09:22:49,573 INFO [NiFi logging handler] org.apache.nifi.StdOut 09:22:49,546 |-INFO in ch.qos.logback.core.joran.action.AppenderAction - About to instantiate appender of type [com.internetitem.logback.elasticsearch.ElasticsearchAppender]
2019-08-12 09:22:49,573 INFO [NiFi logging handler] org.apache.nifi.StdOut 09:22:49,546 |-INFO in ch.qos.logback.core.joran.action.AppenderAction - Naming appender as [ELASTIC_BOOTSTRAP]
2019-08-12 09:22:49,573 INFO [NiFi logging handler] org.apache.nifi.StdOut 09:22:49,547 |-INFO in ch.qos.logback.core.joran.action.NestedComplexPropertyIA - Assuming default type [com.internetitem.logback.elasticsearch.config.ElasticsearchProperties] for [properties] property
2019-08-12 09:22:49,574 INFO [NiFi logging handler] org.apache.nifi.StdOut 09:22:49,547 |-INFO in ch.qos.logback.core.joran.action.NestedComplexPropertyIA - Assuming default type [com.internetitem.logback.elasticsearch.config.Property] for [property] property
2019-08-12 09:22:49,574 INFO [NiFi logging handler] org.apache.nifi.StdOut 09:22:49,548 |-INFO in ch.qos.logback.core.joran.action.NestedComplexPropertyIA - Assuming default type [com.internetitem.logback.elasticsearch.config.Property] for [property] property
2019-08-12 09:22:49,574 INFO [NiFi logging handler] org.apache.nifi.StdOut 09:22:49,548 |-INFO in ch.qos.logback.core.joran.action.NestedComplexPropertyIA - Assuming default type [com.internetitem.logback.elasticsearch.config.Property] for [property] property
2019-08-12 09:22:49,574 INFO [NiFi logging handler] org.apache.nifi.StdOut 09:22:49,550 |-INFO in ch.qos.logback.core.joran.action.NestedComplexPropertyIA - Assuming default type [com.internetitem.logback.elasticsearch.config.Property] for [property] property
2019-08-12 09:22:49,574 INFO [NiFi logging handler] org.apache.nifi.StdOut 09:22:49,550 |-INFO in ch.qos.logback.core.joran.action.NestedComplexPropertyIA - Assuming default type [com.internetitem.logback.elasticsearch.config.Property] for [property] property
2019-08-12 09:22:49,574 INFO [NiFi logging handler] org.apache.nifi.StdOut 09:22:49,550 |-INFO in ch.qos.logback.core.joran.action.NestedComplexPropertyIA - Assuming default type [com.internetitem.logback.elasticsearch.config.HttpRequestHeaders] for [headers] property
2019-08-12 09:22:49,574 INFO [NiFi logging handler] org.apache.nifi.StdOut 09:22:49,550 |-INFO in ch.qos.logback.core.joran.action.NestedComplexPropertyIA - Assuming default type [com.internetitem.logback.elasticsearch.config.HttpRequestHeader] for [header] property
2019-08-12 09:22:49,574 INFO [NiFi logging handler] org.apache.nifi.StdOut 09:22:49,551 |-INFO in ch.qos.logback.core.joran.action.AppenderAction - About to instantiate appender of type [com.internetitem.logback.elasticsearch.ElasticsearchAppender]
2019-08-12 09:22:49,574 INFO [NiFi logging handler] org.apache.nifi.StdOut 09:22:49,551 |-INFO in ch.qos.logback.core.joran.action.AppenderAction - Naming appender as [ELASTIC_APP]
2019-08-12 09:22:49,577 INFO [NiFi logging handler] org.apache.nifi.StdOut 09:22:49,553 |-INFO in ch.qos.logback.core.joran.action.NestedComplexPropertyIA - Assuming default type [com.internetitem.logback.elasticsearch.config.ElasticsearchProperties] for [properties] property
2019-08-12 09:22:49,577 INFO [NiFi logging handler] org.apache.nifi.StdOut 09:22:49,553 |-INFO in ch.qos.logback.core.joran.action.NestedComplexPropertyIA - Assuming default type [com.internetitem.logback.elasticsearch.config.Property] for [property] property
2019-08-12 09:22:49,577 INFO [NiFi logging handler] org.apache.nifi.StdOut 09:22:49,553 |-INFO in ch.qos.logback.core.joran.action.NestedComplexPropertyIA - Assuming default type [com.internetitem.logback.elasticsearch.config.Property] for [property] property
2019-08-12 09:22:49,577 INFO [NiFi logging handler] org.apache.nifi.StdOut 09:22:49,553 |-INFO in ch.qos.logback.core.joran.action.NestedComplexPropertyIA - Assuming default type [com.internetitem.logback.elasticsearch.config.Property] for [property] property
2019-08-12 09:22:49,577 INFO [NiFi logging handler] org.apache.nifi.StdOut 09:22:49,553 |-INFO in ch.qos.logback.core.joran.action.NestedComplexPropertyIA - Assuming default type [com.internetitem.logback.elasticsearch.config.Property] for [property] property
2019-08-12 09:22:49,577 INFO [NiFi logging handler] org.apache.nifi.StdOut 09:22:49,554 |-INFO in ch.qos.logback.core.joran.action.NestedComplexPropertyIA - Assuming default type [com.internetitem.logback.elasticsearch.config.Property] for [property] property
2019-08-12 09:22:49,578 INFO [NiFi logging handler] org.apache.nifi.StdOut 09:22:49,554 |-INFO in ch.qos.logback.core.joran.action.NestedComplexPropertyIA - Assuming default type [com.internetitem.logback.elasticsearch.config.HttpRequestHeaders] for [headers] property
2019-08-12 09:22:49,578 INFO [NiFi logging handler] org.apache.nifi.StdOut 09:22:49,554 |-INFO in ch.qos.logback.core.joran.action.NestedComplexPropertyIA - Assuming default type [com.internetitem.logback.elasticsearch.config.HttpRequestHeader] for [header] property
2019-08-12 09:22:49,578 INFO [NiFi logging handler] org.apache.nifi.StdOut 09:22:49,556 |-INFO in ch.qos.logback.classic.joran.action.LoggerAction - Setting level of logger [es-logger] to INFO
2019-08-12 09:22:49,578 INFO [NiFi logging handler] org.apache.nifi.StdOut 09:22:49,556 |-INFO in ch.qos.logback.classic.jul.LevelChangePropagator@2ef9b8bc - Propagating INFO level on Logger[es-logger] onto the JUL framework
2019-08-12 09:22:49,578 INFO [NiFi logging handler] org.apache.nifi.StdOut 09:22:49,556 |-INFO in ch.qos.logback.classic.joran.action.LoggerAction - Setting additivity of logger [es-logger] to false
2019-08-12 09:22:49,578 INFO [NiFi logging handler] org.apache.nifi.StdOut 09:22:49,558 |-INFO in ch.qos.logback.core.joran.action.NestedComplexPropertyIA - Assuming default type [ch.qos.logback.classic.encoder.PatternLayoutEncoder] for [encoder] property
2019-08-12 09:22:49,578 INFO [NiFi logging handler] org.apache.nifi.StdOut 09:22:49,558 |-WARN in ch.qos.logback.core.rolling.RollingFileAppender[null] - No TriggeringPolicy was set for the RollingFileAppender named null
2019-08-12 09:22:49,578 INFO [NiFi logging handler] org.apache.nifi.StdOut 09:22:49,558 |-WARN in ch.qos.logback.core.rolling.RollingFileAppender[null] - For more information, please visit http://logback.qos.ch/codes.html#rfa_no_tp
2019-08-12 09:22:49,578 INFO [NiFi logging handler] org.apache.nifi.StdOut 09:22:49,559 |-INFO in ch.qos.logback.classic.joran.action.LoggerAction - Setting level of logger [org.apache.nifi] to INFO
2019-08-12 09:22:49,578 INFO [NiFi logging handler] org.apache.nifi.StdOut 09:22:49,559 |-INFO in ch.qos.logback.classic.jul.LevelChangePropagator@2ef9b8bc - Propagating INFO level on Logger[org.apache.nifi] onto the JUL framework
2019-08-12 09:22:49,578 INFO [NiFi logging handler] org.apache.nifi.StdOut 09:22:49,559 |-INFO in ch.qos.logback.classic.joran.action.LoggerAction - Setting level of logger [org.apache.nifi.processors] to WARN
2019-08-12 09:22:49,578 INFO [NiFi logging handler] org.apache.nifi.StdOut 09:22:49,559 |-INFO in ch.qos.logback.classic.jul.LevelChangePropagator@2ef9b8bc - Propagating WARN level on Logger[org.apache.nifi.processors] onto the JUL framework
2019-08-12 09:22:49,578 INFO [NiFi logging handler] org.apache.nifi.StdOut 09:22:49,559 |-INFO in ch.qos.logback.classic.joran.action.LoggerAction - Setting level of logger [org.apache.nifi.processors.standard.LogAttribute] to INFO
2019-08-12 09:22:49,578 INFO [NiFi logging handler] org.apache.nifi.StdOut 09:22:49,559 |-INFO in ch.qos.logback.classic.jul.LevelChangePropagator@2ef9b8bc - Propagating INFO level on Logger[org.apache.nifi.processors.standard.LogAttribute] onto the JUL framework
2019-08-12 09:22:49,578 INFO [NiFi logging handler] org.apache.nifi.StdOut 09:22:49,559 |-INFO in ch.qos.logback.classic.joran.action.LoggerAction - Setting level of logger [org.apache.nifi.processors.standard.LogMessage] to INFO
2019-08-12 09:22:49,578 INFO [NiFi logging handler] org.apache.nifi.StdOut 09:22:49,559 |-INFO in ch.qos.logback.classic.jul.LevelChangePropagator@2ef9b8bc - Propagating INFO level on Logger[org.apache.nifi.processors.standard.LogMessage] onto the JUL framework
2019-08-12 09:22:49,578 INFO [NiFi logging handler] org.apache.nifi.StdOut 09:22:49,560 |-INFO in ch.qos.logback.classic.joran.action.LoggerAction - Setting level of logger [org.apache.nifi.controller.repository.StandardProcessSession] to WARN
2019-08-12 09:22:49,578 INFO [NiFi logging handler] org.apache.nifi.StdOut 09:22:49,560 |-INFO in ch.qos.logback.classic.jul.LevelChangePropagator@2ef9b8bc - Propagating WARN level on Logger[org.apache.nifi.controller.repository.StandardProcessSession] onto the JUL framework
2019-08-12 09:22:49,578 INFO [NiFi logging handler] org.apache.nifi.StdOut 09:22:49,560 |-INFO in ch.qos.logback.classic.joran.action.LoggerAction - Setting level of logger [org.apache.zookeeper.ClientCnxn] to ERROR
2019-08-12 09:22:49,578 INFO [NiFi logging handler] org.apache.nifi.StdOut 09:22:49,560 |-INFO in ch.qos.logback.classic.jul.LevelChangePropagator@2ef9b8bc - Propagating ERROR level on Logger[org.apache.zookeeper.ClientCnxn] onto the JUL framework
2019-08-12 09:22:49,578 INFO [NiFi logging handler] org.apache.nifi.StdOut 09:22:49,560 |-INFO in ch.qos.logback.classic.joran.action.LoggerAction - Setting level of logger [org.apache.zookeeper.server.NIOServerCnxn] to ERROR
2019-08-12 09:22:49,578 INFO [NiFi logging handler] org.apache.nifi.StdOut 09:22:49,560 |-INFO in ch.qos.logback.classic.jul.LevelChangePropagator@2ef9b8bc - Propagating ERROR level on Logger[org.apache.zookeeper.server.NIOServerCnxn] onto the JUL framework
2019-08-12 09:22:49,578 INFO [NiFi logging handler] org.apache.nifi.StdOut 09:22:49,560 |-INFO in ch.qos.logback.classic.joran.action.LoggerAction - Setting level of logger [org.apache.zookeeper.server.NIOServerCnxnFactory] to ERROR
2019-08-12 09:22:49,578 INFO [NiFi logging handler] org.apache.nifi.StdOut 09:22:49,562 |-INFO in ch.qos.logback.classic.jul.LevelChangePropagator@2ef9b8bc - Propagating ERROR level on Logger[org.apache.zookeeper.server.NIOServerCnxnFactory] onto the JUL framework
2019-08-12 09:22:49,578 INFO [NiFi logging handler] org.apache.nifi.StdOut 09:22:49,562 |-INFO in ch.qos.logback.classic.joran.action.LoggerAction - Setting level of logger [org.apache.zookeeper.server.quorum] to ERROR
2019-08-12 09:22:49,578 INFO [NiFi logging handler] org.apache.nifi.StdOut 09:22:49,562 |-INFO in ch.qos.logback.classic.jul.LevelChangePropagator@2ef9b8bc - Propagating ERROR level on Logger[org.apache.zookeeper.server.quorum] onto the JUL framework
2019-08-12 09:22:49,578 INFO [NiFi logging handler] org.apache.nifi.StdOut 09:22:49,562 |-INFO in ch.qos.logback.classic.joran.action.LoggerAction - Setting level of logger [org.apache.zookeeper.ZooKeeper] to ERROR
2019-08-12 09:22:49,578 INFO [NiFi logging handler] org.apache.nifi.StdOut 09:22:49,562 |-INFO in ch.qos.logback.classic.jul.LevelChangePropagator@2ef9b8bc - Propagating ERROR level on Logger[org.apache.zookeeper.ZooKeeper] onto the JUL framework
2019-08-12 09:22:49,578 INFO [NiFi logging handler] org.apache.nifi.StdOut 09:22:49,562 |-INFO in ch.qos.logback.classic.joran.action.LoggerAction - Setting level of logger [org.apache.zookeeper.server.PrepRequestProcessor] to ERROR
2019-08-12 09:22:49,578 INFO [NiFi logging handler] org.apache.nifi.StdOut 09:22:49,562 |-INFO in ch.qos.logback.classic.jul.LevelChangePropagator@2ef9b8bc - Propagating ERROR level on Logger[org.apache.zookeeper.server.PrepRequestProcessor] onto the JUL framework
2019-08-12 09:22:49,578 INFO [NiFi logging handler] org.apache.nifi.StdOut 09:22:49,562 |-INFO in ch.qos.logback.classic.joran.action.LoggerAction - Setting level of logger [org.apache.calcite.runtime.CalciteException] to OFF
2019-08-12 09:22:49,579 INFO [NiFi logging handler] org.apache.nifi.StdOut 09:22:49,562 |-INFO in ch.qos.logback.classic.jul.LevelChangePropagator@2ef9b8bc - Propagating OFF level on Logger[org.apache.calcite.runtime.CalciteException] onto the JUL framework
2019-08-12 09:22:49,579 INFO [NiFi logging handler] org.apache.nifi.StdOut 09:22:49,562 |-INFO in ch.qos.logback.classic.joran.action.LoggerAction - Setting level of logger [org.apache.curator.framework.recipes.leader.LeaderSelector] to OFF
2019-08-12 09:22:49,579 INFO [NiFi logging handler] org.apache.nifi.StdOut 09:22:49,562 |-INFO in ch.qos.logback.classic.jul.LevelChangePropagator@2ef9b8bc - Propagating OFF level on Logger[org.apache.curator.framework.recipes.leader.LeaderSelector] onto the JUL framework
2019-08-12 09:22:49,579 INFO [NiFi logging handler] org.apache.nifi.StdOut 09:22:49,563 |-INFO in ch.qos.logback.classic.joran.action.LoggerAction - Setting level of logger [org.apache.curator.ConnectionState] to OFF
2019-08-12 09:22:49,579 INFO [NiFi logging handler] org.apache.nifi.StdOut 09:22:49,563 |-INFO in ch.qos.logback.classic.jul.LevelChangePropagator@2ef9b8bc - Propagating OFF level on Logger[org.apache.curator.ConnectionState] onto the JUL framework
2019-08-12 09:22:49,579 INFO [NiFi logging handler] org.apache.nifi.StdOut 09:22:49,563 |-INFO in ch.qos.logback.classic.joran.action.LoggerAction - Setting level of logger [org.apache.nifi.cluster] to INFO
2019-08-12 09:22:49,579 INFO [NiFi logging handler] org.apache.nifi.StdOut 09:22:49,563 |-INFO in ch.qos.logback.classic.jul.LevelChangePropagator@2ef9b8bc - Propagating INFO level on Logger[org.apache.nifi.cluster] onto the JUL framework
2019-08-12 09:22:49,579 INFO [NiFi logging handler] org.apache.nifi.StdOut 09:22:49,563 |-INFO in ch.qos.logback.classic.joran.action.LoggerAction - Setting level of logger [org.apache.nifi.server.JettyServer] to INFO
2019-08-12 09:22:49,579 INFO [NiFi logging handler] org.apache.nifi.StdOut 09:22:49,563 |-INFO in ch.qos.logback.classic.jul.LevelChangePropagator@2ef9b8bc - Propagating INFO level on Logger[org.apache.nifi.server.JettyServer] onto the JUL framework
2019-08-12 09:22:49,579 INFO [NiFi logging handler] org.apache.nifi.StdOut 09:22:49,563 |-INFO in ch.qos.logback.classic.joran.action.LoggerAction - Setting level of logger [org.eclipse.jetty] to INFO
2019-08-12 09:22:49,579 INFO [NiFi logging handler] org.apache.nifi.StdOut 09:22:49,563 |-INFO in ch.qos.logback.classic.jul.LevelChangePropagator@2ef9b8bc - Propagating INFO level on Logger[org.eclipse.jetty] onto the JUL framework
2019-08-12 09:22:49,579 INFO [NiFi logging handler] org.apache.nifi.StdOut 09:22:49,563 |-INFO in ch.qos.logback.classic.joran.action.LoggerAction - Setting level of logger [org.springframework] to ERROR
2019-08-12 09:22:49,579 INFO [NiFi logging handler] org.apache.nifi.StdOut 09:22:49,563 |-INFO in ch.qos.logback.classic.jul.LevelChangePropagator@2ef9b8bc - Propagating ERROR level on Logger[org.springframework] onto the JUL framework
2019-08-12 09:22:49,579 INFO [NiFi logging handler] org.apache.nifi.StdOut 09:22:49,563 |-INFO in ch.qos.logback.classic.joran.action.LoggerAction - Setting level of logger [org.glassfish.jersey.internal.Errors] to ERROR
2019-08-12 09:22:49,579 INFO [NiFi logging handler] org.apache.nifi.StdOut 09:22:49,563 |-INFO in ch.qos.logback.classic.jul.LevelChangePropagator@2ef9b8bc - Propagating ERROR level on Logger[org.glassfish.jersey.internal.Errors] onto the JUL framework
2019-08-12 09:22:49,579 INFO [NiFi logging handler] org.apache.nifi.StdOut 09:22:49,563 |-INFO in ch.qos.logback.classic.joran.action.LoggerAction - Setting level of logger [org.eclipse.jetty.annotations.AnnotationParser] to ERROR
2019-08-12 09:22:49,579 INFO [NiFi logging handler] org.apache.nifi.StdOut 09:22:49,563 |-INFO in ch.qos.logback.classic.jul.LevelChangePropagator@2ef9b8bc - Propagating ERROR level on Logger[org.eclipse.jetty.annotations.AnnotationParser] onto the JUL framework
2019-08-12 09:22:49,579 INFO [NiFi logging handler] org.apache.nifi.StdOut 09:22:49,563 |-INFO in ch.qos.logback.classic.joran.action.LoggerAction - Setting level of logger [org.apache.nifi.web.security] to INFO
2019-08-12 09:22:49,579 INFO [NiFi logging handler] org.apache.nifi.StdOut 09:22:49,563 |-INFO in ch.qos.logback.classic.jul.LevelChangePropagator@2ef9b8bc - Propagating INFO level on Logger[org.apache.nifi.web.security] onto the JUL framework
2019-08-12 09:22:49,579 INFO [NiFi logging handler] org.apache.nifi.StdOut 09:22:49,563 |-INFO in ch.qos.logback.classic.joran.action.LoggerAction - Setting additivity of logger [org.apache.nifi.web.security] to false
2019-08-12 09:22:49,579 INFO [NiFi logging handler] org.apache.nifi.StdOut 09:22:49,563 |-INFO in ch.qos.logback.core.joran.action.AppenderRefAction - Attaching appender named [USER_FILE] to Logger[org.apache.nifi.web.security]
2019-08-12 09:22:49,579 INFO [NiFi logging handler] org.apache.nifi.StdOut 09:22:49,563 |-INFO in ch.qos.logback.core.joran.action.AppenderRefAction - Attaching appender named [ELASTIC_USER] to Logger[org.apache.nifi.web.security]
2019-08-12 09:22:49,579 INFO [NiFi logging handler] org.apache.nifi.StdOut 09:22:49,563 |-INFO in ch.qos.logback.classic.joran.action.LoggerAction - Setting level of logger [org.apache.nifi.web.api.config] to INFO
2019-08-12 09:22:49,579 INFO [NiFi logging handler] org.apache.nifi.StdOut 09:22:49,563 |-INFO in ch.qos.logback.classic.jul.LevelChangePropagator@2ef9b8bc - Propagating INFO level on Logger[org.apache.nifi.web.api.config] onto the JUL framework
2019-08-12 09:22:49,579 INFO [NiFi logging handler] org.apache.nifi.StdOut 09:22:49,563 |-INFO in ch.qos.logback.classic.joran.action.LoggerAction - Setting additivity of logger [org.apache.nifi.web.api.config] to false
2019-08-12 09:22:49,580 INFO [NiFi logging handler] org.apache.nifi.StdOut 09:22:49,563 |-INFO in ch.qos.logback.core.joran.action.AppenderRefAction - Attaching appender named [USER_FILE] to Logger[org.apache.nifi.web.api.config]
2019-08-12 09:22:49,580 INFO [NiFi logging handler] org.apache.nifi.StdOut 09:22:49,563 |-INFO in ch.qos.logback.core.joran.action.AppenderRefAction - Attaching appender named [ELASTIC_USER] to Logger[org.apache.nifi.web.api.config]
2019-08-12 09:22:49,580 INFO [NiFi logging handler] org.apache.nifi.StdOut 09:22:49,564 |-INFO in ch.qos.logback.classic.joran.action.LoggerAction - Setting level of logger [org.apache.nifi.authorization] to INFO
2019-08-12 09:22:49,580 INFO [NiFi logging handler] org.apache.nifi.StdOut 09:22:49,564 |-INFO in ch.qos.logback.classic.jul.LevelChangePropagator@2ef9b8bc - Propagating INFO level on Logger[org.apache.nifi.authorization] onto the JUL framework
2019-08-12 09:22:49,580 INFO [NiFi logging handler] org.apache.nifi.StdOut 09:22:49,564 |-INFO in ch.qos.logback.classic.joran.action.LoggerAction - Setting additivity of logger [org.apache.nifi.authorization] to false
2019-08-12 09:22:49,580 INFO [NiFi logging handler] org.apache.nifi.StdOut 09:22:49,564 |-INFO in ch.qos.logback.core.joran.action.AppenderRefAction - Attaching appender named [USER_FILE] to Logger[org.apache.nifi.authorization]
2019-08-12 09:22:49,580 INFO [NiFi logging handler] org.apache.nifi.StdOut 09:22:49,564 |-INFO in ch.qos.logback.core.joran.action.AppenderRefAction - Attaching appender named [ELASTIC_USER] to Logger[org.apache.nifi.authorization]
2019-08-12 09:22:49,580 INFO [NiFi logging handler] org.apache.nifi.StdOut 09:22:49,564 |-INFO in ch.qos.logback.classic.joran.action.LoggerAction - Setting level of logger [org.apache.nifi.cluster.authorization] to INFO
2019-08-12 09:22:49,580 INFO [NiFi logging handler] org.apache.nifi.StdOut 09:22:49,564 |-INFO in ch.qos.logback.classic.jul.LevelChangePropagator@2ef9b8bc - Propagating INFO level on Logger[org.apache.nifi.cluster.authorization] onto the JUL framework
2019-08-12 09:22:49,580 INFO [NiFi logging handler] org.apache.nifi.StdOut 09:22:49,564 |-INFO in ch.qos.logback.classic.joran.action.LoggerAction - Setting additivity of logger [org.apache.nifi.cluster.authorization] to false
2019-08-12 09:22:49,580 INFO [NiFi logging handler] org.apache.nifi.StdOut 09:22:49,564 |-INFO in ch.qos.logback.core.joran.action.AppenderRefAction - Attaching appender named [USER_FILE] to Logger[org.apache.nifi.cluster.authorization]
2019-08-12 09:22:49,580 INFO [NiFi logging handler] org.apache.nifi.StdOut 09:22:49,564 |-INFO in ch.qos.logback.core.joran.action.AppenderRefAction - Attaching appender named [ELASTIC_USER] to Logger[org.apache.nifi.cluster.authorization]
2019-08-12 09:22:49,580 INFO [NiFi logging handler] org.apache.nifi.StdOut 09:22:49,564 |-INFO in ch.qos.logback.classic.joran.action.LoggerAction - Setting level of logger [org.apache.nifi.web.filter.RequestLogger] to INFO
2019-08-12 09:22:49,580 INFO [NiFi logging handler] org.apache.nifi.StdOut 09:22:49,564 |-INFO in ch.qos.logback.classic.jul.LevelChangePropagator@2ef9b8bc - Propagating INFO level on Logger[org.apache.nifi.web.filter.RequestLogger] onto the JUL framework
2019-08-12 09:22:49,580 INFO [NiFi logging handler] org.apache.nifi.StdOut 09:22:49,564 |-INFO in ch.qos.logback.classic.joran.action.LoggerAction - Setting additivity of logger [org.apache.nifi.web.filter.RequestLogger] to false
2019-08-12 09:22:49,580 INFO [NiFi logging handler] org.apache.nifi.StdOut 09:22:49,564 |-INFO in ch.qos.logback.core.joran.action.AppenderRefAction - Attaching appender named [USER_FILE] to Logger[org.apache.nifi.web.filter.RequestLogger]
2019-08-12 09:22:49,580 INFO [NiFi logging handler] org.apache.nifi.StdOut 09:22:49,564 |-INFO in ch.qos.logback.core.joran.action.AppenderRefAction - Attaching appender named [ELASTIC_USER] to Logger[org.apache.nifi.web.filter.RequestLogger]
2019-08-12 09:22:49,580 INFO [NiFi logging handler] org.apache.nifi.StdOut 09:22:49,564 |-INFO in ch.qos.logback.classic.joran.action.LoggerAction - Setting level of logger [org.apache.nifi.bootstrap] to INFO
2019-08-12 09:22:49,580 INFO [NiFi logging handler] org.apache.nifi.StdOut 09:22:49,564 |-INFO in ch.qos.logback.classic.jul.LevelChangePropagator@2ef9b8bc - Propagating INFO level on Logger[org.apache.nifi.bootstrap] onto the JUL framework
2019-08-12 09:22:49,580 INFO [NiFi logging handler] org.apache.nifi.StdOut 09:22:49,564 |-INFO in ch.qos.logback.classic.joran.action.LoggerAction - Setting additivity of logger [org.apache.nifi.bootstrap] to false
2019-08-12 09:22:49,580 INFO [NiFi logging handler] org.apache.nifi.StdOut 09:22:49,564 |-INFO in ch.qos.logback.core.joran.action.AppenderRefAction - Attaching appender named [BOOTSTRAP_FILE] to Logger[org.apache.nifi.bootstrap]
2019-08-12 09:22:49,580 INFO [NiFi logging handler] org.apache.nifi.StdOut 09:22:49,564 |-INFO in ch.qos.logback.core.joran.action.AppenderRefAction - Attaching appender named [ELASTIC_BOOTSTRAP] to Logger[org.apache.nifi.bootstrap]
2019-08-12 09:22:49,580 INFO [NiFi logging handler] org.apache.nifi.StdOut 09:22:49,564 |-INFO in ch.qos.logback.classic.joran.action.LoggerAction - Setting level of logger [org.apache.nifi.bootstrap.Command] to INFO
2019-08-12 09:22:49,580 INFO [NiFi logging handler] org.apache.nifi.StdOut 09:22:49,564 |-INFO in ch.qos.logback.classic.jul.LevelChangePropagator@2ef9b8bc - Propagating INFO level on Logger[org.apache.nifi.bootstrap.Command] onto the JUL framework
2019-08-12 09:22:49,580 INFO [NiFi logging handler] org.apache.nifi.StdOut 09:22:49,564 |-INFO in ch.qos.logback.classic.joran.action.LoggerAction - Setting additivity of logger [org.apache.nifi.bootstrap.Command] to false
2019-08-12 09:22:49,580 INFO [NiFi logging handler] org.apache.nifi.StdOut 09:22:49,564 |-INFO in ch.qos.logback.core.joran.action.AppenderRefAction - Attaching appender named [CONSOLE] to Logger[org.apache.nifi.bootstrap.Command]
2019-08-12 09:22:49,580 INFO [NiFi logging handler] org.apache.nifi.StdOut 09:22:49,564 |-INFO in ch.qos.logback.core.joran.action.AppenderRefAction - Attaching appender named [BOOTSTRAP_FILE] to Logger[org.apache.nifi.bootstrap.Command]
2019-08-12 09:22:49,580 INFO [NiFi logging handler] org.apache.nifi.StdOut 09:22:49,564 |-INFO in ch.qos.logback.core.joran.action.AppenderRefAction - Attaching appender named [ELASTIC_BOOTSTRAP] to Logger[org.apache.nifi.bootstrap.Command]
2019-08-12 09:22:49,580 INFO [NiFi logging handler] org.apache.nifi.StdOut 09:22:49,564 |-INFO in ch.qos.logback.classic.joran.action.LoggerAction - Setting level of logger [org.apache.nifi.StdOut] to INFO
2019-08-12 09:22:49,581 INFO [NiFi logging handler] org.apache.nifi.StdOut 09:22:49,564 |-INFO in ch.qos.logback.classic.jul.LevelChangePropagator@2ef9b8bc - Propagating INFO level on Logger[org.apache.nifi.StdOut] onto the JUL framework
2019-08-12 09:22:49,581 INFO [NiFi logging handler] org.apache.nifi.StdOut 09:22:49,564 |-INFO in ch.qos.logback.classic.joran.action.LoggerAction - Setting additivity of logger [org.apache.nifi.StdOut] to false
2019-08-12 09:22:49,581 INFO [NiFi logging handler] org.apache.nifi.StdOut 09:22:49,564 |-INFO in ch.qos.logback.core.joran.action.AppenderRefAction - Attaching appender named [BOOTSTRAP_FILE] to Logger[org.apache.nifi.StdOut]
2019-08-12 09:22:49,581 INFO [NiFi logging handler] org.apache.nifi.StdOut 09:22:49,564 |-INFO in ch.qos.logback.core.joran.action.AppenderRefAction - Attaching appender named [ELASTIC_BOOTSTRAP] to Logger[org.apache.nifi.StdOut]
2019-08-12 09:22:49,581 INFO [NiFi logging handler] org.apache.nifi.StdOut 09:22:49,564 |-INFO in ch.qos.logback.classic.joran.action.LoggerAction - Setting level of logger [org.apache.nifi.StdErr] to ERROR
2019-08-12 09:22:49,581 INFO [NiFi logging handler] org.apache.nifi.StdOut 09:22:49,564 |-INFO in ch.qos.logback.classic.jul.LevelChangePropagator@2ef9b8bc - Propagating ERROR level on Logger[org.apache.nifi.StdErr] onto the JUL framework
2019-08-12 09:22:49,581 INFO [NiFi logging handler] org.apache.nifi.StdOut 09:22:49,564 |-INFO in ch.qos.logback.classic.joran.action.LoggerAction - Setting additivity of logger [org.apache.nifi.StdErr] to false
2019-08-12 09:22:49,581 INFO [NiFi logging handler] org.apache.nifi.StdOut 09:22:49,565 |-INFO in ch.qos.logback.core.joran.action.AppenderRefAction - Attaching appender named [BOOTSTRAP_FILE] to Logger[org.apache.nifi.StdErr]
2019-08-12 09:22:49,581 INFO [NiFi logging handler] org.apache.nifi.StdOut 09:22:49,565 |-INFO in ch.qos.logback.core.joran.action.AppenderRefAction - Attaching appender named [ELASTIC_BOOTSTRAP] to Logger[org.apache.nifi.StdErr]
2019-08-12 09:22:49,581 INFO [NiFi logging handler] org.apache.nifi.StdOut 09:22:49,565 |-INFO in ch.qos.logback.classic.joran.action.RootLoggerAction - Setting level of ROOT logger to INFO
2019-08-12 09:22:49,581 INFO [NiFi logging handler] org.apache.nifi.StdOut 09:22:49,565 |-INFO in ch.qos.logback.classic.jul.LevelChangePropagator@2ef9b8bc - Propagating INFO level on Logger[ROOT] onto the JUL framework
2019-08-12 09:22:49,581 INFO [NiFi logging handler] org.apache.nifi.StdOut 09:22:49,565 |-INFO in ch.qos.logback.core.joran.action.AppenderRefAction - Attaching appender named [ELASTIC_APP] to Logger[ROOT]
2019-08-12 09:22:49,581 INFO [NiFi logging handler] org.apache.nifi.StdOut 09:22:49,565 |-INFO in ch.qos.logback.core.joran.action.AppenderRefAction - Attaching appender named [APP_FILE] to Logger[ROOT]
2019-08-12 09:22:49,581 INFO [NiFi logging handler] org.apache.nifi.StdOut 09:22:49,565 |-INFO in ch.qos.logback.classic.joran.action.ConfigurationAction - End of configuration.
2019-08-12 09:22:49,581 INFO [NiFi logging handler] org.apache.nifi.StdOut 09:22:49,566 |-INFO in ch.qos.logback.classic.joran.JoranConfigurator@4cb2c100 - Registering current configuration as safe fallback point
2019-08-12 09:22:49,581 INFO [NiFi logging handler] org.apache.nifi.StdOut 
2019-08-12 09:22:49,849 INFO [NiFi Bootstrap Command Listener] org.apache.nifi.bootstrap.RunNiFi Apache NiFi now running and listening for Bootstrap requests on port 45513
