2019-08-16 18:00:09,282 WARN [Timer-Driven Process Thread-1] o.a.n.r.util.SiteToSiteRestApiClient Failed to get controller from http://localhost:8080/nifi-api due to java.net.UnknownHostException: else: Name or service not known
2019-08-16 18:00:09,283 WARN [Timer-Driven Process Thread-1] o.apache.nifi.controller.FlowController Unable to communicate with remote instance RemoteProcessGroup[http://localhost:8080/nifi] due to org.apache.nifi.controller.exception.CommunicationsException: org.apache.nifi.controller.exception.CommunicationsException: Unable to communicate with Remote NiFi at URI http://localhost:8080/nifi due to: else: Name or service not known
2019-08-16 18:00:39,289 WARN [Timer-Driven Process Thread-5] o.a.n.r.util.SiteToSiteRestApiClient Failed to get controller from http://localhost:8080/nifi-api due to java.net.UnknownHostException: else: Name or service not known
2019-08-16 18:00:39,290 WARN [Timer-Driven Process Thread-5] o.apache.nifi.controller.FlowController Unable to communicate with remote instance RemoteProcessGroup[http://localhost:8080/nifi] due to org.apache.nifi.controller.exception.CommunicationsException: org.apache.nifi.controller.exception.CommunicationsException: Unable to communicate with Remote NiFi at URI http://localhost:8080/nifi due to: else: Name or service not known
2019-08-16 18:01:06,557 INFO [pool-10-thread-1] o.a.n.c.r.WriteAheadFlowFileRepository Initiating checkpoint of FlowFile Repository
2019-08-16 18:01:06,558 INFO [pool-10-thread-1] o.a.n.c.r.WriteAheadFlowFileRepository Successfully checkpointed FlowFile Repository with 0 records in 0 milliseconds
2019-08-16 18:01:09,297 WARN [Timer-Driven Process Thread-9] o.a.n.r.util.SiteToSiteRestApiClient Failed to get controller from http://localhost:8080/nifi-api due to java.net.UnknownHostException: else: Name or service not known
2019-08-16 18:01:09,298 WARN [Timer-Driven Process Thread-9] o.apache.nifi.controller.FlowController Unable to communicate with remote instance RemoteProcessGroup[http://localhost:8080/nifi] due to org.apache.nifi.controller.exception.CommunicationsException: org.apache.nifi.controller.exception.CommunicationsException: Unable to communicate with Remote NiFi at URI http://localhost:8080/nifi due to: else: Name or service not known
2019-08-16 18:01:13,709 INFO [Write-Ahead Local State Provider Maintenance] org.wali.MinimalLockingWriteAheadLog org.wali.MinimalLockingWriteAheadLog@381ed137 checkpointed with 689 Records and 0 Swap Files in 12 milliseconds (Stop-the-world time = 3 milliseconds, Clear Edit Logs time = 1 millis), max Transaction ID 2066
2019-08-16 18:01:39,305 WARN [Timer-Driven Process Thread-10] o.a.n.r.util.SiteToSiteRestApiClient Failed to get controller from http://localhost:8080/nifi-api due to java.net.UnknownHostException: else: Name or service not known
2019-08-16 18:01:39,306 WARN [Timer-Driven Process Thread-10] o.apache.nifi.controller.FlowController Unable to communicate with remote instance RemoteProcessGroup[http://localhost:8080/nifi] due to org.apache.nifi.controller.exception.CommunicationsException: org.apache.nifi.controller.exception.CommunicationsException: Unable to communicate with Remote NiFi at URI http://localhost:8080/nifi due to: else: Name or service not known
2019-08-16 18:02:09,311 WARN [Timer-Driven Process Thread-6] o.a.n.r.util.SiteToSiteRestApiClient Failed to get controller from http://localhost:8080/nifi-api due to java.net.UnknownHostException: else: Name or service not known
2019-08-16 18:02:09,311 WARN [Timer-Driven Process Thread-6] o.apache.nifi.controller.FlowController Unable to communicate with remote instance RemoteProcessGroup[http://localhost:8080/nifi] due to org.apache.nifi.controller.exception.CommunicationsException: org.apache.nifi.controller.exception.CommunicationsException: Unable to communicate with Remote NiFi at URI http://localhost:8080/nifi due to: else: Name or service not known
2019-08-16 18:02:45,234 WARN [Remote Process Group 9a3648e0-016c-1000-17e7-230c5a5a0e3f Thread-1] o.a.n.r.util.SiteToSiteRestApiClient Failed to get controller from http://localhost:8080/nifi-api due to java.net.UnknownHostException: else: Name or service not known
2019-08-16 18:02:45,235 WARN [Remote Process Group 9a3648e0-016c-1000-17e7-230c5a5a0e3f Thread-1] o.a.n.remote.StandardRemoteProcessGroup Unable to connect to RemoteProcessGroup[http://localhost:8080/nifi] due to java.net.UnknownHostException: else: Name or service not known
2019-08-16 18:03:06,558 INFO [pool-10-thread-1] o.a.n.c.r.WriteAheadFlowFileRepository Initiating checkpoint of FlowFile Repository
2019-08-16 18:03:06,558 INFO [pool-10-thread-1] o.a.n.c.r.WriteAheadFlowFileRepository Successfully checkpointed FlowFile Repository with 0 records in 0 milliseconds
2019-08-16 18:03:13,722 INFO [Write-Ahead Local State Provider Maintenance] org.wali.MinimalLockingWriteAheadLog org.wali.MinimalLockingWriteAheadLog@381ed137 checkpointed with 689 Records and 0 Swap Files in 12 milliseconds (Stop-the-world time = 2 milliseconds, Clear Edit Logs time = 3 millis), max Transaction ID 2066
2019-08-16 18:03:39,319 WARN [Timer-Driven Process Thread-7] o.a.n.r.util.SiteToSiteRestApiClient Failed to get controller from http://localhost:8080/nifi-api due to java.net.UnknownHostException: else: Name or service not known
2019-08-16 18:03:39,320 WARN [Timer-Driven Process Thread-7] o.apache.nifi.controller.FlowController Unable to communicate with remote instance RemoteProcessGroup[http://localhost:8080/nifi] due to org.apache.nifi.controller.exception.CommunicationsException: org.apache.nifi.controller.exception.CommunicationsException: Unable to communicate with Remote NiFi at URI http://localhost:8080/nifi due to: else: Name or service not known
2019-08-16 18:04:09,326 WARN [Timer-Driven Process Thread-9] o.a.n.r.util.SiteToSiteRestApiClient Failed to get controller from http://localhost:8080/nifi-api due to java.net.UnknownHostException: else: Name or service not known
2019-08-16 18:04:09,327 WARN [Timer-Driven Process Thread-9] o.apache.nifi.controller.FlowController Unable to communicate with remote instance RemoteProcessGroup[http://localhost:8080/nifi] due to org.apache.nifi.controller.exception.CommunicationsException: org.apache.nifi.controller.exception.CommunicationsException: Unable to communicate with Remote NiFi at URI http://localhost:8080/nifi due to: else: Name or service not known
2019-08-16 18:04:39,334 WARN [Timer-Driven Process Thread-3] o.a.n.r.util.SiteToSiteRestApiClient Failed to get controller from http://localhost:8080/nifi-api due to java.net.UnknownHostException: else: Name or service not known
2019-08-16 18:04:39,334 WARN [Timer-Driven Process Thread-3] o.apache.nifi.controller.FlowController Unable to communicate with remote instance RemoteProcessGroup[http://localhost:8080/nifi] due to org.apache.nifi.controller.exception.CommunicationsException: org.apache.nifi.controller.exception.CommunicationsException: Unable to communicate with Remote NiFi at URI http://localhost:8080/nifi due to: else: Name or service not known
2019-08-16 18:05:06,559 INFO [pool-10-thread-1] o.a.n.c.r.WriteAheadFlowFileRepository Initiating checkpoint of FlowFile Repository
2019-08-16 18:05:06,559 INFO [pool-10-thread-1] o.a.n.c.r.WriteAheadFlowFileRepository Successfully checkpointed FlowFile Repository with 0 records in 0 milliseconds
2019-08-16 18:05:13,730 INFO [Write-Ahead Local State Provider Maintenance] org.wali.MinimalLockingWriteAheadLog org.wali.MinimalLockingWriteAheadLog@381ed137 checkpointed with 689 Records and 0 Swap Files in 7 milliseconds (Stop-the-world time = 0 milliseconds, Clear Edit Logs time = 0 millis), max Transaction ID 2066
2019-08-16 18:05:39,341 WARN [Timer-Driven Process Thread-8] o.a.n.r.util.SiteToSiteRestApiClient Failed to get controller from http://localhost:8080/nifi-api due to java.net.UnknownHostException: else: Name or service not known
2019-08-16 18:05:39,342 WARN [Timer-Driven Process Thread-8] o.apache.nifi.controller.FlowController Unable to communicate with remote instance RemoteProcessGroup[http://localhost:8080/nifi] due to org.apache.nifi.controller.exception.CommunicationsException: org.apache.nifi.controller.exception.CommunicationsException: Unable to communicate with Remote NiFi at URI http://localhost:8080/nifi due to: else: Name or service not known
2019-08-16 18:06:09,347 WARN [Timer-Driven Process Thread-9] o.a.n.r.util.SiteToSiteRestApiClient Failed to get controller from http://localhost:8080/nifi-api due to java.net.UnknownHostException: else: Name or service not known
2019-08-16 18:06:09,348 WARN [Timer-Driven Process Thread-9] o.apache.nifi.controller.FlowController Unable to communicate with remote instance RemoteProcessGroup[http://localhost:8080/nifi] due to org.apache.nifi.controller.exception.CommunicationsException: org.apache.nifi.controller.exception.CommunicationsException: Unable to communicate with Remote NiFi at URI http://localhost:8080/nifi due to: else: Name or service not known
2019-08-16 18:06:39,354 WARN [Timer-Driven Process Thread-3] o.a.n.r.util.SiteToSiteRestApiClient Failed to get controller from http://localhost:8080/nifi-api due to java.net.UnknownHostException: else: Name or service not known
2019-08-16 18:06:39,354 WARN [Timer-Driven Process Thread-3] o.apache.nifi.controller.FlowController Unable to communicate with remote instance RemoteProcessGroup[http://localhost:8080/nifi] due to org.apache.nifi.controller.exception.CommunicationsException: org.apache.nifi.controller.exception.CommunicationsException: Unable to communicate with Remote NiFi at URI http://localhost:8080/nifi due to: else: Name or service not known
2019-08-16 18:07:06,559 INFO [pool-10-thread-1] o.a.n.c.r.WriteAheadFlowFileRepository Initiating checkpoint of FlowFile Repository
2019-08-16 18:07:06,560 INFO [pool-10-thread-1] o.a.n.c.r.WriteAheadFlowFileRepository Successfully checkpointed FlowFile Repository with 0 records in 0 milliseconds
2019-08-16 18:07:09,361 WARN [Timer-Driven Process Thread-7] o.a.n.r.util.SiteToSiteRestApiClient Failed to get controller from http://localhost:8080/nifi-api due to java.net.UnknownHostException: else: Name or service not known
2019-08-16 18:07:09,361 WARN [Timer-Driven Process Thread-7] o.apache.nifi.controller.FlowController Unable to communicate with remote instance RemoteProcessGroup[http://localhost:8080/nifi] due to org.apache.nifi.controller.exception.CommunicationsException: org.apache.nifi.controller.exception.CommunicationsException: Unable to communicate with Remote NiFi at URI http://localhost:8080/nifi due to: else: Name or service not known
2019-08-16 18:07:13,739 INFO [Write-Ahead Local State Provider Maintenance] org.wali.MinimalLockingWriteAheadLog org.wali.MinimalLockingWriteAheadLog@381ed137 checkpointed with 689 Records and 0 Swap Files in 8 milliseconds (Stop-the-world time = 1 milliseconds, Clear Edit Logs time = 1 millis), max Transaction ID 2066
2019-08-16 18:07:45,242 WARN [Remote Process Group 9a3648e0-016c-1000-17e7-230c5a5a0e3f Thread-1] o.a.n.r.util.SiteToSiteRestApiClient Failed to get controller from http://localhost:8080/nifi-api due to java.net.UnknownHostException: else: Name or service not known
2019-08-16 18:07:45,242 WARN [Remote Process Group 9a3648e0-016c-1000-17e7-230c5a5a0e3f Thread-1] o.a.n.remote.StandardRemoteProcessGroup Unable to connect to RemoteProcessGroup[http://localhost:8080/nifi] due to java.net.UnknownHostException: else: Name or service not known
2019-08-16 18:08:39,368 WARN [Timer-Driven Process Thread-3] o.a.n.r.util.SiteToSiteRestApiClient Failed to get controller from http://localhost:8080/nifi-api due to java.net.UnknownHostException: else: Name or service not known
2019-08-16 18:08:39,369 WARN [Timer-Driven Process Thread-3] o.apache.nifi.controller.FlowController Unable to communicate with remote instance RemoteProcessGroup[http://localhost:8080/nifi] due to org.apache.nifi.controller.exception.CommunicationsException: org.apache.nifi.controller.exception.CommunicationsException: Unable to communicate with Remote NiFi at URI http://localhost:8080/nifi due to: else: Name or service not known
2019-08-16 18:09:06,560 INFO [pool-10-thread-1] o.a.n.c.r.WriteAheadFlowFileRepository Initiating checkpoint of FlowFile Repository
2019-08-16 18:09:06,560 INFO [pool-10-thread-1] o.a.n.c.r.WriteAheadFlowFileRepository Successfully checkpointed FlowFile Repository with 0 records in 0 milliseconds
2019-08-16 18:09:09,377 WARN [Timer-Driven Process Thread-5] o.a.n.r.util.SiteToSiteRestApiClient Failed to get controller from http://localhost:8080/nifi-api due to java.net.UnknownHostException: else: Name or service not known
2019-08-16 18:09:09,377 WARN [Timer-Driven Process Thread-5] o.apache.nifi.controller.FlowController Unable to communicate with remote instance RemoteProcessGroup[http://localhost:8080/nifi] due to org.apache.nifi.controller.exception.CommunicationsException: org.apache.nifi.controller.exception.CommunicationsException: Unable to communicate with Remote NiFi at URI http://localhost:8080/nifi due to: else: Name or service not known
2019-08-16 18:09:13,751 INFO [Write-Ahead Local State Provider Maintenance] org.wali.MinimalLockingWriteAheadLog org.wali.MinimalLockingWriteAheadLog@381ed137 checkpointed with 689 Records and 0 Swap Files in 10 milliseconds (Stop-the-world time = 2 milliseconds, Clear Edit Logs time = 1 millis), max Transaction ID 2066
2019-08-16 18:09:39,384 WARN [Timer-Driven Process Thread-9] o.a.n.r.util.SiteToSiteRestApiClient Failed to get controller from http://localhost:8080/nifi-api due to java.net.UnknownHostException: else: Name or service not known
2019-08-16 18:09:39,384 WARN [Timer-Driven Process Thread-9] o.apache.nifi.controller.FlowController Unable to communicate with remote instance RemoteProcessGroup[http://localhost:8080/nifi] due to org.apache.nifi.controller.exception.CommunicationsException: org.apache.nifi.controller.exception.CommunicationsException: Unable to communicate with Remote NiFi at URI http://localhost:8080/nifi due to: else: Name or service not known
2019-08-16 18:10:39,389 WARN [Timer-Driven Process Thread-7] o.a.n.r.util.SiteToSiteRestApiClient Failed to get controller from http://localhost:8080/nifi-api due to java.net.UnknownHostException: else: Name or service not known
2019-08-16 18:10:39,389 WARN [Timer-Driven Process Thread-7] o.apache.nifi.controller.FlowController Unable to communicate with remote instance RemoteProcessGroup[http://localhost:8080/nifi] due to org.apache.nifi.controller.exception.CommunicationsException: org.apache.nifi.controller.exception.CommunicationsException: Unable to communicate with Remote NiFi at URI http://localhost:8080/nifi due to: else: Name or service not known
2019-08-16 18:11:06,560 INFO [pool-10-thread-1] o.a.n.c.r.WriteAheadFlowFileRepository Initiating checkpoint of FlowFile Repository
2019-08-16 18:11:06,561 INFO [pool-10-thread-1] o.a.n.c.r.WriteAheadFlowFileRepository Successfully checkpointed FlowFile Repository with 0 records in 0 milliseconds
2019-08-16 18:11:13,762 INFO [Write-Ahead Local State Provider Maintenance] org.wali.MinimalLockingWriteAheadLog org.wali.MinimalLockingWriteAheadLog@381ed137 checkpointed with 689 Records and 0 Swap Files in 10 milliseconds (Stop-the-world time = 2 milliseconds, Clear Edit Logs time = 1 millis), max Transaction ID 2066
2019-08-16 18:11:39,393 WARN [Timer-Driven Process Thread-5] o.a.n.r.util.SiteToSiteRestApiClient Failed to get controller from http://localhost:8080/nifi-api due to java.net.UnknownHostException: else: Name or service not known
2019-08-16 18:11:39,394 WARN [Timer-Driven Process Thread-5] o.apache.nifi.controller.FlowController Unable to communicate with remote instance RemoteProcessGroup[http://localhost:8080/nifi] due to org.apache.nifi.controller.exception.CommunicationsException: org.apache.nifi.controller.exception.CommunicationsException: Unable to communicate with Remote NiFi at URI http://localhost:8080/nifi due to: else: Name or service not known
2019-08-16 18:12:09,398 WARN [Timer-Driven Process Thread-6] o.a.n.r.util.SiteToSiteRestApiClient Failed to get controller from http://localhost:8080/nifi-api due to java.net.UnknownHostException: else: Name or service not known
2019-08-16 18:12:09,399 WARN [Timer-Driven Process Thread-6] o.apache.nifi.controller.FlowController Unable to communicate with remote instance RemoteProcessGroup[http://localhost:8080/nifi] due to org.apache.nifi.controller.exception.CommunicationsException: org.apache.nifi.controller.exception.CommunicationsException: Unable to communicate with Remote NiFi at URI http://localhost:8080/nifi due to: else: Name or service not known
2019-08-16 18:12:39,404 WARN [Timer-Driven Process Thread-6] o.a.n.r.util.SiteToSiteRestApiClient Failed to get controller from http://localhost:8080/nifi-api due to java.net.UnknownHostException: else: Name or service not known
2019-08-16 18:12:39,404 WARN [Timer-Driven Process Thread-6] o.apache.nifi.controller.FlowController Unable to communicate with remote instance RemoteProcessGroup[http://localhost:8080/nifi] due to org.apache.nifi.controller.exception.CommunicationsException: org.apache.nifi.controller.exception.CommunicationsException: Unable to communicate with Remote NiFi at URI http://localhost:8080/nifi due to: else: Name or service not known
2019-08-16 18:13:06,561 INFO [pool-10-thread-1] o.a.n.c.r.WriteAheadFlowFileRepository Initiating checkpoint of FlowFile Repository
2019-08-16 18:13:06,561 INFO [pool-10-thread-1] o.a.n.c.r.WriteAheadFlowFileRepository Successfully checkpointed FlowFile Repository with 0 records in 0 milliseconds
2019-08-16 18:13:13,771 INFO [Write-Ahead Local State Provider Maintenance] org.wali.MinimalLockingWriteAheadLog org.wali.MinimalLockingWriteAheadLog@381ed137 checkpointed with 689 Records and 0 Swap Files in 8 milliseconds (Stop-the-world time = 1 milliseconds, Clear Edit Logs time = 0 millis), max Transaction ID 2066
2019-08-16 18:13:39,409 WARN [Timer-Driven Process Thread-1] o.a.n.r.util.SiteToSiteRestApiClient Failed to get controller from http://localhost:8080/nifi-api due to java.net.UnknownHostException: else: Name or service not known
2019-08-16 18:13:39,409 WARN [Timer-Driven Process Thread-1] o.apache.nifi.controller.FlowController Unable to communicate with remote instance RemoteProcessGroup[http://localhost:8080/nifi] due to org.apache.nifi.controller.exception.CommunicationsException: org.apache.nifi.controller.exception.CommunicationsException: Unable to communicate with Remote NiFi at URI http://localhost:8080/nifi due to: else: Name or service not known
2019-08-16 18:14:09,414 WARN [Timer-Driven Process Thread-4] o.a.n.r.util.SiteToSiteRestApiClient Failed to get controller from http://localhost:8080/nifi-api due to java.net.UnknownHostException: else: Name or service not known
2019-08-16 18:14:09,415 WARN [Timer-Driven Process Thread-4] o.apache.nifi.controller.FlowController Unable to communicate with remote instance RemoteProcessGroup[http://localhost:8080/nifi] due to org.apache.nifi.controller.exception.CommunicationsException: org.apache.nifi.controller.exception.CommunicationsException: Unable to communicate with Remote NiFi at URI http://localhost:8080/nifi due to: else: Name or service not known
2019-08-16 18:14:39,420 WARN [Timer-Driven Process Thread-10] o.a.n.r.util.SiteToSiteRestApiClient Failed to get controller from http://localhost:8080/nifi-api due to java.net.UnknownHostException: else: Name or service not known
2019-08-16 18:14:39,420 WARN [Timer-Driven Process Thread-10] o.apache.nifi.controller.FlowController Unable to communicate with remote instance RemoteProcessGroup[http://localhost:8080/nifi] due to org.apache.nifi.controller.exception.CommunicationsException: org.apache.nifi.controller.exception.CommunicationsException: Unable to communicate with Remote NiFi at URI http://localhost:8080/nifi due to: else: Name or service not known
2019-08-16 18:15:06,561 INFO [pool-10-thread-1] o.a.n.c.r.WriteAheadFlowFileRepository Initiating checkpoint of FlowFile Repository
2019-08-16 18:15:06,562 INFO [pool-10-thread-1] o.a.n.c.r.WriteAheadFlowFileRepository Successfully checkpointed FlowFile Repository with 0 records in 0 milliseconds
2019-08-16 18:15:13,780 INFO [Write-Ahead Local State Provider Maintenance] org.wali.MinimalLockingWriteAheadLog org.wali.MinimalLockingWriteAheadLog@381ed137 checkpointed with 689 Records and 0 Swap Files in 8 milliseconds (Stop-the-world time = 1 milliseconds, Clear Edit Logs time = 2 millis), max Transaction ID 2066
2019-08-16 18:15:39,427 WARN [Timer-Driven Process Thread-7] o.a.n.r.util.SiteToSiteRestApiClient Failed to get controller from http://localhost:8080/nifi-api due to java.net.UnknownHostException: else: Name or service not known
2019-08-16 18:15:39,427 WARN [Timer-Driven Process Thread-7] o.apache.nifi.controller.FlowController Unable to communicate with remote instance RemoteProcessGroup[http://localhost:8080/nifi] due to org.apache.nifi.controller.exception.CommunicationsException: org.apache.nifi.controller.exception.CommunicationsException: Unable to communicate with Remote NiFi at URI http://localhost:8080/nifi due to: else: Name or service not known
2019-08-16 18:16:09,433 WARN [Timer-Driven Process Thread-7] o.a.n.r.util.SiteToSiteRestApiClient Failed to get controller from http://localhost:8080/nifi-api due to java.net.UnknownHostException: else: Name or service not known
2019-08-16 18:16:09,434 WARN [Timer-Driven Process Thread-7] o.apache.nifi.controller.FlowController Unable to communicate with remote instance RemoteProcessGroup[http://localhost:8080/nifi] due to org.apache.nifi.controller.exception.CommunicationsException: org.apache.nifi.controller.exception.CommunicationsException: Unable to communicate with Remote NiFi at URI http://localhost:8080/nifi due to: else: Name or service not known
2019-08-16 18:16:39,440 WARN [Timer-Driven Process Thread-7] o.a.n.r.util.SiteToSiteRestApiClient Failed to get controller from http://localhost:8080/nifi-api due to java.net.UnknownHostException: else: Name or service not known
2019-08-16 18:16:39,440 WARN [Timer-Driven Process Thread-7] o.apache.nifi.controller.FlowController Unable to communicate with remote instance RemoteProcessGroup[http://localhost:8080/nifi] due to org.apache.nifi.controller.exception.CommunicationsException: org.apache.nifi.controller.exception.CommunicationsException: Unable to communicate with Remote NiFi at URI http://localhost:8080/nifi due to: else: Name or service not known
2019-08-16 18:17:06,562 INFO [pool-10-thread-1] o.a.n.c.r.WriteAheadFlowFileRepository Initiating checkpoint of FlowFile Repository
2019-08-16 18:17:06,562 INFO [pool-10-thread-1] o.a.n.c.r.WriteAheadFlowFileRepository Successfully checkpointed FlowFile Repository with 0 records in 0 milliseconds
2019-08-16 18:17:09,446 WARN [Timer-Driven Process Thread-4] o.a.n.r.util.SiteToSiteRestApiClient Failed to get controller from http://localhost:8080/nifi-api due to java.net.UnknownHostException: else: Name or service not known
2019-08-16 18:17:09,446 WARN [Timer-Driven Process Thread-4] o.apache.nifi.controller.FlowController Unable to communicate with remote instance RemoteProcessGroup[http://localhost:8080/nifi] due to org.apache.nifi.controller.exception.CommunicationsException: org.apache.nifi.controller.exception.CommunicationsException: Unable to communicate with Remote NiFi at URI http://localhost:8080/nifi due to: else: Name or service not known
2019-08-16 18:17:13,788 INFO [Write-Ahead Local State Provider Maintenance] org.wali.MinimalLockingWriteAheadLog org.wali.MinimalLockingWriteAheadLog@381ed137 checkpointed with 689 Records and 0 Swap Files in 7 milliseconds (Stop-the-world time = 2 milliseconds, Clear Edit Logs time = 1 millis), max Transaction ID 2066
2019-08-16 18:17:39,453 WARN [Timer-Driven Process Thread-3] o.a.n.r.util.SiteToSiteRestApiClient Failed to get controller from http://localhost:8080/nifi-api due to java.net.UnknownHostException: else: Name or service not known
2019-08-16 18:17:39,454 WARN [Timer-Driven Process Thread-3] o.apache.nifi.controller.FlowController Unable to communicate with remote instance RemoteProcessGroup[http://localhost:8080/nifi] due to org.apache.nifi.controller.exception.CommunicationsException: org.apache.nifi.controller.exception.CommunicationsException: Unable to communicate with Remote NiFi at URI http://localhost:8080/nifi due to: else: Name or service not known
2019-08-16 18:18:09,460 WARN [Timer-Driven Process Thread-4] o.a.n.r.util.SiteToSiteRestApiClient Failed to get controller from http://localhost:8080/nifi-api due to java.net.UnknownHostException: else: Name or service not known
2019-08-16 18:18:09,461 WARN [Timer-Driven Process Thread-4] o.apache.nifi.controller.FlowController Unable to communicate with remote instance RemoteProcessGroup[http://localhost:8080/nifi] due to org.apache.nifi.controller.exception.CommunicationsException: org.apache.nifi.controller.exception.CommunicationsException: Unable to communicate with Remote NiFi at URI http://localhost:8080/nifi due to: else: Name or service not known
2019-08-16 18:18:39,466 WARN [Timer-Driven Process Thread-2] o.a.n.r.util.SiteToSiteRestApiClient Failed to get controller from http://localhost:8080/nifi-api due to java.net.UnknownHostException: else: Name or service not known
2019-08-16 18:18:39,466 WARN [Timer-Driven Process Thread-2] o.apache.nifi.controller.FlowController Unable to communicate with remote instance RemoteProcessGroup[http://localhost:8080/nifi] due to org.apache.nifi.controller.exception.CommunicationsException: org.apache.nifi.controller.exception.CommunicationsException: Unable to communicate with Remote NiFi at URI http://localhost:8080/nifi due to: else: Name or service not known
2019-08-16 18:19:06,562 INFO [pool-10-thread-1] o.a.n.c.r.WriteAheadFlowFileRepository Initiating checkpoint of FlowFile Repository
2019-08-16 18:19:06,563 INFO [pool-10-thread-1] o.a.n.c.r.WriteAheadFlowFileRepository Successfully checkpointed FlowFile Repository with 0 records in 0 milliseconds
2019-08-16 18:19:09,473 WARN [Timer-Driven Process Thread-4] o.a.n.r.util.SiteToSiteRestApiClient Failed to get controller from http://localhost:8080/nifi-api due to java.net.UnknownHostException: else: Name or service not known
2019-08-16 18:19:09,473 WARN [Timer-Driven Process Thread-4] o.apache.nifi.controller.FlowController Unable to communicate with remote instance RemoteProcessGroup[http://localhost:8080/nifi] due to org.apache.nifi.controller.exception.CommunicationsException: org.apache.nifi.controller.exception.CommunicationsException: Unable to communicate with Remote NiFi at URI http://localhost:8080/nifi due to: else: Name or service not known
2019-08-16 18:19:13,801 INFO [Write-Ahead Local State Provider Maintenance] org.wali.MinimalLockingWriteAheadLog org.wali.MinimalLockingWriteAheadLog@381ed137 checkpointed with 689 Records and 0 Swap Files in 11 milliseconds (Stop-the-world time = 2 milliseconds, Clear Edit Logs time = 2 millis), max Transaction ID 2066
2019-08-16 18:19:39,478 WARN [Timer-Driven Process Thread-6] o.a.n.r.util.SiteToSiteRestApiClient Failed to get controller from http://localhost:8080/nifi-api due to java.net.UnknownHostException: else: Name or service not known
2019-08-16 18:19:39,478 WARN [Timer-Driven Process Thread-6] o.apache.nifi.controller.FlowController Unable to communicate with remote instance RemoteProcessGroup[http://localhost:8080/nifi] due to org.apache.nifi.controller.exception.CommunicationsException: org.apache.nifi.controller.exception.CommunicationsException: Unable to communicate with Remote NiFi at URI http://localhost:8080/nifi due to: else: Name or service not known
2019-08-16 18:20:39,485 WARN [Timer-Driven Process Thread-4] o.a.n.r.util.SiteToSiteRestApiClient Failed to get controller from http://localhost:8080/nifi-api due to java.net.UnknownHostException: else: Name or service not known
2019-08-16 18:20:39,485 WARN [Timer-Driven Process Thread-4] o.apache.nifi.controller.FlowController Unable to communicate with remote instance RemoteProcessGroup[http://localhost:8080/nifi] due to org.apache.nifi.controller.exception.CommunicationsException: org.apache.nifi.controller.exception.CommunicationsException: Unable to communicate with Remote NiFi at URI http://localhost:8080/nifi due to: else: Name or service not known
2019-08-16 18:21:06,563 INFO [pool-10-thread-1] o.a.n.c.r.WriteAheadFlowFileRepository Initiating checkpoint of FlowFile Repository
2019-08-16 18:21:06,563 INFO [pool-10-thread-1] o.a.n.c.r.WriteAheadFlowFileRepository Successfully checkpointed FlowFile Repository with 0 records in 0 milliseconds
2019-08-16 18:21:13,813 INFO [Write-Ahead Local State Provider Maintenance] org.wali.MinimalLockingWriteAheadLog org.wali.MinimalLockingWriteAheadLog@381ed137 checkpointed with 689 Records and 0 Swap Files in 11 milliseconds (Stop-the-world time = 2 milliseconds, Clear Edit Logs time = 1 millis), max Transaction ID 2066
2019-08-16 18:21:39,491 WARN [Timer-Driven Process Thread-2] o.a.n.r.util.SiteToSiteRestApiClient Failed to get controller from http://localhost:8080/nifi-api due to java.net.UnknownHostException: else: Name or service not known
2019-08-16 18:21:39,492 WARN [Timer-Driven Process Thread-2] o.apache.nifi.controller.FlowController Unable to communicate with remote instance RemoteProcessGroup[http://localhost:8080/nifi] due to org.apache.nifi.controller.exception.CommunicationsException: org.apache.nifi.controller.exception.CommunicationsException: Unable to communicate with Remote NiFi at URI http://localhost:8080/nifi due to: else: Name or service not known
2019-08-16 18:22:09,499 WARN [Timer-Driven Process Thread-1] o.a.n.r.util.SiteToSiteRestApiClient Failed to get controller from http://localhost:8080/nifi-api due to java.net.UnknownHostException: else: Name or service not known
2019-08-16 18:22:09,499 WARN [Timer-Driven Process Thread-1] o.apache.nifi.controller.FlowController Unable to communicate with remote instance RemoteProcessGroup[http://localhost:8080/nifi] due to org.apache.nifi.controller.exception.CommunicationsException: org.apache.nifi.controller.exception.CommunicationsException: Unable to communicate with Remote NiFi at URI http://localhost:8080/nifi due to: else: Name or service not known
2019-08-16 18:22:39,506 WARN [Timer-Driven Process Thread-5] o.a.n.r.util.SiteToSiteRestApiClient Failed to get controller from http://localhost:8080/nifi-api due to java.net.UnknownHostException: else: Name or service not known
2019-08-16 18:22:39,507 WARN [Timer-Driven Process Thread-5] o.apache.nifi.controller.FlowController Unable to communicate with remote instance RemoteProcessGroup[http://localhost:8080/nifi] due to org.apache.nifi.controller.exception.CommunicationsException: org.apache.nifi.controller.exception.CommunicationsException: Unable to communicate with Remote NiFi at URI http://localhost:8080/nifi due to: else: Name or service not known
2019-08-16 18:23:06,564 INFO [pool-10-thread-1] o.a.n.c.r.WriteAheadFlowFileRepository Initiating checkpoint of FlowFile Repository
2019-08-16 18:23:06,564 INFO [pool-10-thread-1] o.a.n.c.r.WriteAheadFlowFileRepository Successfully checkpointed FlowFile Repository with 0 records in 0 milliseconds
2019-08-16 18:23:09,511 WARN [Timer-Driven Process Thread-10] o.a.n.r.util.SiteToSiteRestApiClient Failed to get controller from http://localhost:8080/nifi-api due to java.net.UnknownHostException: else: Name or service not known
2019-08-16 18:23:09,511 WARN [Timer-Driven Process Thread-10] o.apache.nifi.controller.FlowController Unable to communicate with remote instance RemoteProcessGroup[http://localhost:8080/nifi] due to org.apache.nifi.controller.exception.CommunicationsException: org.apache.nifi.controller.exception.CommunicationsException: Unable to communicate with Remote NiFi at URI http://localhost:8080/nifi due to: else: Name or service not known
2019-08-16 18:23:13,824 INFO [Write-Ahead Local State Provider Maintenance] org.wali.MinimalLockingWriteAheadLog org.wali.MinimalLockingWriteAheadLog@381ed137 checkpointed with 689 Records and 0 Swap Files in 10 milliseconds (Stop-the-world time = 2 milliseconds, Clear Edit Logs time = 0 millis), max Transaction ID 2066
2019-08-16 18:23:39,516 WARN [Timer-Driven Process Thread-8] o.a.n.r.util.SiteToSiteRestApiClient Failed to get controller from http://localhost:8080/nifi-api due to java.net.UnknownHostException: else: Name or service not known
2019-08-16 18:23:39,516 WARN [Timer-Driven Process Thread-8] o.apache.nifi.controller.FlowController Unable to communicate with remote instance RemoteProcessGroup[http://localhost:8080/nifi] due to org.apache.nifi.controller.exception.CommunicationsException: org.apache.nifi.controller.exception.CommunicationsException: Unable to communicate with Remote NiFi at URI http://localhost:8080/nifi due to: else: Name or service not known
2019-08-16 18:24:39,523 WARN [Timer-Driven Process Thread-8] o.a.n.r.util.SiteToSiteRestApiClient Failed to get controller from http://localhost:8080/nifi-api due to java.net.UnknownHostException: else: Name or service not known
2019-08-16 18:24:39,524 WARN [Timer-Driven Process Thread-8] o.apache.nifi.controller.FlowController Unable to communicate with remote instance RemoteProcessGroup[http://localhost:8080/nifi] due to org.apache.nifi.controller.exception.CommunicationsException: org.apache.nifi.controller.exception.CommunicationsException: Unable to communicate with Remote NiFi at URI http://localhost:8080/nifi due to: else: Name or service not known
2019-08-16 18:25:06,564 INFO [pool-10-thread-1] o.a.n.c.r.WriteAheadFlowFileRepository Initiating checkpoint of FlowFile Repository
2019-08-16 18:25:06,565 INFO [pool-10-thread-1] o.a.n.c.r.WriteAheadFlowFileRepository Successfully checkpointed FlowFile Repository with 0 records in 0 milliseconds
2019-08-16 18:25:09,530 WARN [Timer-Driven Process Thread-8] o.a.n.r.util.SiteToSiteRestApiClient Failed to get controller from http://localhost:8080/nifi-api due to java.net.UnknownHostException: else: Name or service not known
2019-08-16 18:25:09,531 WARN [Timer-Driven Process Thread-8] o.apache.nifi.controller.FlowController Unable to communicate with remote instance RemoteProcessGroup[http://localhost:8080/nifi] due to org.apache.nifi.controller.exception.CommunicationsException: org.apache.nifi.controller.exception.CommunicationsException: Unable to communicate with Remote NiFi at URI http://localhost:8080/nifi due to: else: Name or service not known
2019-08-16 18:25:13,835 INFO [Write-Ahead Local State Provider Maintenance] org.wali.MinimalLockingWriteAheadLog org.wali.MinimalLockingWriteAheadLog@381ed137 checkpointed with 689 Records and 0 Swap Files in 10 milliseconds (Stop-the-world time = 3 milliseconds, Clear Edit Logs time = 1 millis), max Transaction ID 2066
2019-08-16 18:25:39,538 WARN [Timer-Driven Process Thread-5] o.a.n.r.util.SiteToSiteRestApiClient Failed to get controller from http://localhost:8080/nifi-api due to java.net.UnknownHostException: else: Name or service not known
2019-08-16 18:25:39,539 WARN [Timer-Driven Process Thread-5] o.apache.nifi.controller.FlowController Unable to communicate with remote instance RemoteProcessGroup[http://localhost:8080/nifi] due to org.apache.nifi.controller.exception.CommunicationsException: org.apache.nifi.controller.exception.CommunicationsException: Unable to communicate with Remote NiFi at URI http://localhost:8080/nifi due to: else: Name or service not known
2019-08-16 18:26:09,545 WARN [Timer-Driven Process Thread-4] o.a.n.r.util.SiteToSiteRestApiClient Failed to get controller from http://localhost:8080/nifi-api due to java.net.UnknownHostException: else: Name or service not known
2019-08-16 18:26:09,546 WARN [Timer-Driven Process Thread-4] o.apache.nifi.controller.FlowController Unable to communicate with remote instance RemoteProcessGroup[http://localhost:8080/nifi] due to org.apache.nifi.controller.exception.CommunicationsException: org.apache.nifi.controller.exception.CommunicationsException: Unable to communicate with Remote NiFi at URI http://localhost:8080/nifi due to: else: Name or service not known
2019-08-16 18:26:39,553 WARN [Timer-Driven Process Thread-3] o.a.n.r.util.SiteToSiteRestApiClient Failed to get controller from http://localhost:8080/nifi-api due to java.net.UnknownHostException: else: Name or service not known
2019-08-16 18:26:39,554 WARN [Timer-Driven Process Thread-3] o.apache.nifi.controller.FlowController Unable to communicate with remote instance RemoteProcessGroup[http://localhost:8080/nifi] due to org.apache.nifi.controller.exception.CommunicationsException: org.apache.nifi.controller.exception.CommunicationsException: Unable to communicate with Remote NiFi at URI http://localhost:8080/nifi due to: else: Name or service not known
2019-08-16 18:27:06,565 INFO [pool-10-thread-1] o.a.n.c.r.WriteAheadFlowFileRepository Initiating checkpoint of FlowFile Repository
2019-08-16 18:27:06,565 INFO [pool-10-thread-1] o.a.n.c.r.WriteAheadFlowFileRepository Successfully checkpointed FlowFile Repository with 0 records in 0 milliseconds
2019-08-16 18:27:09,559 WARN [Timer-Driven Process Thread-2] o.a.n.r.util.SiteToSiteRestApiClient Failed to get controller from http://localhost:8080/nifi-api due to java.net.UnknownHostException: else: Name or service not known
2019-08-16 18:27:09,559 WARN [Timer-Driven Process Thread-2] o.apache.nifi.controller.FlowController Unable to communicate with remote instance RemoteProcessGroup[http://localhost:8080/nifi] due to org.apache.nifi.controller.exception.CommunicationsException: org.apache.nifi.controller.exception.CommunicationsException: Unable to communicate with Remote NiFi at URI http://localhost:8080/nifi due to: else: Name or service not known
2019-08-16 18:27:13,845 INFO [Write-Ahead Local State Provider Maintenance] org.wali.MinimalLockingWriteAheadLog org.wali.MinimalLockingWriteAheadLog@381ed137 checkpointed with 689 Records and 0 Swap Files in 10 milliseconds (Stop-the-world time = 2 milliseconds, Clear Edit Logs time = 1 millis), max Transaction ID 2066
2019-08-16 18:27:45,256 WARN [Remote Process Group 9a3648e0-016c-1000-17e7-230c5a5a0e3f Thread-1] o.a.n.r.util.SiteToSiteRestApiClient Failed to get controller from http://localhost:8080/nifi-api due to java.net.UnknownHostException: else: Name or service not known
2019-08-16 18:27:45,256 WARN [Remote Process Group 9a3648e0-016c-1000-17e7-230c5a5a0e3f Thread-1] o.a.n.remote.StandardRemoteProcessGroup Unable to connect to RemoteProcessGroup[http://localhost:8080/nifi] due to java.net.UnknownHostException: else: Name or service not known
2019-08-16 18:28:39,567 WARN [Timer-Driven Process Thread-7] o.a.n.r.util.SiteToSiteRestApiClient Failed to get controller from http://localhost:8080/nifi-api due to java.net.UnknownHostException: else: Name or service not known
2019-08-16 18:28:39,567 WARN [Timer-Driven Process Thread-7] o.apache.nifi.controller.FlowController Unable to communicate with remote instance RemoteProcessGroup[http://localhost:8080/nifi] due to org.apache.nifi.controller.exception.CommunicationsException: org.apache.nifi.controller.exception.CommunicationsException: Unable to communicate with Remote NiFi at URI http://localhost:8080/nifi due to: else: Name or service not known
2019-08-16 18:29:06,565 INFO [pool-10-thread-1] o.a.n.c.r.WriteAheadFlowFileRepository Initiating checkpoint of FlowFile Repository
2019-08-16 18:29:06,566 INFO [pool-10-thread-1] o.a.n.c.r.WriteAheadFlowFileRepository Successfully checkpointed FlowFile Repository with 0 records in 0 milliseconds
2019-08-16 18:29:09,575 WARN [Timer-Driven Process Thread-6] o.a.n.r.util.SiteToSiteRestApiClient Failed to get controller from http://localhost:8080/nifi-api due to java.net.UnknownHostException: else: Name or service not known
2019-08-16 18:29:09,575 WARN [Timer-Driven Process Thread-6] o.apache.nifi.controller.FlowController Unable to communicate with remote instance RemoteProcessGroup[http://localhost:8080/nifi] due to org.apache.nifi.controller.exception.CommunicationsException: org.apache.nifi.controller.exception.CommunicationsException: Unable to communicate with Remote NiFi at URI http://localhost:8080/nifi due to: else: Name or service not known
2019-08-16 18:29:13,860 INFO [Write-Ahead Local State Provider Maintenance] org.wali.MinimalLockingWriteAheadLog org.wali.MinimalLockingWriteAheadLog@381ed137 checkpointed with 689 Records and 0 Swap Files in 13 milliseconds (Stop-the-world time = 3 milliseconds, Clear Edit Logs time = 3 millis), max Transaction ID 2066
2019-08-16 18:29:45,261 WARN [Remote Process Group 9a3648e0-016c-1000-17e7-230c5a5a0e3f Thread-1] o.a.n.r.util.SiteToSiteRestApiClient Failed to get controller from http://localhost:8080/nifi-api due to java.net.UnknownHostException: else: Name or service not known
2019-08-16 18:29:45,261 WARN [Remote Process Group 9a3648e0-016c-1000-17e7-230c5a5a0e3f Thread-1] o.a.n.remote.StandardRemoteProcessGroup Unable to connect to RemoteProcessGroup[http://localhost:8080/nifi] due to java.net.UnknownHostException: else: Name or service not known
2019-08-16 18:30:39,580 WARN [Timer-Driven Process Thread-6] o.a.n.r.util.SiteToSiteRestApiClient Failed to get controller from http://localhost:8080/nifi-api due to java.net.UnknownHostException: else: Name or service not known
2019-08-16 18:30:39,581 WARN [Timer-Driven Process Thread-6] o.apache.nifi.controller.FlowController Unable to communicate with remote instance RemoteProcessGroup[http://localhost:8080/nifi] due to org.apache.nifi.controller.exception.CommunicationsException: org.apache.nifi.controller.exception.CommunicationsException: Unable to communicate with Remote NiFi at URI http://localhost:8080/nifi due to: else: Name or service not known
2019-08-16 18:31:06,566 INFO [pool-10-thread-1] o.a.n.c.r.WriteAheadFlowFileRepository Initiating checkpoint of FlowFile Repository
2019-08-16 18:31:06,566 INFO [pool-10-thread-1] o.a.n.c.r.WriteAheadFlowFileRepository Successfully checkpointed FlowFile Repository with 0 records in 0 milliseconds
2019-08-16 18:31:09,588 WARN [Timer-Driven Process Thread-3] o.a.n.r.util.SiteToSiteRestApiClient Failed to get controller from http://localhost:8080/nifi-api due to java.net.UnknownHostException: else: Name or service not known
2019-08-16 18:31:09,588 WARN [Timer-Driven Process Thread-3] o.apache.nifi.controller.FlowController Unable to communicate with remote instance RemoteProcessGroup[http://localhost:8080/nifi] due to org.apache.nifi.controller.exception.CommunicationsException: org.apache.nifi.controller.exception.CommunicationsException: Unable to communicate with Remote NiFi at URI http://localhost:8080/nifi due to: else: Name or service not known
2019-08-16 18:31:13,871 INFO [Write-Ahead Local State Provider Maintenance] org.wali.MinimalLockingWriteAheadLog org.wali.MinimalLockingWriteAheadLog@381ed137 checkpointed with 689 Records and 0 Swap Files in 10 milliseconds (Stop-the-world time = 2 milliseconds, Clear Edit Logs time = 1 millis), max Transaction ID 2066
2019-08-16 18:31:39,596 WARN [Timer-Driven Process Thread-1] o.a.n.r.util.SiteToSiteRestApiClient Failed to get controller from http://localhost:8080/nifi-api due to java.net.UnknownHostException: else: Name or service not known
2019-08-16 18:31:39,596 WARN [Timer-Driven Process Thread-1] o.apache.nifi.controller.FlowController Unable to communicate with remote instance RemoteProcessGroup[http://localhost:8080/nifi] due to org.apache.nifi.controller.exception.CommunicationsException: org.apache.nifi.controller.exception.CommunicationsException: Unable to communicate with Remote NiFi at URI http://localhost:8080/nifi due to: else: Name or service not known
2019-08-16 18:32:09,603 WARN [Timer-Driven Process Thread-3] o.a.n.r.util.SiteToSiteRestApiClient Failed to get controller from http://localhost:8080/nifi-api due to java.net.UnknownHostException: else: Name or service not known
2019-08-16 18:32:09,603 WARN [Timer-Driven Process Thread-3] o.apache.nifi.controller.FlowController Unable to communicate with remote instance RemoteProcessGroup[http://localhost:8080/nifi] due to org.apache.nifi.controller.exception.CommunicationsException: org.apache.nifi.controller.exception.CommunicationsException: Unable to communicate with Remote NiFi at URI http://localhost:8080/nifi due to: else: Name or service not known
2019-08-16 18:32:39,611 WARN [Timer-Driven Process Thread-9] o.a.n.r.util.SiteToSiteRestApiClient Failed to get controller from http://localhost:8080/nifi-api due to java.net.UnknownHostException: else: Name or service not known
2019-08-16 18:32:39,611 WARN [Timer-Driven Process Thread-9] o.apache.nifi.controller.FlowController Unable to communicate with remote instance RemoteProcessGroup[http://localhost:8080/nifi] due to org.apache.nifi.controller.exception.CommunicationsException: org.apache.nifi.controller.exception.CommunicationsException: Unable to communicate with Remote NiFi at URI http://localhost:8080/nifi due to: else: Name or service not known
2019-08-16 18:33:06,567 INFO [pool-10-thread-1] o.a.n.c.r.WriteAheadFlowFileRepository Initiating checkpoint of FlowFile Repository
2019-08-16 18:33:06,567 INFO [pool-10-thread-1] o.a.n.c.r.WriteAheadFlowFileRepository Successfully checkpointed FlowFile Repository with 0 records in 0 milliseconds
2019-08-16 18:33:09,619 WARN [Timer-Driven Process Thread-10] o.a.n.r.util.SiteToSiteRestApiClient Failed to get controller from http://localhost:8080/nifi-api due to java.net.UnknownHostException: else: Name or service not known
2019-08-16 18:33:09,619 WARN [Timer-Driven Process Thread-10] o.apache.nifi.controller.FlowController Unable to communicate with remote instance RemoteProcessGroup[http://localhost:8080/nifi] due to org.apache.nifi.controller.exception.CommunicationsException: org.apache.nifi.controller.exception.CommunicationsException: Unable to communicate with Remote NiFi at URI http://localhost:8080/nifi due to: else: Name or service not known
2019-08-16 18:33:13,882 INFO [Write-Ahead Local State Provider Maintenance] org.wali.MinimalLockingWriteAheadLog org.wali.MinimalLockingWriteAheadLog@381ed137 checkpointed with 689 Records and 0 Swap Files in 10 milliseconds (Stop-the-world time = 3 milliseconds, Clear Edit Logs time = 0 millis), max Transaction ID 2066
2019-08-16 18:33:39,624 WARN [Timer-Driven Process Thread-7] o.a.n.r.util.SiteToSiteRestApiClient Failed to get controller from http://localhost:8080/nifi-api due to java.net.UnknownHostException: else: Name or service not known
2019-08-16 18:33:39,625 WARN [Timer-Driven Process Thread-7] o.apache.nifi.controller.FlowController Unable to communicate with remote instance RemoteProcessGroup[http://localhost:8080/nifi] due to org.apache.nifi.controller.exception.CommunicationsException: org.apache.nifi.controller.exception.CommunicationsException: Unable to communicate with Remote NiFi at URI http://localhost:8080/nifi due to: else: Name or service not known
2019-08-16 18:34:09,632 WARN [Timer-Driven Process Thread-9] o.a.n.r.util.SiteToSiteRestApiClient Failed to get controller from http://localhost:8080/nifi-api due to java.net.UnknownHostException: else: Name or service not known
2019-08-16 18:34:09,632 WARN [Timer-Driven Process Thread-9] o.apache.nifi.controller.FlowController Unable to communicate with remote instance RemoteProcessGroup[http://localhost:8080/nifi] due to org.apache.nifi.controller.exception.CommunicationsException: org.apache.nifi.controller.exception.CommunicationsException: Unable to communicate with Remote NiFi at URI http://localhost:8080/nifi due to: else: Name or service not known
2019-08-16 18:34:39,639 WARN [Timer-Driven Process Thread-5] o.a.n.r.util.SiteToSiteRestApiClient Failed to get controller from http://localhost:8080/nifi-api due to java.net.UnknownHostException: else: Name or service not known
2019-08-16 18:34:39,640 WARN [Timer-Driven Process Thread-5] o.apache.nifi.controller.FlowController Unable to communicate with remote instance RemoteProcessGroup[http://localhost:8080/nifi] due to org.apache.nifi.controller.exception.CommunicationsException: org.apache.nifi.controller.exception.CommunicationsException: Unable to communicate with Remote NiFi at URI http://localhost:8080/nifi due to: else: Name or service not known
2019-08-16 18:35:06,567 INFO [pool-10-thread-1] o.a.n.c.r.WriteAheadFlowFileRepository Initiating checkpoint of FlowFile Repository
2019-08-16 18:35:06,567 INFO [pool-10-thread-1] o.a.n.c.r.WriteAheadFlowFileRepository Successfully checkpointed FlowFile Repository with 0 records in 0 milliseconds
2019-08-16 18:35:09,647 WARN [Timer-Driven Process Thread-3] o.a.n.r.util.SiteToSiteRestApiClient Failed to get controller from http://localhost:8080/nifi-api due to java.net.UnknownHostException: else: Name or service not known
2019-08-16 18:35:09,648 WARN [Timer-Driven Process Thread-3] o.apache.nifi.controller.FlowController Unable to communicate with remote instance RemoteProcessGroup[http://localhost:8080/nifi] due to org.apache.nifi.controller.exception.CommunicationsException: org.apache.nifi.controller.exception.CommunicationsException: Unable to communicate with Remote NiFi at URI http://localhost:8080/nifi due to: else: Name or service not known
2019-08-16 18:35:13,893 INFO [Write-Ahead Local State Provider Maintenance] org.wali.MinimalLockingWriteAheadLog org.wali.MinimalLockingWriteAheadLog@381ed137 checkpointed with 689 Records and 0 Swap Files in 11 milliseconds (Stop-the-world time = 2 milliseconds, Clear Edit Logs time = 2 millis), max Transaction ID 2066
2019-08-16 18:35:39,655 WARN [Timer-Driven Process Thread-5] o.a.n.r.util.SiteToSiteRestApiClient Failed to get controller from http://localhost:8080/nifi-api due to java.net.UnknownHostException: else: Name or service not known
2019-08-16 18:35:39,655 WARN [Timer-Driven Process Thread-5] o.apache.nifi.controller.FlowController Unable to communicate with remote instance RemoteProcessGroup[http://localhost:8080/nifi] due to org.apache.nifi.controller.exception.CommunicationsException: org.apache.nifi.controller.exception.CommunicationsException: Unable to communicate with Remote NiFi at URI http://localhost:8080/nifi due to: else: Name or service not known
2019-08-16 18:36:39,664 WARN [Timer-Driven Process Thread-7] o.a.n.r.util.SiteToSiteRestApiClient Failed to get controller from http://localhost:8080/nifi-api due to java.net.UnknownHostException: else: Name or service not known
2019-08-16 18:36:39,664 WARN [Timer-Driven Process Thread-7] o.apache.nifi.controller.FlowController Unable to communicate with remote instance RemoteProcessGroup[http://localhost:8080/nifi] due to org.apache.nifi.controller.exception.CommunicationsException: org.apache.nifi.controller.exception.CommunicationsException: Unable to communicate with Remote NiFi at URI http://localhost:8080/nifi due to: else: Name or service not known
2019-08-16 18:37:06,568 INFO [pool-10-thread-1] o.a.n.c.r.WriteAheadFlowFileRepository Initiating checkpoint of FlowFile Repository
2019-08-16 18:37:06,568 INFO [pool-10-thread-1] o.a.n.c.r.WriteAheadFlowFileRepository Successfully checkpointed FlowFile Repository with 0 records in 0 milliseconds
2019-08-16 18:37:09,672 WARN [Timer-Driven Process Thread-5] o.a.n.r.util.SiteToSiteRestApiClient Failed to get controller from http://localhost:8080/nifi-api due to java.net.UnknownHostException: else: Name or service not known
2019-08-16 18:37:09,672 WARN [Timer-Driven Process Thread-5] o.apache.nifi.controller.FlowController Unable to communicate with remote instance RemoteProcessGroup[http://localhost:8080/nifi] due to org.apache.nifi.controller.exception.CommunicationsException: org.apache.nifi.controller.exception.CommunicationsException: Unable to communicate with Remote NiFi at URI http://localhost:8080/nifi due to: else: Name or service not known
2019-08-16 18:37:13,904 INFO [Write-Ahead Local State Provider Maintenance] org.wali.MinimalLockingWriteAheadLog org.wali.MinimalLockingWriteAheadLog@381ed137 checkpointed with 689 Records and 0 Swap Files in 10 milliseconds (Stop-the-world time = 1 milliseconds, Clear Edit Logs time = 2 millis), max Transaction ID 2066
2019-08-16 18:37:39,679 WARN [Timer-Driven Process Thread-2] o.a.n.r.util.SiteToSiteRestApiClient Failed to get controller from http://localhost:8080/nifi-api due to java.net.UnknownHostException: else: Name or service not known
2019-08-16 18:37:39,680 WARN [Timer-Driven Process Thread-2] o.apache.nifi.controller.FlowController Unable to communicate with remote instance RemoteProcessGroup[http://localhost:8080/nifi] due to org.apache.nifi.controller.exception.CommunicationsException: org.apache.nifi.controller.exception.CommunicationsException: Unable to communicate with Remote NiFi at URI http://localhost:8080/nifi due to: else: Name or service not known
2019-08-16 18:38:09,684 WARN [Timer-Driven Process Thread-2] o.a.n.r.util.SiteToSiteRestApiClient Failed to get controller from http://localhost:8080/nifi-api due to java.net.UnknownHostException: else: Name or service not known
2019-08-16 18:38:09,685 WARN [Timer-Driven Process Thread-2] o.apache.nifi.controller.FlowController Unable to communicate with remote instance RemoteProcessGroup[http://localhost:8080/nifi] due to org.apache.nifi.controller.exception.CommunicationsException: org.apache.nifi.controller.exception.CommunicationsException: Unable to communicate with Remote NiFi at URI http://localhost:8080/nifi due to: else: Name or service not known
2019-08-16 18:38:39,692 WARN [Timer-Driven Process Thread-7] o.a.n.r.util.SiteToSiteRestApiClient Failed to get controller from http://localhost:8080/nifi-api due to java.net.UnknownHostException: else: Name or service not known
2019-08-16 18:38:39,692 WARN [Timer-Driven Process Thread-7] o.apache.nifi.controller.FlowController Unable to communicate with remote instance RemoteProcessGroup[http://localhost:8080/nifi] due to org.apache.nifi.controller.exception.CommunicationsException: org.apache.nifi.controller.exception.CommunicationsException: Unable to communicate with Remote NiFi at URI http://localhost:8080/nifi due to: else: Name or service not known
2019-08-16 18:39:06,568 INFO [pool-10-thread-1] o.a.n.c.r.WriteAheadFlowFileRepository Initiating checkpoint of FlowFile Repository
2019-08-16 18:39:06,569 INFO [pool-10-thread-1] o.a.n.c.r.WriteAheadFlowFileRepository Successfully checkpointed FlowFile Repository with 0 records in 0 milliseconds
2019-08-16 18:39:13,912 INFO [Write-Ahead Local State Provider Maintenance] org.wali.MinimalLockingWriteAheadLog org.wali.MinimalLockingWriteAheadLog@381ed137 checkpointed with 689 Records and 0 Swap Files in 8 milliseconds (Stop-the-world time = 1 milliseconds, Clear Edit Logs time = 0 millis), max Transaction ID 2066
2019-08-16 18:39:39,699 WARN [Timer-Driven Process Thread-6] o.a.n.r.util.SiteToSiteRestApiClient Failed to get controller from http://localhost:8080/nifi-api due to java.net.UnknownHostException: else: Name or service not known
2019-08-16 18:39:39,700 WARN [Timer-Driven Process Thread-6] o.apache.nifi.controller.FlowController Unable to communicate with remote instance RemoteProcessGroup[http://localhost:8080/nifi] due to org.apache.nifi.controller.exception.CommunicationsException: org.apache.nifi.controller.exception.CommunicationsException: Unable to communicate with Remote NiFi at URI http://localhost:8080/nifi due to: else: Name or service not known
2019-08-16 18:40:09,707 WARN [Timer-Driven Process Thread-4] o.a.n.r.util.SiteToSiteRestApiClient Failed to get controller from http://localhost:8080/nifi-api due to java.net.UnknownHostException: else: Name or service not known
2019-08-16 18:40:09,708 WARN [Timer-Driven Process Thread-4] o.apache.nifi.controller.FlowController Unable to communicate with remote instance RemoteProcessGroup[http://localhost:8080/nifi] due to org.apache.nifi.controller.exception.CommunicationsException: org.apache.nifi.controller.exception.CommunicationsException: Unable to communicate with Remote NiFi at URI http://localhost:8080/nifi due to: else: Name or service not known
2019-08-16 18:40:39,715 WARN [Timer-Driven Process Thread-4] o.a.n.r.util.SiteToSiteRestApiClient Failed to get controller from http://localhost:8080/nifi-api due to java.net.UnknownHostException: else: Name or service not known
2019-08-16 18:40:39,715 WARN [Timer-Driven Process Thread-4] o.apache.nifi.controller.FlowController Unable to communicate with remote instance RemoteProcessGroup[http://localhost:8080/nifi] due to org.apache.nifi.controller.exception.CommunicationsException: org.apache.nifi.controller.exception.CommunicationsException: Unable to communicate with Remote NiFi at URI http://localhost:8080/nifi due to: else: Name or service not known
2019-08-16 18:41:06,569 INFO [pool-10-thread-1] o.a.n.c.r.WriteAheadFlowFileRepository Initiating checkpoint of FlowFile Repository
2019-08-16 18:41:06,569 INFO [pool-10-thread-1] o.a.n.c.r.WriteAheadFlowFileRepository Successfully checkpointed FlowFile Repository with 0 records in 0 milliseconds
2019-08-16 18:41:09,722 WARN [Timer-Driven Process Thread-4] o.a.n.r.util.SiteToSiteRestApiClient Failed to get controller from http://localhost:8080/nifi-api due to java.net.UnknownHostException: else: Name or service not known
2019-08-16 18:41:09,722 WARN [Timer-Driven Process Thread-4] o.apache.nifi.controller.FlowController Unable to communicate with remote instance RemoteProcessGroup[http://localhost:8080/nifi] due to org.apache.nifi.controller.exception.CommunicationsException: org.apache.nifi.controller.exception.CommunicationsException: Unable to communicate with Remote NiFi at URI http://localhost:8080/nifi due to: else: Name or service not known
2019-08-16 18:41:13,922 INFO [Write-Ahead Local State Provider Maintenance] org.wali.MinimalLockingWriteAheadLog org.wali.MinimalLockingWriteAheadLog@381ed137 checkpointed with 689 Records and 0 Swap Files in 9 milliseconds (Stop-the-world time = 2 milliseconds, Clear Edit Logs time = 0 millis), max Transaction ID 2066
2019-08-16 18:41:45,271 WARN [Remote Process Group 9a3648e0-016c-1000-17e7-230c5a5a0e3f Thread-1] o.a.n.r.util.SiteToSiteRestApiClient Failed to get controller from http://localhost:8080/nifi-api due to java.net.UnknownHostException: else: Name or service not known
2019-08-16 18:41:45,272 WARN [Remote Process Group 9a3648e0-016c-1000-17e7-230c5a5a0e3f Thread-1] o.a.n.remote.StandardRemoteProcessGroup Unable to connect to RemoteProcessGroup[http://localhost:8080/nifi] due to java.net.UnknownHostException: else: Name or service not known
2019-08-16 18:42:39,740 WARN [Timer-Driven Process Thread-10] o.a.n.r.util.SiteToSiteRestApiClient Failed to get controller from http://localhost:8080/nifi-api due to java.net.UnknownHostException: else: Name or service not known
2019-08-16 18:42:39,741 WARN [Timer-Driven Process Thread-10] o.apache.nifi.controller.FlowController Unable to communicate with remote instance RemoteProcessGroup[http://localhost:8080/nifi] due to org.apache.nifi.controller.exception.CommunicationsException: org.apache.nifi.controller.exception.CommunicationsException: Unable to communicate with Remote NiFi at URI http://localhost:8080/nifi due to: else: Name or service not known
2019-08-16 18:43:06,570 INFO [pool-10-thread-1] o.a.n.c.r.WriteAheadFlowFileRepository Initiating checkpoint of FlowFile Repository
2019-08-16 18:43:06,570 INFO [pool-10-thread-1] o.a.n.c.r.WriteAheadFlowFileRepository Successfully checkpointed FlowFile Repository with 0 records in 0 milliseconds
2019-08-16 18:43:09,747 WARN [Timer-Driven Process Thread-2] o.a.n.r.util.SiteToSiteRestApiClient Failed to get controller from http://localhost:8080/nifi-api due to java.net.UnknownHostException: else: Name or service not known
2019-08-16 18:43:09,747 WARN [Timer-Driven Process Thread-2] o.apache.nifi.controller.FlowController Unable to communicate with remote instance RemoteProcessGroup[http://localhost:8080/nifi] due to org.apache.nifi.controller.exception.CommunicationsException: org.apache.nifi.controller.exception.CommunicationsException: Unable to communicate with Remote NiFi at URI http://localhost:8080/nifi due to: else: Name or service not known
2019-08-16 18:43:13,933 INFO [Write-Ahead Local State Provider Maintenance] org.wali.MinimalLockingWriteAheadLog org.wali.MinimalLockingWriteAheadLog@381ed137 checkpointed with 689 Records and 0 Swap Files in 9 milliseconds (Stop-the-world time = 2 milliseconds, Clear Edit Logs time = 0 millis), max Transaction ID 2066
2019-08-16 18:43:39,754 WARN [Timer-Driven Process Thread-4] o.a.n.r.util.SiteToSiteRestApiClient Failed to get controller from http://localhost:8080/nifi-api due to java.net.UnknownHostException: else: Name or service not known
2019-08-16 18:43:39,754 WARN [Timer-Driven Process Thread-4] o.apache.nifi.controller.FlowController Unable to communicate with remote instance RemoteProcessGroup[http://localhost:8080/nifi] due to org.apache.nifi.controller.exception.CommunicationsException: org.apache.nifi.controller.exception.CommunicationsException: Unable to communicate with Remote NiFi at URI http://localhost:8080/nifi due to: else: Name or service not known
2019-08-16 18:44:09,762 WARN [Timer-Driven Process Thread-1] o.a.n.r.util.SiteToSiteRestApiClient Failed to get controller from http://localhost:8080/nifi-api due to java.net.UnknownHostException: else: Name or service not known
2019-08-16 18:44:09,763 WARN [Timer-Driven Process Thread-1] o.apache.nifi.controller.FlowController Unable to communicate with remote instance RemoteProcessGroup[http://localhost:8080/nifi] due to org.apache.nifi.controller.exception.CommunicationsException: org.apache.nifi.controller.exception.CommunicationsException: Unable to communicate with Remote NiFi at URI http://localhost:8080/nifi due to: else: Name or service not known
2019-08-16 18:44:39,781 WARN [Timer-Driven Process Thread-10] o.a.n.r.util.SiteToSiteRestApiClient Failed to get controller from http://localhost:8080/nifi-api due to java.net.UnknownHostException: else: Name or service not known
2019-08-16 18:44:39,782 WARN [Timer-Driven Process Thread-10] o.apache.nifi.controller.FlowController Unable to communicate with remote instance RemoteProcessGroup[http://localhost:8080/nifi] due to org.apache.nifi.controller.exception.CommunicationsException: org.apache.nifi.controller.exception.CommunicationsException: Unable to communicate with Remote NiFi at URI http://localhost:8080/nifi due to: else: Name or service not known
2019-08-16 18:45:06,571 INFO [pool-10-thread-1] o.a.n.c.r.WriteAheadFlowFileRepository Initiating checkpoint of FlowFile Repository
2019-08-16 18:45:06,571 INFO [pool-10-thread-1] o.a.n.c.r.WriteAheadFlowFileRepository Successfully checkpointed FlowFile Repository with 0 records in 0 milliseconds
2019-08-16 18:45:09,790 WARN [Timer-Driven Process Thread-3] o.a.n.r.util.SiteToSiteRestApiClient Failed to get controller from http://localhost:8080/nifi-api due to java.net.UnknownHostException: else: Name or service not known
2019-08-16 18:45:09,790 WARN [Timer-Driven Process Thread-3] o.apache.nifi.controller.FlowController Unable to communicate with remote instance RemoteProcessGroup[http://localhost:8080/nifi] due to org.apache.nifi.controller.exception.CommunicationsException: org.apache.nifi.controller.exception.CommunicationsException: Unable to communicate with Remote NiFi at URI http://localhost:8080/nifi due to: else: Name or service not known
2019-08-16 18:45:13,943 INFO [Write-Ahead Local State Provider Maintenance] org.wali.MinimalLockingWriteAheadLog org.wali.MinimalLockingWriteAheadLog@381ed137 checkpointed with 689 Records and 0 Swap Files in 10 milliseconds (Stop-the-world time = 2 milliseconds, Clear Edit Logs time = 0 millis), max Transaction ID 2066
2019-08-16 18:45:39,797 WARN [Timer-Driven Process Thread-2] o.a.n.r.util.SiteToSiteRestApiClient Failed to get controller from http://localhost:8080/nifi-api due to java.net.UnknownHostException: else: Name or service not known
2019-08-16 18:45:39,797 WARN [Timer-Driven Process Thread-2] o.apache.nifi.controller.FlowController Unable to communicate with remote instance RemoteProcessGroup[http://localhost:8080/nifi] due to org.apache.nifi.controller.exception.CommunicationsException: org.apache.nifi.controller.exception.CommunicationsException: Unable to communicate with Remote NiFi at URI http://localhost:8080/nifi due to: else: Name or service not known
2019-08-16 18:46:09,807 WARN [Timer-Driven Process Thread-3] o.a.n.r.util.SiteToSiteRestApiClient Failed to get controller from http://localhost:8080/nifi-api due to java.net.UnknownHostException: else: Name or service not known
2019-08-16 18:46:09,807 WARN [Timer-Driven Process Thread-3] o.apache.nifi.controller.FlowController Unable to communicate with remote instance RemoteProcessGroup[http://localhost:8080/nifi] due to org.apache.nifi.controller.exception.CommunicationsException: org.apache.nifi.controller.exception.CommunicationsException: Unable to communicate with Remote NiFi at URI http://localhost:8080/nifi due to: else: Name or service not known
2019-08-16 18:46:39,834 WARN [Timer-Driven Process Thread-3] o.a.n.r.util.SiteToSiteRestApiClient Failed to get controller from http://localhost:8080/nifi-api due to java.net.UnknownHostException: else: Name or service not known
2019-08-16 18:46:39,835 WARN [Timer-Driven Process Thread-3] o.apache.nifi.controller.FlowController Unable to communicate with remote instance RemoteProcessGroup[http://localhost:8080/nifi] due to org.apache.nifi.controller.exception.CommunicationsException: org.apache.nifi.controller.exception.CommunicationsException: Unable to communicate with Remote NiFi at URI http://localhost:8080/nifi due to: else: Name or service not known
2019-08-16 18:47:06,572 INFO [pool-10-thread-1] o.a.n.c.r.WriteAheadFlowFileRepository Initiating checkpoint of FlowFile Repository
2019-08-16 18:47:06,572 INFO [pool-10-thread-1] o.a.n.c.r.WriteAheadFlowFileRepository Successfully checkpointed FlowFile Repository with 0 records in 0 milliseconds
2019-08-16 18:47:09,842 WARN [Timer-Driven Process Thread-1] o.a.n.r.util.SiteToSiteRestApiClient Failed to get controller from http://localhost:8080/nifi-api due to java.net.UnknownHostException: else: Name or service not known
2019-08-16 18:47:09,843 WARN [Timer-Driven Process Thread-1] o.apache.nifi.controller.FlowController Unable to communicate with remote instance RemoteProcessGroup[http://localhost:8080/nifi] due to org.apache.nifi.controller.exception.CommunicationsException: org.apache.nifi.controller.exception.CommunicationsException: Unable to communicate with Remote NiFi at URI http://localhost:8080/nifi due to: else: Name or service not known
2019-08-16 18:47:13,951 INFO [Write-Ahead Local State Provider Maintenance] org.wali.MinimalLockingWriteAheadLog org.wali.MinimalLockingWriteAheadLog@381ed137 checkpointed with 689 Records and 0 Swap Files in 7 milliseconds (Stop-the-world time = 2 milliseconds, Clear Edit Logs time = 0 millis), max Transaction ID 2066
2019-08-16 18:47:39,849 WARN [Timer-Driven Process Thread-8] o.a.n.r.util.SiteToSiteRestApiClient Failed to get controller from http://localhost:8080/nifi-api due to java.net.UnknownHostException: else: Name or service not known
2019-08-16 18:47:39,850 WARN [Timer-Driven Process Thread-8] o.apache.nifi.controller.FlowController Unable to communicate with remote instance RemoteProcessGroup[http://localhost:8080/nifi] due to org.apache.nifi.controller.exception.CommunicationsException: org.apache.nifi.controller.exception.CommunicationsException: Unable to communicate with Remote NiFi at URI http://localhost:8080/nifi due to: else: Name or service not known
2019-08-16 18:48:09,856 WARN [Timer-Driven Process Thread-7] o.a.n.r.util.SiteToSiteRestApiClient Failed to get controller from http://localhost:8080/nifi-api due to java.net.UnknownHostException: else: Name or service not known
2019-08-16 18:48:09,856 WARN [Timer-Driven Process Thread-7] o.apache.nifi.controller.FlowController Unable to communicate with remote instance RemoteProcessGroup[http://localhost:8080/nifi] due to org.apache.nifi.controller.exception.CommunicationsException: org.apache.nifi.controller.exception.CommunicationsException: Unable to communicate with Remote NiFi at URI http://localhost:8080/nifi due to: else: Name or service not known
2019-08-16 18:48:39,867 WARN [Timer-Driven Process Thread-8] o.a.n.r.util.SiteToSiteRestApiClient Failed to get controller from http://localhost:8080/nifi-api due to java.net.UnknownHostException: else: Name or service not known
2019-08-16 18:48:39,867 WARN [Timer-Driven Process Thread-8] o.apache.nifi.controller.FlowController Unable to communicate with remote instance RemoteProcessGroup[http://localhost:8080/nifi] due to org.apache.nifi.controller.exception.CommunicationsException: org.apache.nifi.controller.exception.CommunicationsException: Unable to communicate with Remote NiFi at URI http://localhost:8080/nifi due to: else: Name or service not known
2019-08-16 18:49:06,572 INFO [pool-10-thread-1] o.a.n.c.r.WriteAheadFlowFileRepository Initiating checkpoint of FlowFile Repository
2019-08-16 18:49:06,573 INFO [pool-10-thread-1] o.a.n.c.r.WriteAheadFlowFileRepository Successfully checkpointed FlowFile Repository with 0 records in 0 milliseconds
2019-08-16 18:49:09,874 WARN [Timer-Driven Process Thread-6] o.a.n.r.util.SiteToSiteRestApiClient Failed to get controller from http://localhost:8080/nifi-api due to java.net.UnknownHostException: else: Name or service not known
2019-08-16 18:49:09,874 WARN [Timer-Driven Process Thread-6] o.apache.nifi.controller.FlowController Unable to communicate with remote instance RemoteProcessGroup[http://localhost:8080/nifi] due to org.apache.nifi.controller.exception.CommunicationsException: org.apache.nifi.controller.exception.CommunicationsException: Unable to communicate with Remote NiFi at URI http://localhost:8080/nifi due to: else: Name or service not known
2019-08-16 18:49:13,959 INFO [Write-Ahead Local State Provider Maintenance] org.wali.MinimalLockingWriteAheadLog org.wali.MinimalLockingWriteAheadLog@381ed137 checkpointed with 689 Records and 0 Swap Files in 7 milliseconds (Stop-the-world time = 0 milliseconds, Clear Edit Logs time = 0 millis), max Transaction ID 2066
2019-08-16 18:49:39,881 WARN [Timer-Driven Process Thread-1] o.a.n.r.util.SiteToSiteRestApiClient Failed to get controller from http://localhost:8080/nifi-api due to java.net.UnknownHostException: else: Name or service not known
2019-08-16 18:49:39,882 WARN [Timer-Driven Process Thread-1] o.apache.nifi.controller.FlowController Unable to communicate with remote instance RemoteProcessGroup[http://localhost:8080/nifi] due to org.apache.nifi.controller.exception.CommunicationsException: org.apache.nifi.controller.exception.CommunicationsException: Unable to communicate with Remote NiFi at URI http://localhost:8080/nifi due to: else: Name or service not known
2019-08-16 18:50:09,887 WARN [Timer-Driven Process Thread-7] o.a.n.r.util.SiteToSiteRestApiClient Failed to get controller from http://localhost:8080/nifi-api due to java.net.UnknownHostException: else: Name or service not known
2019-08-16 18:50:09,887 WARN [Timer-Driven Process Thread-7] o.apache.nifi.controller.FlowController Unable to communicate with remote instance RemoteProcessGroup[http://localhost:8080/nifi] due to org.apache.nifi.controller.exception.CommunicationsException: org.apache.nifi.controller.exception.CommunicationsException: Unable to communicate with Remote NiFi at URI http://localhost:8080/nifi due to: else: Name or service not known
2019-08-16 18:50:39,898 WARN [Timer-Driven Process Thread-9] o.a.n.r.util.SiteToSiteRestApiClient Failed to get controller from http://localhost:8080/nifi-api due to java.net.UnknownHostException: else: Name or service not known
2019-08-16 18:50:39,899 WARN [Timer-Driven Process Thread-9] o.apache.nifi.controller.FlowController Unable to communicate with remote instance RemoteProcessGroup[http://localhost:8080/nifi] due to org.apache.nifi.controller.exception.CommunicationsException: org.apache.nifi.controller.exception.CommunicationsException: Unable to communicate with Remote NiFi at URI http://localhost:8080/nifi due to: else: Name or service not known
2019-08-16 18:51:06,573 INFO [pool-10-thread-1] o.a.n.c.r.WriteAheadFlowFileRepository Initiating checkpoint of FlowFile Repository
2019-08-16 18:51:06,573 INFO [pool-10-thread-1] o.a.n.c.r.WriteAheadFlowFileRepository Successfully checkpointed FlowFile Repository with 0 records in 0 milliseconds
2019-08-16 18:51:09,905 WARN [Timer-Driven Process Thread-4] o.a.n.r.util.SiteToSiteRestApiClient Failed to get controller from http://localhost:8080/nifi-api due to java.net.UnknownHostException: else: Name or service not known
2019-08-16 18:51:09,905 WARN [Timer-Driven Process Thread-4] o.apache.nifi.controller.FlowController Unable to communicate with remote instance RemoteProcessGroup[http://localhost:8080/nifi] due to org.apache.nifi.controller.exception.CommunicationsException: org.apache.nifi.controller.exception.CommunicationsException: Unable to communicate with Remote NiFi at URI http://localhost:8080/nifi due to: else: Name or service not known
2019-08-16 18:51:13,969 INFO [Write-Ahead Local State Provider Maintenance] org.wali.MinimalLockingWriteAheadLog org.wali.MinimalLockingWriteAheadLog@381ed137 checkpointed with 689 Records and 0 Swap Files in 9 milliseconds (Stop-the-world time = 2 milliseconds, Clear Edit Logs time = 0 millis), max Transaction ID 2066
2019-08-16 18:51:39,913 WARN [Timer-Driven Process Thread-8] o.a.n.r.util.SiteToSiteRestApiClient Failed to get controller from http://localhost:8080/nifi-api due to java.net.UnknownHostException: else: Name or service not known
2019-08-16 18:51:39,913 WARN [Timer-Driven Process Thread-8] o.apache.nifi.controller.FlowController Unable to communicate with remote instance RemoteProcessGroup[http://localhost:8080/nifi] due to org.apache.nifi.controller.exception.CommunicationsException: org.apache.nifi.controller.exception.CommunicationsException: Unable to communicate with Remote NiFi at URI http://localhost:8080/nifi due to: else: Name or service not known
2019-08-16 18:52:09,919 WARN [Timer-Driven Process Thread-3] o.a.n.r.util.SiteToSiteRestApiClient Failed to get controller from http://localhost:8080/nifi-api due to java.net.UnknownHostException: else: Name or service not known
2019-08-16 18:52:09,919 WARN [Timer-Driven Process Thread-3] o.apache.nifi.controller.FlowController Unable to communicate with remote instance RemoteProcessGroup[http://localhost:8080/nifi] due to org.apache.nifi.controller.exception.CommunicationsException: org.apache.nifi.controller.exception.CommunicationsException: Unable to communicate with Remote NiFi at URI http://localhost:8080/nifi due to: else: Name or service not known
2019-08-16 18:52:39,934 WARN [Timer-Driven Process Thread-4] o.a.n.r.util.SiteToSiteRestApiClient Failed to get controller from http://localhost:8080/nifi-api due to java.net.UnknownHostException: else: Name or service not known
2019-08-16 18:52:39,934 WARN [Timer-Driven Process Thread-4] o.apache.nifi.controller.FlowController Unable to communicate with remote instance RemoteProcessGroup[http://localhost:8080/nifi] due to org.apache.nifi.controller.exception.CommunicationsException: org.apache.nifi.controller.exception.CommunicationsException: Unable to communicate with Remote NiFi at URI http://localhost:8080/nifi due to: else: Name or service not known
2019-08-16 18:53:06,574 INFO [pool-10-thread-1] o.a.n.c.r.WriteAheadFlowFileRepository Initiating checkpoint of FlowFile Repository
2019-08-16 18:53:06,574 INFO [pool-10-thread-1] o.a.n.c.r.WriteAheadFlowFileRepository Successfully checkpointed FlowFile Repository with 0 records in 0 milliseconds
2019-08-16 18:53:13,980 INFO [Write-Ahead Local State Provider Maintenance] org.wali.MinimalLockingWriteAheadLog org.wali.MinimalLockingWriteAheadLog@381ed137 checkpointed with 689 Records and 0 Swap Files in 10 milliseconds (Stop-the-world time = 2 milliseconds, Clear Edit Logs time = 0 millis), max Transaction ID 2066
2019-08-16 18:53:39,942 WARN [Timer-Driven Process Thread-2] o.a.n.r.util.SiteToSiteRestApiClient Failed to get controller from http://localhost:8080/nifi-api due to java.net.UnknownHostException: else: Name or service not known
2019-08-16 18:53:39,942 WARN [Timer-Driven Process Thread-2] o.apache.nifi.controller.FlowController Unable to communicate with remote instance RemoteProcessGroup[http://localhost:8080/nifi] due to org.apache.nifi.controller.exception.CommunicationsException: org.apache.nifi.controller.exception.CommunicationsException: Unable to communicate with Remote NiFi at URI http://localhost:8080/nifi due to: else: Name or service not known
2019-08-16 18:54:09,949 WARN [Timer-Driven Process Thread-2] o.a.n.r.util.SiteToSiteRestApiClient Failed to get controller from http://localhost:8080/nifi-api due to java.net.UnknownHostException: else: Name or service not known
2019-08-16 18:54:09,950 WARN [Timer-Driven Process Thread-2] o.apache.nifi.controller.FlowController Unable to communicate with remote instance RemoteProcessGroup[http://localhost:8080/nifi] due to org.apache.nifi.controller.exception.CommunicationsException: org.apache.nifi.controller.exception.CommunicationsException: Unable to communicate with Remote NiFi at URI http://localhost:8080/nifi due to: else: Name or service not known
2019-08-16 18:54:39,961 WARN [Timer-Driven Process Thread-1] o.a.n.r.util.SiteToSiteRestApiClient Failed to get controller from http://localhost:8080/nifi-api due to java.net.UnknownHostException: else: Name or service not known
2019-08-16 18:54:39,961 WARN [Timer-Driven Process Thread-1] o.apache.nifi.controller.FlowController Unable to communicate with remote instance RemoteProcessGroup[http://localhost:8080/nifi] due to org.apache.nifi.controller.exception.CommunicationsException: org.apache.nifi.controller.exception.CommunicationsException: Unable to communicate with Remote NiFi at URI http://localhost:8080/nifi due to: else: Name or service not known
2019-08-16 18:55:06,574 INFO [pool-10-thread-1] o.a.n.c.r.WriteAheadFlowFileRepository Initiating checkpoint of FlowFile Repository
2019-08-16 18:55:06,575 INFO [pool-10-thread-1] o.a.n.c.r.WriteAheadFlowFileRepository Successfully checkpointed FlowFile Repository with 0 records in 0 milliseconds
2019-08-16 18:55:09,968 WARN [Timer-Driven Process Thread-4] o.a.n.r.util.SiteToSiteRestApiClient Failed to get controller from http://localhost:8080/nifi-api due to java.net.UnknownHostException: else: Name or service not known
2019-08-16 18:55:09,968 WARN [Timer-Driven Process Thread-4] o.apache.nifi.controller.FlowController Unable to communicate with remote instance RemoteProcessGroup[http://localhost:8080/nifi] due to org.apache.nifi.controller.exception.CommunicationsException: org.apache.nifi.controller.exception.CommunicationsException: Unable to communicate with Remote NiFi at URI http://localhost:8080/nifi due to: else: Name or service not known
2019-08-16 18:55:13,991 INFO [Write-Ahead Local State Provider Maintenance] org.wali.MinimalLockingWriteAheadLog org.wali.MinimalLockingWriteAheadLog@381ed137 checkpointed with 689 Records and 0 Swap Files in 10 milliseconds (Stop-the-world time = 2 milliseconds, Clear Edit Logs time = 0 millis), max Transaction ID 2066
2019-08-16 18:55:45,283 WARN [Remote Process Group 9a3648e0-016c-1000-17e7-230c5a5a0e3f Thread-1] o.a.n.r.util.SiteToSiteRestApiClient Failed to get controller from http://localhost:8080/nifi-api due to java.net.UnknownHostException: else: Name or service not known
2019-08-16 18:55:45,283 WARN [Remote Process Group 9a3648e0-016c-1000-17e7-230c5a5a0e3f Thread-1] o.a.n.remote.StandardRemoteProcessGroup Unable to connect to RemoteProcessGroup[http://localhost:8080/nifi] due to java.net.UnknownHostException: else: Name or service not known
2019-08-16 18:56:39,976 WARN [Timer-Driven Process Thread-8] o.a.n.r.util.SiteToSiteRestApiClient Failed to get controller from http://localhost:8080/nifi-api due to java.net.UnknownHostException: else: Name or service not known
2019-08-16 18:56:39,977 WARN [Timer-Driven Process Thread-8] o.apache.nifi.controller.FlowController Unable to communicate with remote instance RemoteProcessGroup[http://localhost:8080/nifi] due to org.apache.nifi.controller.exception.CommunicationsException: org.apache.nifi.controller.exception.CommunicationsException: Unable to communicate with Remote NiFi at URI http://localhost:8080/nifi due to: else: Name or service not known
2019-08-16 18:57:06,575 INFO [pool-10-thread-1] o.a.n.c.r.WriteAheadFlowFileRepository Initiating checkpoint of FlowFile Repository
2019-08-16 18:57:06,575 INFO [pool-10-thread-1] o.a.n.c.r.WriteAheadFlowFileRepository Successfully checkpointed FlowFile Repository with 0 records in 0 milliseconds
2019-08-16 18:57:09,983 WARN [Timer-Driven Process Thread-9] o.a.n.r.util.SiteToSiteRestApiClient Failed to get controller from http://localhost:8080/nifi-api due to java.net.UnknownHostException: else: Name or service not known
2019-08-16 18:57:09,984 WARN [Timer-Driven Process Thread-9] o.apache.nifi.controller.FlowController Unable to communicate with remote instance RemoteProcessGroup[http://localhost:8080/nifi] due to org.apache.nifi.controller.exception.CommunicationsException: org.apache.nifi.controller.exception.CommunicationsException: Unable to communicate with Remote NiFi at URI http://localhost:8080/nifi due to: else: Name or service not known
2019-08-16 18:57:14,002 INFO [Write-Ahead Local State Provider Maintenance] org.wali.MinimalLockingWriteAheadLog org.wali.MinimalLockingWriteAheadLog@381ed137 checkpointed with 689 Records and 0 Swap Files in 10 milliseconds (Stop-the-world time = 3 milliseconds, Clear Edit Logs time = 0 millis), max Transaction ID 2066
2019-08-16 18:57:39,991 WARN [Timer-Driven Process Thread-10] o.a.n.r.util.SiteToSiteRestApiClient Failed to get controller from http://localhost:8080/nifi-api due to java.net.UnknownHostException: else: Name or service not known
2019-08-16 18:57:39,992 WARN [Timer-Driven Process Thread-10] o.apache.nifi.controller.FlowController Unable to communicate with remote instance RemoteProcessGroup[http://localhost:8080/nifi] due to org.apache.nifi.controller.exception.CommunicationsException: org.apache.nifi.controller.exception.CommunicationsException: Unable to communicate with Remote NiFi at URI http://localhost:8080/nifi due to: else: Name or service not known
2019-08-16 18:58:09,999 WARN [Timer-Driven Process Thread-6] o.a.n.r.util.SiteToSiteRestApiClient Failed to get controller from http://localhost:8080/nifi-api due to java.net.UnknownHostException: else: Name or service not known
2019-08-16 18:58:09,999 WARN [Timer-Driven Process Thread-6] o.apache.nifi.controller.FlowController Unable to communicate with remote instance RemoteProcessGroup[http://localhost:8080/nifi] due to org.apache.nifi.controller.exception.CommunicationsException: org.apache.nifi.controller.exception.CommunicationsException: Unable to communicate with Remote NiFi at URI http://localhost:8080/nifi due to: else: Name or service not known
2019-08-16 18:58:40,006 WARN [Timer-Driven Process Thread-2] o.a.n.r.util.SiteToSiteRestApiClient Failed to get controller from http://localhost:8080/nifi-api due to java.net.UnknownHostException: else: Name or service not known
2019-08-16 18:58:40,006 WARN [Timer-Driven Process Thread-2] o.apache.nifi.controller.FlowController Unable to communicate with remote instance RemoteProcessGroup[http://localhost:8080/nifi] due to org.apache.nifi.controller.exception.CommunicationsException: org.apache.nifi.controller.exception.CommunicationsException: Unable to communicate with Remote NiFi at URI http://localhost:8080/nifi due to: else: Name or service not known
2019-08-16 18:59:06,576 INFO [pool-10-thread-1] o.a.n.c.r.WriteAheadFlowFileRepository Initiating checkpoint of FlowFile Repository
2019-08-16 18:59:06,576 INFO [pool-10-thread-1] o.a.n.c.r.WriteAheadFlowFileRepository Successfully checkpointed FlowFile Repository with 0 records in 0 milliseconds
2019-08-16 18:59:14,012 INFO [Write-Ahead Local State Provider Maintenance] org.wali.MinimalLockingWriteAheadLog org.wali.MinimalLockingWriteAheadLog@381ed137 checkpointed with 689 Records and 0 Swap Files in 9 milliseconds (Stop-the-world time = 2 milliseconds, Clear Edit Logs time = 0 millis), max Transaction ID 2066
2019-08-16 18:59:40,014 WARN [Timer-Driven Process Thread-10] o.a.n.r.util.SiteToSiteRestApiClient Failed to get controller from http://localhost:8080/nifi-api due to java.net.UnknownHostException: else: Name or service not known
2019-08-16 18:59:40,014 WARN [Timer-Driven Process Thread-10] o.apache.nifi.controller.FlowController Unable to communicate with remote instance RemoteProcessGroup[http://localhost:8080/nifi] due to org.apache.nifi.controller.exception.CommunicationsException: org.apache.nifi.controller.exception.CommunicationsException: Unable to communicate with Remote NiFi at URI http://localhost:8080/nifi due to: else: Name or service not known
