2019-08-16 13:01:06,469 INFO [pool-10-thread-1] o.a.n.c.r.WriteAheadFlowFileRepository Initiating checkpoint of FlowFile Repository
2019-08-16 13:01:06,469 INFO [pool-10-thread-1] o.a.n.c.r.WriteAheadFlowFileRepository Successfully checkpointed FlowFile Repository with 0 records in 0 milliseconds
2019-08-16 13:01:12,247 INFO [Write-Ahead Local State Provider Maintenance] org.wali.MinimalLockingWriteAheadLog org.wali.MinimalLockingWriteAheadLog@381ed137 checkpointed with 689 Records and 0 Swap Files in 11 milliseconds (Stop-the-world time = 2 milliseconds, Clear Edit Logs time = 2 millis), max Transaction ID 2066
2019-08-16 13:03:06,469 INFO [pool-10-thread-1] o.a.n.c.r.WriteAheadFlowFileRepository Initiating checkpoint of FlowFile Repository
2019-08-16 13:03:06,470 INFO [pool-10-thread-1] o.a.n.c.r.WriteAheadFlowFileRepository Successfully checkpointed FlowFile Repository with 0 records in 0 milliseconds
2019-08-16 13:03:12,254 INFO [Write-Ahead Local State Provider Maintenance] org.wali.MinimalLockingWriteAheadLog org.wali.MinimalLockingWriteAheadLog@381ed137 checkpointed with 689 Records and 0 Swap Files in 5 milliseconds (Stop-the-world time = 1 milliseconds, Clear Edit Logs time = 0 millis), max Transaction ID 2066
2019-08-16 13:05:06,470 INFO [pool-10-thread-1] o.a.n.c.r.WriteAheadFlowFileRepository Initiating checkpoint of FlowFile Repository
2019-08-16 13:05:06,470 INFO [pool-10-thread-1] o.a.n.c.r.WriteAheadFlowFileRepository Successfully checkpointed FlowFile Repository with 0 records in 0 milliseconds
2019-08-16 13:05:12,262 INFO [Write-Ahead Local State Provider Maintenance] org.wali.MinimalLockingWriteAheadLog org.wali.MinimalLockingWriteAheadLog@381ed137 checkpointed with 689 Records and 0 Swap Files in 7 milliseconds (Stop-the-world time = 1 milliseconds, Clear Edit Logs time = 0 millis), max Transaction ID 2066
2019-08-16 13:07:06,470 INFO [pool-10-thread-1] o.a.n.c.r.WriteAheadFlowFileRepository Initiating checkpoint of FlowFile Repository
2019-08-16 13:07:06,471 INFO [pool-10-thread-1] o.a.n.c.r.WriteAheadFlowFileRepository Successfully checkpointed FlowFile Repository with 0 records in 0 milliseconds
2019-08-16 13:07:12,273 INFO [Write-Ahead Local State Provider Maintenance] org.wali.MinimalLockingWriteAheadLog org.wali.MinimalLockingWriteAheadLog@381ed137 checkpointed with 689 Records and 0 Swap Files in 10 milliseconds (Stop-the-world time = 2 milliseconds, Clear Edit Logs time = 1 millis), max Transaction ID 2066
2019-08-16 13:09:06,471 INFO [pool-10-thread-1] o.a.n.c.r.WriteAheadFlowFileRepository Initiating checkpoint of FlowFile Repository
2019-08-16 13:09:06,471 INFO [pool-10-thread-1] o.a.n.c.r.WriteAheadFlowFileRepository Successfully checkpointed FlowFile Repository with 0 records in 0 milliseconds
2019-08-16 13:09:12,281 INFO [Write-Ahead Local State Provider Maintenance] org.wali.MinimalLockingWriteAheadLog org.wali.MinimalLockingWriteAheadLog@381ed137 checkpointed with 689 Records and 0 Swap Files in 8 milliseconds (Stop-the-world time = 3 milliseconds, Clear Edit Logs time = 0 millis), max Transaction ID 2066
2019-08-16 13:11:06,471 INFO [pool-10-thread-1] o.a.n.c.r.WriteAheadFlowFileRepository Initiating checkpoint of FlowFile Repository
2019-08-16 13:11:06,471 INFO [pool-10-thread-1] o.a.n.c.r.WriteAheadFlowFileRepository Successfully checkpointed FlowFile Repository with 0 records in 0 milliseconds
2019-08-16 13:11:12,293 INFO [Write-Ahead Local State Provider Maintenance] org.wali.MinimalLockingWriteAheadLog org.wali.MinimalLockingWriteAheadLog@381ed137 checkpointed with 689 Records and 0 Swap Files in 11 milliseconds (Stop-the-world time = 2 milliseconds, Clear Edit Logs time = 1 millis), max Transaction ID 2066
2019-08-16 13:13:06,471 INFO [pool-10-thread-1] o.a.n.c.r.WriteAheadFlowFileRepository Initiating checkpoint of FlowFile Repository
2019-08-16 13:13:06,471 INFO [pool-10-thread-1] o.a.n.c.r.WriteAheadFlowFileRepository Successfully checkpointed FlowFile Repository with 0 records in 0 milliseconds
2019-08-16 13:13:12,301 INFO [Write-Ahead Local State Provider Maintenance] org.wali.MinimalLockingWriteAheadLog org.wali.MinimalLockingWriteAheadLog@381ed137 checkpointed with 689 Records and 0 Swap Files in 7 milliseconds (Stop-the-world time = 0 milliseconds, Clear Edit Logs time = 0 millis), max Transaction ID 2066
2019-08-16 13:15:06,472 INFO [pool-10-thread-1] o.a.n.c.r.WriteAheadFlowFileRepository Initiating checkpoint of FlowFile Repository
2019-08-16 13:15:06,472 INFO [pool-10-thread-1] o.a.n.c.r.WriteAheadFlowFileRepository Successfully checkpointed FlowFile Repository with 0 records in 0 milliseconds
2019-08-16 13:15:12,313 INFO [Write-Ahead Local State Provider Maintenance] org.wali.MinimalLockingWriteAheadLog org.wali.MinimalLockingWriteAheadLog@381ed137 checkpointed with 689 Records and 0 Swap Files in 11 milliseconds (Stop-the-world time = 2 milliseconds, Clear Edit Logs time = 2 millis), max Transaction ID 2066
2019-08-16 13:17:06,472 INFO [pool-10-thread-1] o.a.n.c.r.WriteAheadFlowFileRepository Initiating checkpoint of FlowFile Repository
2019-08-16 13:17:06,472 INFO [pool-10-thread-1] o.a.n.c.r.WriteAheadFlowFileRepository Successfully checkpointed FlowFile Repository with 0 records in 0 milliseconds
2019-08-16 13:17:12,319 INFO [Write-Ahead Local State Provider Maintenance] org.wali.MinimalLockingWriteAheadLog org.wali.MinimalLockingWriteAheadLog@381ed137 checkpointed with 689 Records and 0 Swap Files in 5 milliseconds (Stop-the-world time = 0 milliseconds, Clear Edit Logs time = 1 millis), max Transaction ID 2066
2019-08-16 13:17:53,842 INFO [Flow Service Tasks Thread-1] o.a.nifi.controller.StandardFlowService Saved flow controller org.apache.nifi.controller.FlowController@410efb7f // Another save pending = false
2019-08-16 13:19:06,472 INFO [pool-10-thread-1] o.a.n.c.r.WriteAheadFlowFileRepository Initiating checkpoint of FlowFile Repository
2019-08-16 13:19:06,473 INFO [pool-10-thread-1] o.a.n.c.r.WriteAheadFlowFileRepository Successfully checkpointed FlowFile Repository with 0 records in 0 milliseconds
2019-08-16 13:19:12,330 INFO [Write-Ahead Local State Provider Maintenance] org.wali.MinimalLockingWriteAheadLog org.wali.MinimalLockingWriteAheadLog@381ed137 checkpointed with 689 Records and 0 Swap Files in 11 milliseconds (Stop-the-world time = 3 milliseconds, Clear Edit Logs time = 1 millis), max Transaction ID 2066
2019-08-16 13:20:48,899 INFO [Flow Service Tasks Thread-2] o.a.nifi.controller.StandardFlowService Saved flow controller org.apache.nifi.controller.FlowController@410efb7f // Another save pending = false
2019-08-16 13:20:50,413 INFO [Flow Service Tasks Thread-2] o.a.nifi.controller.StandardFlowService Saved flow controller org.apache.nifi.controller.FlowController@410efb7f // Another save pending = false
2019-08-16 13:20:52,426 INFO [Flow Service Tasks Thread-2] o.a.nifi.controller.StandardFlowService Saved flow controller org.apache.nifi.controller.FlowController@410efb7f // Another save pending = false
2019-08-16 13:20:56,556 INFO [NiFi Web Server-7804] o.a.n.c.s.TimerDrivenSchedulingAgent Scheduled StandardFunnel[id=9a28bbde-016c-1000-cd6d-6cbf1a024b25] to run with 1 threads
2019-08-16 13:20:56,941 INFO [Flow Service Tasks Thread-2] o.a.nifi.controller.StandardFlowService Saved flow controller org.apache.nifi.controller.FlowController@410efb7f // Another save pending = false
2019-08-16 13:20:58,456 INFO [Flow Service Tasks Thread-2] o.a.nifi.controller.StandardFlowService Saved flow controller org.apache.nifi.controller.FlowController@410efb7f // Another save pending = false
2019-08-16 13:21:04,968 INFO [Flow Service Tasks Thread-2] o.a.nifi.controller.StandardFlowService Saved flow controller org.apache.nifi.controller.FlowController@410efb7f // Another save pending = false
2019-08-16 13:21:06,473 INFO [pool-10-thread-1] o.a.n.c.r.WriteAheadFlowFileRepository Initiating checkpoint of FlowFile Repository
2019-08-16 13:21:06,474 INFO [pool-10-thread-1] o.a.n.c.r.WriteAheadFlowFileRepository Successfully checkpointed FlowFile Repository with 0 records in 0 milliseconds
2019-08-16 13:21:11,483 INFO [Flow Service Tasks Thread-2] o.a.nifi.controller.StandardFlowService Saved flow controller org.apache.nifi.controller.FlowController@410efb7f // Another save pending = false
2019-08-16 13:21:12,339 INFO [Write-Ahead Local State Provider Maintenance] org.wali.MinimalLockingWriteAheadLog org.wali.MinimalLockingWriteAheadLog@381ed137 checkpointed with 689 Records and 0 Swap Files in 8 milliseconds (Stop-the-world time = 1 milliseconds, Clear Edit Logs time = 1 millis), max Transaction ID 2066
2019-08-16 13:23:06,474 INFO [pool-10-thread-1] o.a.n.c.r.WriteAheadFlowFileRepository Initiating checkpoint of FlowFile Repository
2019-08-16 13:23:06,474 INFO [pool-10-thread-1] o.a.n.c.r.WriteAheadFlowFileRepository Successfully checkpointed FlowFile Repository with 0 records in 0 milliseconds
2019-08-16 13:23:12,348 INFO [Write-Ahead Local State Provider Maintenance] org.wali.MinimalLockingWriteAheadLog org.wali.MinimalLockingWriteAheadLog@381ed137 checkpointed with 689 Records and 0 Swap Files in 8 milliseconds (Stop-the-world time = 1 milliseconds, Clear Edit Logs time = 1 millis), max Transaction ID 2066
2019-08-16 13:25:06,474 INFO [pool-10-thread-1] o.a.n.c.r.WriteAheadFlowFileRepository Initiating checkpoint of FlowFile Repository
2019-08-16 13:25:06,475 INFO [pool-10-thread-1] o.a.n.c.r.WriteAheadFlowFileRepository Successfully checkpointed FlowFile Repository with 0 records in 0 milliseconds
2019-08-16 13:25:12,359 INFO [Write-Ahead Local State Provider Maintenance] org.wali.MinimalLockingWriteAheadLog org.wali.MinimalLockingWriteAheadLog@381ed137 checkpointed with 689 Records and 0 Swap Files in 10 milliseconds (Stop-the-world time = 2 milliseconds, Clear Edit Logs time = 1 millis), max Transaction ID 2066
2019-08-16 13:27:06,475 INFO [pool-10-thread-1] o.a.n.c.r.WriteAheadFlowFileRepository Initiating checkpoint of FlowFile Repository
2019-08-16 13:27:06,475 INFO [pool-10-thread-1] o.a.n.c.r.WriteAheadFlowFileRepository Successfully checkpointed FlowFile Repository with 0 records in 0 milliseconds
2019-08-16 13:27:12,371 INFO [Write-Ahead Local State Provider Maintenance] org.wali.MinimalLockingWriteAheadLog org.wali.MinimalLockingWriteAheadLog@381ed137 checkpointed with 689 Records and 0 Swap Files in 11 milliseconds (Stop-the-world time = 2 milliseconds, Clear Edit Logs time = 2 millis), max Transaction ID 2066
2019-08-16 13:29:06,475 INFO [pool-10-thread-1] o.a.n.c.r.WriteAheadFlowFileRepository Initiating checkpoint of FlowFile Repository
2019-08-16 13:29:06,475 INFO [pool-10-thread-1] o.a.n.c.r.WriteAheadFlowFileRepository Successfully checkpointed FlowFile Repository with 0 records in 0 milliseconds
2019-08-16 13:29:12,120 INFO [Flow Service Tasks Thread-2] o.a.nifi.controller.StandardFlowService Saved flow controller org.apache.nifi.controller.FlowController@410efb7f // Another save pending = false
2019-08-16 13:29:12,379 INFO [Write-Ahead Local State Provider Maintenance] org.wali.MinimalLockingWriteAheadLog org.wali.MinimalLockingWriteAheadLog@381ed137 checkpointed with 689 Records and 0 Swap Files in 7 milliseconds (Stop-the-world time = 1 milliseconds, Clear Edit Logs time = 1 millis), max Transaction ID 2066
2019-08-16 13:29:20,131 INFO [Flow Service Tasks Thread-2] o.a.nifi.controller.StandardFlowService Saved flow controller org.apache.nifi.controller.FlowController@410efb7f // Another save pending = false
2019-08-16 13:29:22,143 INFO [Flow Service Tasks Thread-2] o.a.nifi.controller.StandardFlowService Saved flow controller org.apache.nifi.controller.FlowController@410efb7f // Another save pending = false
2019-08-16 13:31:06,476 INFO [pool-10-thread-1] o.a.n.c.r.WriteAheadFlowFileRepository Initiating checkpoint of FlowFile Repository
2019-08-16 13:31:06,476 INFO [pool-10-thread-1] o.a.n.c.r.WriteAheadFlowFileRepository Successfully checkpointed FlowFile Repository with 0 records in 0 milliseconds
2019-08-16 13:31:12,388 INFO [Write-Ahead Local State Provider Maintenance] org.wali.MinimalLockingWriteAheadLog org.wali.MinimalLockingWriteAheadLog@381ed137 checkpointed with 689 Records and 0 Swap Files in 8 milliseconds (Stop-the-world time = 1 milliseconds, Clear Edit Logs time = 1 millis), max Transaction ID 2066
2019-08-16 13:31:23,181 INFO [Flow Service Tasks Thread-2] o.a.nifi.controller.StandardFlowService Saved flow controller org.apache.nifi.controller.FlowController@410efb7f // Another save pending = false
2019-08-16 13:31:27,697 INFO [Flow Service Tasks Thread-2] o.a.nifi.controller.StandardFlowService Saved flow controller org.apache.nifi.controller.FlowController@410efb7f // Another save pending = false
2019-08-16 13:31:29,213 INFO [Flow Service Tasks Thread-2] o.a.nifi.controller.StandardFlowService Saved flow controller org.apache.nifi.controller.FlowController@410efb7f // Another save pending = false
2019-08-16 13:31:38,232 INFO [Flow Service Tasks Thread-2] o.a.nifi.controller.StandardFlowService Saved flow controller org.apache.nifi.controller.FlowController@410efb7f // Another save pending = false
2019-08-16 13:31:40,752 INFO [Flow Service Tasks Thread-2] o.a.nifi.controller.StandardFlowService Saved flow controller org.apache.nifi.controller.FlowController@410efb7f // Another save pending = false
2019-08-16 13:31:48,783 INFO [Flow Service Tasks Thread-2] o.a.nifi.controller.StandardFlowService Saved flow controller org.apache.nifi.controller.FlowController@410efb7f // Another save pending = false
2019-08-16 13:31:53,294 INFO [Flow Service Tasks Thread-2] o.a.nifi.controller.StandardFlowService Saved flow controller org.apache.nifi.controller.FlowController@410efb7f // Another save pending = false
2019-08-16 13:31:55,808 INFO [Flow Service Tasks Thread-1] o.a.nifi.controller.StandardFlowService Saved flow controller org.apache.nifi.controller.FlowController@410efb7f // Another save pending = false
2019-08-16 13:31:58,321 INFO [Flow Service Tasks Thread-1] o.a.nifi.controller.StandardFlowService Saved flow controller org.apache.nifi.controller.FlowController@410efb7f // Another save pending = false
2019-08-16 13:32:02,336 INFO [Flow Service Tasks Thread-1] o.a.nifi.controller.StandardFlowService Saved flow controller org.apache.nifi.controller.FlowController@410efb7f // Another save pending = false
2019-08-16 13:33:06,476 INFO [pool-10-thread-1] o.a.n.c.r.WriteAheadFlowFileRepository Initiating checkpoint of FlowFile Repository
2019-08-16 13:33:06,477 INFO [pool-10-thread-1] o.a.n.c.r.WriteAheadFlowFileRepository Successfully checkpointed FlowFile Repository with 0 records in 0 milliseconds
2019-08-16 13:33:12,396 INFO [Write-Ahead Local State Provider Maintenance] org.wali.MinimalLockingWriteAheadLog org.wali.MinimalLockingWriteAheadLog@381ed137 checkpointed with 689 Records and 0 Swap Files in 7 milliseconds (Stop-the-world time = 1 milliseconds, Clear Edit Logs time = 0 millis), max Transaction ID 2066
2019-08-16 13:35:00,807 INFO [NiFi Web Server-7996] o.a.nifi.controller.ExtensionBuilder Created Controller Service of type org.apache.nifi.avro.AvroReader with identifier 9a359dc1-016c-1000-619d-95662b74654a
2019-08-16 13:35:00,809 INFO [NiFi Web Server-7996] o.a.nifi.groups.StandardProcessGroup AvroReader[id=9a359dc1-016c-1000-619d-95662b74654a] added to StandardProcessGroup[identifier=9a306a75-016c-1000-40f1-5845ae0f09a4]
2019-08-16 13:35:00,894 INFO [Flow Service Tasks Thread-1] o.a.nifi.controller.StandardFlowService Saved flow controller org.apache.nifi.controller.FlowController@410efb7f // Another save pending = false
2019-08-16 13:35:06,477 INFO [pool-10-thread-1] o.a.n.c.r.WriteAheadFlowFileRepository Initiating checkpoint of FlowFile Repository
2019-08-16 13:35:06,477 INFO [pool-10-thread-1] o.a.n.c.r.WriteAheadFlowFileRepository Successfully checkpointed FlowFile Repository with 0 records in 0 milliseconds
2019-08-16 13:35:12,404 INFO [Write-Ahead Local State Provider Maintenance] org.wali.MinimalLockingWriteAheadLog org.wali.MinimalLockingWriteAheadLog@381ed137 checkpointed with 689 Records and 0 Swap Files in 7 milliseconds (Stop-the-world time = 1 milliseconds, Clear Edit Logs time = 0 millis), max Transaction ID 2066
2019-08-16 13:35:44,915 INFO [Flow Service Tasks Thread-1] o.a.nifi.controller.StandardFlowService Saved flow controller org.apache.nifi.controller.FlowController@410efb7f // Another save pending = false
2019-08-16 13:37:06,477 INFO [pool-10-thread-1] o.a.n.c.r.WriteAheadFlowFileRepository Initiating checkpoint of FlowFile Repository
2019-08-16 13:37:06,477 INFO [pool-10-thread-1] o.a.n.c.r.WriteAheadFlowFileRepository Successfully checkpointed FlowFile Repository with 0 records in 0 milliseconds
2019-08-16 13:37:12,411 INFO [Write-Ahead Local State Provider Maintenance] org.wali.MinimalLockingWriteAheadLog org.wali.MinimalLockingWriteAheadLog@381ed137 checkpointed with 689 Records and 0 Swap Files in 7 milliseconds (Stop-the-world time = 0 milliseconds, Clear Edit Logs time = 0 millis), max Transaction ID 2066
2019-08-16 13:39:06,477 INFO [pool-10-thread-1] o.a.n.c.r.WriteAheadFlowFileRepository Initiating checkpoint of FlowFile Repository
2019-08-16 13:39:06,478 INFO [pool-10-thread-1] o.a.n.c.r.WriteAheadFlowFileRepository Successfully checkpointed FlowFile Repository with 0 records in 0 milliseconds
2019-08-16 13:39:12,419 INFO [Write-Ahead Local State Provider Maintenance] org.wali.MinimalLockingWriteAheadLog org.wali.MinimalLockingWriteAheadLog@381ed137 checkpointed with 689 Records and 0 Swap Files in 7 milliseconds (Stop-the-world time = 0 milliseconds, Clear Edit Logs time = 0 millis), max Transaction ID 2066
2019-08-16 13:41:06,478 INFO [pool-10-thread-1] o.a.n.c.r.WriteAheadFlowFileRepository Initiating checkpoint of FlowFile Repository
2019-08-16 13:41:06,478 INFO [pool-10-thread-1] o.a.n.c.r.WriteAheadFlowFileRepository Successfully checkpointed FlowFile Repository with 0 records in 0 milliseconds
2019-08-16 13:41:12,425 INFO [Write-Ahead Local State Provider Maintenance] org.wali.MinimalLockingWriteAheadLog org.wali.MinimalLockingWriteAheadLog@381ed137 checkpointed with 689 Records and 0 Swap Files in 5 milliseconds (Stop-the-world time = 1 milliseconds, Clear Edit Logs time = 0 millis), max Transaction ID 2066
2019-08-16 13:41:21,265 INFO [Flow Service Tasks Thread-1] o.a.nifi.controller.StandardFlowService Saved flow controller org.apache.nifi.controller.FlowController@410efb7f // Another save pending = false
2019-08-16 13:41:36,687 WARN [Timer-Driven Process Thread-1] o.a.n.r.util.SiteToSiteRestApiClient Failed to get controller from http://localhost:8080/nifi-api due to java.net.UnknownHostException: else: Name or service not known
2019-08-16 13:41:36,687 WARN [Timer-Driven Process Thread-1] o.apache.nifi.controller.FlowController Unable to communicate with remote instance RemoteProcessGroup[http://localhost:8080/nifi] due to org.apache.nifi.controller.exception.CommunicationsException: org.apache.nifi.controller.exception.CommunicationsException: Unable to communicate with Remote NiFi at URI http://localhost:8080/nifi due to: else: Name or service not known
2019-08-16 13:42:06,692 WARN [Timer-Driven Process Thread-6] o.a.n.r.util.SiteToSiteRestApiClient Failed to get controller from http://localhost:8080/nifi-api due to java.net.UnknownHostException: else: Name or service not known
2019-08-16 13:42:06,692 WARN [Timer-Driven Process Thread-6] o.apache.nifi.controller.FlowController Unable to communicate with remote instance RemoteProcessGroup[http://localhost:8080/nifi] due to org.apache.nifi.controller.exception.CommunicationsException: org.apache.nifi.controller.exception.CommunicationsException: Unable to communicate with Remote NiFi at URI http://localhost:8080/nifi due to: else: Name or service not known
2019-08-16 13:42:36,697 WARN [Timer-Driven Process Thread-1] o.a.n.r.util.SiteToSiteRestApiClient Failed to get controller from http://localhost:8080/nifi-api due to java.net.UnknownHostException: else: Name or service not known
2019-08-16 13:42:36,697 WARN [Timer-Driven Process Thread-1] o.apache.nifi.controller.FlowController Unable to communicate with remote instance RemoteProcessGroup[http://localhost:8080/nifi] due to org.apache.nifi.controller.exception.CommunicationsException: org.apache.nifi.controller.exception.CommunicationsException: Unable to communicate with Remote NiFi at URI http://localhost:8080/nifi due to: else: Name or service not known
2019-08-16 13:43:06,479 INFO [pool-10-thread-1] o.a.n.c.r.WriteAheadFlowFileRepository Initiating checkpoint of FlowFile Repository
2019-08-16 13:43:06,479 INFO [pool-10-thread-1] o.a.n.c.r.WriteAheadFlowFileRepository Successfully checkpointed FlowFile Repository with 0 records in 0 milliseconds
2019-08-16 13:43:06,703 WARN [Timer-Driven Process Thread-2] o.a.n.r.util.SiteToSiteRestApiClient Failed to get controller from http://localhost:8080/nifi-api due to java.net.UnknownHostException: else: Name or service not known
2019-08-16 13:43:06,703 WARN [Timer-Driven Process Thread-2] o.apache.nifi.controller.FlowController Unable to communicate with remote instance RemoteProcessGroup[http://localhost:8080/nifi] due to org.apache.nifi.controller.exception.CommunicationsException: org.apache.nifi.controller.exception.CommunicationsException: Unable to communicate with Remote NiFi at URI http://localhost:8080/nifi due to: else: Name or service not known
2019-08-16 13:43:12,434 INFO [Write-Ahead Local State Provider Maintenance] org.wali.MinimalLockingWriteAheadLog org.wali.MinimalLockingWriteAheadLog@381ed137 checkpointed with 689 Records and 0 Swap Files in 8 milliseconds (Stop-the-world time = 1 milliseconds, Clear Edit Logs time = 0 millis), max Transaction ID 2066
2019-08-16 13:43:36,710 WARN [Timer-Driven Process Thread-4] o.a.n.r.util.SiteToSiteRestApiClient Failed to get controller from http://localhost:8080/nifi-api due to java.net.UnknownHostException: else: Name or service not known
2019-08-16 13:43:36,710 WARN [Timer-Driven Process Thread-4] o.apache.nifi.controller.FlowController Unable to communicate with remote instance RemoteProcessGroup[http://localhost:8080/nifi] due to org.apache.nifi.controller.exception.CommunicationsException: org.apache.nifi.controller.exception.CommunicationsException: Unable to communicate with Remote NiFi at URI http://localhost:8080/nifi due to: else: Name or service not known
2019-08-16 13:44:06,717 WARN [Timer-Driven Process Thread-6] o.a.n.r.util.SiteToSiteRestApiClient Failed to get controller from http://localhost:8080/nifi-api due to java.net.UnknownHostException: else: Name or service not known
2019-08-16 13:44:06,718 WARN [Timer-Driven Process Thread-6] o.apache.nifi.controller.FlowController Unable to communicate with remote instance RemoteProcessGroup[http://localhost:8080/nifi] due to org.apache.nifi.controller.exception.CommunicationsException: org.apache.nifi.controller.exception.CommunicationsException: Unable to communicate with Remote NiFi at URI http://localhost:8080/nifi due to: else: Name or service not known
2019-08-16 13:44:36,725 WARN [Timer-Driven Process Thread-3] o.a.n.r.util.SiteToSiteRestApiClient Failed to get controller from http://localhost:8080/nifi-api due to java.net.UnknownHostException: else: Name or service not known
2019-08-16 13:44:36,725 WARN [Timer-Driven Process Thread-3] o.apache.nifi.controller.FlowController Unable to communicate with remote instance RemoteProcessGroup[http://localhost:8080/nifi] due to org.apache.nifi.controller.exception.CommunicationsException: org.apache.nifi.controller.exception.CommunicationsException: Unable to communicate with Remote NiFi at URI http://localhost:8080/nifi due to: else: Name or service not known
2019-08-16 13:45:06,479 INFO [pool-10-thread-1] o.a.n.c.r.WriteAheadFlowFileRepository Initiating checkpoint of FlowFile Repository
2019-08-16 13:45:06,479 INFO [pool-10-thread-1] o.a.n.c.r.WriteAheadFlowFileRepository Successfully checkpointed FlowFile Repository with 0 records in 0 milliseconds
2019-08-16 13:45:12,445 INFO [Write-Ahead Local State Provider Maintenance] org.wali.MinimalLockingWriteAheadLog org.wali.MinimalLockingWriteAheadLog@381ed137 checkpointed with 689 Records and 0 Swap Files in 10 milliseconds (Stop-the-world time = 2 milliseconds, Clear Edit Logs time = 2 millis), max Transaction ID 2066
2019-08-16 13:45:36,730 WARN [Timer-Driven Process Thread-8] o.a.n.r.util.SiteToSiteRestApiClient Failed to get controller from http://localhost:8080/nifi-api due to java.net.UnknownHostException: else: Name or service not known
2019-08-16 13:45:36,730 WARN [Timer-Driven Process Thread-8] o.apache.nifi.controller.FlowController Unable to communicate with remote instance RemoteProcessGroup[http://localhost:8080/nifi] due to org.apache.nifi.controller.exception.CommunicationsException: org.apache.nifi.controller.exception.CommunicationsException: Unable to communicate with Remote NiFi at URI http://localhost:8080/nifi due to: else: Name or service not known
2019-08-16 13:46:36,739 WARN [Timer-Driven Process Thread-3] o.a.n.r.util.SiteToSiteRestApiClient Failed to get controller from http://localhost:8080/nifi-api due to java.net.UnknownHostException: else: Name or service not known
2019-08-16 13:46:36,740 WARN [Timer-Driven Process Thread-3] o.apache.nifi.controller.FlowController Unable to communicate with remote instance RemoteProcessGroup[http://localhost:8080/nifi] due to org.apache.nifi.controller.exception.CommunicationsException: org.apache.nifi.controller.exception.CommunicationsException: Unable to communicate with Remote NiFi at URI http://localhost:8080/nifi due to: else: Name or service not known
2019-08-16 13:47:06,480 INFO [pool-10-thread-1] o.a.n.c.r.WriteAheadFlowFileRepository Initiating checkpoint of FlowFile Repository
2019-08-16 13:47:06,480 INFO [pool-10-thread-1] o.a.n.c.r.WriteAheadFlowFileRepository Successfully checkpointed FlowFile Repository with 0 records in 0 milliseconds
2019-08-16 13:47:06,744 WARN [Timer-Driven Process Thread-6] o.a.n.r.util.SiteToSiteRestApiClient Failed to get controller from http://localhost:8080/nifi-api due to java.net.UnknownHostException: else: Name or service not known
2019-08-16 13:47:06,744 WARN [Timer-Driven Process Thread-6] o.apache.nifi.controller.FlowController Unable to communicate with remote instance RemoteProcessGroup[http://localhost:8080/nifi] due to org.apache.nifi.controller.exception.CommunicationsException: org.apache.nifi.controller.exception.CommunicationsException: Unable to communicate with Remote NiFi at URI http://localhost:8080/nifi due to: else: Name or service not known
2019-08-16 13:47:12,454 INFO [Write-Ahead Local State Provider Maintenance] org.wali.MinimalLockingWriteAheadLog org.wali.MinimalLockingWriteAheadLog@381ed137 checkpointed with 689 Records and 0 Swap Files in 8 milliseconds (Stop-the-world time = 0 milliseconds, Clear Edit Logs time = 1 millis), max Transaction ID 2066
2019-08-16 13:47:36,751 WARN [Timer-Driven Process Thread-3] o.a.n.r.util.SiteToSiteRestApiClient Failed to get controller from http://localhost:8080/nifi-api due to java.net.UnknownHostException: else: Name or service not known
2019-08-16 13:47:36,752 WARN [Timer-Driven Process Thread-3] o.apache.nifi.controller.FlowController Unable to communicate with remote instance RemoteProcessGroup[http://localhost:8080/nifi] due to org.apache.nifi.controller.exception.CommunicationsException: org.apache.nifi.controller.exception.CommunicationsException: Unable to communicate with Remote NiFi at URI http://localhost:8080/nifi due to: else: Name or service not known
2019-08-16 13:48:06,756 WARN [Timer-Driven Process Thread-5] o.a.n.r.util.SiteToSiteRestApiClient Failed to get controller from http://localhost:8080/nifi-api due to java.net.UnknownHostException: else: Name or service not known
2019-08-16 13:48:06,757 WARN [Timer-Driven Process Thread-5] o.apache.nifi.controller.FlowController Unable to communicate with remote instance RemoteProcessGroup[http://localhost:8080/nifi] due to org.apache.nifi.controller.exception.CommunicationsException: org.apache.nifi.controller.exception.CommunicationsException: Unable to communicate with Remote NiFi at URI http://localhost:8080/nifi due to: else: Name or service not known
2019-08-16 13:48:36,764 WARN [Timer-Driven Process Thread-9] o.a.n.r.util.SiteToSiteRestApiClient Failed to get controller from http://localhost:8080/nifi-api due to java.net.UnknownHostException: else: Name or service not known
2019-08-16 13:48:36,764 WARN [Timer-Driven Process Thread-9] o.apache.nifi.controller.FlowController Unable to communicate with remote instance RemoteProcessGroup[http://localhost:8080/nifi] due to org.apache.nifi.controller.exception.CommunicationsException: org.apache.nifi.controller.exception.CommunicationsException: Unable to communicate with Remote NiFi at URI http://localhost:8080/nifi due to: else: Name or service not known
2019-08-16 13:49:06,480 INFO [pool-10-thread-1] o.a.n.c.r.WriteAheadFlowFileRepository Initiating checkpoint of FlowFile Repository
2019-08-16 13:49:06,481 INFO [pool-10-thread-1] o.a.n.c.r.WriteAheadFlowFileRepository Successfully checkpointed FlowFile Repository with 0 records in 0 milliseconds
2019-08-16 13:49:06,770 WARN [Timer-Driven Process Thread-4] o.a.n.r.util.SiteToSiteRestApiClient Failed to get controller from http://localhost:8080/nifi-api due to java.net.UnknownHostException: else: Name or service not known
2019-08-16 13:49:06,770 WARN [Timer-Driven Process Thread-4] o.apache.nifi.controller.FlowController Unable to communicate with remote instance RemoteProcessGroup[http://localhost:8080/nifi] due to org.apache.nifi.controller.exception.CommunicationsException: org.apache.nifi.controller.exception.CommunicationsException: Unable to communicate with Remote NiFi at URI http://localhost:8080/nifi due to: else: Name or service not known
2019-08-16 13:49:12,459 INFO [Write-Ahead Local State Provider Maintenance] org.wali.MinimalLockingWriteAheadLog org.wali.MinimalLockingWriteAheadLog@381ed137 checkpointed with 689 Records and 0 Swap Files in 4 milliseconds (Stop-the-world time = 0 milliseconds, Clear Edit Logs time = 0 millis), max Transaction ID 2066
2019-08-16 13:49:36,777 WARN [Timer-Driven Process Thread-5] o.a.n.r.util.SiteToSiteRestApiClient Failed to get controller from http://localhost:8080/nifi-api due to java.net.UnknownHostException: else: Name or service not known
2019-08-16 13:49:36,777 WARN [Timer-Driven Process Thread-5] o.apache.nifi.controller.FlowController Unable to communicate with remote instance RemoteProcessGroup[http://localhost:8080/nifi] due to org.apache.nifi.controller.exception.CommunicationsException: org.apache.nifi.controller.exception.CommunicationsException: Unable to communicate with Remote NiFi at URI http://localhost:8080/nifi due to: else: Name or service not known
2019-08-16 13:50:22,922 INFO [Flow Service Tasks Thread-1] o.a.nifi.controller.StandardFlowService Saved flow controller org.apache.nifi.controller.FlowController@410efb7f // Another save pending = false
2019-08-16 13:50:23,942 INFO [Flow Service Tasks Thread-1] o.a.nifi.controller.StandardFlowService Saved flow controller org.apache.nifi.controller.FlowController@410efb7f // Another save pending = false
2019-08-16 13:50:36,784 WARN [Timer-Driven Process Thread-8] o.a.n.r.util.SiteToSiteRestApiClient Failed to get controller from http://localhost:8080/nifi-api due to java.net.UnknownHostException: else: Name or service not known
2019-08-16 13:50:36,784 WARN [Timer-Driven Process Thread-8] o.apache.nifi.controller.FlowController Unable to communicate with remote instance RemoteProcessGroup[http://localhost:8080/nifi] due to org.apache.nifi.controller.exception.CommunicationsException: org.apache.nifi.controller.exception.CommunicationsException: Unable to communicate with Remote NiFi at URI http://localhost:8080/nifi due to: else: Name or service not known
2019-08-16 13:50:45,964 INFO [Flow Service Tasks Thread-1] o.a.nifi.controller.StandardFlowService Saved flow controller org.apache.nifi.controller.FlowController@410efb7f // Another save pending = false
2019-08-16 13:51:06,481 INFO [pool-10-thread-1] o.a.n.c.r.WriteAheadFlowFileRepository Initiating checkpoint of FlowFile Repository
2019-08-16 13:51:06,481 INFO [pool-10-thread-1] o.a.n.c.r.WriteAheadFlowFileRepository Successfully checkpointed FlowFile Repository with 0 records in 0 milliseconds
2019-08-16 13:51:06,789 WARN [Timer-Driven Process Thread-8] o.a.n.r.util.SiteToSiteRestApiClient Failed to get controller from http://localhost:8080/nifi-api due to java.net.UnknownHostException: else: Name or service not known
2019-08-16 13:51:06,789 WARN [Timer-Driven Process Thread-8] o.apache.nifi.controller.FlowController Unable to communicate with remote instance RemoteProcessGroup[http://localhost:8080/nifi] due to org.apache.nifi.controller.exception.CommunicationsException: org.apache.nifi.controller.exception.CommunicationsException: Unable to communicate with Remote NiFi at URI http://localhost:8080/nifi due to: else: Name or service not known
2019-08-16 13:51:12,477 INFO [Write-Ahead Local State Provider Maintenance] org.wali.MinimalLockingWriteAheadLog org.wali.MinimalLockingWriteAheadLog@381ed137 checkpointed with 689 Records and 0 Swap Files in 17 milliseconds (Stop-the-world time = 2 milliseconds, Clear Edit Logs time = 8 millis), max Transaction ID 2066
2019-08-16 13:51:36,796 WARN [Timer-Driven Process Thread-2] o.a.n.r.util.SiteToSiteRestApiClient Failed to get controller from http://localhost:8080/nifi-api due to java.net.UnknownHostException: else: Name or service not known
2019-08-16 13:51:36,796 WARN [Timer-Driven Process Thread-2] o.apache.nifi.controller.FlowController Unable to communicate with remote instance RemoteProcessGroup[http://localhost:8080/nifi] due to org.apache.nifi.controller.exception.CommunicationsException: org.apache.nifi.controller.exception.CommunicationsException: Unable to communicate with Remote NiFi at URI http://localhost:8080/nifi due to: else: Name or service not known
2019-08-16 13:52:06,804 WARN [Timer-Driven Process Thread-1] o.a.n.r.util.SiteToSiteRestApiClient Failed to get controller from http://localhost:8080/nifi-api due to java.net.UnknownHostException: else: Name or service not known
2019-08-16 13:52:06,804 WARN [Timer-Driven Process Thread-1] o.apache.nifi.controller.FlowController Unable to communicate with remote instance RemoteProcessGroup[http://localhost:8080/nifi] due to org.apache.nifi.controller.exception.CommunicationsException: org.apache.nifi.controller.exception.CommunicationsException: Unable to communicate with Remote NiFi at URI http://localhost:8080/nifi due to: else: Name or service not known
2019-08-16 13:52:36,812 WARN [Timer-Driven Process Thread-10] o.a.n.r.util.SiteToSiteRestApiClient Failed to get controller from http://localhost:8080/nifi-api due to java.net.UnknownHostException: else: Name or service not known
2019-08-16 13:52:36,812 WARN [Timer-Driven Process Thread-10] o.apache.nifi.controller.FlowController Unable to communicate with remote instance RemoteProcessGroup[http://localhost:8080/nifi] due to org.apache.nifi.controller.exception.CommunicationsException: org.apache.nifi.controller.exception.CommunicationsException: Unable to communicate with Remote NiFi at URI http://localhost:8080/nifi due to: else: Name or service not known
2019-08-16 13:53:06,482 INFO [pool-10-thread-1] o.a.n.c.r.WriteAheadFlowFileRepository Initiating checkpoint of FlowFile Repository
2019-08-16 13:53:06,482 INFO [pool-10-thread-1] o.a.n.c.r.WriteAheadFlowFileRepository Successfully checkpointed FlowFile Repository with 0 records in 0 milliseconds
2019-08-16 13:53:06,818 WARN [Timer-Driven Process Thread-7] o.a.n.r.util.SiteToSiteRestApiClient Failed to get controller from http://localhost:8080/nifi-api due to java.net.UnknownHostException: else: Name or service not known
2019-08-16 13:53:06,818 WARN [Timer-Driven Process Thread-7] o.apache.nifi.controller.FlowController Unable to communicate with remote instance RemoteProcessGroup[http://localhost:8080/nifi] due to org.apache.nifi.controller.exception.CommunicationsException: org.apache.nifi.controller.exception.CommunicationsException: Unable to communicate with Remote NiFi at URI http://localhost:8080/nifi due to: else: Name or service not known
2019-08-16 13:53:12,488 INFO [Write-Ahead Local State Provider Maintenance] org.wali.MinimalLockingWriteAheadLog org.wali.MinimalLockingWriteAheadLog@381ed137 checkpointed with 689 Records and 0 Swap Files in 11 milliseconds (Stop-the-world time = 2 milliseconds, Clear Edit Logs time = 3 millis), max Transaction ID 2066
2019-08-16 13:53:44,869 WARN [Remote Process Group 9a3648e0-016c-1000-17e7-230c5a5a0e3f Thread-1] o.a.n.r.util.SiteToSiteRestApiClient Failed to get controller from http://localhost:8080/nifi-api due to java.net.UnknownHostException: else: Name or service not known
2019-08-16 13:53:44,870 WARN [Remote Process Group 9a3648e0-016c-1000-17e7-230c5a5a0e3f Thread-1] o.a.n.remote.StandardRemoteProcessGroup Unable to connect to RemoteProcessGroup[http://localhost:8080/nifi] due to java.net.UnknownHostException: else: Name or service not known
2019-08-16 13:54:36,824 WARN [Timer-Driven Process Thread-8] o.a.n.r.util.SiteToSiteRestApiClient Failed to get controller from http://localhost:8080/nifi-api due to java.net.UnknownHostException: else: Name or service not known
2019-08-16 13:54:36,824 WARN [Timer-Driven Process Thread-8] o.apache.nifi.controller.FlowController Unable to communicate with remote instance RemoteProcessGroup[http://localhost:8080/nifi] due to org.apache.nifi.controller.exception.CommunicationsException: org.apache.nifi.controller.exception.CommunicationsException: Unable to communicate with Remote NiFi at URI http://localhost:8080/nifi due to: else: Name or service not known
2019-08-16 13:55:06,482 INFO [pool-10-thread-1] o.a.n.c.r.WriteAheadFlowFileRepository Initiating checkpoint of FlowFile Repository
2019-08-16 13:55:06,483 INFO [pool-10-thread-1] o.a.n.c.r.WriteAheadFlowFileRepository Successfully checkpointed FlowFile Repository with 0 records in 0 milliseconds
2019-08-16 13:55:12,498 INFO [Write-Ahead Local State Provider Maintenance] org.wali.MinimalLockingWriteAheadLog org.wali.MinimalLockingWriteAheadLog@381ed137 checkpointed with 689 Records and 0 Swap Files in 9 milliseconds (Stop-the-world time = 3 milliseconds, Clear Edit Logs time = 0 millis), max Transaction ID 2066
2019-08-16 13:55:36,829 WARN [Timer-Driven Process Thread-7] o.a.n.r.util.SiteToSiteRestApiClient Failed to get controller from http://localhost:8080/nifi-api due to java.net.UnknownHostException: else: Name or service not known
2019-08-16 13:55:36,829 WARN [Timer-Driven Process Thread-7] o.apache.nifi.controller.FlowController Unable to communicate with remote instance RemoteProcessGroup[http://localhost:8080/nifi] due to org.apache.nifi.controller.exception.CommunicationsException: org.apache.nifi.controller.exception.CommunicationsException: Unable to communicate with Remote NiFi at URI http://localhost:8080/nifi due to: else: Name or service not known
2019-08-16 13:56:06,834 WARN [Timer-Driven Process Thread-6] o.a.n.r.util.SiteToSiteRestApiClient Failed to get controller from http://localhost:8080/nifi-api due to java.net.UnknownHostException: else: Name or service not known
2019-08-16 13:56:06,834 WARN [Timer-Driven Process Thread-6] o.apache.nifi.controller.FlowController Unable to communicate with remote instance RemoteProcessGroup[http://localhost:8080/nifi] due to org.apache.nifi.controller.exception.CommunicationsException: org.apache.nifi.controller.exception.CommunicationsException: Unable to communicate with Remote NiFi at URI http://localhost:8080/nifi due to: else: Name or service not known
2019-08-16 13:56:27,071 INFO [Flow Service Tasks Thread-1] o.a.nifi.controller.StandardFlowService Saved flow controller org.apache.nifi.controller.FlowController@410efb7f // Another save pending = false
2019-08-16 13:56:33,592 INFO [Flow Service Tasks Thread-1] o.a.nifi.controller.StandardFlowService Saved flow controller org.apache.nifi.controller.FlowController@410efb7f // Another save pending = false
2019-08-16 13:56:36,842 WARN [Timer-Driven Process Thread-1] o.a.n.r.util.SiteToSiteRestApiClient Failed to get controller from http://localhost:8080/nifi-api due to java.net.UnknownHostException: else: Name or service not known
2019-08-16 13:56:36,842 WARN [Timer-Driven Process Thread-1] o.apache.nifi.controller.FlowController Unable to communicate with remote instance RemoteProcessGroup[http://localhost:8080/nifi] due to org.apache.nifi.controller.exception.CommunicationsException: org.apache.nifi.controller.exception.CommunicationsException: Unable to communicate with Remote NiFi at URI http://localhost:8080/nifi due to: else: Name or service not known
2019-08-16 13:57:06,483 INFO [pool-10-thread-1] o.a.n.c.r.WriteAheadFlowFileRepository Initiating checkpoint of FlowFile Repository
2019-08-16 13:57:06,483 INFO [pool-10-thread-1] o.a.n.c.r.WriteAheadFlowFileRepository Successfully checkpointed FlowFile Repository with 0 records in 0 milliseconds
2019-08-16 13:57:12,507 INFO [Write-Ahead Local State Provider Maintenance] org.wali.MinimalLockingWriteAheadLog org.wali.MinimalLockingWriteAheadLog@381ed137 checkpointed with 689 Records and 0 Swap Files in 9 milliseconds (Stop-the-world time = 2 milliseconds, Clear Edit Logs time = 2 millis), max Transaction ID 2066
2019-08-16 13:57:36,848 WARN [Timer-Driven Process Thread-5] o.a.n.r.util.SiteToSiteRestApiClient Failed to get controller from http://localhost:8080/nifi-api due to java.net.UnknownHostException: else: Name or service not known
2019-08-16 13:57:36,848 WARN [Timer-Driven Process Thread-5] o.apache.nifi.controller.FlowController Unable to communicate with remote instance RemoteProcessGroup[http://localhost:8080/nifi] due to org.apache.nifi.controller.exception.CommunicationsException: org.apache.nifi.controller.exception.CommunicationsException: Unable to communicate with Remote NiFi at URI http://localhost:8080/nifi due to: else: Name or service not known
2019-08-16 13:58:06,855 WARN [Timer-Driven Process Thread-6] o.a.n.r.util.SiteToSiteRestApiClient Failed to get controller from http://localhost:8080/nifi-api due to java.net.UnknownHostException: else: Name or service not known
2019-08-16 13:58:06,855 WARN [Timer-Driven Process Thread-6] o.apache.nifi.controller.FlowController Unable to communicate with remote instance RemoteProcessGroup[http://localhost:8080/nifi] due to org.apache.nifi.controller.exception.CommunicationsException: org.apache.nifi.controller.exception.CommunicationsException: Unable to communicate with Remote NiFi at URI http://localhost:8080/nifi due to: else: Name or service not known
2019-08-16 13:58:36,863 WARN [Timer-Driven Process Thread-6] o.a.n.r.util.SiteToSiteRestApiClient Failed to get controller from http://localhost:8080/nifi-api due to java.net.UnknownHostException: else: Name or service not known
2019-08-16 13:58:36,864 WARN [Timer-Driven Process Thread-6] o.apache.nifi.controller.FlowController Unable to communicate with remote instance RemoteProcessGroup[http://localhost:8080/nifi] due to org.apache.nifi.controller.exception.CommunicationsException: org.apache.nifi.controller.exception.CommunicationsException: Unable to communicate with Remote NiFi at URI http://localhost:8080/nifi due to: else: Name or service not known
2019-08-16 13:59:06,483 INFO [pool-10-thread-1] o.a.n.c.r.WriteAheadFlowFileRepository Initiating checkpoint of FlowFile Repository
2019-08-16 13:59:06,484 INFO [pool-10-thread-1] o.a.n.c.r.WriteAheadFlowFileRepository Successfully checkpointed FlowFile Repository with 0 records in 0 milliseconds
2019-08-16 13:59:06,869 WARN [Timer-Driven Process Thread-8] o.a.n.r.util.SiteToSiteRestApiClient Failed to get controller from http://localhost:8080/nifi-api due to java.net.UnknownHostException: else: Name or service not known
2019-08-16 13:59:06,869 WARN [Timer-Driven Process Thread-8] o.apache.nifi.controller.FlowController Unable to communicate with remote instance RemoteProcessGroup[http://localhost:8080/nifi] due to org.apache.nifi.controller.exception.CommunicationsException: org.apache.nifi.controller.exception.CommunicationsException: Unable to communicate with Remote NiFi at URI http://localhost:8080/nifi due to: else: Name or service not known
2019-08-16 13:59:12,516 INFO [Write-Ahead Local State Provider Maintenance] org.wali.MinimalLockingWriteAheadLog org.wali.MinimalLockingWriteAheadLog@381ed137 checkpointed with 689 Records and 0 Swap Files in 8 milliseconds (Stop-the-world time = 1 milliseconds, Clear Edit Logs time = 1 millis), max Transaction ID 2066
2019-08-16 13:59:36,877 WARN [Timer-Driven Process Thread-5] o.a.n.r.util.SiteToSiteRestApiClient Failed to get controller from http://localhost:8080/nifi-api due to java.net.UnknownHostException: else: Name or service not known
2019-08-16 13:59:36,877 WARN [Timer-Driven Process Thread-5] o.apache.nifi.controller.FlowController Unable to communicate with remote instance RemoteProcessGroup[http://localhost:8080/nifi] due to org.apache.nifi.controller.exception.CommunicationsException: org.apache.nifi.controller.exception.CommunicationsException: Unable to communicate with Remote NiFi at URI http://localhost:8080/nifi due to: else: Name or service not known
